[2025-04-04T19:20:00.185+0000] {local_task_job_runner.py:120} INFO - ::group::Pre task execution logs
[2025-04-04T19:20:00.214+0000] {taskinstance.py:2076} INFO - Dependencies all met for dep_context=non-requeueable deps ti=<TaskInstance: e_commerce_dw_etl.transform.transform_dim_drivers manual__2025-04-04T19:19:56.797919+00:00 [queued]>
[2025-04-04T19:20:00.221+0000] {taskinstance.py:2076} INFO - Dependencies all met for dep_context=requeueable deps ti=<TaskInstance: e_commerce_dw_etl.transform.transform_dim_drivers manual__2025-04-04T19:19:56.797919+00:00 [queued]>
[2025-04-04T19:20:00.222+0000] {taskinstance.py:2306} INFO - Starting attempt 1 of 1
[2025-04-04T19:20:00.233+0000] {taskinstance.py:2330} INFO - Executing <Task(PythonOperator): transform.transform_dim_drivers> on 2025-04-04 19:19:56.797919+00:00
[2025-04-04T19:20:00.242+0000] {standard_task_runner.py:90} INFO - Running: ['***', 'tasks', 'run', 'e_commerce_dw_etl', 'transform.transform_dim_drivers', 'manual__2025-04-04T19:19:56.797919+00:00', '--job-id', '47', '--raw', '--subdir', 'DAGS_FOLDER/ETL_dag.py', '--cfg-path', '/tmp/tmpgt0b5hbt']
[2025-04-04T19:20:00.244+0000] {standard_task_runner.py:91} INFO - Job 47: Subtask transform.transform_dim_drivers
[2025-04-04T19:20:00.245+0000] {logging_mixin.py:188} WARNING - /home/***/.local/lib/python3.12/site-packages/***/task/task_runner/standard_task_runner.py:61 DeprecationWarning: This process (pid=314) is multi-threaded, use of fork() may lead to deadlocks in the child.
[2025-04-04T19:20:00.246+0000] {standard_task_runner.py:63} INFO - Started process 319 to run task
[2025-04-04T19:20:00.285+0000] {task_command.py:426} INFO - Running <TaskInstance: e_commerce_dw_etl.transform.transform_dim_drivers manual__2025-04-04T19:19:56.797919+00:00 [running]> on host c7fa9b0a6c91
[2025-04-04T19:20:00.359+0000] {taskinstance.py:2648} INFO - Exporting env vars: AIRFLOW_CTX_DAG_OWNER='***' AIRFLOW_CTX_DAG_ID='e_commerce_dw_etl' AIRFLOW_CTX_TASK_ID='transform.transform_dim_drivers' AIRFLOW_CTX_EXECUTION_DATE='2025-04-04T19:19:56.797919+00:00' AIRFLOW_CTX_TRY_NUMBER='1' AIRFLOW_CTX_DAG_RUN_ID='manual__2025-04-04T19:19:56.797919+00:00'
[2025-04-04T19:20:00.360+0000] {taskinstance.py:430} INFO - ::endgroup::
[2025-04-04T19:20:00.403+0000] {base.py:84} INFO - Using connection ID 'postgres_default' for task execution.
[2025-04-04T19:20:00.415+0000] {base.py:84} INFO - Using connection ID 'postgres_default' for task execution.
[2025-04-04T19:20:00.463+0000] {logging_mixin.py:188} INFO - Lỗi khi insert dữ liệu: duplicate key value violates unique constraint "dim_drivers_pkey"
DETAIL:  Key (driverid)=(1) already exists.
[2025-04-04T19:20:00.464+0000] {python.py:237} INFO - Done. Returned value was: None
[2025-04-04T19:20:00.465+0000] {taskinstance.py:441} INFO - ::group::Post task execution logs
[2025-04-04T19:20:00.475+0000] {taskinstance.py:1206} INFO - Marking task as SUCCESS. dag_id=e_commerce_dw_etl, task_id=transform.transform_dim_drivers, run_id=manual__2025-04-04T19:19:56.797919+00:00, execution_date=20250404T191956, start_date=20250404T192000, end_date=20250404T192000
[2025-04-04T19:20:00.500+0000] {local_task_job_runner.py:240} INFO - Task exited with return code 0
[2025-04-04T19:20:00.509+0000] {local_task_job_runner.py:222} INFO - ::endgroup::
