[2025-04-03T12:30:44.541+0000] {local_task_job_runner.py:120} INFO - ::group::Pre task execution logs
[2025-04-03T12:30:44.567+0000] {taskinstance.py:2076} INFO - Dependencies all met for dep_context=non-requeueable deps ti=<TaskInstance: e_commerce_dw_etl.extract.extract_and_load_to_staging manual__2025-04-03T12:30:42.832843+00:00 [queued]>
[2025-04-03T12:30:44.573+0000] {taskinstance.py:2076} INFO - Dependencies all met for dep_context=requeueable deps ti=<TaskInstance: e_commerce_dw_etl.extract.extract_and_load_to_staging manual__2025-04-03T12:30:42.832843+00:00 [queued]>
[2025-04-03T12:30:44.574+0000] {taskinstance.py:2306} INFO - Starting attempt 1 of 1
[2025-04-03T12:30:44.585+0000] {taskinstance.py:2330} INFO - Executing <Task(PythonOperator): extract.extract_and_load_to_staging> on 2025-04-03 12:30:42.832843+00:00
[2025-04-03T12:30:44.594+0000] {standard_task_runner.py:90} INFO - Running: ['***', 'tasks', 'run', 'e_commerce_dw_etl', 'extract.extract_and_load_to_staging', 'manual__2025-04-03T12:30:42.832843+00:00', '--job-id', '38', '--raw', '--subdir', 'DAGS_FOLDER/ETL_dag.py', '--cfg-path', '/tmp/tmpabmrd1ep']
[2025-04-03T12:30:44.596+0000] {standard_task_runner.py:91} INFO - Job 38: Subtask extract.extract_and_load_to_staging
[2025-04-03T12:30:44.597+0000] {logging_mixin.py:188} WARNING - /home/***/.local/lib/python3.12/site-packages/***/task/task_runner/standard_task_runner.py:61 DeprecationWarning: This process (pid=235) is multi-threaded, use of fork() may lead to deadlocks in the child.
[2025-04-03T12:30:44.597+0000] {standard_task_runner.py:63} INFO - Started process 238 to run task
[2025-04-03T12:30:44.635+0000] {task_command.py:426} INFO - Running <TaskInstance: e_commerce_dw_etl.extract.extract_and_load_to_staging manual__2025-04-03T12:30:42.832843+00:00 [running]> on host 815f6253c62a
[2025-04-03T12:30:44.707+0000] {taskinstance.py:2648} INFO - Exporting env vars: AIRFLOW_CTX_DAG_OWNER='***' AIRFLOW_CTX_DAG_ID='e_commerce_dw_etl' AIRFLOW_CTX_TASK_ID='extract.extract_and_load_to_staging' AIRFLOW_CTX_EXECUTION_DATE='2025-04-03T12:30:42.832843+00:00' AIRFLOW_CTX_TRY_NUMBER='1' AIRFLOW_CTX_DAG_RUN_ID='manual__2025-04-03T12:30:42.832843+00:00'
[2025-04-03T12:30:44.708+0000] {taskinstance.py:430} INFO - ::endgroup::
[2025-04-03T12:30:45.475+0000] {logging_mixin.py:188} INFO - ✅ Dataset đã được tải về: /opt/***/dataset/datasets/rohanrao/formula-1-world-championship-1950-2020/versions/24
[2025-04-03T12:30:45.476+0000] {logging_mixin.py:188} INFO - Base path: /opt/***/dataset
[2025-04-03T12:30:45.476+0000] {logging_mixin.py:188} INFO - Dataset path: /opt/***/dataset/datasets/rohanrao/formula-1-world-championship-1950-2020/versions/24
[2025-04-03T12:30:45.477+0000] {logging_mixin.py:188} INFO - Đang kiểm tra thư mục: /opt/***/dataset/datasets/rohanrao/formula-1-world-championship-1950-2020/versions/24
[2025-04-03T12:30:45.477+0000] {logging_mixin.py:188} INFO - Các thư mục con: []
[2025-04-03T12:30:45.477+0000] {logging_mixin.py:188} INFO - Các tệp trong thư mục: []
[2025-04-03T12:30:45.478+0000] {logging_mixin.py:188} INFO - ❗ Thư mục /opt/***/dataset/datasets/rohanrao/formula-1-world-championship-1950-2020/versions/24 không chứa tệp hoặc thư mục con.
[2025-04-03T12:30:45.478+0000] {python.py:237} INFO - Done. Returned value was: None
[2025-04-03T12:30:45.479+0000] {taskinstance.py:441} INFO - ::group::Post task execution logs
[2025-04-03T12:30:45.489+0000] {taskinstance.py:1206} INFO - Marking task as SUCCESS. dag_id=e_commerce_dw_etl, task_id=extract.extract_and_load_to_staging, run_id=manual__2025-04-03T12:30:42.832843+00:00, execution_date=20250403T123042, start_date=20250403T123044, end_date=20250403T123045
[2025-04-03T12:30:45.534+0000] {local_task_job_runner.py:240} INFO - Task exited with return code 0
[2025-04-03T12:30:45.550+0000] {taskinstance.py:3503} INFO - 0 downstream tasks scheduled from follow-on schedule check
[2025-04-03T12:30:45.551+0000] {local_task_job_runner.py:222} INFO - ::endgroup::
