[2025-04-15T07:09:12.310+0000] {local_task_job_runner.py:120} INFO - ::group::Pre task execution logs
[2025-04-15T07:09:12.390+0000] {taskinstance.py:2076} INFO - Dependencies all met for dep_context=non-requeueable deps ti=<TaskInstance: formula1-etl-pipeline.transform.transform_dim_races scheduled__2025-04-13T00:00:00+00:00 [queued]>
[2025-04-15T07:09:12.423+0000] {taskinstance.py:2076} INFO - Dependencies all met for dep_context=requeueable deps ti=<TaskInstance: formula1-etl-pipeline.transform.transform_dim_races scheduled__2025-04-13T00:00:00+00:00 [queued]>
[2025-04-15T07:09:12.424+0000] {taskinstance.py:2306} INFO - Starting attempt 1 of 1
[2025-04-15T07:09:12.471+0000] {taskinstance.py:2330} INFO - Executing <Task(PythonOperator): transform.transform_dim_races> on 2025-04-13 00:00:00+00:00
[2025-04-15T07:09:12.495+0000] {logging_mixin.py:188} WARNING - /home/***/.local/lib/python3.12/site-packages/***/task/task_runner/standard_task_runner.py:61 DeprecationWarning: This process (pid=510) is multi-threaded, use of fork() may lead to deadlocks in the child.
[2025-04-15T07:09:12.494+0000] {standard_task_runner.py:90} INFO - Running: ['***', 'tasks', 'run', 'formula1-etl-pipeline', 'transform.transform_dim_races', 'scheduled__2025-04-13T00:00:00+00:00', '--job-id', '32', '--raw', '--subdir', 'DAGS_FOLDER/ETL_dag.py', '--cfg-path', '/tmp/tmpx7kes7l1']
[2025-04-15T07:09:12.501+0000] {standard_task_runner.py:91} INFO - Job 32: Subtask transform.transform_dim_races
[2025-04-15T07:09:12.500+0000] {standard_task_runner.py:63} INFO - Started process 543 to run task
[2025-04-15T07:09:12.663+0000] {task_command.py:426} INFO - Running <TaskInstance: formula1-etl-pipeline.transform.transform_dim_races scheduled__2025-04-13T00:00:00+00:00 [running]> on host e24a12ae0bf8
[2025-04-15T07:09:12.829+0000] {taskinstance.py:2648} INFO - Exporting env vars: AIRFLOW_CTX_DAG_OWNER='***' AIRFLOW_CTX_DAG_ID='formula1-etl-pipeline' AIRFLOW_CTX_TASK_ID='transform.transform_dim_races' AIRFLOW_CTX_EXECUTION_DATE='2025-04-13T00:00:00+00:00' AIRFLOW_CTX_TRY_NUMBER='1' AIRFLOW_CTX_DAG_RUN_ID='scheduled__2025-04-13T00:00:00+00:00'
[2025-04-15T07:09:12.832+0000] {taskinstance.py:430} INFO - ::endgroup::
[2025-04-15T07:09:12.920+0000] {base.py:84} INFO - Using connection ID 'postgres_default' for task execution.
[2025-04-15T07:09:12.928+0000] {logging_mixin.py:188} INFO - Đã tạo bảng thành công.
[2025-04-15T07:09:13.031+0000] {base.py:84} INFO - Using connection ID 'postgres_default' for task execution.
[2025-04-15T07:09:13.451+0000] {logging_mixin.py:188} INFO - Đã transform và lưu dữ liệu vào bảng.
[2025-04-15T07:09:13.452+0000] {python.py:237} INFO - Done. Returned value was: None
[2025-04-15T07:09:13.452+0000] {taskinstance.py:441} INFO - ::group::Post task execution logs
[2025-04-15T07:09:13.462+0000] {taskinstance.py:1206} INFO - Marking task as SUCCESS. dag_id=formula1-etl-pipeline, task_id=transform.transform_dim_races, run_id=scheduled__2025-04-13T00:00:00+00:00, execution_date=20250413T000000, start_date=20250415T070912, end_date=20250415T070913
[2025-04-15T07:09:13.499+0000] {local_task_job_runner.py:240} INFO - Task exited with return code 0
[2025-04-15T07:09:13.508+0000] {local_task_job_runner.py:222} INFO - ::endgroup::
