[2025-04-15T07:09:12.287+0000] {local_task_job_runner.py:120} INFO - ::group::Pre task execution logs
[2025-04-15T07:09:12.336+0000] {taskinstance.py:2076} INFO - Dependencies all met for dep_context=non-requeueable deps ti=<TaskInstance: formula1-etl-pipeline.transform.transform_dim_seasons scheduled__2025-04-13T00:00:00+00:00 [queued]>
[2025-04-15T07:09:12.348+0000] {taskinstance.py:2076} INFO - Dependencies all met for dep_context=requeueable deps ti=<TaskInstance: formula1-etl-pipeline.transform.transform_dim_seasons scheduled__2025-04-13T00:00:00+00:00 [queued]>
[2025-04-15T07:09:12.351+0000] {taskinstance.py:2306} INFO - Starting attempt 1 of 1
[2025-04-15T07:09:12.373+0000] {taskinstance.py:2330} INFO - Executing <Task(PythonOperator): transform.transform_dim_seasons> on 2025-04-13 00:00:00+00:00
[2025-04-15T07:09:12.391+0000] {standard_task_runner.py:90} INFO - Running: ['***', 'tasks', 'run', 'formula1-etl-pipeline', 'transform.transform_dim_seasons', 'scheduled__2025-04-13T00:00:00+00:00', '--job-id', '35', '--raw', '--subdir', 'DAGS_FOLDER/ETL_dag.py', '--cfg-path', '/tmp/tmpr7gtv8e7']
[2025-04-15T07:09:12.396+0000] {standard_task_runner.py:91} INFO - Job 35: Subtask transform.transform_dim_seasons
[2025-04-15T07:09:12.402+0000] {logging_mixin.py:188} WARNING - /home/***/.local/lib/python3.12/site-packages/***/task/task_runner/standard_task_runner.py:61 DeprecationWarning: This process (pid=515) is multi-threaded, use of fork() may lead to deadlocks in the child.
[2025-04-15T07:09:12.410+0000] {standard_task_runner.py:63} INFO - Started process 539 to run task
[2025-04-15T07:09:12.540+0000] {task_command.py:426} INFO - Running <TaskInstance: formula1-etl-pipeline.transform.transform_dim_seasons scheduled__2025-04-13T00:00:00+00:00 [running]> on host e24a12ae0bf8
[2025-04-15T07:09:12.753+0000] {taskinstance.py:2648} INFO - Exporting env vars: AIRFLOW_CTX_DAG_OWNER='***' AIRFLOW_CTX_DAG_ID='formula1-etl-pipeline' AIRFLOW_CTX_TASK_ID='transform.transform_dim_seasons' AIRFLOW_CTX_EXECUTION_DATE='2025-04-13T00:00:00+00:00' AIRFLOW_CTX_TRY_NUMBER='1' AIRFLOW_CTX_DAG_RUN_ID='scheduled__2025-04-13T00:00:00+00:00'
[2025-04-15T07:09:12.757+0000] {taskinstance.py:430} INFO - ::endgroup::
[2025-04-15T07:09:12.841+0000] {base.py:84} INFO - Using connection ID 'postgres_default' for task execution.
[2025-04-15T07:09:12.849+0000] {logging_mixin.py:188} INFO - Đã tạo bảng thành công.
[2025-04-15T07:09:12.863+0000] {base.py:84} INFO - Using connection ID 'postgres_default' for task execution.
[2025-04-15T07:09:12.881+0000] {logging_mixin.py:188} INFO - Đã transform và lưu dữ liệu vào bảng.
[2025-04-15T07:09:12.882+0000] {python.py:237} INFO - Done. Returned value was: None
[2025-04-15T07:09:12.885+0000] {taskinstance.py:441} INFO - ::group::Post task execution logs
[2025-04-15T07:09:12.897+0000] {taskinstance.py:1206} INFO - Marking task as SUCCESS. dag_id=formula1-etl-pipeline, task_id=transform.transform_dim_seasons, run_id=scheduled__2025-04-13T00:00:00+00:00, execution_date=20250413T000000, start_date=20250415T070912, end_date=20250415T070912
[2025-04-15T07:09:12.963+0000] {local_task_job_runner.py:240} INFO - Task exited with return code 0
[2025-04-15T07:09:12.996+0000] {taskinstance.py:3503} INFO - 0 downstream tasks scheduled from follow-on schedule check
[2025-04-15T07:09:12.997+0000] {local_task_job_runner.py:222} INFO - ::endgroup::
