[2025-04-03T12:27:41.474+0000] {local_task_job_runner.py:120} INFO - ::group::Pre task execution logs
[2025-04-03T12:27:41.500+0000] {taskinstance.py:2076} INFO - Dependencies all met for dep_context=non-requeueable deps ti=<TaskInstance: e_commerce_dw_etl.transform.transform_dim_circuits manual__2025-04-03T12:27:40.381897+00:00 [queued]>
[2025-04-03T12:27:41.507+0000] {taskinstance.py:2076} INFO - Dependencies all met for dep_context=requeueable deps ti=<TaskInstance: e_commerce_dw_etl.transform.transform_dim_circuits manual__2025-04-03T12:27:40.381897+00:00 [queued]>
[2025-04-03T12:27:41.508+0000] {taskinstance.py:2306} INFO - Starting attempt 1 of 1
[2025-04-03T12:27:41.521+0000] {taskinstance.py:2330} INFO - Executing <Task(PythonOperator): transform.transform_dim_circuits> on 2025-04-03 12:27:40.381897+00:00
[2025-04-03T12:27:41.529+0000] {standard_task_runner.py:90} INFO - Running: ['***', 'tasks', 'run', 'e_commerce_dw_etl', 'transform.transform_dim_circuits', 'manual__2025-04-03T12:27:40.381897+00:00', '--job-id', '34', '--raw', '--subdir', 'DAGS_FOLDER/ETL_dag.py', '--cfg-path', '/tmp/tmpeczdepu6']
[2025-04-03T12:27:41.532+0000] {standard_task_runner.py:91} INFO - Job 34: Subtask transform.transform_dim_circuits
[2025-04-03T12:27:41.534+0000] {logging_mixin.py:188} WARNING - /home/***/.local/lib/python3.12/site-packages/***/task/task_runner/standard_task_runner.py:61 DeprecationWarning: This process (pid=233) is multi-threaded, use of fork() may lead to deadlocks in the child.
[2025-04-03T12:27:41.535+0000] {standard_task_runner.py:63} INFO - Started process 237 to run task
[2025-04-03T12:27:41.577+0000] {task_command.py:426} INFO - Running <TaskInstance: e_commerce_dw_etl.transform.transform_dim_circuits manual__2025-04-03T12:27:40.381897+00:00 [running]> on host 815f6253c62a
[2025-04-03T12:27:41.655+0000] {taskinstance.py:2648} INFO - Exporting env vars: AIRFLOW_CTX_DAG_OWNER='***' AIRFLOW_CTX_DAG_ID='e_commerce_dw_etl' AIRFLOW_CTX_TASK_ID='transform.transform_dim_circuits' AIRFLOW_CTX_EXECUTION_DATE='2025-04-03T12:27:40.381897+00:00' AIRFLOW_CTX_TRY_NUMBER='1' AIRFLOW_CTX_DAG_RUN_ID='manual__2025-04-03T12:27:40.381897+00:00'
[2025-04-03T12:27:41.656+0000] {taskinstance.py:430} INFO - ::endgroup::
[2025-04-03T12:27:41.671+0000] {logging_mixin.py:188} INFO - /opt/***/dataset
[2025-04-03T12:27:41.691+0000] {taskinstance.py:441} INFO - ::group::Post task execution logs
[2025-04-03T12:27:41.693+0000] {taskinstance.py:2905} ERROR - Task failed with exception
Traceback (most recent call last):
  File "/home/airflow/.local/lib/python3.12/site-packages/airflow/models/taskinstance.py", line 465, in _execute_task
    result = _execute_callable(context=context, **execute_callable_kwargs)
             ^^^^^^^^^^^^^^^^^^^^^^^^^^^^^^^^^^^^^^^^^^^^^^^^^^^^^^^^^^^^^
  File "/home/airflow/.local/lib/python3.12/site-packages/airflow/models/taskinstance.py", line 432, in _execute_callable
    return execute_callable(context=context, **execute_callable_kwargs)
           ^^^^^^^^^^^^^^^^^^^^^^^^^^^^^^^^^^^^^^^^^^^^^^^^^^^^^^^^^^^^
  File "/home/airflow/.local/lib/python3.12/site-packages/airflow/models/baseoperator.py", line 401, in wrapper
    return func(self, *args, **kwargs)
           ^^^^^^^^^^^^^^^^^^^^^^^^^^^
  File "/home/airflow/.local/lib/python3.12/site-packages/airflow/operators/python.py", line 235, in execute
    return_value = self.execute_callable()
                   ^^^^^^^^^^^^^^^^^^^^^^^
  File "/home/airflow/.local/lib/python3.12/site-packages/airflow/operators/python.py", line 252, in execute_callable
    return self.python_callable(*self.op_args, **self.op_kwargs)
           ^^^^^^^^^^^^^^^^^^^^^^^^^^^^^^^^^^^^^^^^^^^^^^^^^^^^^
  File "/opt/airflow/dags/transform_dim_circuits.py", line 17, in transform_dim_circuits
    dim_circuits_df = df[columns]
                      ~~^^^^^^^^^
  File "/home/airflow/.local/lib/python3.12/site-packages/pandas/core/frame.py", line 3813, in __getitem__
    indexer = self.columns._get_indexer_strict(key, "columns")[1]
              ^^^^^^^^^^^^^^^^^^^^^^^^^^^^^^^^^^^^^^^^^^^^^^^^
  File "/home/airflow/.local/lib/python3.12/site-packages/pandas/core/indexes/base.py", line 6070, in _get_indexer_strict
    self._raise_if_missing(keyarr, indexer, axis_name)
  File "/home/airflow/.local/lib/python3.12/site-packages/pandas/core/indexes/base.py", line 6133, in _raise_if_missing
    raise KeyError(f"{not_found} not in index")
KeyError: "['circuitName'] not in index"
[2025-04-03T12:27:41.710+0000] {taskinstance.py:1206} INFO - Marking task as FAILED. dag_id=e_commerce_dw_etl, task_id=transform.transform_dim_circuits, run_id=manual__2025-04-03T12:27:40.381897+00:00, execution_date=20250403T122740, start_date=20250403T122741, end_date=20250403T122741
[2025-04-03T12:27:41.720+0000] {standard_task_runner.py:110} ERROR - Failed to execute job 34 for task transform.transform_dim_circuits ("['circuitName'] not in index"; 237)
[2025-04-03T12:27:41.749+0000] {local_task_job_runner.py:240} INFO - Task exited with return code 1
[2025-04-03T12:27:41.765+0000] {taskinstance.py:3503} INFO - 0 downstream tasks scheduled from follow-on schedule check
[2025-04-03T12:27:41.766+0000] {local_task_job_runner.py:222} INFO - ::endgroup::
