[2025-04-04T16:31:58.941+0000] {local_task_job_runner.py:120} INFO - ::group::Pre task execution logs
[2025-04-04T16:31:58.978+0000] {taskinstance.py:2076} INFO - Dependencies all met for dep_context=non-requeueable deps ti=<TaskInstance: e_commerce_dw_etl.transform.transform_dim_races scheduled__2025-03-29T00:00:00+00:00 [queued]>
[2025-04-04T16:31:58.987+0000] {taskinstance.py:2076} INFO - Dependencies all met for dep_context=requeueable deps ti=<TaskInstance: e_commerce_dw_etl.transform.transform_dim_races scheduled__2025-03-29T00:00:00+00:00 [queued]>
[2025-04-04T16:31:58.988+0000] {taskinstance.py:2306} INFO - Starting attempt 1 of 1
[2025-04-04T16:31:59.002+0000] {taskinstance.py:2330} INFO - Executing <Task(PythonOperator): transform.transform_dim_races> on 2025-03-29 00:00:00+00:00
[2025-04-04T16:31:59.011+0000] {standard_task_runner.py:90} INFO - Running: ['***', 'tasks', 'run', 'e_commerce_dw_etl', 'transform.transform_dim_races', 'scheduled__2025-03-29T00:00:00+00:00', '--job-id', '9', '--raw', '--subdir', 'DAGS_FOLDER/ETL_dag.py', '--cfg-path', '/tmp/tmpf6z0_5vk']
[2025-04-04T16:31:59.014+0000] {standard_task_runner.py:91} INFO - Job 9: Subtask transform.transform_dim_races
[2025-04-04T16:31:59.017+0000] {logging_mixin.py:188} WARNING - /home/***/.local/lib/python3.12/site-packages/***/task/task_runner/standard_task_runner.py:61 DeprecationWarning: This process (pid=335) is multi-threaded, use of fork() may lead to deadlocks in the child.
[2025-04-04T16:31:59.018+0000] {standard_task_runner.py:63} INFO - Started process 346 to run task
[2025-04-04T16:31:59.069+0000] {task_command.py:426} INFO - Running <TaskInstance: e_commerce_dw_etl.transform.transform_dim_races scheduled__2025-03-29T00:00:00+00:00 [running]> on host 3c57b6927613
[2025-04-04T16:31:59.160+0000] {taskinstance.py:2648} INFO - Exporting env vars: AIRFLOW_CTX_DAG_OWNER='***' AIRFLOW_CTX_DAG_ID='e_commerce_dw_etl' AIRFLOW_CTX_TASK_ID='transform.transform_dim_races' AIRFLOW_CTX_EXECUTION_DATE='2025-03-29T00:00:00+00:00' AIRFLOW_CTX_TRY_NUMBER='1' AIRFLOW_CTX_DAG_RUN_ID='scheduled__2025-03-29T00:00:00+00:00'
[2025-04-04T16:31:59.162+0000] {taskinstance.py:430} INFO - ::endgroup::
[2025-04-04T16:31:59.214+0000] {taskinstance.py:441} INFO - ::group::Post task execution logs
[2025-04-04T16:31:59.224+0000] {taskinstance.py:2905} ERROR - Task failed with exception
Traceback (most recent call last):
  File "/home/airflow/.local/lib/python3.12/site-packages/airflow/models/taskinstance.py", line 465, in _execute_task
    result = _execute_callable(context=context, **execute_callable_kwargs)
             ^^^^^^^^^^^^^^^^^^^^^^^^^^^^^^^^^^^^^^^^^^^^^^^^^^^^^^^^^^^^^
  File "/home/airflow/.local/lib/python3.12/site-packages/airflow/models/taskinstance.py", line 432, in _execute_callable
    return execute_callable(context=context, **execute_callable_kwargs)
           ^^^^^^^^^^^^^^^^^^^^^^^^^^^^^^^^^^^^^^^^^^^^^^^^^^^^^^^^^^^^
  File "/home/airflow/.local/lib/python3.12/site-packages/airflow/models/baseoperator.py", line 401, in wrapper
    return func(self, *args, **kwargs)
           ^^^^^^^^^^^^^^^^^^^^^^^^^^^
  File "/home/airflow/.local/lib/python3.12/site-packages/airflow/operators/python.py", line 235, in execute
    return_value = self.execute_callable()
                   ^^^^^^^^^^^^^^^^^^^^^^^
  File "/home/airflow/.local/lib/python3.12/site-packages/airflow/operators/python.py", line 252, in execute_callable
    return self.python_callable(*self.op_args, **self.op_kwargs)
           ^^^^^^^^^^^^^^^^^^^^^^^^^^^^^^^^^^^^^^^^^^^^^^^^^^^^^
  File "/opt/airflow/dags/transform_dim_races.py", line 35, in transform_dim_races
    warehouse_operator.create_table(create_table_qr)
  File "/opt/airflow/dags/postgresql_operator.py", line 10, in create_table
    conn = pg_hook.get_conn()
           ^^^^^^^^^^^^^^^^^^
  File "/home/airflow/.local/lib/python3.12/site-packages/airflow/providers/postgres/hooks/postgres.py", line 145, in get_conn
    conn = deepcopy(self.connection or self.get_connection(conn_id))
                                       ^^^^^^^^^^^^^^^^^^^^^^^^^^^^
  File "/home/airflow/.local/lib/python3.12/site-packages/airflow/hooks/base.py", line 83, in get_connection
    conn = Connection.get_connection_from_secrets(conn_id)
           ^^^^^^^^^^^^^^^^^^^^^^^^^^^^^^^^^^^^^^^^^^^^^^^
  File "/home/airflow/.local/lib/python3.12/site-packages/airflow/models/connection.py", line 519, in get_connection_from_secrets
    raise AirflowNotFoundException(f"The conn_id `{conn_id}` isn't defined")
airflow.exceptions.AirflowNotFoundException: The conn_id `postgres_default` isn't defined
[2025-04-04T16:31:59.234+0000] {taskinstance.py:1206} INFO - Marking task as FAILED. dag_id=e_commerce_dw_etl, task_id=transform.transform_dim_races, run_id=scheduled__2025-03-29T00:00:00+00:00, execution_date=20250329T000000, start_date=20250404T163158, end_date=20250404T163159
[2025-04-04T16:31:59.247+0000] {standard_task_runner.py:110} ERROR - Failed to execute job 9 for task transform.transform_dim_races (The conn_id `postgres_default` isn't defined; 346)
[2025-04-04T16:31:59.273+0000] {local_task_job_runner.py:240} INFO - Task exited with return code 1
[2025-04-04T16:31:59.286+0000] {local_task_job_runner.py:222} INFO - ::endgroup::
[2025-04-04T18:20:55.262+0000] {local_task_job_runner.py:120} INFO - ::group::Pre task execution logs
[2025-04-04T18:20:55.306+0000] {taskinstance.py:2076} INFO - Dependencies all met for dep_context=non-requeueable deps ti=<TaskInstance: e_commerce_dw_etl.transform.transform_dim_races scheduled__2025-03-29T00:00:00+00:00 [queued]>
[2025-04-04T18:20:55.315+0000] {taskinstance.py:2076} INFO - Dependencies all met for dep_context=requeueable deps ti=<TaskInstance: e_commerce_dw_etl.transform.transform_dim_races scheduled__2025-03-29T00:00:00+00:00 [queued]>
[2025-04-04T18:20:55.316+0000] {taskinstance.py:2306} INFO - Starting attempt 1 of 1
[2025-04-04T18:20:55.332+0000] {taskinstance.py:2330} INFO - Executing <Task(PythonOperator): transform.transform_dim_races> on 2025-03-29 00:00:00+00:00
[2025-04-04T18:20:55.345+0000] {standard_task_runner.py:90} INFO - Running: ['***', 'tasks', 'run', 'e_commerce_dw_etl', 'transform.transform_dim_races', 'scheduled__2025-03-29T00:00:00+00:00', '--job-id', '9', '--raw', '--subdir', 'DAGS_FOLDER/ETL_dag.py', '--cfg-path', '/tmp/tmp7wo14tdi']
[2025-04-04T18:20:55.348+0000] {standard_task_runner.py:91} INFO - Job 9: Subtask transform.transform_dim_races
[2025-04-04T18:20:55.349+0000] {logging_mixin.py:188} WARNING - /home/***/.local/lib/python3.12/site-packages/***/task/task_runner/standard_task_runner.py:61 DeprecationWarning: This process (pid=460) is multi-threaded, use of fork() may lead to deadlocks in the child.
[2025-04-04T18:20:55.350+0000] {standard_task_runner.py:63} INFO - Started process 473 to run task
[2025-04-04T18:20:55.407+0000] {task_command.py:426} INFO - Running <TaskInstance: e_commerce_dw_etl.transform.transform_dim_races scheduled__2025-03-29T00:00:00+00:00 [running]> on host 729d59a438a8
[2025-04-04T18:20:55.499+0000] {taskinstance.py:2648} INFO - Exporting env vars: AIRFLOW_CTX_DAG_OWNER='***' AIRFLOW_CTX_DAG_ID='e_commerce_dw_etl' AIRFLOW_CTX_TASK_ID='transform.transform_dim_races' AIRFLOW_CTX_EXECUTION_DATE='2025-03-29T00:00:00+00:00' AIRFLOW_CTX_TRY_NUMBER='1' AIRFLOW_CTX_DAG_RUN_ID='scheduled__2025-03-29T00:00:00+00:00'
[2025-04-04T18:20:55.501+0000] {taskinstance.py:430} INFO - ::endgroup::
[2025-04-04T18:20:55.586+0000] {base.py:84} INFO - Using connection ID 'postgres_default' for task execution.
[2025-04-04T18:20:55.608+0000] {base.py:84} INFO - Using connection ID 'postgres_default' for task execution.
[2025-04-04T18:20:55.751+0000] {logging_mixin.py:188} INFO - Lỗi khi insert dữ liệu: invalid input syntax for type timestamp: "NaT"
LINE 3: ...ALUES (90, 'Australian Grand Prix', '2004-03-07', 'NaT'::tim...
                                                             ^
[2025-04-04T18:20:55.752+0000] {python.py:237} INFO - Done. Returned value was: None
[2025-04-04T18:20:55.756+0000] {taskinstance.py:441} INFO - ::group::Post task execution logs
[2025-04-04T18:20:55.769+0000] {taskinstance.py:1206} INFO - Marking task as SUCCESS. dag_id=e_commerce_dw_etl, task_id=transform.transform_dim_races, run_id=scheduled__2025-03-29T00:00:00+00:00, execution_date=20250329T000000, start_date=20250404T182055, end_date=20250404T182055
[2025-04-04T18:20:55.807+0000] {local_task_job_runner.py:240} INFO - Task exited with return code 0
[2025-04-04T18:20:55.823+0000] {taskinstance.py:3503} INFO - 0 downstream tasks scheduled from follow-on schedule check
[2025-04-04T18:20:55.824+0000] {local_task_job_runner.py:222} INFO - ::endgroup::
[2025-04-05T04:49:56.701+0000] {local_task_job_runner.py:120} INFO - ::group::Pre task execution logs
[2025-04-05T04:49:56.798+0000] {taskinstance.py:2076} INFO - Dependencies all met for dep_context=non-requeueable deps ti=<TaskInstance: e_commerce_dw_etl.transform.transform_dim_races scheduled__2025-03-29T00:00:00+00:00 [queued]>
[2025-04-05T04:49:56.818+0000] {taskinstance.py:2076} INFO - Dependencies all met for dep_context=requeueable deps ti=<TaskInstance: e_commerce_dw_etl.transform.transform_dim_races scheduled__2025-03-29T00:00:00+00:00 [queued]>
[2025-04-05T04:49:56.819+0000] {taskinstance.py:2306} INFO - Starting attempt 1 of 1
[2025-04-05T04:49:56.864+0000] {taskinstance.py:2330} INFO - Executing <Task(PythonOperator): transform.transform_dim_races> on 2025-03-29 00:00:00+00:00
[2025-04-05T04:49:56.903+0000] {logging_mixin.py:188} WARNING - /home/***/.local/lib/python3.12/site-packages/***/task/task_runner/standard_task_runner.py:61 DeprecationWarning: This process (pid=400) is multi-threaded, use of fork() may lead to deadlocks in the child.
[2025-04-05T04:49:56.905+0000] {standard_task_runner.py:63} INFO - Started process 433 to run task
[2025-04-05T04:49:56.894+0000] {standard_task_runner.py:90} INFO - Running: ['***', 'tasks', 'run', 'e_commerce_dw_etl', 'transform.transform_dim_races', 'scheduled__2025-03-29T00:00:00+00:00', '--job-id', '14', '--raw', '--subdir', 'DAGS_FOLDER/ETL_dag.py', '--cfg-path', '/tmp/tmp399akrzu']
[2025-04-05T04:49:56.914+0000] {standard_task_runner.py:91} INFO - Job 14: Subtask transform.transform_dim_races
[2025-04-05T04:49:57.037+0000] {task_command.py:426} INFO - Running <TaskInstance: e_commerce_dw_etl.transform.transform_dim_races scheduled__2025-03-29T00:00:00+00:00 [running]> on host 7b82c2aa8826
[2025-04-05T04:49:57.282+0000] {taskinstance.py:2648} INFO - Exporting env vars: AIRFLOW_CTX_DAG_OWNER='***' AIRFLOW_CTX_DAG_ID='e_commerce_dw_etl' AIRFLOW_CTX_TASK_ID='transform.transform_dim_races' AIRFLOW_CTX_EXECUTION_DATE='2025-03-29T00:00:00+00:00' AIRFLOW_CTX_TRY_NUMBER='1' AIRFLOW_CTX_DAG_RUN_ID='scheduled__2025-03-29T00:00:00+00:00'
[2025-04-05T04:49:57.286+0000] {taskinstance.py:430} INFO - ::endgroup::
[2025-04-05T04:49:57.403+0000] {base.py:84} INFO - Using connection ID 'postgres_default' for task execution.
[2025-04-05T04:49:57.447+0000] {base.py:84} INFO - Using connection ID 'postgres_default' for task execution.
[2025-04-05T04:49:58.018+0000] {logging_mixin.py:188} INFO - Đã transform và lưu dữ liệu vào dim_races
[2025-04-05T04:49:58.020+0000] {python.py:237} INFO - Done. Returned value was: None
[2025-04-05T04:49:58.022+0000] {taskinstance.py:441} INFO - ::group::Post task execution logs
[2025-04-05T04:49:58.064+0000] {taskinstance.py:1206} INFO - Marking task as SUCCESS. dag_id=e_commerce_dw_etl, task_id=transform.transform_dim_races, run_id=scheduled__2025-03-29T00:00:00+00:00, execution_date=20250329T000000, start_date=20250405T044956, end_date=20250405T044958
[2025-04-05T04:49:58.203+0000] {local_task_job_runner.py:240} INFO - Task exited with return code 0
[2025-04-05T04:49:58.245+0000] {local_task_job_runner.py:222} INFO - ::endgroup::
[2025-04-05T04:54:01.989+0000] {local_task_job_runner.py:120} INFO - ::group::Pre task execution logs
[2025-04-05T04:54:02.159+0000] {taskinstance.py:2076} INFO - Dependencies all met for dep_context=non-requeueable deps ti=<TaskInstance: e_commerce_dw_etl.transform.transform_dim_races scheduled__2025-03-29T00:00:00+00:00 [queued]>
[2025-04-05T04:54:02.238+0000] {taskinstance.py:2076} INFO - Dependencies all met for dep_context=requeueable deps ti=<TaskInstance: e_commerce_dw_etl.transform.transform_dim_races scheduled__2025-03-29T00:00:00+00:00 [queued]>
[2025-04-05T04:54:02.240+0000] {taskinstance.py:2306} INFO - Starting attempt 1 of 1
[2025-04-05T04:54:02.287+0000] {taskinstance.py:2330} INFO - Executing <Task(PythonOperator): transform.transform_dim_races> on 2025-03-29 00:00:00+00:00
[2025-04-05T04:54:02.321+0000] {logging_mixin.py:188} WARNING - /home/***/.local/lib/python3.12/site-packages/***/task/task_runner/standard_task_runner.py:61 DeprecationWarning: This process (pid=362) is multi-threaded, use of fork() may lead to deadlocks in the child.
[2025-04-05T04:54:02.323+0000] {standard_task_runner.py:63} INFO - Started process 399 to run task
[2025-04-05T04:54:02.323+0000] {standard_task_runner.py:90} INFO - Running: ['***', 'tasks', 'run', 'e_commerce_dw_etl', 'transform.transform_dim_races', 'scheduled__2025-03-29T00:00:00+00:00', '--job-id', '17', '--raw', '--subdir', 'DAGS_FOLDER/ETL_dag.py', '--cfg-path', '/tmp/tmpml1xsf69']
[2025-04-05T04:54:02.332+0000] {standard_task_runner.py:91} INFO - Job 17: Subtask transform.transform_dim_races
[2025-04-05T04:54:02.532+0000] {task_command.py:426} INFO - Running <TaskInstance: e_commerce_dw_etl.transform.transform_dim_races scheduled__2025-03-29T00:00:00+00:00 [running]> on host 4766eee3ca7d
[2025-04-05T04:54:02.840+0000] {taskinstance.py:2648} INFO - Exporting env vars: AIRFLOW_CTX_DAG_OWNER='***' AIRFLOW_CTX_DAG_ID='e_commerce_dw_etl' AIRFLOW_CTX_TASK_ID='transform.transform_dim_races' AIRFLOW_CTX_EXECUTION_DATE='2025-03-29T00:00:00+00:00' AIRFLOW_CTX_TRY_NUMBER='1' AIRFLOW_CTX_DAG_RUN_ID='scheduled__2025-03-29T00:00:00+00:00'
[2025-04-05T04:54:02.844+0000] {taskinstance.py:430} INFO - ::endgroup::
[2025-04-05T04:54:02.971+0000] {taskinstance.py:441} INFO - ::group::Post task execution logs
[2025-04-05T04:54:03.005+0000] {taskinstance.py:2905} ERROR - Task failed with exception
Traceback (most recent call last):
  File "/home/airflow/.local/lib/python3.12/site-packages/airflow/models/taskinstance.py", line 465, in _execute_task
    result = _execute_callable(context=context, **execute_callable_kwargs)
             ^^^^^^^^^^^^^^^^^^^^^^^^^^^^^^^^^^^^^^^^^^^^^^^^^^^^^^^^^^^^^
  File "/home/airflow/.local/lib/python3.12/site-packages/airflow/models/taskinstance.py", line 432, in _execute_callable
    return execute_callable(context=context, **execute_callable_kwargs)
           ^^^^^^^^^^^^^^^^^^^^^^^^^^^^^^^^^^^^^^^^^^^^^^^^^^^^^^^^^^^^
  File "/home/airflow/.local/lib/python3.12/site-packages/airflow/models/baseoperator.py", line 401, in wrapper
    return func(self, *args, **kwargs)
           ^^^^^^^^^^^^^^^^^^^^^^^^^^^
  File "/home/airflow/.local/lib/python3.12/site-packages/airflow/operators/python.py", line 235, in execute
    return_value = self.execute_callable()
                   ^^^^^^^^^^^^^^^^^^^^^^^
  File "/home/airflow/.local/lib/python3.12/site-packages/airflow/operators/python.py", line 252, in execute_callable
    return self.python_callable(*self.op_args, **self.op_kwargs)
           ^^^^^^^^^^^^^^^^^^^^^^^^^^^^^^^^^^^^^^^^^^^^^^^^^^^^^
  File "/opt/airflow/dags/transform_dim_races.py", line 38, in transform_dim_races
    warehouse_operator.create_table(create_table_qr)
  File "/opt/airflow/dags/postgresql_operator.py", line 10, in create_table
    conn = pg_hook.get_conn()
           ^^^^^^^^^^^^^^^^^^
  File "/home/airflow/.local/lib/python3.12/site-packages/airflow/providers/postgres/hooks/postgres.py", line 145, in get_conn
    conn = deepcopy(self.connection or self.get_connection(conn_id))
                                       ^^^^^^^^^^^^^^^^^^^^^^^^^^^^
  File "/home/airflow/.local/lib/python3.12/site-packages/airflow/hooks/base.py", line 83, in get_connection
    conn = Connection.get_connection_from_secrets(conn_id)
           ^^^^^^^^^^^^^^^^^^^^^^^^^^^^^^^^^^^^^^^^^^^^^^^
  File "/home/airflow/.local/lib/python3.12/site-packages/airflow/models/connection.py", line 519, in get_connection_from_secrets
    raise AirflowNotFoundException(f"The conn_id `{conn_id}` isn't defined")
airflow.exceptions.AirflowNotFoundException: The conn_id `postgres_default` isn't defined
[2025-04-05T04:54:03.064+0000] {taskinstance.py:1206} INFO - Marking task as FAILED. dag_id=e_commerce_dw_etl, task_id=transform.transform_dim_races, run_id=scheduled__2025-03-29T00:00:00+00:00, execution_date=20250329T000000, start_date=20250405T045402, end_date=20250405T045403
[2025-04-05T04:54:03.103+0000] {standard_task_runner.py:110} ERROR - Failed to execute job 17 for task transform.transform_dim_races (The conn_id `postgres_default` isn't defined; 399)
[2025-04-05T04:54:03.141+0000] {local_task_job_runner.py:240} INFO - Task exited with return code 1
[2025-04-05T04:54:03.199+0000] {taskinstance.py:3503} INFO - 0 downstream tasks scheduled from follow-on schedule check
[2025-04-05T04:54:03.211+0000] {local_task_job_runner.py:222} INFO - ::endgroup::
