[2025-04-03T12:05:06.988+0000] {local_task_job_runner.py:120} INFO - ::group::Pre task execution logs
[2025-04-03T12:05:07.015+0000] {taskinstance.py:2076} INFO - Dependencies all met for dep_context=non-requeueable deps ti=<TaskInstance: e_commerce_dw_etl.extract.extract_and_load_to_staging manual__2025-04-03T12:05:05.347831+00:00 [queued]>
[2025-04-03T12:05:07.022+0000] {taskinstance.py:2076} INFO - Dependencies all met for dep_context=requeueable deps ti=<TaskInstance: e_commerce_dw_etl.extract.extract_and_load_to_staging manual__2025-04-03T12:05:05.347831+00:00 [queued]>
[2025-04-03T12:05:07.023+0000] {taskinstance.py:2306} INFO - Starting attempt 1 of 1
[2025-04-03T12:05:07.033+0000] {taskinstance.py:2330} INFO - Executing <Task(PythonOperator): extract.extract_and_load_to_staging> on 2025-04-03 12:05:05.347831+00:00
[2025-04-03T12:05:07.043+0000] {standard_task_runner.py:90} INFO - Running: ['***', 'tasks', 'run', 'e_commerce_dw_etl', 'extract.extract_and_load_to_staging', 'manual__2025-04-03T12:05:05.347831+00:00', '--job-id', '19', '--raw', '--subdir', 'DAGS_FOLDER/ETL_dag.py', '--cfg-path', '/tmp/tmpyizzqpr7']
[2025-04-03T12:05:07.046+0000] {logging_mixin.py:188} WARNING - /home/***/.local/lib/python3.12/site-packages/***/task/task_runner/standard_task_runner.py:61 DeprecationWarning: This process (pid=240) is multi-threaded, use of fork() may lead to deadlocks in the child.
[2025-04-03T12:05:07.047+0000] {standard_task_runner.py:91} INFO - Job 19: Subtask extract.extract_and_load_to_staging
[2025-04-03T12:05:07.047+0000] {standard_task_runner.py:63} INFO - Started process 244 to run task
[2025-04-03T12:05:07.088+0000] {task_command.py:426} INFO - Running <TaskInstance: e_commerce_dw_etl.extract.extract_and_load_to_staging manual__2025-04-03T12:05:05.347831+00:00 [running]> on host f6344aec8fdf
[2025-04-03T12:05:07.174+0000] {taskinstance.py:2648} INFO - Exporting env vars: AIRFLOW_CTX_DAG_OWNER='***' AIRFLOW_CTX_DAG_ID='e_commerce_dw_etl' AIRFLOW_CTX_TASK_ID='extract.extract_and_load_to_staging' AIRFLOW_CTX_EXECUTION_DATE='2025-04-03T12:05:05.347831+00:00' AIRFLOW_CTX_TRY_NUMBER='1' AIRFLOW_CTX_DAG_RUN_ID='manual__2025-04-03T12:05:05.347831+00:00'
[2025-04-03T12:05:07.175+0000] {taskinstance.py:430} INFO - ::endgroup::
[2025-04-03T12:05:08.041+0000] {logging_mixin.py:188} INFO - ✅ Dataset đã được tải về: /opt/***/dataset/datasets/rohanrao/formula-1-world-championship-1950-2020/versions/24
[2025-04-03T12:05:08.042+0000] {logging_mixin.py:188} INFO - Base path: /opt/***/dataset
[2025-04-03T12:05:08.043+0000] {logging_mixin.py:188} INFO - Dataset path: /opt/***/dataset/datasets/rohanrao/formula-1-world-championship-1950-2020/versions/24
[2025-04-03T12:05:08.046+0000] {logging_mixin.py:188} INFO - Đang kiểm tra thư mục: /opt/***/dataset/datasets/rohanrao/formula-1-world-championship-1950-2020/versions/24
[2025-04-03T12:05:08.047+0000] {logging_mixin.py:188} INFO - Các tệp trong thư mục: []
[2025-04-03T12:05:08.048+0000] {python.py:237} INFO - Done. Returned value was: None
[2025-04-03T12:05:08.048+0000] {taskinstance.py:441} INFO - ::group::Post task execution logs
[2025-04-03T12:05:08.059+0000] {taskinstance.py:1206} INFO - Marking task as SUCCESS. dag_id=e_commerce_dw_etl, task_id=extract.extract_and_load_to_staging, run_id=manual__2025-04-03T12:05:05.347831+00:00, execution_date=20250403T120505, start_date=20250403T120507, end_date=20250403T120508
[2025-04-03T12:05:08.105+0000] {local_task_job_runner.py:240} INFO - Task exited with return code 0
[2025-04-03T12:05:08.119+0000] {taskinstance.py:3503} INFO - 0 downstream tasks scheduled from follow-on schedule check
[2025-04-03T12:05:08.120+0000] {local_task_job_runner.py:222} INFO - ::endgroup::
