[2025-04-04T15:52:03.633+0000] {local_task_job_runner.py:120} INFO - ::group::Pre task execution logs
[2025-04-04T15:52:03.679+0000] {taskinstance.py:2076} INFO - Dependencies all met for dep_context=non-requeueable deps ti=<TaskInstance: e_commerce_dw_etl.extract.extract_and_load_to_staging manual__2025-04-04T15:52:02.182222+00:00 [queued]>
[2025-04-04T15:52:03.693+0000] {taskinstance.py:2076} INFO - Dependencies all met for dep_context=requeueable deps ti=<TaskInstance: e_commerce_dw_etl.extract.extract_and_load_to_staging manual__2025-04-04T15:52:02.182222+00:00 [queued]>
[2025-04-04T15:52:03.694+0000] {taskinstance.py:2306} INFO - Starting attempt 1 of 1
[2025-04-04T15:52:03.715+0000] {taskinstance.py:2330} INFO - Executing <Task(PythonOperator): extract.extract_and_load_to_staging> on 2025-04-04 15:52:02.182222+00:00
[2025-04-04T15:52:03.729+0000] {standard_task_runner.py:90} INFO - Running: ['***', 'tasks', 'run', 'e_commerce_dw_etl', 'extract.extract_and_load_to_staging', 'manual__2025-04-04T15:52:02.182222+00:00', '--job-id', '3', '--raw', '--subdir', 'DAGS_FOLDER/ETL_dag.py', '--cfg-path', '/tmp/tmp30doeaq5']
[2025-04-04T15:52:03.733+0000] {standard_task_runner.py:91} INFO - Job 3: Subtask extract.extract_and_load_to_staging
[2025-04-04T15:52:03.734+0000] {logging_mixin.py:188} WARNING - /home/***/.local/lib/python3.12/site-packages/***/task/task_runner/standard_task_runner.py:61 DeprecationWarning: This process (pid=439) is multi-threaded, use of fork() may lead to deadlocks in the child.
[2025-04-04T15:52:03.735+0000] {standard_task_runner.py:63} INFO - Started process 453 to run task
[2025-04-04T15:52:03.803+0000] {task_command.py:426} INFO - Running <TaskInstance: e_commerce_dw_etl.extract.extract_and_load_to_staging manual__2025-04-04T15:52:02.182222+00:00 [running]> on host bf2b06959860
[2025-04-04T15:52:03.935+0000] {taskinstance.py:2648} INFO - Exporting env vars: AIRFLOW_CTX_DAG_OWNER='***' AIRFLOW_CTX_DAG_ID='e_commerce_dw_etl' AIRFLOW_CTX_TASK_ID='extract.extract_and_load_to_staging' AIRFLOW_CTX_EXECUTION_DATE='2025-04-04T15:52:02.182222+00:00' AIRFLOW_CTX_TRY_NUMBER='1' AIRFLOW_CTX_DAG_RUN_ID='manual__2025-04-04T15:52:02.182222+00:00'
[2025-04-04T15:52:03.937+0000] {taskinstance.py:430} INFO - ::endgroup::
[2025-04-04T15:52:05.846+0000] {logging_mixin.py:188} WARNING -   0%|          | 0.00/6.28M [00:00<?, ?B/s]
[2025-04-04T15:52:06.715+0000] {logging_mixin.py:188} WARNING -  16%|#5        | 1.00M/6.28M [00:00<00:04, 1.21MB/s]
[2025-04-04T15:52:06.855+0000] {logging_mixin.py:188} WARNING -  32%|###1      | 2.00M/6.28M [00:01<00:01, 2.39MB/s]
[2025-04-04T15:52:06.992+0000] {logging_mixin.py:188} WARNING -  64%|######3   | 4.00M/6.28M [00:01<00:00, 5.06MB/s]
[2025-04-04T15:52:07.096+0000] {logging_mixin.py:188} WARNING -  96%|#########5| 6.00M/6.28M [00:01<00:00, 7.84MB/s]
[2025-04-04T15:52:07.105+0000] {logging_mixin.py:188} WARNING - 100%|##########| 6.28M/6.28M [00:01<00:00, 5.23MB/s]
[2025-04-04T15:52:08.308+0000] {logging_mixin.py:188} INFO - Đã di chuyển circuits.csv về /opt/***/dataset
[2025-04-04T15:52:08.320+0000] {logging_mixin.py:188} INFO - Đã di chuyển constructors.csv về /opt/***/dataset
[2025-04-04T15:52:08.327+0000] {logging_mixin.py:188} INFO - Đã di chuyển constructor_results.csv về /opt/***/dataset
[2025-04-04T15:52:08.331+0000] {logging_mixin.py:188} INFO - Đã di chuyển constructor_standings.csv về /opt/***/dataset
[2025-04-04T15:52:08.335+0000] {logging_mixin.py:188} INFO - Đã di chuyển drivers.csv về /opt/***/dataset
[2025-04-04T15:52:08.340+0000] {logging_mixin.py:188} INFO - Đã di chuyển driver_standings.csv về /opt/***/dataset
[2025-04-04T15:52:08.348+0000] {logging_mixin.py:188} INFO - Đã di chuyển lap_times.csv về /opt/***/dataset
[2025-04-04T15:52:08.358+0000] {logging_mixin.py:188} INFO - Đã di chuyển pit_stops.csv về /opt/***/dataset
[2025-04-04T15:52:08.369+0000] {logging_mixin.py:188} INFO - Đã di chuyển qualifying.csv về /opt/***/dataset
[2025-04-04T15:52:08.376+0000] {logging_mixin.py:188} INFO - Đã di chuyển races.csv về /opt/***/dataset
[2025-04-04T15:52:08.382+0000] {logging_mixin.py:188} INFO - Đã di chuyển results.csv về /opt/***/dataset
[2025-04-04T15:52:08.387+0000] {logging_mixin.py:188} INFO - Đã di chuyển seasons.csv về /opt/***/dataset
[2025-04-04T15:52:08.394+0000] {logging_mixin.py:188} INFO - Đã di chuyển sprint_results.csv về /opt/***/dataset
[2025-04-04T15:52:08.402+0000] {logging_mixin.py:188} INFO - Đã di chuyển status.csv về /opt/***/dataset
[2025-04-04T15:52:08.403+0000] {python.py:237} INFO - Done. Returned value was: None
[2025-04-04T15:52:08.404+0000] {taskinstance.py:441} INFO - ::group::Post task execution logs
[2025-04-04T15:52:08.424+0000] {taskinstance.py:1206} INFO - Marking task as SUCCESS. dag_id=e_commerce_dw_etl, task_id=extract.extract_and_load_to_staging, run_id=manual__2025-04-04T15:52:02.182222+00:00, execution_date=20250404T155202, start_date=20250404T155203, end_date=20250404T155208
[2025-04-04T15:52:08.485+0000] {local_task_job_runner.py:240} INFO - Task exited with return code 0
[2025-04-04T15:52:08.549+0000] {taskinstance.py:3503} INFO - 1 downstream tasks scheduled from follow-on schedule check
[2025-04-04T15:52:08.556+0000] {local_task_job_runner.py:222} INFO - ::endgroup::
