[2025-04-08T09:21:39.954+0000] {local_task_job_runner.py:120} INFO - ::group::Pre task execution logs
[2025-04-08T09:21:39.993+0000] {taskinstance.py:2076} INFO - Dependencies all met for dep_context=non-requeueable deps ti=<TaskInstance: formula1-etl-pipeline.transform.transform_dim_drivers manual__2025-04-08T09:21:36.165113+00:00 [queued]>
[2025-04-08T09:21:40.005+0000] {taskinstance.py:2076} INFO - Dependencies all met for dep_context=requeueable deps ti=<TaskInstance: formula1-etl-pipeline.transform.transform_dim_drivers manual__2025-04-08T09:21:36.165113+00:00 [queued]>
[2025-04-08T09:21:40.006+0000] {taskinstance.py:2306} INFO - Starting attempt 1 of 1
[2025-04-08T09:21:40.025+0000] {taskinstance.py:2330} INFO - Executing <Task(PythonOperator): transform.transform_dim_drivers> on 2025-04-08 09:21:36.165113+00:00
[2025-04-08T09:21:40.035+0000] {standard_task_runner.py:90} INFO - Running: ['***', 'tasks', 'run', 'formula1-etl-pipeline', 'transform.transform_dim_drivers', 'manual__2025-04-08T09:21:36.165113+00:00', '--job-id', '23', '--raw', '--subdir', 'DAGS_FOLDER/ETL_dag.py', '--cfg-path', '/tmp/tmp52toqfu_']
[2025-04-08T09:21:40.038+0000] {standard_task_runner.py:91} INFO - Job 23: Subtask transform.transform_dim_drivers
[2025-04-08T09:21:40.039+0000] {logging_mixin.py:188} WARNING - /home/***/.local/lib/python3.12/site-packages/***/task/task_runner/standard_task_runner.py:61 DeprecationWarning: This process (pid=239) is multi-threaded, use of fork() may lead to deadlocks in the child.
[2025-04-08T09:21:40.040+0000] {standard_task_runner.py:63} INFO - Started process 250 to run task
[2025-04-08T09:21:40.091+0000] {task_command.py:426} INFO - Running <TaskInstance: formula1-etl-pipeline.transform.transform_dim_drivers manual__2025-04-08T09:21:36.165113+00:00 [running]> on host bbffae879616
[2025-04-08T09:21:40.180+0000] {taskinstance.py:2648} INFO - Exporting env vars: AIRFLOW_CTX_DAG_OWNER='***' AIRFLOW_CTX_DAG_ID='formula1-etl-pipeline' AIRFLOW_CTX_TASK_ID='transform.transform_dim_drivers' AIRFLOW_CTX_EXECUTION_DATE='2025-04-08T09:21:36.165113+00:00' AIRFLOW_CTX_TRY_NUMBER='1' AIRFLOW_CTX_DAG_RUN_ID='manual__2025-04-08T09:21:36.165113+00:00'
[2025-04-08T09:21:40.181+0000] {taskinstance.py:430} INFO - ::endgroup::
[2025-04-08T09:21:40.233+0000] {base.py:84} INFO - Using connection ID 'postgres_default' for task execution.
[2025-04-08T09:21:40.238+0000] {logging_mixin.py:188} INFO - Đã transform và lưu dữ liệu vào bảng.
[2025-04-08T09:21:40.245+0000] {base.py:84} INFO - Using connection ID 'postgres_default' for task execution.
[2025-04-08T09:21:40.328+0000] {logging_mixin.py:188} INFO - Lỗi khi insert dữ liệu: duplicate key value violates unique constraint "dim_drivers_pkey"
DETAIL:  Key (driverid)=(1) already exists.
[2025-04-08T09:21:40.328+0000] {taskinstance.py:441} INFO - ::group::Post task execution logs
[2025-04-08T09:21:40.329+0000] {taskinstance.py:2905} ERROR - Task failed with exception
Traceback (most recent call last):
  File "/home/airflow/.local/lib/python3.12/site-packages/airflow/models/taskinstance.py", line 465, in _execute_task
    result = _execute_callable(context=context, **execute_callable_kwargs)
             ^^^^^^^^^^^^^^^^^^^^^^^^^^^^^^^^^^^^^^^^^^^^^^^^^^^^^^^^^^^^^
  File "/home/airflow/.local/lib/python3.12/site-packages/airflow/models/taskinstance.py", line 432, in _execute_callable
    return execute_callable(context=context, **execute_callable_kwargs)
           ^^^^^^^^^^^^^^^^^^^^^^^^^^^^^^^^^^^^^^^^^^^^^^^^^^^^^^^^^^^^
  File "/home/airflow/.local/lib/python3.12/site-packages/airflow/models/baseoperator.py", line 401, in wrapper
    return func(self, *args, **kwargs)
           ^^^^^^^^^^^^^^^^^^^^^^^^^^^
  File "/home/airflow/.local/lib/python3.12/site-packages/airflow/operators/python.py", line 235, in execute
    return_value = self.execute_callable()
                   ^^^^^^^^^^^^^^^^^^^^^^^
  File "/home/airflow/.local/lib/python3.12/site-packages/airflow/operators/python.py", line 252, in execute_callable
    return self.python_callable(*self.op_args, **self.op_kwargs)
           ^^^^^^^^^^^^^^^^^^^^^^^^^^^^^^^^^^^^^^^^^^^^^^^^^^^^^
  File "/opt/airflow/dags/transform_dim_drivers.py", line 46, in transform_dim_drivers
    warehouse_operator.insert_table(insert_table_querry, dim_drivers_df)
  File "/opt/airflow/dags/postgresql_operator.py", line 35, in insert_table
    cursor.executemany(query, values)
psycopg2.errors.UniqueViolation: duplicate key value violates unique constraint "dim_drivers_pkey"
DETAIL:  Key (driverid)=(1) already exists.

[2025-04-08T09:21:40.344+0000] {taskinstance.py:1206} INFO - Marking task as FAILED. dag_id=formula1-etl-pipeline, task_id=transform.transform_dim_drivers, run_id=manual__2025-04-08T09:21:36.165113+00:00, execution_date=20250408T092136, start_date=20250408T092139, end_date=20250408T092140
[2025-04-08T09:21:40.375+0000] {standard_task_runner.py:110} ERROR - Failed to execute job 23 for task transform.transform_dim_drivers (duplicate key value violates unique constraint "dim_drivers_pkey"
DETAIL:  Key (driverid)=(1) already exists.
; 250)
[2025-04-08T09:21:40.414+0000] {local_task_job_runner.py:240} INFO - Task exited with return code 1
[2025-04-08T09:21:40.431+0000] {taskinstance.py:3503} INFO - 0 downstream tasks scheduled from follow-on schedule check
[2025-04-08T09:21:40.433+0000] {local_task_job_runner.py:222} INFO - ::endgroup::
