[2025-04-02T06:08:02.069+0000] {local_task_job_runner.py:120} INFO - ::group::Pre task execution logs
[2025-04-02T06:08:02.129+0000] {taskinstance.py:2076} INFO - Dependencies all met for dep_context=non-requeueable deps ti=<TaskInstance: e_commerce_dw_etl.extract.extract_and_load_to_staging manual__2025-04-02T06:08:00.633662+00:00 [queued]>
[2025-04-02T06:08:02.143+0000] {taskinstance.py:2076} INFO - Dependencies all met for dep_context=requeueable deps ti=<TaskInstance: e_commerce_dw_etl.extract.extract_and_load_to_staging manual__2025-04-02T06:08:00.633662+00:00 [queued]>
[2025-04-02T06:08:02.145+0000] {taskinstance.py:2306} INFO - Starting attempt 1 of 1
[2025-04-02T06:08:02.173+0000] {taskinstance.py:2330} INFO - Executing <Task(PythonOperator): extract.extract_and_load_to_staging> on 2025-04-02 06:08:00.633662+00:00
[2025-04-02T06:08:02.183+0000] {standard_task_runner.py:63} INFO - Started process 282 to run task
[2025-04-02T06:08:02.188+0000] {standard_task_runner.py:90} INFO - Running: ['***', 'tasks', 'run', 'e_commerce_dw_etl', 'extract.extract_and_load_to_staging', 'manual__2025-04-02T06:08:00.633662+00:00', '--job-id', '39', '--raw', '--subdir', 'DAGS_FOLDER/ETL_dag.py', '--cfg-path', '/tmp/tmp8jk3bqad']
[2025-04-02T06:08:02.191+0000] {standard_task_runner.py:91} INFO - Job 39: Subtask extract.extract_and_load_to_staging
[2025-04-02T06:08:02.277+0000] {task_command.py:426} INFO - Running <TaskInstance: e_commerce_dw_etl.extract.extract_and_load_to_staging manual__2025-04-02T06:08:00.633662+00:00 [running]> on host 3517c2876801
[2025-04-02T06:08:02.461+0000] {taskinstance.py:2648} INFO - Exporting env vars: AIRFLOW_CTX_DAG_OWNER='***' AIRFLOW_CTX_DAG_ID='e_commerce_dw_etl' AIRFLOW_CTX_TASK_ID='extract.extract_and_load_to_staging' AIRFLOW_CTX_EXECUTION_DATE='2025-04-02T06:08:00.633662+00:00' AIRFLOW_CTX_TRY_NUMBER='1' AIRFLOW_CTX_DAG_RUN_ID='manual__2025-04-02T06:08:00.633662+00:00'
[2025-04-02T06:08:02.464+0000] {taskinstance.py:430} INFO - ::endgroup::
[2025-04-02T06:08:02.549+0000] {taskinstance.py:441} INFO - ::group::Post task execution logs
[2025-04-02T06:08:02.569+0000] {taskinstance.py:2905} ERROR - Task failed with exception
Traceback (most recent call last):
  File "/home/airflow/.local/lib/python3.10/site-packages/airflow/models/taskinstance.py", line 465, in _execute_task
    result = _execute_callable(context=context, **execute_callable_kwargs)
  File "/home/airflow/.local/lib/python3.10/site-packages/airflow/models/taskinstance.py", line 432, in _execute_callable
    return execute_callable(context=context, **execute_callable_kwargs)
  File "/home/airflow/.local/lib/python3.10/site-packages/airflow/models/baseoperator.py", line 401, in wrapper
    return func(self, *args, **kwargs)
  File "/home/airflow/.local/lib/python3.10/site-packages/airflow/operators/python.py", line 235, in execute
    return_value = self.execute_callable()
  File "/home/airflow/.local/lib/python3.10/site-packages/airflow/operators/python.py", line 252, in execute_callable
    return self.python_callable(*self.op_args, **self.op_kwargs)
  File "/opt/airflow/dags/extract_data.py", line 43, in extract_and_load_to_staging
    staging_operator.save_data_to_postgres(
  File "/opt/airflow/plugins/postgresql_operator.py", line 17, in save_data_to_postgres
    conn = self.hook.get_uri() #Lấy URI kết nối đến PostgreSQL (chuỗi kết nối dạng "postgresql://user:password@host:port/dbname").
  File "/home/airflow/.local/lib/python3.10/site-packages/airflow/providers/postgres/hooks/postgres.py", line 204, in get_uri
    return self.sqlalchemy_url.render_as_string(hide_password=False)
  File "/home/airflow/.local/lib/python3.10/site-packages/airflow/providers/postgres/hooks/postgres.py", line 119, in sqlalchemy_url
    conn = self.get_connection(getattr(self, self.conn_name_attr))
  File "/home/airflow/.local/lib/python3.10/site-packages/airflow/hooks/base.py", line 83, in get_connection
    conn = Connection.get_connection_from_secrets(conn_id)
  File "/home/airflow/.local/lib/python3.10/site-packages/airflow/models/connection.py", line 519, in get_connection_from_secrets
    raise AirflowNotFoundException(f"The conn_id `{conn_id}` isn't defined")
airflow.exceptions.AirflowNotFoundException: The conn_id `postgres` isn't defined
[2025-04-02T06:08:02.586+0000] {taskinstance.py:1206} INFO - Marking task as FAILED. dag_id=e_commerce_dw_etl, task_id=extract.extract_and_load_to_staging, run_id=manual__2025-04-02T06:08:00.633662+00:00, execution_date=20250402T060800, start_date=20250402T060802, end_date=20250402T060802
[2025-04-02T06:08:02.609+0000] {standard_task_runner.py:110} ERROR - Failed to execute job 39 for task extract.extract_and_load_to_staging (The conn_id `postgres` isn't defined; 282)
[2025-04-02T06:08:02.644+0000] {local_task_job_runner.py:240} INFO - Task exited with return code 1
[2025-04-02T06:08:02.690+0000] {taskinstance.py:3503} INFO - 0 downstream tasks scheduled from follow-on schedule check
[2025-04-02T06:08:02.701+0000] {local_task_job_runner.py:222} INFO - ::endgroup::
