[2025-04-04T19:17:19.228+0000] {local_task_job_runner.py:120} INFO - ::group::Pre task execution logs
[2025-04-04T19:17:19.255+0000] {taskinstance.py:2076} INFO - Dependencies all met for dep_context=non-requeueable deps ti=<TaskInstance: e_commerce_dw_etl.transform.transform_dim_seasons manual__2025-04-04T19:17:15.548172+00:00 [queued]>
[2025-04-04T19:17:19.262+0000] {taskinstance.py:2076} INFO - Dependencies all met for dep_context=requeueable deps ti=<TaskInstance: e_commerce_dw_etl.transform.transform_dim_seasons manual__2025-04-04T19:17:15.548172+00:00 [queued]>
[2025-04-04T19:17:19.263+0000] {taskinstance.py:2306} INFO - Starting attempt 1 of 1
[2025-04-04T19:17:19.274+0000] {taskinstance.py:2330} INFO - Executing <Task(PythonOperator): transform.transform_dim_seasons> on 2025-04-04 19:17:15.548172+00:00
[2025-04-04T19:17:19.284+0000] {standard_task_runner.py:90} INFO - Running: ['***', 'tasks', 'run', 'e_commerce_dw_etl', 'transform.transform_dim_seasons', 'manual__2025-04-04T19:17:15.548172+00:00', '--job-id', '44', '--raw', '--subdir', 'DAGS_FOLDER/ETL_dag.py', '--cfg-path', '/tmp/tmpujbvl6cr']
[2025-04-04T19:17:19.287+0000] {standard_task_runner.py:91} INFO - Job 44: Subtask transform.transform_dim_seasons
[2025-04-04T19:17:19.287+0000] {logging_mixin.py:188} WARNING - /home/***/.local/lib/python3.12/site-packages/***/task/task_runner/standard_task_runner.py:61 DeprecationWarning: This process (pid=313) is multi-threaded, use of fork() may lead to deadlocks in the child.
[2025-04-04T19:17:19.287+0000] {standard_task_runner.py:63} INFO - Started process 321 to run task
[2025-04-04T19:17:19.329+0000] {task_command.py:426} INFO - Running <TaskInstance: e_commerce_dw_etl.transform.transform_dim_seasons manual__2025-04-04T19:17:15.548172+00:00 [running]> on host 3b69888ed614
[2025-04-04T19:17:19.407+0000] {taskinstance.py:2648} INFO - Exporting env vars: AIRFLOW_CTX_DAG_OWNER='***' AIRFLOW_CTX_DAG_ID='e_commerce_dw_etl' AIRFLOW_CTX_TASK_ID='transform.transform_dim_seasons' AIRFLOW_CTX_EXECUTION_DATE='2025-04-04T19:17:15.548172+00:00' AIRFLOW_CTX_TRY_NUMBER='1' AIRFLOW_CTX_DAG_RUN_ID='manual__2025-04-04T19:17:15.548172+00:00'
[2025-04-04T19:17:19.408+0000] {taskinstance.py:430} INFO - ::endgroup::
[2025-04-04T19:17:19.423+0000] {taskinstance.py:441} INFO - ::group::Post task execution logs
[2025-04-04T19:17:19.424+0000] {taskinstance.py:2905} ERROR - Task failed with exception
Traceback (most recent call last):
  File "/home/airflow/.local/lib/python3.12/site-packages/airflow/models/taskinstance.py", line 465, in _execute_task
    result = _execute_callable(context=context, **execute_callable_kwargs)
             ^^^^^^^^^^^^^^^^^^^^^^^^^^^^^^^^^^^^^^^^^^^^^^^^^^^^^^^^^^^^^
  File "/home/airflow/.local/lib/python3.12/site-packages/airflow/models/taskinstance.py", line 432, in _execute_callable
    return execute_callable(context=context, **execute_callable_kwargs)
           ^^^^^^^^^^^^^^^^^^^^^^^^^^^^^^^^^^^^^^^^^^^^^^^^^^^^^^^^^^^^
  File "/home/airflow/.local/lib/python3.12/site-packages/airflow/models/baseoperator.py", line 401, in wrapper
    return func(self, *args, **kwargs)
           ^^^^^^^^^^^^^^^^^^^^^^^^^^^
  File "/home/airflow/.local/lib/python3.12/site-packages/airflow/operators/python.py", line 235, in execute
    return_value = self.execute_callable()
                   ^^^^^^^^^^^^^^^^^^^^^^^
  File "/home/airflow/.local/lib/python3.12/site-packages/airflow/operators/python.py", line 252, in execute_callable
    return self.python_callable(*self.op_args, **self.op_kwargs)
           ^^^^^^^^^^^^^^^^^^^^^^^^^^^^^^^^^^^^^^^^^^^^^^^^^^^^^
  File "/opt/airflow/dags/transform_dim_seasons.py", line 10, in transform_dim_seasons
    register_adapter(np.int64, AsIs)
                     ^^
NameError: name 'np' is not defined
[2025-04-04T19:17:19.436+0000] {taskinstance.py:1206} INFO - Marking task as FAILED. dag_id=e_commerce_dw_etl, task_id=transform.transform_dim_seasons, run_id=manual__2025-04-04T19:17:15.548172+00:00, execution_date=20250404T191715, start_date=20250404T191719, end_date=20250404T191719
[2025-04-04T19:17:19.449+0000] {standard_task_runner.py:110} ERROR - Failed to execute job 44 for task transform.transform_dim_seasons (name 'np' is not defined; 321)
[2025-04-04T19:17:19.502+0000] {local_task_job_runner.py:240} INFO - Task exited with return code 1
[2025-04-04T19:17:19.523+0000] {taskinstance.py:3503} INFO - 0 downstream tasks scheduled from follow-on schedule check
[2025-04-04T19:17:19.525+0000] {local_task_job_runner.py:222} INFO - ::endgroup::
