[2025-04-05T04:38:36.354+0000] {local_task_job_runner.py:120} INFO - ::group::Pre task execution logs
[2025-04-05T04:38:36.386+0000] {taskinstance.py:2076} INFO - Dependencies all met for dep_context=non-requeueable deps ti=<TaskInstance: e_commerce_dw_etl.extract.extract_and_load_to_staging manual__2025-04-05T04:38:35.192923+00:00 [queued]>
[2025-04-05T04:38:36.394+0000] {taskinstance.py:2076} INFO - Dependencies all met for dep_context=requeueable deps ti=<TaskInstance: e_commerce_dw_etl.extract.extract_and_load_to_staging manual__2025-04-05T04:38:35.192923+00:00 [queued]>
[2025-04-05T04:38:36.395+0000] {taskinstance.py:2306} INFO - Starting attempt 1 of 1
[2025-04-05T04:38:36.406+0000] {taskinstance.py:2330} INFO - Executing <Task(PythonOperator): extract.extract_and_load_to_staging> on 2025-04-05 04:38:35.192923+00:00
[2025-04-05T04:38:36.414+0000] {standard_task_runner.py:90} INFO - Running: ['***', 'tasks', 'run', 'e_commerce_dw_etl', 'extract.extract_and_load_to_staging', 'manual__2025-04-05T04:38:35.192923+00:00', '--job-id', '21', '--raw', '--subdir', 'DAGS_FOLDER/ETL_dag.py', '--cfg-path', '/tmp/tmp4lh5rg3e']
[2025-04-05T04:38:36.416+0000] {standard_task_runner.py:91} INFO - Job 21: Subtask extract.extract_and_load_to_staging
[2025-04-05T04:38:36.417+0000] {logging_mixin.py:188} WARNING - /home/***/.local/lib/python3.12/site-packages/***/task/task_runner/standard_task_runner.py:61 DeprecationWarning: This process (pid=842) is multi-threaded, use of fork() may lead to deadlocks in the child.
[2025-04-05T04:38:36.417+0000] {standard_task_runner.py:63} INFO - Started process 864 to run task
[2025-04-05T04:38:36.454+0000] {task_command.py:426} INFO - Running <TaskInstance: e_commerce_dw_etl.extract.extract_and_load_to_staging manual__2025-04-05T04:38:35.192923+00:00 [running]> on host 0076f80062a6
[2025-04-05T04:38:36.524+0000] {taskinstance.py:2648} INFO - Exporting env vars: AIRFLOW_CTX_DAG_OWNER='***' AIRFLOW_CTX_DAG_ID='e_commerce_dw_etl' AIRFLOW_CTX_TASK_ID='extract.extract_and_load_to_staging' AIRFLOW_CTX_EXECUTION_DATE='2025-04-05T04:38:35.192923+00:00' AIRFLOW_CTX_TRY_NUMBER='1' AIRFLOW_CTX_DAG_RUN_ID='manual__2025-04-05T04:38:35.192923+00:00'
[2025-04-05T04:38:36.525+0000] {taskinstance.py:430} INFO - ::endgroup::
[2025-04-05T04:38:37.198+0000] {logging_mixin.py:188} INFO - Tệp pit_stops.csv đã tồn tại tại /opt/***/dataset, không di chuyển.
[2025-04-05T04:38:37.199+0000] {logging_mixin.py:188} INFO - Tệp qualifying.csv đã tồn tại tại /opt/***/dataset, không di chuyển.
[2025-04-05T04:38:37.200+0000] {logging_mixin.py:188} INFO - Tệp races.csv đã tồn tại tại /opt/***/dataset, không di chuyển.
[2025-04-05T04:38:37.201+0000] {logging_mixin.py:188} INFO - Tệp results.csv đã tồn tại tại /opt/***/dataset, không di chuyển.
[2025-04-05T04:38:37.202+0000] {logging_mixin.py:188} INFO - Tệp seasons.csv đã tồn tại tại /opt/***/dataset, không di chuyển.
[2025-04-05T04:38:37.203+0000] {logging_mixin.py:188} INFO - Tệp sprint_results.csv đã tồn tại tại /opt/***/dataset, không di chuyển.
[2025-04-05T04:38:37.204+0000] {logging_mixin.py:188} INFO - Tệp status.csv đã tồn tại tại /opt/***/dataset, không di chuyển.
[2025-04-05T04:38:37.205+0000] {python.py:237} INFO - Done. Returned value was: None
[2025-04-05T04:38:37.206+0000] {taskinstance.py:441} INFO - ::group::Post task execution logs
[2025-04-05T04:38:37.214+0000] {taskinstance.py:1206} INFO - Marking task as SUCCESS. dag_id=e_commerce_dw_etl, task_id=extract.extract_and_load_to_staging, run_id=manual__2025-04-05T04:38:35.192923+00:00, execution_date=20250405T043835, start_date=20250405T043836, end_date=20250405T043837
[2025-04-05T04:38:37.233+0000] {local_task_job_runner.py:240} INFO - Task exited with return code 0
[2025-04-05T04:38:37.251+0000] {taskinstance.py:3503} INFO - 1 downstream tasks scheduled from follow-on schedule check
[2025-04-05T04:38:37.252+0000] {local_task_job_runner.py:222} INFO - ::endgroup::
