[2025-04-03T08:21:33.599+0000] {local_task_job_runner.py:120} INFO - ::group::Pre task execution logs
[2025-04-03T08:21:33.628+0000] {taskinstance.py:2076} INFO - Dependencies all met for dep_context=non-requeueable deps ti=<TaskInstance: e_commerce_dw_etl.extract.extract_and_load_to_staging scheduled__2025-04-02T00:00:00+00:00 [queued]>
[2025-04-03T08:21:33.637+0000] {taskinstance.py:2076} INFO - Dependencies all met for dep_context=requeueable deps ti=<TaskInstance: e_commerce_dw_etl.extract.extract_and_load_to_staging scheduled__2025-04-02T00:00:00+00:00 [queued]>
[2025-04-03T08:21:33.637+0000] {taskinstance.py:2306} INFO - Starting attempt 1 of 1
[2025-04-03T08:21:33.649+0000] {taskinstance.py:2330} INFO - Executing <Task(PythonOperator): extract.extract_and_load_to_staging> on 2025-04-02 00:00:00+00:00
[2025-04-03T08:21:33.657+0000] {standard_task_runner.py:90} INFO - Running: ['***', 'tasks', 'run', 'e_commerce_dw_etl', 'extract.extract_and_load_to_staging', 'scheduled__2025-04-02T00:00:00+00:00', '--job-id', '8', '--raw', '--subdir', 'DAGS_FOLDER/ETL_dag.py', '--cfg-path', '/tmp/tmp014yp6zw']
[2025-04-03T08:21:33.660+0000] {standard_task_runner.py:91} INFO - Job 8: Subtask extract.extract_and_load_to_staging
[2025-04-03T08:21:33.661+0000] {logging_mixin.py:188} WARNING - /home/***/.local/lib/python3.12/site-packages/***/task/task_runner/standard_task_runner.py:61 DeprecationWarning: This process (pid=209) is multi-threaded, use of fork() may lead to deadlocks in the child.
[2025-04-03T08:21:33.661+0000] {standard_task_runner.py:63} INFO - Started process 210 to run task
[2025-04-03T08:21:33.703+0000] {task_command.py:426} INFO - Running <TaskInstance: e_commerce_dw_etl.extract.extract_and_load_to_staging scheduled__2025-04-02T00:00:00+00:00 [running]> on host 4d5e02e3b33e
[2025-04-03T08:21:33.785+0000] {taskinstance.py:2648} INFO - Exporting env vars: AIRFLOW_CTX_DAG_OWNER='***' AIRFLOW_CTX_DAG_ID='e_commerce_dw_etl' AIRFLOW_CTX_TASK_ID='extract.extract_and_load_to_staging' AIRFLOW_CTX_EXECUTION_DATE='2025-04-02T00:00:00+00:00' AIRFLOW_CTX_TRY_NUMBER='1' AIRFLOW_CTX_DAG_RUN_ID='scheduled__2025-04-02T00:00:00+00:00'
[2025-04-03T08:21:33.787+0000] {taskinstance.py:430} INFO - ::endgroup::
[2025-04-03T08:21:34.654+0000] {logging_mixin.py:188} INFO - ✅ Dataset đã được tải về: /opt/***/dataset/datasets/rohanrao/formula-1-world-championship-1950-2020/versions/24
[2025-04-03T08:21:34.658+0000] {python.py:237} INFO - Done. Returned value was: None
[2025-04-03T08:21:34.658+0000] {taskinstance.py:441} INFO - ::group::Post task execution logs
[2025-04-03T08:21:34.668+0000] {taskinstance.py:1206} INFO - Marking task as SUCCESS. dag_id=e_commerce_dw_etl, task_id=extract.extract_and_load_to_staging, run_id=scheduled__2025-04-02T00:00:00+00:00, execution_date=20250402T000000, start_date=20250403T082133, end_date=20250403T082134
[2025-04-03T08:21:34.718+0000] {local_task_job_runner.py:240} INFO - Task exited with return code 0
[2025-04-03T08:21:34.733+0000] {taskinstance.py:3503} INFO - 0 downstream tasks scheduled from follow-on schedule check
[2025-04-03T08:21:34.734+0000] {local_task_job_runner.py:222} INFO - ::endgroup::
[2025-04-03T11:46:48.144+0000] {local_task_job_runner.py:120} INFO - ::group::Pre task execution logs
[2025-04-03T11:46:48.197+0000] {taskinstance.py:2076} INFO - Dependencies all met for dep_context=non-requeueable deps ti=<TaskInstance: e_commerce_dw_etl.extract.extract_and_load_to_staging scheduled__2025-04-02T00:00:00+00:00 [queued]>
[2025-04-03T11:46:48.210+0000] {taskinstance.py:2076} INFO - Dependencies all met for dep_context=requeueable deps ti=<TaskInstance: e_commerce_dw_etl.extract.extract_and_load_to_staging scheduled__2025-04-02T00:00:00+00:00 [queued]>
[2025-04-03T11:46:48.211+0000] {taskinstance.py:2306} INFO - Starting attempt 1 of 1
[2025-04-03T11:46:48.235+0000] {taskinstance.py:2330} INFO - Executing <Task(PythonOperator): extract.extract_and_load_to_staging> on 2025-04-02 00:00:00+00:00
[2025-04-03T11:46:48.249+0000] {standard_task_runner.py:90} INFO - Running: ['***', 'tasks', 'run', 'e_commerce_dw_etl', 'extract.extract_and_load_to_staging', 'scheduled__2025-04-02T00:00:00+00:00', '--job-id', '12', '--raw', '--subdir', 'DAGS_FOLDER/ETL_dag.py', '--cfg-path', '/tmp/tmpzw30k1yf']
[2025-04-03T11:46:48.254+0000] {standard_task_runner.py:91} INFO - Job 12: Subtask extract.extract_and_load_to_staging
[2025-04-03T11:46:48.252+0000] {logging_mixin.py:188} WARNING - /home/***/.local/lib/python3.12/site-packages/***/task/task_runner/standard_task_runner.py:61 DeprecationWarning: This process (pid=318) is multi-threaded, use of fork() may lead to deadlocks in the child.
[2025-04-03T11:46:48.257+0000] {standard_task_runner.py:63} INFO - Started process 333 to run task
[2025-04-03T11:46:48.327+0000] {task_command.py:426} INFO - Running <TaskInstance: e_commerce_dw_etl.extract.extract_and_load_to_staging scheduled__2025-04-02T00:00:00+00:00 [running]> on host 58c1cfc89c0d
[2025-04-03T11:46:48.439+0000] {taskinstance.py:2648} INFO - Exporting env vars: AIRFLOW_CTX_DAG_OWNER='***' AIRFLOW_CTX_DAG_ID='e_commerce_dw_etl' AIRFLOW_CTX_TASK_ID='extract.extract_and_load_to_staging' AIRFLOW_CTX_EXECUTION_DATE='2025-04-02T00:00:00+00:00' AIRFLOW_CTX_TRY_NUMBER='1' AIRFLOW_CTX_DAG_RUN_ID='scheduled__2025-04-02T00:00:00+00:00'
[2025-04-03T11:46:48.441+0000] {taskinstance.py:430} INFO - ::endgroup::
[2025-04-03T11:46:49.289+0000] {logging_mixin.py:188} INFO - ✅ Dataset đã được tải về: /opt/***/dataset/datasets/rohanrao/formula-1-world-championship-1950-2020/versions/24
[2025-04-03T11:46:49.292+0000] {logging_mixin.py:188} INFO - /opt/***/dataset/datasets/rohanrao/formula-1-world-championship-1950-2020/versions/24
[2025-04-03T11:46:49.292+0000] {logging_mixin.py:188} INFO - []
[2025-04-03T11:46:49.293+0000] {python.py:237} INFO - Done. Returned value was: None
[2025-04-03T11:46:49.294+0000] {taskinstance.py:441} INFO - ::group::Post task execution logs
[2025-04-03T11:46:49.304+0000] {taskinstance.py:1206} INFO - Marking task as SUCCESS. dag_id=e_commerce_dw_etl, task_id=extract.extract_and_load_to_staging, run_id=scheduled__2025-04-02T00:00:00+00:00, execution_date=20250402T000000, start_date=20250403T114648, end_date=20250403T114649
[2025-04-03T11:46:49.365+0000] {local_task_job_runner.py:240} INFO - Task exited with return code 0
[2025-04-03T11:46:49.375+0000] {local_task_job_runner.py:222} INFO - ::endgroup::
[2025-04-03T14:33:32.347+0000] {local_task_job_runner.py:120} INFO - ::group::Pre task execution logs
[2025-04-03T14:33:32.414+0000] {taskinstance.py:2076} INFO - Dependencies all met for dep_context=non-requeueable deps ti=<TaskInstance: e_commerce_dw_etl.extract.extract_and_load_to_staging scheduled__2025-04-02T00:00:00+00:00 [queued]>
[2025-04-03T14:33:32.432+0000] {taskinstance.py:2076} INFO - Dependencies all met for dep_context=requeueable deps ti=<TaskInstance: e_commerce_dw_etl.extract.extract_and_load_to_staging scheduled__2025-04-02T00:00:00+00:00 [queued]>
[2025-04-03T14:33:32.434+0000] {taskinstance.py:2306} INFO - Starting attempt 1 of 1
[2025-04-03T14:33:32.458+0000] {taskinstance.py:2330} INFO - Executing <Task(PythonOperator): extract.extract_and_load_to_staging> on 2025-04-02 00:00:00+00:00
[2025-04-03T14:33:32.484+0000] {logging_mixin.py:188} WARNING - /home/***/.local/lib/python3.12/site-packages/***/task/task_runner/standard_task_runner.py:61 DeprecationWarning: This process (pid=272) is multi-threaded, use of fork() may lead to deadlocks in the child.
[2025-04-03T14:33:32.486+0000] {standard_task_runner.py:63} INFO - Started process 301 to run task
[2025-04-03T14:33:32.483+0000] {standard_task_runner.py:90} INFO - Running: ['***', 'tasks', 'run', 'e_commerce_dw_etl', 'extract.extract_and_load_to_staging', 'scheduled__2025-04-02T00:00:00+00:00', '--job-id', '13', '--raw', '--subdir', 'DAGS_FOLDER/ETL_dag.py', '--cfg-path', '/tmp/tmpb7pzp1ri']
[2025-04-03T14:33:32.488+0000] {standard_task_runner.py:91} INFO - Job 13: Subtask extract.extract_and_load_to_staging
[2025-04-03T14:33:32.600+0000] {task_command.py:426} INFO - Running <TaskInstance: e_commerce_dw_etl.extract.extract_and_load_to_staging scheduled__2025-04-02T00:00:00+00:00 [running]> on host 4817eee54a38
[2025-04-03T14:33:32.731+0000] {taskinstance.py:2648} INFO - Exporting env vars: AIRFLOW_CTX_DAG_OWNER='***' AIRFLOW_CTX_DAG_ID='e_commerce_dw_etl' AIRFLOW_CTX_TASK_ID='extract.extract_and_load_to_staging' AIRFLOW_CTX_EXECUTION_DATE='2025-04-02T00:00:00+00:00' AIRFLOW_CTX_TRY_NUMBER='1' AIRFLOW_CTX_DAG_RUN_ID='scheduled__2025-04-02T00:00:00+00:00'
[2025-04-03T14:33:32.732+0000] {taskinstance.py:430} INFO - ::endgroup::
[2025-04-03T14:33:33.545+0000] {python.py:237} INFO - Done. Returned value was: None
[2025-04-03T14:33:33.546+0000] {taskinstance.py:441} INFO - ::group::Post task execution logs
[2025-04-03T14:33:33.557+0000] {taskinstance.py:1206} INFO - Marking task as SUCCESS. dag_id=e_commerce_dw_etl, task_id=extract.extract_and_load_to_staging, run_id=scheduled__2025-04-02T00:00:00+00:00, execution_date=20250402T000000, start_date=20250403T143332, end_date=20250403T143333
[2025-04-03T14:33:33.592+0000] {local_task_job_runner.py:240} INFO - Task exited with return code 0
[2025-04-03T14:33:33.610+0000] {taskinstance.py:3503} INFO - 0 downstream tasks scheduled from follow-on schedule check
[2025-04-03T14:33:33.612+0000] {local_task_job_runner.py:222} INFO - ::endgroup::
