[2025-04-08T09:10:05.412+0000] {local_task_job_runner.py:120} INFO - ::group::Pre task execution logs
[2025-04-08T09:10:05.448+0000] {taskinstance.py:2076} INFO - Dependencies all met for dep_context=non-requeueable deps ti=<TaskInstance: formula1-etl-pipeline.transform.transform_dim_drivers manual__2025-04-08T09:09:59.472560+00:00 [queued]>
[2025-04-08T09:10:05.456+0000] {taskinstance.py:2076} INFO - Dependencies all met for dep_context=requeueable deps ti=<TaskInstance: formula1-etl-pipeline.transform.transform_dim_drivers manual__2025-04-08T09:09:59.472560+00:00 [queued]>
[2025-04-08T09:10:05.457+0000] {taskinstance.py:2306} INFO - Starting attempt 1 of 1
[2025-04-08T09:10:05.469+0000] {taskinstance.py:2330} INFO - Executing <Task(PythonOperator): transform.transform_dim_drivers> on 2025-04-08 09:09:59.472560+00:00
[2025-04-08T09:10:05.479+0000] {standard_task_runner.py:90} INFO - Running: ['***', 'tasks', 'run', 'formula1-etl-pipeline', 'transform.transform_dim_drivers', 'manual__2025-04-08T09:09:59.472560+00:00', '--job-id', '16', '--raw', '--subdir', 'DAGS_FOLDER/ETL_dag.py', '--cfg-path', '/tmp/tmp8gmfy1fr']
[2025-04-08T09:10:05.483+0000] {standard_task_runner.py:91} INFO - Job 16: Subtask transform.transform_dim_drivers
[2025-04-08T09:10:05.484+0000] {logging_mixin.py:188} WARNING - /home/***/.local/lib/python3.12/site-packages/***/task/task_runner/standard_task_runner.py:61 DeprecationWarning: This process (pid=764) is multi-threaded, use of fork() may lead to deadlocks in the child.
[2025-04-08T09:10:05.484+0000] {standard_task_runner.py:63} INFO - Started process 777 to run task
[2025-04-08T09:10:05.535+0000] {task_command.py:426} INFO - Running <TaskInstance: formula1-etl-pipeline.transform.transform_dim_drivers manual__2025-04-08T09:09:59.472560+00:00 [running]> on host bbffae879616
[2025-04-08T09:10:05.620+0000] {taskinstance.py:2648} INFO - Exporting env vars: AIRFLOW_CTX_DAG_OWNER='***' AIRFLOW_CTX_DAG_ID='formula1-etl-pipeline' AIRFLOW_CTX_TASK_ID='transform.transform_dim_drivers' AIRFLOW_CTX_EXECUTION_DATE='2025-04-08T09:09:59.472560+00:00' AIRFLOW_CTX_TRY_NUMBER='1' AIRFLOW_CTX_DAG_RUN_ID='manual__2025-04-08T09:09:59.472560+00:00'
[2025-04-08T09:10:05.621+0000] {taskinstance.py:430} INFO - ::endgroup::
[2025-04-08T09:10:05.665+0000] {base.py:84} INFO - Using connection ID 'postgres_default' for task execution.
[2025-04-08T09:10:05.677+0000] {logging_mixin.py:188} INFO - Đã transform và lưu dữ liệu vào bảng.
[2025-04-08T09:10:05.687+0000] {base.py:84} INFO - Using connection ID 'postgres_default' for task execution.
[2025-04-08T09:10:05.927+0000] {logging_mixin.py:188} INFO - Đã transform và lưu dữ liệu vào dim_drivers
[2025-04-08T09:10:05.928+0000] {python.py:237} INFO - Done. Returned value was: None
[2025-04-08T09:10:05.929+0000] {taskinstance.py:441} INFO - ::group::Post task execution logs
[2025-04-08T09:10:05.938+0000] {taskinstance.py:1206} INFO - Marking task as SUCCESS. dag_id=formula1-etl-pipeline, task_id=transform.transform_dim_drivers, run_id=manual__2025-04-08T09:09:59.472560+00:00, execution_date=20250408T090959, start_date=20250408T091005, end_date=20250408T091005
[2025-04-08T09:10:05.981+0000] {local_task_job_runner.py:240} INFO - Task exited with return code 0
[2025-04-08T09:10:06.009+0000] {taskinstance.py:3503} INFO - 1 downstream tasks scheduled from follow-on schedule check
[2025-04-08T09:10:06.011+0000] {local_task_job_runner.py:222} INFO - ::endgroup::
