[2025-04-04T19:14:09.256+0000] {local_task_job_runner.py:120} INFO - ::group::Pre task execution logs
[2025-04-04T19:14:09.285+0000] {taskinstance.py:2076} INFO - Dependencies all met for dep_context=non-requeueable deps ti=<TaskInstance: e_commerce_dw_etl.extract.extract_and_load_to_staging manual__2025-04-04T19:14:08.158054+00:00 [queued]>
[2025-04-04T19:14:09.292+0000] {taskinstance.py:2076} INFO - Dependencies all met for dep_context=requeueable deps ti=<TaskInstance: e_commerce_dw_etl.extract.extract_and_load_to_staging manual__2025-04-04T19:14:08.158054+00:00 [queued]>
[2025-04-04T19:14:09.293+0000] {taskinstance.py:2306} INFO - Starting attempt 1 of 1
[2025-04-04T19:14:09.304+0000] {taskinstance.py:2330} INFO - Executing <Task(PythonOperator): extract.extract_and_load_to_staging> on 2025-04-04 19:14:08.158054+00:00
[2025-04-04T19:14:09.312+0000] {standard_task_runner.py:90} INFO - Running: ['***', 'tasks', 'run', 'e_commerce_dw_etl', 'extract.extract_and_load_to_staging', 'manual__2025-04-04T19:14:08.158054+00:00', '--job-id', '36', '--raw', '--subdir', 'DAGS_FOLDER/ETL_dag.py', '--cfg-path', '/tmp/tmphge0_qio']
[2025-04-04T19:14:09.314+0000] {standard_task_runner.py:91} INFO - Job 36: Subtask extract.extract_and_load_to_staging
[2025-04-04T19:14:09.315+0000] {logging_mixin.py:188} WARNING - /home/***/.local/lib/python3.12/site-packages/***/task/task_runner/standard_task_runner.py:61 DeprecationWarning: This process (pid=310) is multi-threaded, use of fork() may lead to deadlocks in the child.
[2025-04-04T19:14:09.316+0000] {standard_task_runner.py:63} INFO - Started process 312 to run task
[2025-04-04T19:14:09.353+0000] {task_command.py:426} INFO - Running <TaskInstance: e_commerce_dw_etl.extract.extract_and_load_to_staging manual__2025-04-04T19:14:08.158054+00:00 [running]> on host adbdab6b52b9
[2025-04-04T19:14:09.436+0000] {taskinstance.py:2648} INFO - Exporting env vars: AIRFLOW_CTX_DAG_OWNER='***' AIRFLOW_CTX_DAG_ID='e_commerce_dw_etl' AIRFLOW_CTX_TASK_ID='extract.extract_and_load_to_staging' AIRFLOW_CTX_EXECUTION_DATE='2025-04-04T19:14:08.158054+00:00' AIRFLOW_CTX_TRY_NUMBER='1' AIRFLOW_CTX_DAG_RUN_ID='manual__2025-04-04T19:14:08.158054+00:00'
[2025-04-04T19:14:09.437+0000] {taskinstance.py:430} INFO - ::endgroup::
[2025-04-04T19:14:10.321+0000] {logging_mixin.py:188} INFO - Tệp pit_stops.csv đã tồn tại tại /opt/***/dataset, không di chuyển.
[2025-04-04T19:14:10.322+0000] {logging_mixin.py:188} INFO - Tệp qualifying.csv đã tồn tại tại /opt/***/dataset, không di chuyển.
[2025-04-04T19:14:10.323+0000] {logging_mixin.py:188} INFO - Tệp races.csv đã tồn tại tại /opt/***/dataset, không di chuyển.
[2025-04-04T19:14:10.324+0000] {logging_mixin.py:188} INFO - Tệp results.csv đã tồn tại tại /opt/***/dataset, không di chuyển.
[2025-04-04T19:14:10.324+0000] {logging_mixin.py:188} INFO - Tệp seasons.csv đã tồn tại tại /opt/***/dataset, không di chuyển.
[2025-04-04T19:14:10.325+0000] {logging_mixin.py:188} INFO - Tệp sprint_results.csv đã tồn tại tại /opt/***/dataset, không di chuyển.
[2025-04-04T19:14:10.326+0000] {logging_mixin.py:188} INFO - Tệp status.csv đã tồn tại tại /opt/***/dataset, không di chuyển.
[2025-04-04T19:14:10.326+0000] {python.py:237} INFO - Done. Returned value was: None
[2025-04-04T19:14:10.327+0000] {taskinstance.py:441} INFO - ::group::Post task execution logs
[2025-04-04T19:14:10.335+0000] {taskinstance.py:1206} INFO - Marking task as SUCCESS. dag_id=e_commerce_dw_etl, task_id=extract.extract_and_load_to_staging, run_id=manual__2025-04-04T19:14:08.158054+00:00, execution_date=20250404T191408, start_date=20250404T191409, end_date=20250404T191410
[2025-04-04T19:14:10.373+0000] {local_task_job_runner.py:240} INFO - Task exited with return code 0
[2025-04-04T19:14:10.392+0000] {taskinstance.py:3503} INFO - 3 downstream tasks scheduled from follow-on schedule check
[2025-04-04T19:14:10.394+0000] {local_task_job_runner.py:222} INFO - ::endgroup::
