[2025-04-08T09:27:32.967+0000] {local_task_job_runner.py:120} INFO - ::group::Pre task execution logs
[2025-04-08T09:27:33.113+0000] {taskinstance.py:2076} INFO - Dependencies all met for dep_context=non-requeueable deps ti=<TaskInstance: formula1-etl-pipeline.transform.transform_dim_constructors scheduled__2025-03-30T00:00:00+00:00 [queued]>
[2025-04-08T09:27:33.177+0000] {taskinstance.py:2076} INFO - Dependencies all met for dep_context=requeueable deps ti=<TaskInstance: formula1-etl-pipeline.transform.transform_dim_constructors scheduled__2025-03-30T00:00:00+00:00 [queued]>
[2025-04-08T09:27:33.179+0000] {taskinstance.py:2306} INFO - Starting attempt 1 of 1
[2025-04-08T09:27:33.238+0000] {taskinstance.py:2330} INFO - Executing <Task(PythonOperator): transform.transform_dim_constructors> on 2025-03-30 00:00:00+00:00
[2025-04-08T09:27:33.281+0000] {standard_task_runner.py:90} INFO - Running: ['***', 'tasks', 'run', 'formula1-etl-pipeline', 'transform.transform_dim_constructors', 'scheduled__2025-03-30T00:00:00+00:00', '--job-id', '22', '--raw', '--subdir', 'DAGS_FOLDER/ETL_dag.py', '--cfg-path', '/tmp/tmpxae51vhj']
[2025-04-08T09:27:33.287+0000] {standard_task_runner.py:91} INFO - Job 22: Subtask transform.transform_dim_constructors
[2025-04-08T09:27:33.299+0000] {logging_mixin.py:188} WARNING - /home/***/.local/lib/python3.12/site-packages/***/task/task_runner/standard_task_runner.py:61 DeprecationWarning: This process (pid=610) is multi-threaded, use of fork() may lead to deadlocks in the child.
[2025-04-08T09:27:33.307+0000] {standard_task_runner.py:63} INFO - Started process 649 to run task
[2025-04-08T09:27:33.416+0000] {task_command.py:426} INFO - Running <TaskInstance: formula1-etl-pipeline.transform.transform_dim_constructors scheduled__2025-03-30T00:00:00+00:00 [running]> on host 1c2d39091a25
[2025-04-08T09:27:33.697+0000] {taskinstance.py:2648} INFO - Exporting env vars: AIRFLOW_CTX_DAG_OWNER='***' AIRFLOW_CTX_DAG_ID='formula1-etl-pipeline' AIRFLOW_CTX_TASK_ID='transform.transform_dim_constructors' AIRFLOW_CTX_EXECUTION_DATE='2025-03-30T00:00:00+00:00' AIRFLOW_CTX_TRY_NUMBER='1' AIRFLOW_CTX_DAG_RUN_ID='scheduled__2025-03-30T00:00:00+00:00'
[2025-04-08T09:27:33.705+0000] {taskinstance.py:430} INFO - ::endgroup::
[2025-04-08T09:27:33.795+0000] {base.py:84} INFO - Using connection ID 'postgres_default' for task execution.
[2025-04-08T09:27:33.808+0000] {logging_mixin.py:188} INFO - Đã tạo bảng thành công.
[2025-04-08T09:27:33.831+0000] {base.py:84} INFO - Using connection ID 'postgres_default' for task execution.
[2025-04-08T09:27:33.857+0000] {logging_mixin.py:188} INFO - Lỗi khi insert dữ liệu: duplicate key value violates unique constraint "dim_constructors_pkey"
DETAIL:  Key (constructorid)=(1) already exists.
[2025-04-08T09:27:33.869+0000] {taskinstance.py:441} INFO - ::group::Post task execution logs
[2025-04-08T09:27:33.870+0000] {taskinstance.py:2905} ERROR - Task failed with exception
Traceback (most recent call last):
  File "/home/airflow/.local/lib/python3.12/site-packages/airflow/models/taskinstance.py", line 465, in _execute_task
    result = _execute_callable(context=context, **execute_callable_kwargs)
             ^^^^^^^^^^^^^^^^^^^^^^^^^^^^^^^^^^^^^^^^^^^^^^^^^^^^^^^^^^^^^
  File "/home/airflow/.local/lib/python3.12/site-packages/airflow/models/taskinstance.py", line 432, in _execute_callable
    return execute_callable(context=context, **execute_callable_kwargs)
           ^^^^^^^^^^^^^^^^^^^^^^^^^^^^^^^^^^^^^^^^^^^^^^^^^^^^^^^^^^^^
  File "/home/airflow/.local/lib/python3.12/site-packages/airflow/models/baseoperator.py", line 401, in wrapper
    return func(self, *args, **kwargs)
           ^^^^^^^^^^^^^^^^^^^^^^^^^^^
  File "/home/airflow/.local/lib/python3.12/site-packages/airflow/operators/python.py", line 235, in execute
    return_value = self.execute_callable()
                   ^^^^^^^^^^^^^^^^^^^^^^^
  File "/home/airflow/.local/lib/python3.12/site-packages/airflow/operators/python.py", line 252, in execute_callable
    return self.python_callable(*self.op_args, **self.op_kwargs)
           ^^^^^^^^^^^^^^^^^^^^^^^^^^^^^^^^^^^^^^^^^^^^^^^^^^^^^
  File "/opt/airflow/dags/transform_dim_constructors.py", line 34, in transform_dim_constructors
    warehouse_operator.insert_table(insert_table_querry, dim_constructors_df)
  File "/opt/airflow/dags/postgresql_operator.py", line 35, in insert_table
    cursor.executemany(query, values)
psycopg2.errors.UniqueViolation: duplicate key value violates unique constraint "dim_constructors_pkey"
DETAIL:  Key (constructorid)=(1) already exists.

[2025-04-08T09:27:33.922+0000] {taskinstance.py:1206} INFO - Marking task as FAILED. dag_id=formula1-etl-pipeline, task_id=transform.transform_dim_constructors, run_id=scheduled__2025-03-30T00:00:00+00:00, execution_date=20250330T000000, start_date=20250408T092733, end_date=20250408T092733
[2025-04-08T09:27:33.942+0000] {standard_task_runner.py:110} ERROR - Failed to execute job 22 for task transform.transform_dim_constructors (duplicate key value violates unique constraint "dim_constructors_pkey"
DETAIL:  Key (constructorid)=(1) already exists.
; 649)
[2025-04-08T09:27:33.991+0000] {local_task_job_runner.py:240} INFO - Task exited with return code 1
[2025-04-08T09:27:34.034+0000] {taskinstance.py:3503} INFO - 0 downstream tasks scheduled from follow-on schedule check
[2025-04-08T09:27:34.054+0000] {local_task_job_runner.py:222} INFO - ::endgroup::
[2025-04-08T09:59:49.231+0000] {local_task_job_runner.py:120} INFO - ::group::Pre task execution logs
[2025-04-08T09:59:49.260+0000] {taskinstance.py:2076} INFO - Dependencies all met for dep_context=non-requeueable deps ti=<TaskInstance: formula1-etl-pipeline.transform.transform_dim_constructors scheduled__2025-03-30T00:00:00+00:00 [queued]>
[2025-04-08T09:59:49.270+0000] {taskinstance.py:2076} INFO - Dependencies all met for dep_context=requeueable deps ti=<TaskInstance: formula1-etl-pipeline.transform.transform_dim_constructors scheduled__2025-03-30T00:00:00+00:00 [queued]>
[2025-04-08T09:59:49.270+0000] {taskinstance.py:2306} INFO - Starting attempt 1 of 1
[2025-04-08T09:59:49.285+0000] {taskinstance.py:2330} INFO - Executing <Task(PythonOperator): transform.transform_dim_constructors> on 2025-03-30 00:00:00+00:00
[2025-04-08T09:59:49.295+0000] {standard_task_runner.py:90} INFO - Running: ['***', 'tasks', 'run', 'formula1-etl-pipeline', 'transform.transform_dim_constructors', 'scheduled__2025-03-30T00:00:00+00:00', '--job-id', '17', '--raw', '--subdir', 'DAGS_FOLDER/ETL_dag.py', '--cfg-path', '/tmp/tmpuodc9v_w']
[2025-04-08T09:59:49.298+0000] {standard_task_runner.py:91} INFO - Job 17: Subtask transform.transform_dim_constructors
[2025-04-08T09:59:49.298+0000] {logging_mixin.py:188} WARNING - /home/***/.local/lib/python3.12/site-packages/***/task/task_runner/standard_task_runner.py:61 DeprecationWarning: This process (pid=467) is multi-threaded, use of fork() may lead to deadlocks in the child.
[2025-04-08T09:59:49.299+0000] {standard_task_runner.py:63} INFO - Started process 479 to run task
[2025-04-08T09:59:49.341+0000] {task_command.py:426} INFO - Running <TaskInstance: formula1-etl-pipeline.transform.transform_dim_constructors scheduled__2025-03-30T00:00:00+00:00 [running]> on host a06a1ce74445
[2025-04-08T09:59:49.423+0000] {taskinstance.py:2648} INFO - Exporting env vars: AIRFLOW_CTX_DAG_OWNER='***' AIRFLOW_CTX_DAG_ID='formula1-etl-pipeline' AIRFLOW_CTX_TASK_ID='transform.transform_dim_constructors' AIRFLOW_CTX_EXECUTION_DATE='2025-03-30T00:00:00+00:00' AIRFLOW_CTX_TRY_NUMBER='1' AIRFLOW_CTX_DAG_RUN_ID='scheduled__2025-03-30T00:00:00+00:00'
[2025-04-08T09:59:49.425+0000] {taskinstance.py:430} INFO - ::endgroup::
[2025-04-08T09:59:49.454+0000] {base.py:84} INFO - Using connection ID 'postgres_default' for task execution.
[2025-04-08T09:59:49.465+0000] {logging_mixin.py:188} INFO - Đã tạo bảng thành công.
[2025-04-08T09:59:49.482+0000] {base.py:84} INFO - Using connection ID 'postgres_default' for task execution.
[2025-04-08T09:59:49.533+0000] {logging_mixin.py:188} INFO - Đã transform và lưu dữ liệu vào bảng.
[2025-04-08T09:59:49.534+0000] {python.py:237} INFO - Done. Returned value was: None
[2025-04-08T09:59:49.534+0000] {taskinstance.py:441} INFO - ::group::Post task execution logs
[2025-04-08T09:59:49.546+0000] {taskinstance.py:1206} INFO - Marking task as SUCCESS. dag_id=formula1-etl-pipeline, task_id=transform.transform_dim_constructors, run_id=scheduled__2025-03-30T00:00:00+00:00, execution_date=20250330T000000, start_date=20250408T095949, end_date=20250408T095949
[2025-04-08T09:59:49.593+0000] {local_task_job_runner.py:240} INFO - Task exited with return code 0
[2025-04-08T09:59:49.620+0000] {taskinstance.py:3503} INFO - 0 downstream tasks scheduled from follow-on schedule check
[2025-04-08T09:59:49.622+0000] {local_task_job_runner.py:222} INFO - ::endgroup::
[2025-04-08T10:49:03.470+0000] {local_task_job_runner.py:120} INFO - ::group::Pre task execution logs
[2025-04-08T10:49:03.509+0000] {taskinstance.py:2076} INFO - Dependencies all met for dep_context=non-requeueable deps ti=<TaskInstance: formula1-etl-pipeline.transform.transform_dim_constructors scheduled__2025-03-30T00:00:00+00:00 [queued]>
[2025-04-08T10:49:03.519+0000] {taskinstance.py:2076} INFO - Dependencies all met for dep_context=requeueable deps ti=<TaskInstance: formula1-etl-pipeline.transform.transform_dim_constructors scheduled__2025-03-30T00:00:00+00:00 [queued]>
[2025-04-08T10:49:03.520+0000] {taskinstance.py:2306} INFO - Starting attempt 1 of 1
[2025-04-08T10:49:03.547+0000] {taskinstance.py:2330} INFO - Executing <Task(PythonOperator): transform.transform_dim_constructors> on 2025-03-30 00:00:00+00:00
[2025-04-08T10:49:03.563+0000] {standard_task_runner.py:90} INFO - Running: ['***', 'tasks', 'run', 'formula1-etl-pipeline', 'transform.transform_dim_constructors', 'scheduled__2025-03-30T00:00:00+00:00', '--job-id', '14', '--raw', '--subdir', 'DAGS_FOLDER/ETL_dag.py', '--cfg-path', '/tmp/tmp34lt2oca']
[2025-04-08T10:49:03.566+0000] {standard_task_runner.py:91} INFO - Job 14: Subtask transform.transform_dim_constructors
[2025-04-08T10:49:03.572+0000] {logging_mixin.py:188} WARNING - /home/***/.local/lib/python3.12/site-packages/***/task/task_runner/standard_task_runner.py:61 DeprecationWarning: This process (pid=314) is multi-threaded, use of fork() may lead to deadlocks in the child.
[2025-04-08T10:49:03.574+0000] {standard_task_runner.py:63} INFO - Started process 325 to run task
[2025-04-08T10:49:03.635+0000] {task_command.py:426} INFO - Running <TaskInstance: formula1-etl-pipeline.transform.transform_dim_constructors scheduled__2025-03-30T00:00:00+00:00 [running]> on host 4e9e6de312e9
[2025-04-08T10:49:03.759+0000] {taskinstance.py:2648} INFO - Exporting env vars: AIRFLOW_CTX_DAG_OWNER='***' AIRFLOW_CTX_DAG_ID='formula1-etl-pipeline' AIRFLOW_CTX_TASK_ID='transform.transform_dim_constructors' AIRFLOW_CTX_EXECUTION_DATE='2025-03-30T00:00:00+00:00' AIRFLOW_CTX_TRY_NUMBER='1' AIRFLOW_CTX_DAG_RUN_ID='scheduled__2025-03-30T00:00:00+00:00'
[2025-04-08T10:49:03.761+0000] {taskinstance.py:430} INFO - ::endgroup::
[2025-04-08T10:49:03.814+0000] {base.py:84} INFO - Using connection ID 'postgres_default' for task execution.
[2025-04-08T10:49:03.837+0000] {logging_mixin.py:188} INFO - Đã tạo bảng thành công.
[2025-04-08T10:49:03.865+0000] {base.py:84} INFO - Using connection ID 'postgres_default' for task execution.
[2025-04-08T10:49:03.931+0000] {logging_mixin.py:188} INFO - Đã transform và lưu dữ liệu vào bảng.
[2025-04-08T10:49:03.932+0000] {python.py:237} INFO - Done. Returned value was: None
[2025-04-08T10:49:03.933+0000] {taskinstance.py:441} INFO - ::group::Post task execution logs
[2025-04-08T10:49:03.944+0000] {taskinstance.py:1206} INFO - Marking task as SUCCESS. dag_id=formula1-etl-pipeline, task_id=transform.transform_dim_constructors, run_id=scheduled__2025-03-30T00:00:00+00:00, execution_date=20250330T000000, start_date=20250408T104903, end_date=20250408T104903
[2025-04-08T10:49:03.994+0000] {local_task_job_runner.py:240} INFO - Task exited with return code 0
[2025-04-08T10:49:04.021+0000] {taskinstance.py:3503} INFO - 0 downstream tasks scheduled from follow-on schedule check
[2025-04-08T10:49:04.023+0000] {local_task_job_runner.py:222} INFO - ::endgroup::
[2025-04-15T07:09:07.112+0000] {local_task_job_runner.py:120} INFO - ::group::Pre task execution logs
[2025-04-15T07:09:07.147+0000] {taskinstance.py:2076} INFO - Dependencies all met for dep_context=non-requeueable deps ti=<TaskInstance: formula1-etl-pipeline.transform.transform_dim_constructors scheduled__2025-03-30T00:00:00+00:00 [queued]>
[2025-04-15T07:09:07.156+0000] {taskinstance.py:2076} INFO - Dependencies all met for dep_context=requeueable deps ti=<TaskInstance: formula1-etl-pipeline.transform.transform_dim_constructors scheduled__2025-03-30T00:00:00+00:00 [queued]>
[2025-04-15T07:09:07.157+0000] {taskinstance.py:2306} INFO - Starting attempt 1 of 1
[2025-04-15T07:09:07.170+0000] {taskinstance.py:2330} INFO - Executing <Task(PythonOperator): transform.transform_dim_constructors> on 2025-03-30 00:00:00+00:00
[2025-04-15T07:09:07.189+0000] {logging_mixin.py:188} WARNING - /home/***/.local/lib/python3.12/site-packages/***/task/task_runner/standard_task_runner.py:61 DeprecationWarning: This process (pid=481) is multi-threaded, use of fork() may lead to deadlocks in the child.
[2025-04-15T07:09:07.190+0000] {standard_task_runner.py:63} INFO - Started process 492 to run task
[2025-04-15T07:09:07.189+0000] {standard_task_runner.py:90} INFO - Running: ['***', 'tasks', 'run', 'formula1-etl-pipeline', 'transform.transform_dim_constructors', 'scheduled__2025-03-30T00:00:00+00:00', '--job-id', '20', '--raw', '--subdir', 'DAGS_FOLDER/ETL_dag.py', '--cfg-path', '/tmp/tmp8db25hyb']
[2025-04-15T07:09:07.192+0000] {standard_task_runner.py:91} INFO - Job 20: Subtask transform.transform_dim_constructors
[2025-04-15T07:09:07.243+0000] {task_command.py:426} INFO - Running <TaskInstance: formula1-etl-pipeline.transform.transform_dim_constructors scheduled__2025-03-30T00:00:00+00:00 [running]> on host e24a12ae0bf8
[2025-04-15T07:09:07.344+0000] {taskinstance.py:2648} INFO - Exporting env vars: AIRFLOW_CTX_DAG_OWNER='***' AIRFLOW_CTX_DAG_ID='formula1-etl-pipeline' AIRFLOW_CTX_TASK_ID='transform.transform_dim_constructors' AIRFLOW_CTX_EXECUTION_DATE='2025-03-30T00:00:00+00:00' AIRFLOW_CTX_TRY_NUMBER='1' AIRFLOW_CTX_DAG_RUN_ID='scheduled__2025-03-30T00:00:00+00:00'
[2025-04-15T07:09:07.346+0000] {taskinstance.py:430} INFO - ::endgroup::
[2025-04-15T07:09:07.410+0000] {base.py:84} INFO - Using connection ID 'postgres_default' for task execution.
[2025-04-15T07:09:07.449+0000] {logging_mixin.py:188} INFO - Đã tạo bảng thành công.
[2025-04-15T07:09:07.476+0000] {base.py:84} INFO - Using connection ID 'postgres_default' for task execution.
[2025-04-15T07:09:07.540+0000] {logging_mixin.py:188} INFO - Đã transform và lưu dữ liệu vào bảng.
[2025-04-15T07:09:07.542+0000] {python.py:237} INFO - Done. Returned value was: None
[2025-04-15T07:09:07.543+0000] {taskinstance.py:441} INFO - ::group::Post task execution logs
[2025-04-15T07:09:07.554+0000] {taskinstance.py:1206} INFO - Marking task as SUCCESS. dag_id=formula1-etl-pipeline, task_id=transform.transform_dim_constructors, run_id=scheduled__2025-03-30T00:00:00+00:00, execution_date=20250330T000000, start_date=20250415T070907, end_date=20250415T070907
[2025-04-15T07:09:07.606+0000] {local_task_job_runner.py:240} INFO - Task exited with return code 0
[2025-04-15T07:09:07.633+0000] {taskinstance.py:3503} INFO - 0 downstream tasks scheduled from follow-on schedule check
[2025-04-15T07:09:07.635+0000] {local_task_job_runner.py:222} INFO - ::endgroup::
