[2025-04-08T15:28:08.051+0000] {local_task_job_runner.py:120} INFO - ::group::Pre task execution logs
[2025-04-08T15:28:08.085+0000] {taskinstance.py:2076} INFO - Dependencies all met for dep_context=non-requeueable deps ti=<TaskInstance: formula1-etl-pipeline.transform.transform_dim_status manual__2025-04-08T15:28:04.765788+00:00 [queued]>
[2025-04-08T15:28:08.095+0000] {taskinstance.py:2076} INFO - Dependencies all met for dep_context=requeueable deps ti=<TaskInstance: formula1-etl-pipeline.transform.transform_dim_status manual__2025-04-08T15:28:04.765788+00:00 [queued]>
[2025-04-08T15:28:08.096+0000] {taskinstance.py:2306} INFO - Starting attempt 1 of 1
[2025-04-08T15:28:08.112+0000] {taskinstance.py:2330} INFO - Executing <Task(PythonOperator): transform.transform_dim_status> on 2025-04-08 15:28:04.765788+00:00
[2025-04-08T15:28:08.125+0000] {standard_task_runner.py:90} INFO - Running: ['***', 'tasks', 'run', 'formula1-etl-pipeline', 'transform.transform_dim_status', 'manual__2025-04-08T15:28:04.765788+00:00', '--job-id', '26', '--raw', '--subdir', 'DAGS_FOLDER/ETL_dag.py', '--cfg-path', '/tmp/tmpzozte1xl']
[2025-04-08T15:28:08.129+0000] {standard_task_runner.py:91} INFO - Job 26: Subtask transform.transform_dim_status
[2025-04-08T15:28:08.129+0000] {logging_mixin.py:188} WARNING - /home/***/.local/lib/python3.12/site-packages/***/task/task_runner/standard_task_runner.py:61 DeprecationWarning: This process (pid=251) is multi-threaded, use of fork() may lead to deadlocks in the child.
[2025-04-08T15:28:08.130+0000] {standard_task_runner.py:63} INFO - Started process 260 to run task
[2025-04-08T15:28:08.203+0000] {task_command.py:426} INFO - Running <TaskInstance: formula1-etl-pipeline.transform.transform_dim_status manual__2025-04-08T15:28:04.765788+00:00 [running]> on host 4e9e6de312e9
[2025-04-08T15:28:08.308+0000] {taskinstance.py:2648} INFO - Exporting env vars: AIRFLOW_CTX_DAG_OWNER='***' AIRFLOW_CTX_DAG_ID='formula1-etl-pipeline' AIRFLOW_CTX_TASK_ID='transform.transform_dim_status' AIRFLOW_CTX_EXECUTION_DATE='2025-04-08T15:28:04.765788+00:00' AIRFLOW_CTX_TRY_NUMBER='1' AIRFLOW_CTX_DAG_RUN_ID='manual__2025-04-08T15:28:04.765788+00:00'
[2025-04-08T15:28:08.310+0000] {taskinstance.py:430} INFO - ::endgroup::
[2025-04-08T15:28:08.363+0000] {base.py:84} INFO - Using connection ID 'postgres_default' for task execution.
[2025-04-08T15:28:08.376+0000] {logging_mixin.py:188} INFO - Đã tạo bảng thành công.
[2025-04-08T15:28:08.394+0000] {base.py:84} INFO - Using connection ID 'postgres_default' for task execution.
[2025-04-08T15:28:08.437+0000] {logging_mixin.py:188} INFO - Đã transform và lưu dữ liệu vào bảng.
[2025-04-08T15:28:08.438+0000] {python.py:237} INFO - Done. Returned value was: None
[2025-04-08T15:28:08.438+0000] {taskinstance.py:441} INFO - ::group::Post task execution logs
[2025-04-08T15:28:08.450+0000] {taskinstance.py:1206} INFO - Marking task as SUCCESS. dag_id=formula1-etl-pipeline, task_id=transform.transform_dim_status, run_id=manual__2025-04-08T15:28:04.765788+00:00, execution_date=20250408T152804, start_date=20250408T152808, end_date=20250408T152808
[2025-04-08T15:28:08.506+0000] {local_task_job_runner.py:240} INFO - Task exited with return code 0
[2025-04-08T15:28:08.534+0000] {taskinstance.py:3503} INFO - 0 downstream tasks scheduled from follow-on schedule check
[2025-04-08T15:28:08.535+0000] {local_task_job_runner.py:222} INFO - ::endgroup::
