[2025-04-03T14:36:51.986+0000] {local_task_job_runner.py:120} INFO - ::group::Pre task execution logs
[2025-04-03T14:36:52.012+0000] {taskinstance.py:2076} INFO - Dependencies all met for dep_context=non-requeueable deps ti=<TaskInstance: e_commerce_dw_etl.transform.transform_dim_circuits manual__2025-04-03T14:36:50.560022+00:00 [queued]>
[2025-04-03T14:36:52.018+0000] {taskinstance.py:2076} INFO - Dependencies all met for dep_context=requeueable deps ti=<TaskInstance: e_commerce_dw_etl.transform.transform_dim_circuits manual__2025-04-03T14:36:50.560022+00:00 [queued]>
[2025-04-03T14:36:52.018+0000] {taskinstance.py:2306} INFO - Starting attempt 1 of 1
[2025-04-03T14:36:52.030+0000] {taskinstance.py:2330} INFO - Executing <Task(PythonOperator): transform.transform_dim_circuits> on 2025-04-03 14:36:50.560022+00:00
[2025-04-03T14:36:52.038+0000] {standard_task_runner.py:90} INFO - Running: ['***', 'tasks', 'run', 'e_commerce_dw_etl', 'transform.transform_dim_circuits', 'manual__2025-04-03T14:36:50.560022+00:00', '--job-id', '16', '--raw', '--subdir', 'DAGS_FOLDER/ETL_dag.py', '--cfg-path', '/tmp/tmp4l1bueb3']
[2025-04-03T14:36:52.041+0000] {standard_task_runner.py:91} INFO - Job 16: Subtask transform.transform_dim_circuits
[2025-04-03T14:36:52.042+0000] {logging_mixin.py:188} WARNING - /home/***/.local/lib/python3.12/site-packages/***/task/task_runner/standard_task_runner.py:61 DeprecationWarning: This process (pid=235) is multi-threaded, use of fork() may lead to deadlocks in the child.
[2025-04-03T14:36:52.043+0000] {standard_task_runner.py:63} INFO - Started process 239 to run task
[2025-04-03T14:36:52.080+0000] {task_command.py:426} INFO - Running <TaskInstance: e_commerce_dw_etl.transform.transform_dim_circuits manual__2025-04-03T14:36:50.560022+00:00 [running]> on host 4817eee54a38
[2025-04-03T14:36:52.147+0000] {taskinstance.py:2648} INFO - Exporting env vars: AIRFLOW_CTX_DAG_OWNER='***' AIRFLOW_CTX_DAG_ID='e_commerce_dw_etl' AIRFLOW_CTX_TASK_ID='transform.transform_dim_circuits' AIRFLOW_CTX_EXECUTION_DATE='2025-04-03T14:36:50.560022+00:00' AIRFLOW_CTX_TRY_NUMBER='1' AIRFLOW_CTX_DAG_RUN_ID='manual__2025-04-03T14:36:50.560022+00:00'
[2025-04-03T14:36:52.148+0000] {taskinstance.py:430} INFO - ::endgroup::
[2025-04-03T14:36:52.160+0000] {logging_mixin.py:188} INFO - /opt/***/dataset
[2025-04-03T14:36:52.169+0000] {logging_mixin.py:188} INFO - đã đọc được circuits
[2025-04-03T14:36:52.171+0000] {logging_mixin.py:188} INFO - tạo dc postgres
[2025-04-03T14:36:52.182+0000] {base.py:84} INFO - Using connection ID 'postgres_default' for task execution.
[2025-04-03T14:36:52.208+0000] {base.py:84} INFO - Using connection ID 'postgres_default' for task execution.
[2025-04-03T14:36:52.233+0000] {logging_mixin.py:188} INFO - Đã transform và lưu dữ liệu vào dim_circuits
[2025-04-03T14:36:52.234+0000] {python.py:237} INFO - Done. Returned value was: None
[2025-04-03T14:36:52.235+0000] {taskinstance.py:441} INFO - ::group::Post task execution logs
[2025-04-03T14:36:52.243+0000] {taskinstance.py:1206} INFO - Marking task as SUCCESS. dag_id=e_commerce_dw_etl, task_id=transform.transform_dim_circuits, run_id=manual__2025-04-03T14:36:50.560022+00:00, execution_date=20250403T143650, start_date=20250403T143652, end_date=20250403T143652
[2025-04-03T14:36:52.297+0000] {local_task_job_runner.py:240} INFO - Task exited with return code 0
[2025-04-03T14:36:52.310+0000] {taskinstance.py:3503} INFO - 0 downstream tasks scheduled from follow-on schedule check
[2025-04-03T14:36:52.312+0000] {local_task_job_runner.py:222} INFO - ::endgroup::
