[2025-04-08T09:10:07.596+0000] {local_task_job_runner.py:120} INFO - ::group::Pre task execution logs
[2025-04-08T09:10:07.625+0000] {taskinstance.py:2076} INFO - Dependencies all met for dep_context=non-requeueable deps ti=<TaskInstance: formula1-etl-pipeline.load.transform_fact_race_results manual__2025-04-08T09:09:59.472560+00:00 [queued]>
[2025-04-08T09:10:07.633+0000] {taskinstance.py:2076} INFO - Dependencies all met for dep_context=requeueable deps ti=<TaskInstance: formula1-etl-pipeline.load.transform_fact_race_results manual__2025-04-08T09:09:59.472560+00:00 [queued]>
[2025-04-08T09:10:07.634+0000] {taskinstance.py:2306} INFO - Starting attempt 1 of 1
[2025-04-08T09:10:07.645+0000] {taskinstance.py:2330} INFO - Executing <Task(PythonOperator): load.transform_fact_race_results> on 2025-04-08 09:09:59.472560+00:00
[2025-04-08T09:10:07.653+0000] {standard_task_runner.py:90} INFO - Running: ['***', 'tasks', 'run', 'formula1-etl-pipeline', 'load.transform_fact_race_results', 'manual__2025-04-08T09:09:59.472560+00:00', '--job-id', '20', '--raw', '--subdir', 'DAGS_FOLDER/ETL_dag.py', '--cfg-path', '/tmp/tmpzxe2twnq']
[2025-04-08T09:10:07.656+0000] {standard_task_runner.py:91} INFO - Job 20: Subtask load.transform_fact_race_results
[2025-04-08T09:10:07.656+0000] {logging_mixin.py:188} WARNING - /home/***/.local/lib/python3.12/site-packages/***/task/task_runner/standard_task_runner.py:61 DeprecationWarning: This process (pid=779) is multi-threaded, use of fork() may lead to deadlocks in the child.
[2025-04-08T09:10:07.657+0000] {standard_task_runner.py:63} INFO - Started process 781 to run task
[2025-04-08T09:10:07.694+0000] {task_command.py:426} INFO - Running <TaskInstance: formula1-etl-pipeline.load.transform_fact_race_results manual__2025-04-08T09:09:59.472560+00:00 [running]> on host bbffae879616
[2025-04-08T09:10:07.758+0000] {taskinstance.py:2648} INFO - Exporting env vars: AIRFLOW_CTX_DAG_OWNER='***' AIRFLOW_CTX_DAG_ID='formula1-etl-pipeline' AIRFLOW_CTX_TASK_ID='load.transform_fact_race_results' AIRFLOW_CTX_EXECUTION_DATE='2025-04-08T09:09:59.472560+00:00' AIRFLOW_CTX_TRY_NUMBER='1' AIRFLOW_CTX_DAG_RUN_ID='manual__2025-04-08T09:09:59.472560+00:00'
[2025-04-08T09:10:07.760+0000] {taskinstance.py:430} INFO - ::endgroup::
[2025-04-08T09:10:07.849+0000] {logging_mixin.py:188} INFO - Các cột trong DataFrame sau khi merge:
[2025-04-08T09:10:07.850+0000] {logging_mixin.py:188} INFO - Index(['resultId', 'raceId', 'driverId', 'constructorId', 'number', 'grid',
       'position', 'positionText', 'positionOrder', 'points', 'laps', 'time_x',
       'milliseconds', 'fastestLap', 'rank', 'fastestLapTime',
       'fastestLapSpeed', 'statusId', 'year', 'round', 'circuitId', 'name',
       'date', 'time_y', 'url', 'fp1_date', 'fp1_time', 'fp2_date', 'fp2_time',
       'fp3_date', 'fp3_time', 'quali_date', 'quali_time', 'sprint_date',
       'sprint_time'],
      dtype='object')
[2025-04-08T09:10:07.930+0000] {base.py:84} INFO - Using connection ID 'postgres_default' for task execution.
[2025-04-08T09:10:07.946+0000] {logging_mixin.py:188} INFO - Đã transform và lưu dữ liệu vào bảng.
[2025-04-08T09:10:07.952+0000] {base.py:84} INFO - Using connection ID 'postgres_default' for task execution.
[2025-04-08T09:10:16.365+0000] {logging_mixin.py:188} INFO - Đã transform và lưu dữ liệu vào fact_race_results
[2025-04-08T09:10:16.373+0000] {python.py:237} INFO - Done. Returned value was: None
[2025-04-08T09:10:16.374+0000] {taskinstance.py:441} INFO - ::group::Post task execution logs
[2025-04-08T09:10:16.383+0000] {taskinstance.py:1206} INFO - Marking task as SUCCESS. dag_id=formula1-etl-pipeline, task_id=load.transform_fact_race_results, run_id=manual__2025-04-08T09:09:59.472560+00:00, execution_date=20250408T090959, start_date=20250408T091007, end_date=20250408T091016
[2025-04-08T09:10:16.409+0000] {local_task_job_runner.py:240} INFO - Task exited with return code 0
[2025-04-08T09:10:16.423+0000] {taskinstance.py:3503} INFO - 0 downstream tasks scheduled from follow-on schedule check
[2025-04-08T09:10:16.424+0000] {local_task_job_runner.py:222} INFO - ::endgroup::
