[2025-04-04T15:52:09.559+0000] {local_task_job_runner.py:120} INFO - ::group::Pre task execution logs
[2025-04-04T15:52:09.597+0000] {taskinstance.py:2076} INFO - Dependencies all met for dep_context=non-requeueable deps ti=<TaskInstance: e_commerce_dw_etl.transform.transform_dim_races manual__2025-04-04T15:52:02.182222+00:00 [queued]>
[2025-04-04T15:52:09.610+0000] {taskinstance.py:2076} INFO - Dependencies all met for dep_context=requeueable deps ti=<TaskInstance: e_commerce_dw_etl.transform.transform_dim_races manual__2025-04-04T15:52:02.182222+00:00 [queued]>
[2025-04-04T15:52:09.611+0000] {taskinstance.py:2306} INFO - Starting attempt 1 of 1
[2025-04-04T15:52:09.626+0000] {taskinstance.py:2330} INFO - Executing <Task(PythonOperator): transform.transform_dim_races> on 2025-04-04 15:52:02.182222+00:00
[2025-04-04T15:52:09.635+0000] {standard_task_runner.py:90} INFO - Running: ['***', 'tasks', 'run', 'e_commerce_dw_etl', 'transform.transform_dim_races', 'manual__2025-04-04T15:52:02.182222+00:00', '--job-id', '9', '--raw', '--subdir', 'DAGS_FOLDER/ETL_dag.py', '--cfg-path', '/tmp/tmppzwm9n5y']
[2025-04-04T15:52:09.637+0000] {standard_task_runner.py:91} INFO - Job 9: Subtask transform.transform_dim_races
[2025-04-04T15:52:09.638+0000] {logging_mixin.py:188} WARNING - /home/***/.local/lib/python3.12/site-packages/***/task/task_runner/standard_task_runner.py:61 DeprecationWarning: This process (pid=466) is multi-threaded, use of fork() may lead to deadlocks in the child.
[2025-04-04T15:52:09.638+0000] {standard_task_runner.py:63} INFO - Started process 468 to run task
[2025-04-04T15:52:09.685+0000] {task_command.py:426} INFO - Running <TaskInstance: e_commerce_dw_etl.transform.transform_dim_races manual__2025-04-04T15:52:02.182222+00:00 [running]> on host bf2b06959860
[2025-04-04T15:52:09.755+0000] {taskinstance.py:2648} INFO - Exporting env vars: AIRFLOW_CTX_DAG_OWNER='***' AIRFLOW_CTX_DAG_ID='e_commerce_dw_etl' AIRFLOW_CTX_TASK_ID='transform.transform_dim_races' AIRFLOW_CTX_EXECUTION_DATE='2025-04-04T15:52:02.182222+00:00' AIRFLOW_CTX_TRY_NUMBER='1' AIRFLOW_CTX_DAG_RUN_ID='manual__2025-04-04T15:52:02.182222+00:00'
[2025-04-04T15:52:09.756+0000] {taskinstance.py:430} INFO - ::endgroup::
[2025-04-04T15:52:09.788+0000] {base.py:84} INFO - Using connection ID 'postgres_default' for task execution.
[2025-04-04T15:52:09.807+0000] {base.py:84} INFO - Using connection ID 'postgres_default' for task execution.
[2025-04-04T15:52:09.870+0000] {logging_mixin.py:188} INFO - Lỗi khi insert dữ liệu: invalid input syntax for type time: "\N"
LINE 3: ... VALUES (90, 'Australian Grand Prix', '2004-03-07', '\N', 1)
                                                               ^
[2025-04-04T15:52:09.872+0000] {python.py:237} INFO - Done. Returned value was: None
[2025-04-04T15:52:09.873+0000] {taskinstance.py:441} INFO - ::group::Post task execution logs
[2025-04-04T15:52:09.881+0000] {taskinstance.py:1206} INFO - Marking task as SUCCESS. dag_id=e_commerce_dw_etl, task_id=transform.transform_dim_races, run_id=manual__2025-04-04T15:52:02.182222+00:00, execution_date=20250404T155202, start_date=20250404T155209, end_date=20250404T155209
[2025-04-04T15:52:09.932+0000] {local_task_job_runner.py:240} INFO - Task exited with return code 0
[2025-04-04T15:52:09.947+0000] {taskinstance.py:3503} INFO - 0 downstream tasks scheduled from follow-on schedule check
[2025-04-04T15:52:09.949+0000] {local_task_job_runner.py:222} INFO - ::endgroup::
