[2025-04-03T12:51:11.712+0000] {local_task_job_runner.py:120} INFO - ::group::Pre task execution logs
[2025-04-03T12:51:11.742+0000] {taskinstance.py:2076} INFO - Dependencies all met for dep_context=non-requeueable deps ti=<TaskInstance: e_commerce_dw_etl.transform.transform_dim_circuits manual__2025-04-03T12:51:10.378914+00:00 [queued]>
[2025-04-03T12:51:11.750+0000] {taskinstance.py:2076} INFO - Dependencies all met for dep_context=requeueable deps ti=<TaskInstance: e_commerce_dw_etl.transform.transform_dim_circuits manual__2025-04-03T12:51:10.378914+00:00 [queued]>
[2025-04-03T12:51:11.750+0000] {taskinstance.py:2306} INFO - Starting attempt 1 of 1
[2025-04-03T12:51:11.768+0000] {taskinstance.py:2330} INFO - Executing <Task(PythonOperator): transform.transform_dim_circuits> on 2025-04-03 12:51:10.378914+00:00
[2025-04-03T12:51:11.777+0000] {standard_task_runner.py:90} INFO - Running: ['***', 'tasks', 'run', 'e_commerce_dw_etl', 'transform.transform_dim_circuits', 'manual__2025-04-03T12:51:10.378914+00:00', '--job-id', '44', '--raw', '--subdir', 'DAGS_FOLDER/ETL_dag.py', '--cfg-path', '/tmp/tmpuslll8ej']
[2025-04-03T12:51:11.780+0000] {standard_task_runner.py:91} INFO - Job 44: Subtask transform.transform_dim_circuits
[2025-04-03T12:51:11.781+0000] {logging_mixin.py:188} WARNING - /home/***/.local/lib/python3.12/site-packages/***/task/task_runner/standard_task_runner.py:61 DeprecationWarning: This process (pid=240) is multi-threaded, use of fork() may lead to deadlocks in the child.
[2025-04-03T12:51:11.781+0000] {standard_task_runner.py:63} INFO - Started process 245 to run task
[2025-04-03T12:51:11.824+0000] {task_command.py:426} INFO - Running <TaskInstance: e_commerce_dw_etl.transform.transform_dim_circuits manual__2025-04-03T12:51:10.378914+00:00 [running]> on host b01079282ea0
[2025-04-03T12:51:11.908+0000] {taskinstance.py:2648} INFO - Exporting env vars: AIRFLOW_CTX_DAG_OWNER='***' AIRFLOW_CTX_DAG_ID='e_commerce_dw_etl' AIRFLOW_CTX_TASK_ID='transform.transform_dim_circuits' AIRFLOW_CTX_EXECUTION_DATE='2025-04-03T12:51:10.378914+00:00' AIRFLOW_CTX_TRY_NUMBER='1' AIRFLOW_CTX_DAG_RUN_ID='manual__2025-04-03T12:51:10.378914+00:00'
[2025-04-03T12:51:11.909+0000] {taskinstance.py:430} INFO - ::endgroup::
[2025-04-03T12:51:11.926+0000] {logging_mixin.py:188} INFO - /opt/***/dataset
[2025-04-03T12:51:11.928+0000] {logging_mixin.py:188} INFO - Lỗi khi đọc CSV: [Errno 2] No such file or directory: '/opt/***/dataset/circuits.csv'
[2025-04-03T12:51:11.929+0000] {python.py:237} INFO - Done. Returned value was: None
[2025-04-03T12:51:11.929+0000] {taskinstance.py:441} INFO - ::group::Post task execution logs
[2025-04-03T12:51:11.937+0000] {taskinstance.py:1206} INFO - Marking task as SUCCESS. dag_id=e_commerce_dw_etl, task_id=transform.transform_dim_circuits, run_id=manual__2025-04-03T12:51:10.378914+00:00, execution_date=20250403T125110, start_date=20250403T125111, end_date=20250403T125111
[2025-04-03T12:51:11.955+0000] {local_task_job_runner.py:240} INFO - Task exited with return code 0
[2025-04-03T12:51:11.969+0000] {taskinstance.py:3503} INFO - 0 downstream tasks scheduled from follow-on schedule check
[2025-04-03T12:51:11.970+0000] {local_task_job_runner.py:222} INFO - ::endgroup::
