[2025-04-08T10:10:12.918+0000] {local_task_job_runner.py:120} INFO - ::group::Pre task execution logs
[2025-04-08T10:10:12.944+0000] {taskinstance.py:2076} INFO - Dependencies all met for dep_context=non-requeueable deps ti=<TaskInstance: formula1-etl-pipeline.load.transform_fact_race_results scheduled__2025-04-01T00:00:00+00:00 [queued]>
[2025-04-08T10:10:12.952+0000] {taskinstance.py:2076} INFO - Dependencies all met for dep_context=requeueable deps ti=<TaskInstance: formula1-etl-pipeline.load.transform_fact_race_results scheduled__2025-04-01T00:00:00+00:00 [queued]>
[2025-04-08T10:10:12.953+0000] {taskinstance.py:2306} INFO - Starting attempt 1 of 1
[2025-04-08T10:10:12.963+0000] {taskinstance.py:2330} INFO - Executing <Task(PythonOperator): load.transform_fact_race_results> on 2025-04-01 00:00:00+00:00
[2025-04-08T10:10:12.972+0000] {standard_task_runner.py:90} INFO - Running: ['***', 'tasks', 'run', 'formula1-etl-pipeline', 'load.transform_fact_race_results', 'scheduled__2025-04-01T00:00:00+00:00', '--job-id', '19', '--raw', '--subdir', 'DAGS_FOLDER/ETL_dag.py', '--cfg-path', '/tmp/tmp62l_d9q3']
[2025-04-08T10:10:12.974+0000] {standard_task_runner.py:91} INFO - Job 19: Subtask load.transform_fact_race_results
[2025-04-08T10:10:12.974+0000] {logging_mixin.py:188} WARNING - /home/***/.local/lib/python3.12/site-packages/***/task/task_runner/standard_task_runner.py:61 DeprecationWarning: This process (pid=479) is multi-threaded, use of fork() may lead to deadlocks in the child.
[2025-04-08T10:10:12.975+0000] {standard_task_runner.py:63} INFO - Started process 481 to run task
[2025-04-08T10:10:13.011+0000] {task_command.py:426} INFO - Running <TaskInstance: formula1-etl-pipeline.load.transform_fact_race_results scheduled__2025-04-01T00:00:00+00:00 [running]> on host 38a05d0acc45
[2025-04-08T10:10:13.077+0000] {taskinstance.py:2648} INFO - Exporting env vars: AIRFLOW_CTX_DAG_OWNER='***' AIRFLOW_CTX_DAG_ID='formula1-etl-pipeline' AIRFLOW_CTX_TASK_ID='load.transform_fact_race_results' AIRFLOW_CTX_EXECUTION_DATE='2025-04-01T00:00:00+00:00' AIRFLOW_CTX_TRY_NUMBER='1' AIRFLOW_CTX_DAG_RUN_ID='scheduled__2025-04-01T00:00:00+00:00'
[2025-04-08T10:10:13.079+0000] {taskinstance.py:430} INFO - ::endgroup::
[2025-04-08T10:10:13.163+0000] {logging_mixin.py:188} INFO - Các cột trong DataFrame sau khi merge:
[2025-04-08T10:10:13.164+0000] {logging_mixin.py:188} INFO - Index(['resultId', 'raceId', 'driverId', 'constructorId', 'number', 'grid',
       'position', 'positionText', 'positionOrder', 'points', 'laps', 'time_x',
       'milliseconds', 'fastestLap', 'rank', 'fastestLapTime',
       'fastestLapSpeed', 'statusId', 'year', 'round', 'circuitId', 'name',
       'date', 'time_y', 'url', 'fp1_date', 'fp1_time', 'fp2_date', 'fp2_time',
       'fp3_date', 'fp3_time', 'quali_date', 'quali_time', 'sprint_date',
       'sprint_time'],
      dtype='object')
[2025-04-08T10:10:13.246+0000] {base.py:84} INFO - Using connection ID 'postgres_default' for task execution.
[2025-04-08T10:10:13.262+0000] {logging_mixin.py:188} INFO - Đã tạo bảng thành công.
[2025-04-08T10:10:14.550+0000] {base.py:84} INFO - Using connection ID 'postgres_default' for task execution.
[2025-04-08T10:10:23.604+0000] {logging_mixin.py:188} INFO - Đã transform và lưu dữ liệu vào bảng.
[2025-04-08T10:10:23.612+0000] {python.py:237} INFO - Done. Returned value was: None
[2025-04-08T10:10:23.612+0000] {taskinstance.py:441} INFO - ::group::Post task execution logs
[2025-04-08T10:10:23.620+0000] {taskinstance.py:1206} INFO - Marking task as SUCCESS. dag_id=formula1-etl-pipeline, task_id=load.transform_fact_race_results, run_id=scheduled__2025-04-01T00:00:00+00:00, execution_date=20250401T000000, start_date=20250408T101012, end_date=20250408T101023
[2025-04-08T10:10:23.641+0000] {local_task_job_runner.py:240} INFO - Task exited with return code 0
[2025-04-08T10:10:23.655+0000] {taskinstance.py:3503} INFO - 0 downstream tasks scheduled from follow-on schedule check
[2025-04-08T10:10:23.656+0000] {local_task_job_runner.py:222} INFO - ::endgroup::
