[2025-04-04T18:30:30.559+0000] {local_task_job_runner.py:120} INFO - ::group::Pre task execution logs
[2025-04-04T18:30:30.587+0000] {taskinstance.py:2076} INFO - Dependencies all met for dep_context=non-requeueable deps ti=<TaskInstance: e_commerce_dw_etl.extract.extract_and_load_to_staging manual__2025-04-04T18:30:29.643098+00:00 [queued]>
[2025-04-04T18:30:30.594+0000] {taskinstance.py:2076} INFO - Dependencies all met for dep_context=requeueable deps ti=<TaskInstance: e_commerce_dw_etl.extract.extract_and_load_to_staging manual__2025-04-04T18:30:29.643098+00:00 [queued]>
[2025-04-04T18:30:30.594+0000] {taskinstance.py:2306} INFO - Starting attempt 1 of 1
[2025-04-04T18:30:30.608+0000] {taskinstance.py:2330} INFO - Executing <Task(PythonOperator): extract.extract_and_load_to_staging> on 2025-04-04 18:30:29.643098+00:00
[2025-04-04T18:30:30.615+0000] {standard_task_runner.py:90} INFO - Running: ['***', 'tasks', 'run', 'e_commerce_dw_etl', 'extract.extract_and_load_to_staging', 'manual__2025-04-04T18:30:29.643098+00:00', '--job-id', '20', '--raw', '--subdir', 'DAGS_FOLDER/ETL_dag.py', '--cfg-path', '/tmp/tmpgqjauu4c']
[2025-04-04T18:30:30.618+0000] {standard_task_runner.py:91} INFO - Job 20: Subtask extract.extract_and_load_to_staging
[2025-04-04T18:30:30.619+0000] {logging_mixin.py:188} WARNING - /home/***/.local/lib/python3.12/site-packages/***/task/task_runner/standard_task_runner.py:61 DeprecationWarning: This process (pid=240) is multi-threaded, use of fork() may lead to deadlocks in the child.
[2025-04-04T18:30:30.620+0000] {standard_task_runner.py:63} INFO - Started process 242 to run task
[2025-04-04T18:30:30.660+0000] {task_command.py:426} INFO - Running <TaskInstance: e_commerce_dw_etl.extract.extract_and_load_to_staging manual__2025-04-04T18:30:29.643098+00:00 [running]> on host 6f0a74ee327e
[2025-04-04T18:30:30.736+0000] {taskinstance.py:2648} INFO - Exporting env vars: AIRFLOW_CTX_DAG_OWNER='***' AIRFLOW_CTX_DAG_ID='e_commerce_dw_etl' AIRFLOW_CTX_TASK_ID='extract.extract_and_load_to_staging' AIRFLOW_CTX_EXECUTION_DATE='2025-04-04T18:30:29.643098+00:00' AIRFLOW_CTX_TRY_NUMBER='1' AIRFLOW_CTX_DAG_RUN_ID='manual__2025-04-04T18:30:29.643098+00:00'
[2025-04-04T18:30:30.738+0000] {taskinstance.py:430} INFO - ::endgroup::
[2025-04-04T18:30:31.413+0000] {logging_mixin.py:188} INFO - Tệp pit_stops.csv đã tồn tại tại /opt/***/dataset, không di chuyển.
[2025-04-04T18:30:31.414+0000] {logging_mixin.py:188} INFO - Tệp qualifying.csv đã tồn tại tại /opt/***/dataset, không di chuyển.
[2025-04-04T18:30:31.415+0000] {logging_mixin.py:188} INFO - Tệp races.csv đã tồn tại tại /opt/***/dataset, không di chuyển.
[2025-04-04T18:30:31.415+0000] {logging_mixin.py:188} INFO - Tệp results.csv đã tồn tại tại /opt/***/dataset, không di chuyển.
[2025-04-04T18:30:31.416+0000] {logging_mixin.py:188} INFO - Tệp seasons.csv đã tồn tại tại /opt/***/dataset, không di chuyển.
[2025-04-04T18:30:31.417+0000] {logging_mixin.py:188} INFO - Tệp sprint_results.csv đã tồn tại tại /opt/***/dataset, không di chuyển.
[2025-04-04T18:30:31.417+0000] {logging_mixin.py:188} INFO - Tệp status.csv đã tồn tại tại /opt/***/dataset, không di chuyển.
[2025-04-04T18:30:31.418+0000] {python.py:237} INFO - Done. Returned value was: None
[2025-04-04T18:30:31.418+0000] {taskinstance.py:441} INFO - ::group::Post task execution logs
[2025-04-04T18:30:31.426+0000] {taskinstance.py:1206} INFO - Marking task as SUCCESS. dag_id=e_commerce_dw_etl, task_id=extract.extract_and_load_to_staging, run_id=manual__2025-04-04T18:30:29.643098+00:00, execution_date=20250404T183029, start_date=20250404T183030, end_date=20250404T183031
[2025-04-04T18:30:31.476+0000] {local_task_job_runner.py:240} INFO - Task exited with return code 0
[2025-04-04T18:30:31.497+0000] {taskinstance.py:3503} INFO - 1 downstream tasks scheduled from follow-on schedule check
[2025-04-04T18:30:31.499+0000] {local_task_job_runner.py:222} INFO - ::endgroup::
