[2025-04-05T04:55:15.396+0000] {local_task_job_runner.py:120} INFO - ::group::Pre task execution logs
[2025-04-05T04:55:15.428+0000] {taskinstance.py:2076} INFO - Dependencies all met for dep_context=non-requeueable deps ti=<TaskInstance: e_commerce_dw_etl.transform.transform_dim_drivers manual__2025-04-05T04:55:11.845191+00:00 [queued]>
[2025-04-05T04:55:15.437+0000] {taskinstance.py:2076} INFO - Dependencies all met for dep_context=requeueable deps ti=<TaskInstance: e_commerce_dw_etl.transform.transform_dim_drivers manual__2025-04-05T04:55:11.845191+00:00 [queued]>
[2025-04-05T04:55:15.437+0000] {taskinstance.py:2306} INFO - Starting attempt 1 of 1
[2025-04-05T04:55:15.451+0000] {taskinstance.py:2330} INFO - Executing <Task(PythonOperator): transform.transform_dim_drivers> on 2025-04-05 04:55:11.845191+00:00
[2025-04-05T04:55:15.460+0000] {standard_task_runner.py:90} INFO - Running: ['***', 'tasks', 'run', 'e_commerce_dw_etl', 'transform.transform_dim_drivers', 'manual__2025-04-05T04:55:11.845191+00:00', '--job-id', '64', '--raw', '--subdir', 'DAGS_FOLDER/ETL_dag.py', '--cfg-path', '/tmp/tmppy1v2kff']
[2025-04-05T04:55:15.462+0000] {logging_mixin.py:188} WARNING - /home/***/.local/lib/python3.12/site-packages/***/task/task_runner/standard_task_runner.py:61 DeprecationWarning: This process (pid=678) is multi-threaded, use of fork() may lead to deadlocks in the child.
[2025-04-05T04:55:15.463+0000] {standard_task_runner.py:91} INFO - Job 64: Subtask transform.transform_dim_drivers
[2025-04-05T04:55:15.463+0000] {standard_task_runner.py:63} INFO - Started process 690 to run task
[2025-04-05T04:55:15.513+0000] {task_command.py:426} INFO - Running <TaskInstance: e_commerce_dw_etl.transform.transform_dim_drivers manual__2025-04-05T04:55:11.845191+00:00 [running]> on host 4766eee3ca7d
[2025-04-05T04:55:15.593+0000] {taskinstance.py:2648} INFO - Exporting env vars: AIRFLOW_CTX_DAG_OWNER='***' AIRFLOW_CTX_DAG_ID='e_commerce_dw_etl' AIRFLOW_CTX_TASK_ID='transform.transform_dim_drivers' AIRFLOW_CTX_EXECUTION_DATE='2025-04-05T04:55:11.845191+00:00' AIRFLOW_CTX_TRY_NUMBER='1' AIRFLOW_CTX_DAG_RUN_ID='manual__2025-04-05T04:55:11.845191+00:00'
[2025-04-05T04:55:15.594+0000] {taskinstance.py:430} INFO - ::endgroup::
[2025-04-05T04:55:15.641+0000] {base.py:84} INFO - Using connection ID 'postgres_default' for task execution.
[2025-04-05T04:55:15.642+0000] {taskinstance.py:441} INFO - ::group::Post task execution logs
[2025-04-05T04:55:15.643+0000] {taskinstance.py:2905} ERROR - Task failed with exception
Traceback (most recent call last):
  File "/home/airflow/.local/lib/python3.12/site-packages/airflow/models/taskinstance.py", line 465, in _execute_task
    result = _execute_callable(context=context, **execute_callable_kwargs)
             ^^^^^^^^^^^^^^^^^^^^^^^^^^^^^^^^^^^^^^^^^^^^^^^^^^^^^^^^^^^^^
  File "/home/airflow/.local/lib/python3.12/site-packages/airflow/models/taskinstance.py", line 432, in _execute_callable
    return execute_callable(context=context, **execute_callable_kwargs)
           ^^^^^^^^^^^^^^^^^^^^^^^^^^^^^^^^^^^^^^^^^^^^^^^^^^^^^^^^^^^^
  File "/home/airflow/.local/lib/python3.12/site-packages/airflow/models/baseoperator.py", line 401, in wrapper
    return func(self, *args, **kwargs)
           ^^^^^^^^^^^^^^^^^^^^^^^^^^^
  File "/home/airflow/.local/lib/python3.12/site-packages/airflow/operators/python.py", line 235, in execute
    return_value = self.execute_callable()
                   ^^^^^^^^^^^^^^^^^^^^^^^
  File "/home/airflow/.local/lib/python3.12/site-packages/airflow/operators/python.py", line 252, in execute_callable
    return self.python_callable(*self.op_args, **self.op_kwargs)
           ^^^^^^^^^^^^^^^^^^^^^^^^^^^^^^^^^^^^^^^^^^^^^^^^^^^^^
  File "/opt/airflow/dags/transform_dim_drivers.py", line 39, in transform_dim_drivers
    warehouse_operator.create_table(create_table_qr)
  File "/opt/airflow/dags/postgresql_operator.py", line 10, in create_table
    conn = pg_hook.get_conn()
           ^^^^^^^^^^^^^^^^^^
  File "/home/airflow/.local/lib/python3.12/site-packages/airflow/providers/postgres/hooks/postgres.py", line 175, in get_conn
    self.conn = psycopg2.connect(**conn_args)
                ^^^^^^^^^^^^^^^^^^^^^^^^^^^^^
  File "/home/airflow/.local/lib/python3.12/site-packages/psycopg2/__init__.py", line 122, in connect
    conn = _connect(dsn, connection_factory=connection_factory, **kwasync)
           ^^^^^^^^^^^^^^^^^^^^^^^^^^^^^^^^^^^^^^^^^^^^^^^^^^^^^^^^^^^^^^^
psycopg2.OperationalError: connection to server at "postgres_db" (172.18.0.3), port 5432 failed: Connection refused
	Is the server running on that host and accepting TCP/IP connections?

[2025-04-05T04:55:15.658+0000] {taskinstance.py:1206} INFO - Marking task as FAILED. dag_id=e_commerce_dw_etl, task_id=transform.transform_dim_drivers, run_id=manual__2025-04-05T04:55:11.845191+00:00, execution_date=20250405T045511, start_date=20250405T045515, end_date=20250405T045515
[2025-04-05T04:55:15.669+0000] {standard_task_runner.py:110} ERROR - Failed to execute job 64 for task transform.transform_dim_drivers (connection to server at "postgres_db" (172.18.0.3), port 5432 failed: Connection refused
	Is the server running on that host and accepting TCP/IP connections?
; 690)
[2025-04-05T04:55:15.717+0000] {local_task_job_runner.py:240} INFO - Task exited with return code 1
[2025-04-05T04:55:15.727+0000] {local_task_job_runner.py:222} INFO - ::endgroup::
