[2025-04-03T11:09:34.704+0000] {local_task_job_runner.py:120} INFO - ::group::Pre task execution logs
[2025-04-03T11:09:34.730+0000] {taskinstance.py:2076} INFO - Dependencies all met for dep_context=non-requeueable deps ti=<TaskInstance: e_commerce_dw_etl.extract.extract_and_load_to_staging manual__2025-04-03T11:09:33.122019+00:00 [queued]>
[2025-04-03T11:09:34.736+0000] {taskinstance.py:2076} INFO - Dependencies all met for dep_context=requeueable deps ti=<TaskInstance: e_commerce_dw_etl.extract.extract_and_load_to_staging manual__2025-04-03T11:09:33.122019+00:00 [queued]>
[2025-04-03T11:09:34.737+0000] {taskinstance.py:2306} INFO - Starting attempt 1 of 1
[2025-04-03T11:09:34.747+0000] {taskinstance.py:2330} INFO - Executing <Task(PythonOperator): extract.extract_and_load_to_staging> on 2025-04-03 11:09:33.122019+00:00
[2025-04-03T11:09:34.754+0000] {standard_task_runner.py:90} INFO - Running: ['***', 'tasks', 'run', 'e_commerce_dw_etl', 'extract.extract_and_load_to_staging', 'manual__2025-04-03T11:09:33.122019+00:00', '--job-id', '17', '--raw', '--subdir', 'DAGS_FOLDER/ETL_dag.py', '--cfg-path', '/tmp/tmp5z7cu0g7']
[2025-04-03T11:09:34.757+0000] {standard_task_runner.py:91} INFO - Job 17: Subtask extract.extract_and_load_to_staging
[2025-04-03T11:09:34.758+0000] {logging_mixin.py:188} WARNING - /home/***/.local/lib/python3.12/site-packages/***/task/task_runner/standard_task_runner.py:61 DeprecationWarning: This process (pid=300) is multi-threaded, use of fork() may lead to deadlocks in the child.
[2025-04-03T11:09:34.758+0000] {standard_task_runner.py:63} INFO - Started process 303 to run task
[2025-04-03T11:09:34.803+0000] {task_command.py:426} INFO - Running <TaskInstance: e_commerce_dw_etl.extract.extract_and_load_to_staging manual__2025-04-03T11:09:33.122019+00:00 [running]> on host 6171e99f04c4
[2025-04-03T11:09:34.884+0000] {taskinstance.py:2648} INFO - Exporting env vars: AIRFLOW_CTX_DAG_OWNER='***' AIRFLOW_CTX_DAG_ID='e_commerce_dw_etl' AIRFLOW_CTX_TASK_ID='extract.extract_and_load_to_staging' AIRFLOW_CTX_EXECUTION_DATE='2025-04-03T11:09:33.122019+00:00' AIRFLOW_CTX_TRY_NUMBER='1' AIRFLOW_CTX_DAG_RUN_ID='manual__2025-04-03T11:09:33.122019+00:00'
[2025-04-03T11:09:34.885+0000] {taskinstance.py:430} INFO - ::endgroup::
[2025-04-03T11:09:35.730+0000] {logging_mixin.py:188} INFO - ✅ Dataset đã được tải về: /opt/***/dataset/datasets/rohanrao/formula-1-world-championship-1950-2020/versions/24
[2025-04-03T11:09:35.734+0000] {logging_mixin.py:188} INFO - có chạy vòng for 1
[2025-04-03T11:09:35.735+0000] {python.py:237} INFO - Done. Returned value was: None
[2025-04-03T11:09:35.735+0000] {taskinstance.py:441} INFO - ::group::Post task execution logs
[2025-04-03T11:09:35.744+0000] {taskinstance.py:1206} INFO - Marking task as SUCCESS. dag_id=e_commerce_dw_etl, task_id=extract.extract_and_load_to_staging, run_id=manual__2025-04-03T11:09:33.122019+00:00, execution_date=20250403T110933, start_date=20250403T110934, end_date=20250403T110935
[2025-04-03T11:09:35.775+0000] {local_task_job_runner.py:240} INFO - Task exited with return code 0
[2025-04-03T11:09:35.789+0000] {taskinstance.py:3503} INFO - 0 downstream tasks scheduled from follow-on schedule check
[2025-04-03T11:09:35.791+0000] {local_task_job_runner.py:222} INFO - ::endgroup::
