[2025-04-04T19:04:55.944+0000] {local_task_job_runner.py:120} INFO - ::group::Pre task execution logs
[2025-04-04T19:04:55.972+0000] {taskinstance.py:2076} INFO - Dependencies all met for dep_context=non-requeueable deps ti=<TaskInstance: e_commerce_dw_etl.extract.extract_and_load_to_staging manual__2025-04-04T19:04:54.717316+00:00 [queued]>
[2025-04-04T19:04:55.980+0000] {taskinstance.py:2076} INFO - Dependencies all met for dep_context=requeueable deps ti=<TaskInstance: e_commerce_dw_etl.extract.extract_and_load_to_staging manual__2025-04-04T19:04:54.717316+00:00 [queued]>
[2025-04-04T19:04:55.980+0000] {taskinstance.py:2306} INFO - Starting attempt 1 of 1
[2025-04-04T19:04:55.992+0000] {taskinstance.py:2330} INFO - Executing <Task(PythonOperator): extract.extract_and_load_to_staging> on 2025-04-04 19:04:54.717316+00:00
[2025-04-04T19:04:56.000+0000] {standard_task_runner.py:90} INFO - Running: ['***', 'tasks', 'run', 'e_commerce_dw_etl', 'extract.extract_and_load_to_staging', 'manual__2025-04-04T19:04:54.717316+00:00', '--job-id', '31', '--raw', '--subdir', 'DAGS_FOLDER/ETL_dag.py', '--cfg-path', '/tmp/tmp8d2g49ib']
[2025-04-04T19:04:56.003+0000] {standard_task_runner.py:91} INFO - Job 31: Subtask extract.extract_and_load_to_staging
[2025-04-04T19:04:56.004+0000] {logging_mixin.py:188} WARNING - /home/***/.local/lib/python3.12/site-packages/***/task/task_runner/standard_task_runner.py:61 DeprecationWarning: This process (pid=310) is multi-threaded, use of fork() may lead to deadlocks in the child.
[2025-04-04T19:04:56.005+0000] {standard_task_runner.py:63} INFO - Started process 312 to run task
[2025-04-04T19:04:56.045+0000] {task_command.py:426} INFO - Running <TaskInstance: e_commerce_dw_etl.extract.extract_and_load_to_staging manual__2025-04-04T19:04:54.717316+00:00 [running]> on host 0a1579e14938
[2025-04-04T19:04:56.127+0000] {taskinstance.py:2648} INFO - Exporting env vars: AIRFLOW_CTX_DAG_OWNER='***' AIRFLOW_CTX_DAG_ID='e_commerce_dw_etl' AIRFLOW_CTX_TASK_ID='extract.extract_and_load_to_staging' AIRFLOW_CTX_EXECUTION_DATE='2025-04-04T19:04:54.717316+00:00' AIRFLOW_CTX_TRY_NUMBER='1' AIRFLOW_CTX_DAG_RUN_ID='manual__2025-04-04T19:04:54.717316+00:00'
[2025-04-04T19:04:56.129+0000] {taskinstance.py:430} INFO - ::endgroup::
[2025-04-04T19:04:56.928+0000] {logging_mixin.py:188} INFO - Tệp pit_stops.csv đã tồn tại tại /opt/***/dataset, không di chuyển.
[2025-04-04T19:04:56.929+0000] {logging_mixin.py:188} INFO - Tệp qualifying.csv đã tồn tại tại /opt/***/dataset, không di chuyển.
[2025-04-04T19:04:56.929+0000] {logging_mixin.py:188} INFO - Tệp races.csv đã tồn tại tại /opt/***/dataset, không di chuyển.
[2025-04-04T19:04:56.930+0000] {logging_mixin.py:188} INFO - Tệp results.csv đã tồn tại tại /opt/***/dataset, không di chuyển.
[2025-04-04T19:04:56.931+0000] {logging_mixin.py:188} INFO - Tệp seasons.csv đã tồn tại tại /opt/***/dataset, không di chuyển.
[2025-04-04T19:04:56.932+0000] {logging_mixin.py:188} INFO - Tệp sprint_results.csv đã tồn tại tại /opt/***/dataset, không di chuyển.
[2025-04-04T19:04:56.932+0000] {logging_mixin.py:188} INFO - Tệp status.csv đã tồn tại tại /opt/***/dataset, không di chuyển.
[2025-04-04T19:04:56.933+0000] {python.py:237} INFO - Done. Returned value was: None
[2025-04-04T19:04:56.933+0000] {taskinstance.py:441} INFO - ::group::Post task execution logs
[2025-04-04T19:04:56.942+0000] {taskinstance.py:1206} INFO - Marking task as SUCCESS. dag_id=e_commerce_dw_etl, task_id=extract.extract_and_load_to_staging, run_id=manual__2025-04-04T19:04:54.717316+00:00, execution_date=20250404T190454, start_date=20250404T190455, end_date=20250404T190456
[2025-04-04T19:04:56.982+0000] {local_task_job_runner.py:240} INFO - Task exited with return code 0
[2025-04-04T19:04:57.001+0000] {taskinstance.py:3503} INFO - 3 downstream tasks scheduled from follow-on schedule check
[2025-04-04T19:04:57.003+0000] {local_task_job_runner.py:222} INFO - ::endgroup::
