[2025-04-04T18:30:32.567+0000] {local_task_job_runner.py:120} INFO - ::group::Pre task execution logs
[2025-04-04T18:30:32.593+0000] {taskinstance.py:2076} INFO - Dependencies all met for dep_context=non-requeueable deps ti=<TaskInstance: e_commerce_dw_etl.transform.transform_dim_status manual__2025-04-04T18:30:29.643098+00:00 [queued]>
[2025-04-04T18:30:32.600+0000] {taskinstance.py:2076} INFO - Dependencies all met for dep_context=requeueable deps ti=<TaskInstance: e_commerce_dw_etl.transform.transform_dim_status manual__2025-04-04T18:30:29.643098+00:00 [queued]>
[2025-04-04T18:30:32.601+0000] {taskinstance.py:2306} INFO - Starting attempt 1 of 1
[2025-04-04T18:30:32.613+0000] {taskinstance.py:2330} INFO - Executing <Task(PythonOperator): transform.transform_dim_status> on 2025-04-04 18:30:29.643098+00:00
[2025-04-04T18:30:32.620+0000] {standard_task_runner.py:90} INFO - Running: ['***', 'tasks', 'run', 'e_commerce_dw_etl', 'transform.transform_dim_status', 'manual__2025-04-04T18:30:29.643098+00:00', '--job-id', '21', '--raw', '--subdir', 'DAGS_FOLDER/ETL_dag.py', '--cfg-path', '/tmp/tmphtca0oyj']
[2025-04-04T18:30:32.622+0000] {standard_task_runner.py:91} INFO - Job 21: Subtask transform.transform_dim_status
[2025-04-04T18:30:32.623+0000] {logging_mixin.py:188} WARNING - /home/***/.local/lib/python3.12/site-packages/***/task/task_runner/standard_task_runner.py:61 DeprecationWarning: This process (pid=243) is multi-threaded, use of fork() may lead to deadlocks in the child.
[2025-04-04T18:30:32.624+0000] {standard_task_runner.py:63} INFO - Started process 245 to run task
[2025-04-04T18:30:32.660+0000] {task_command.py:426} INFO - Running <TaskInstance: e_commerce_dw_etl.transform.transform_dim_status manual__2025-04-04T18:30:29.643098+00:00 [running]> on host 6f0a74ee327e
[2025-04-04T18:30:32.732+0000] {taskinstance.py:2648} INFO - Exporting env vars: AIRFLOW_CTX_DAG_OWNER='***' AIRFLOW_CTX_DAG_ID='e_commerce_dw_etl' AIRFLOW_CTX_TASK_ID='transform.transform_dim_status' AIRFLOW_CTX_EXECUTION_DATE='2025-04-04T18:30:29.643098+00:00' AIRFLOW_CTX_TRY_NUMBER='1' AIRFLOW_CTX_DAG_RUN_ID='manual__2025-04-04T18:30:29.643098+00:00'
[2025-04-04T18:30:32.733+0000] {taskinstance.py:430} INFO - ::endgroup::
[2025-04-04T18:30:32.773+0000] {base.py:84} INFO - Using connection ID 'postgres_default' for task execution.
[2025-04-04T18:30:32.795+0000] {base.py:84} INFO - Using connection ID 'postgres_default' for task execution.
[2025-04-04T18:30:32.805+0000] {logging_mixin.py:188} INFO - Lỗi khi insert dữ liệu: not all arguments converted during string formatting
[2025-04-04T18:30:32.805+0000] {python.py:237} INFO - Done. Returned value was: None
[2025-04-04T18:30:32.806+0000] {taskinstance.py:441} INFO - ::group::Post task execution logs
[2025-04-04T18:30:32.815+0000] {taskinstance.py:1206} INFO - Marking task as SUCCESS. dag_id=e_commerce_dw_etl, task_id=transform.transform_dim_status, run_id=manual__2025-04-04T18:30:29.643098+00:00, execution_date=20250404T183029, start_date=20250404T183032, end_date=20250404T183032
[2025-04-04T18:30:32.838+0000] {local_task_job_runner.py:240} INFO - Task exited with return code 0
[2025-04-04T18:30:32.852+0000] {taskinstance.py:3503} INFO - 0 downstream tasks scheduled from follow-on schedule check
[2025-04-04T18:30:32.853+0000] {local_task_job_runner.py:222} INFO - ::endgroup::
