[2025-04-08T09:27:32.028+0000] {local_task_job_runner.py:120} INFO - ::group::Pre task execution logs
[2025-04-08T09:27:32.088+0000] {taskinstance.py:2076} INFO - Dependencies all met for dep_context=non-requeueable deps ti=<TaskInstance: formula1-etl-pipeline.transform.transform_dim_drivers scheduled__2025-03-29T00:00:00+00:00 [queued]>
[2025-04-08T09:27:32.115+0000] {taskinstance.py:2076} INFO - Dependencies all met for dep_context=requeueable deps ti=<TaskInstance: formula1-etl-pipeline.transform.transform_dim_drivers scheduled__2025-03-29T00:00:00+00:00 [queued]>
[2025-04-08T09:27:32.116+0000] {taskinstance.py:2306} INFO - Starting attempt 1 of 1
[2025-04-08T09:27:32.172+0000] {taskinstance.py:2330} INFO - Executing <Task(PythonOperator): transform.transform_dim_drivers> on 2025-03-29 00:00:00+00:00
[2025-04-08T09:27:32.189+0000] {standard_task_runner.py:90} INFO - Running: ['***', 'tasks', 'run', 'formula1-etl-pipeline', 'transform.transform_dim_drivers', 'scheduled__2025-03-29T00:00:00+00:00', '--job-id', '16', '--raw', '--subdir', 'DAGS_FOLDER/ETL_dag.py', '--cfg-path', '/tmp/tmpqaba4hpa']
[2025-04-08T09:27:32.193+0000] {standard_task_runner.py:91} INFO - Job 16: Subtask transform.transform_dim_drivers
[2025-04-08T09:27:32.193+0000] {logging_mixin.py:188} WARNING - /home/***/.local/lib/python3.12/site-packages/***/task/task_runner/standard_task_runner.py:61 DeprecationWarning: This process (pid=591) is multi-threaded, use of fork() may lead to deadlocks in the child.
[2025-04-08T09:27:32.207+0000] {standard_task_runner.py:63} INFO - Started process 636 to run task
[2025-04-08T09:27:32.373+0000] {task_command.py:426} INFO - Running <TaskInstance: formula1-etl-pipeline.transform.transform_dim_drivers scheduled__2025-03-29T00:00:00+00:00 [running]> on host 1c2d39091a25
[2025-04-08T09:27:32.659+0000] {taskinstance.py:2648} INFO - Exporting env vars: AIRFLOW_CTX_DAG_OWNER='***' AIRFLOW_CTX_DAG_ID='formula1-etl-pipeline' AIRFLOW_CTX_TASK_ID='transform.transform_dim_drivers' AIRFLOW_CTX_EXECUTION_DATE='2025-03-29T00:00:00+00:00' AIRFLOW_CTX_TRY_NUMBER='1' AIRFLOW_CTX_DAG_RUN_ID='scheduled__2025-03-29T00:00:00+00:00'
[2025-04-08T09:27:32.667+0000] {taskinstance.py:430} INFO - ::endgroup::
[2025-04-08T09:27:32.845+0000] {base.py:84} INFO - Using connection ID 'postgres_default' for task execution.
[2025-04-08T09:27:32.882+0000] {logging_mixin.py:188} INFO - Đã tạo bảng thành công.
[2025-04-08T09:27:32.942+0000] {base.py:84} INFO - Using connection ID 'postgres_default' for task execution.
[2025-04-08T09:27:33.300+0000] {logging_mixin.py:188} INFO - Đã transform và lưu dữ liệu vào bảng.
[2025-04-08T09:27:33.304+0000] {python.py:237} INFO - Done. Returned value was: None
[2025-04-08T09:27:33.305+0000] {taskinstance.py:441} INFO - ::group::Post task execution logs
[2025-04-08T09:27:33.336+0000] {taskinstance.py:1206} INFO - Marking task as SUCCESS. dag_id=formula1-etl-pipeline, task_id=transform.transform_dim_drivers, run_id=scheduled__2025-03-29T00:00:00+00:00, execution_date=20250329T000000, start_date=20250408T092732, end_date=20250408T092733
[2025-04-08T09:27:33.417+0000] {local_task_job_runner.py:240} INFO - Task exited with return code 0
[2025-04-08T09:27:33.449+0000] {local_task_job_runner.py:222} INFO - ::endgroup::
