[2025-04-05T04:50:04.559+0000] {local_task_job_runner.py:120} INFO - ::group::Pre task execution logs
[2025-04-05T04:50:04.625+0000] {taskinstance.py:2076} INFO - Dependencies all met for dep_context=non-requeueable deps ti=<TaskInstance: e_commerce_dw_etl.transform.transform_dim_races manual__2025-04-05T04:49:51.307727+00:00 [queued]>
[2025-04-05T04:50:04.641+0000] {taskinstance.py:2076} INFO - Dependencies all met for dep_context=requeueable deps ti=<TaskInstance: e_commerce_dw_etl.transform.transform_dim_races manual__2025-04-05T04:49:51.307727+00:00 [queued]>
[2025-04-05T04:50:04.642+0000] {taskinstance.py:2306} INFO - Starting attempt 1 of 1
[2025-04-05T04:50:04.686+0000] {taskinstance.py:2330} INFO - Executing <Task(PythonOperator): transform.transform_dim_races> on 2025-04-05 04:49:51.307727+00:00
[2025-04-05T04:50:04.709+0000] {logging_mixin.py:188} WARNING - /home/***/.local/lib/python3.12/site-packages/***/task/task_runner/standard_task_runner.py:61 DeprecationWarning: This process (pid=506) is multi-threaded, use of fork() may lead to deadlocks in the child.
[2025-04-05T04:50:04.710+0000] {standard_task_runner.py:90} INFO - Running: ['***', 'tasks', 'run', 'e_commerce_dw_etl', 'transform.transform_dim_races', 'manual__2025-04-05T04:49:51.307727+00:00', '--job-id', '54', '--raw', '--subdir', 'DAGS_FOLDER/ETL_dag.py', '--cfg-path', '/tmp/tmp9xy6e0f4']
[2025-04-05T04:50:04.713+0000] {standard_task_runner.py:91} INFO - Job 54: Subtask transform.transform_dim_races
[2025-04-05T04:50:04.713+0000] {standard_task_runner.py:63} INFO - Started process 538 to run task
[2025-04-05T04:50:04.828+0000] {task_command.py:426} INFO - Running <TaskInstance: e_commerce_dw_etl.transform.transform_dim_races manual__2025-04-05T04:49:51.307727+00:00 [running]> on host 7b82c2aa8826
[2025-04-05T04:50:05.228+0000] {taskinstance.py:2648} INFO - Exporting env vars: AIRFLOW_CTX_DAG_OWNER='***' AIRFLOW_CTX_DAG_ID='e_commerce_dw_etl' AIRFLOW_CTX_TASK_ID='transform.transform_dim_races' AIRFLOW_CTX_EXECUTION_DATE='2025-04-05T04:49:51.307727+00:00' AIRFLOW_CTX_TRY_NUMBER='1' AIRFLOW_CTX_DAG_RUN_ID='manual__2025-04-05T04:49:51.307727+00:00'
[2025-04-05T04:50:05.234+0000] {taskinstance.py:430} INFO - ::endgroup::
[2025-04-05T04:50:05.381+0000] {base.py:84} INFO - Using connection ID 'postgres_default' for task execution.
[2025-04-05T04:50:05.413+0000] {base.py:84} INFO - Using connection ID 'postgres_default' for task execution.
[2025-04-05T04:50:05.547+0000] {logging_mixin.py:188} INFO - Lỗi khi insert dữ liệu: duplicate key value violates unique constraint "dim_races_pkey"
DETAIL:  Key (raceid)=(1) already exists.
[2025-04-05T04:50:05.560+0000] {python.py:237} INFO - Done. Returned value was: None
[2025-04-05T04:50:05.562+0000] {taskinstance.py:441} INFO - ::group::Post task execution logs
[2025-04-05T04:50:05.581+0000] {taskinstance.py:1206} INFO - Marking task as SUCCESS. dag_id=e_commerce_dw_etl, task_id=transform.transform_dim_races, run_id=manual__2025-04-05T04:49:51.307727+00:00, execution_date=20250405T044951, start_date=20250405T045004, end_date=20250405T045005
[2025-04-05T04:50:05.663+0000] {local_task_job_runner.py:240} INFO - Task exited with return code 0
[2025-04-05T04:50:05.679+0000] {local_task_job_runner.py:222} INFO - ::endgroup::
