[2025-04-08T09:55:20.954+0000] {local_task_job_runner.py:120} INFO - ::group::Pre task execution logs
[2025-04-08T09:55:21.005+0000] {taskinstance.py:2076} INFO - Dependencies all met for dep_context=non-requeueable deps ti=<TaskInstance: formula1-etl-pipeline.transform.transform_dim_circuits manual__2025-04-08T09:55:18.088571+00:00 [queued]>
[2025-04-08T09:55:21.016+0000] {taskinstance.py:2076} INFO - Dependencies all met for dep_context=requeueable deps ti=<TaskInstance: formula1-etl-pipeline.transform.transform_dim_circuits manual__2025-04-08T09:55:18.088571+00:00 [queued]>
[2025-04-08T09:55:21.018+0000] {taskinstance.py:2306} INFO - Starting attempt 1 of 1
[2025-04-08T09:55:21.034+0000] {taskinstance.py:2330} INFO - Executing <Task(PythonOperator): transform.transform_dim_circuits> on 2025-04-08 09:55:18.088571+00:00
[2025-04-08T09:55:21.043+0000] {standard_task_runner.py:90} INFO - Running: ['***', 'tasks', 'run', 'formula1-etl-pipeline', 'transform.transform_dim_circuits', 'manual__2025-04-08T09:55:18.088571+00:00', '--job-id', '91', '--raw', '--subdir', 'DAGS_FOLDER/ETL_dag.py', '--cfg-path', '/tmp/tmp5nlz5m26']
[2025-04-08T09:55:21.046+0000] {standard_task_runner.py:91} INFO - Job 91: Subtask transform.transform_dim_circuits
[2025-04-08T09:55:21.048+0000] {logging_mixin.py:188} WARNING - /home/***/.local/lib/python3.12/site-packages/***/task/task_runner/standard_task_runner.py:61 DeprecationWarning: This process (pid=300) is multi-threaded, use of fork() may lead to deadlocks in the child.
[2025-04-08T09:55:21.049+0000] {standard_task_runner.py:63} INFO - Started process 309 to run task
[2025-04-08T09:55:21.117+0000] {task_command.py:426} INFO - Running <TaskInstance: formula1-etl-pipeline.transform.transform_dim_circuits manual__2025-04-08T09:55:18.088571+00:00 [running]> on host 1c2d39091a25
[2025-04-08T09:55:21.209+0000] {taskinstance.py:2648} INFO - Exporting env vars: AIRFLOW_CTX_DAG_OWNER='***' AIRFLOW_CTX_DAG_ID='formula1-etl-pipeline' AIRFLOW_CTX_TASK_ID='transform.transform_dim_circuits' AIRFLOW_CTX_EXECUTION_DATE='2025-04-08T09:55:18.088571+00:00' AIRFLOW_CTX_TRY_NUMBER='1' AIRFLOW_CTX_DAG_RUN_ID='manual__2025-04-08T09:55:18.088571+00:00'
[2025-04-08T09:55:21.211+0000] {taskinstance.py:430} INFO - ::endgroup::
[2025-04-08T09:55:21.226+0000] {logging_mixin.py:188} INFO - /opt/***/dataset
[2025-04-08T09:55:21.250+0000] {base.py:84} INFO - Using connection ID 'postgres_default' for task execution.
[2025-04-08T09:55:21.256+0000] {logging_mixin.py:188} INFO - Đã tạo bảng thành công.
[2025-04-08T09:55:21.269+0000] {base.py:84} INFO - Using connection ID 'postgres_default' for task execution.
[2025-04-08T09:55:21.298+0000] {logging_mixin.py:188} INFO - Đã transform và lưu dữ liệu vào bảng.
[2025-04-08T09:55:21.299+0000] {python.py:237} INFO - Done. Returned value was: None
[2025-04-08T09:55:21.300+0000] {taskinstance.py:441} INFO - ::group::Post task execution logs
[2025-04-08T09:55:21.308+0000] {taskinstance.py:1206} INFO - Marking task as SUCCESS. dag_id=formula1-etl-pipeline, task_id=transform.transform_dim_circuits, run_id=manual__2025-04-08T09:55:18.088571+00:00, execution_date=20250408T095518, start_date=20250408T095521, end_date=20250408T095521
[2025-04-08T09:55:21.344+0000] {local_task_job_runner.py:240} INFO - Task exited with return code 0
[2025-04-08T09:55:21.366+0000] {taskinstance.py:3503} INFO - 0 downstream tasks scheduled from follow-on schedule check
[2025-04-08T09:55:21.368+0000] {local_task_job_runner.py:222} INFO - ::endgroup::
