[2025-04-15T07:09:12.267+0000] {local_task_job_runner.py:120} INFO - ::group::Pre task execution logs
[2025-04-15T07:09:12.347+0000] {taskinstance.py:2076} INFO - Dependencies all met for dep_context=non-requeueable deps ti=<TaskInstance: formula1-etl-pipeline.transform.transform_dim_drivers scheduled__2025-04-14T00:00:00+00:00 [queued]>
[2025-04-15T07:09:12.368+0000] {taskinstance.py:2076} INFO - Dependencies all met for dep_context=requeueable deps ti=<TaskInstance: formula1-etl-pipeline.transform.transform_dim_drivers scheduled__2025-04-14T00:00:00+00:00 [queued]>
[2025-04-15T07:09:12.370+0000] {taskinstance.py:2306} INFO - Starting attempt 1 of 1
[2025-04-15T07:09:12.391+0000] {taskinstance.py:2330} INFO - Executing <Task(PythonOperator): transform.transform_dim_drivers> on 2025-04-14 00:00:00+00:00
[2025-04-15T07:09:12.420+0000] {logging_mixin.py:188} WARNING - /home/***/.local/lib/python3.12/site-packages/***/task/task_runner/standard_task_runner.py:61 DeprecationWarning: This process (pid=511) is multi-threaded, use of fork() may lead to deadlocks in the child.
[2025-04-15T07:09:12.422+0000] {standard_task_runner.py:63} INFO - Started process 541 to run task
[2025-04-15T07:09:12.418+0000] {standard_task_runner.py:90} INFO - Running: ['***', 'tasks', 'run', 'formula1-etl-pipeline', 'transform.transform_dim_drivers', 'scheduled__2025-04-14T00:00:00+00:00', '--job-id', '29', '--raw', '--subdir', 'DAGS_FOLDER/ETL_dag.py', '--cfg-path', '/tmp/tmpj209spg5']
[2025-04-15T07:09:12.426+0000] {standard_task_runner.py:91} INFO - Job 29: Subtask transform.transform_dim_drivers
[2025-04-15T07:09:12.560+0000] {task_command.py:426} INFO - Running <TaskInstance: formula1-etl-pipeline.transform.transform_dim_drivers scheduled__2025-04-14T00:00:00+00:00 [running]> on host e24a12ae0bf8
[2025-04-15T07:09:12.766+0000] {taskinstance.py:2648} INFO - Exporting env vars: AIRFLOW_CTX_DAG_OWNER='***' AIRFLOW_CTX_DAG_ID='formula1-etl-pipeline' AIRFLOW_CTX_TASK_ID='transform.transform_dim_drivers' AIRFLOW_CTX_EXECUTION_DATE='2025-04-14T00:00:00+00:00' AIRFLOW_CTX_TRY_NUMBER='1' AIRFLOW_CTX_DAG_RUN_ID='scheduled__2025-04-14T00:00:00+00:00'
[2025-04-15T07:09:12.769+0000] {taskinstance.py:430} INFO - ::endgroup::
[2025-04-15T07:09:12.853+0000] {base.py:84} INFO - Using connection ID 'postgres_default' for task execution.
[2025-04-15T07:09:12.860+0000] {logging_mixin.py:188} INFO - Đã tạo bảng thành công.
[2025-04-15T07:09:12.951+0000] {base.py:84} INFO - Using connection ID 'postgres_default' for task execution.
[2025-04-15T07:09:13.215+0000] {logging_mixin.py:188} INFO - Đã transform và lưu dữ liệu vào bảng.
[2025-04-15T07:09:13.216+0000] {python.py:237} INFO - Done. Returned value was: None
[2025-04-15T07:09:13.216+0000] {taskinstance.py:441} INFO - ::group::Post task execution logs
[2025-04-15T07:09:13.225+0000] {taskinstance.py:1206} INFO - Marking task as SUCCESS. dag_id=formula1-etl-pipeline, task_id=transform.transform_dim_drivers, run_id=scheduled__2025-04-14T00:00:00+00:00, execution_date=20250414T000000, start_date=20250415T070912, end_date=20250415T070913
[2025-04-15T07:09:13.246+0000] {local_task_job_runner.py:240} INFO - Task exited with return code 0
[2025-04-15T07:09:13.263+0000] {taskinstance.py:3503} INFO - 0 downstream tasks scheduled from follow-on schedule check
[2025-04-15T07:09:13.264+0000] {local_task_job_runner.py:222} INFO - ::endgroup::
