[2025-04-04T15:42:33.710+0000] {local_task_job_runner.py:120} INFO - ::group::Pre task execution logs
[2025-04-04T15:42:33.755+0000] {taskinstance.py:2076} INFO - Dependencies all met for dep_context=non-requeueable deps ti=<TaskInstance: e_commerce_dw_etl.extract.extract_and_load_to_staging manual__2025-04-04T15:42:31.836560+00:00 [queued]>
[2025-04-04T15:42:33.765+0000] {taskinstance.py:2076} INFO - Dependencies all met for dep_context=requeueable deps ti=<TaskInstance: e_commerce_dw_etl.extract.extract_and_load_to_staging manual__2025-04-04T15:42:31.836560+00:00 [queued]>
[2025-04-04T15:42:33.766+0000] {taskinstance.py:2306} INFO - Starting attempt 1 of 1
[2025-04-04T15:42:33.783+0000] {taskinstance.py:2330} INFO - Executing <Task(PythonOperator): extract.extract_and_load_to_staging> on 2025-04-04 15:42:31.836560+00:00
[2025-04-04T15:42:33.794+0000] {standard_task_runner.py:90} INFO - Running: ['***', 'tasks', 'run', 'e_commerce_dw_etl', 'extract.extract_and_load_to_staging', 'manual__2025-04-04T15:42:31.836560+00:00', '--job-id', '5', '--raw', '--subdir', 'DAGS_FOLDER/ETL_dag.py', '--cfg-path', '/tmp/tmp955qighc']
[2025-04-04T15:42:33.799+0000] {standard_task_runner.py:91} INFO - Job 5: Subtask extract.extract_and_load_to_staging
[2025-04-04T15:42:33.800+0000] {logging_mixin.py:188} WARNING - /home/***/.local/lib/python3.12/site-packages/***/task/task_runner/standard_task_runner.py:61 DeprecationWarning: This process (pid=439) is multi-threaded, use of fork() may lead to deadlocks in the child.
[2025-04-04T15:42:33.801+0000] {standard_task_runner.py:63} INFO - Started process 453 to run task
[2025-04-04T15:42:33.862+0000] {task_command.py:426} INFO - Running <TaskInstance: e_commerce_dw_etl.extract.extract_and_load_to_staging manual__2025-04-04T15:42:31.836560+00:00 [running]> on host 662eee222047
[2025-04-04T15:42:34.012+0000] {taskinstance.py:2648} INFO - Exporting env vars: AIRFLOW_CTX_DAG_OWNER='***' AIRFLOW_CTX_DAG_ID='e_commerce_dw_etl' AIRFLOW_CTX_TASK_ID='extract.extract_and_load_to_staging' AIRFLOW_CTX_EXECUTION_DATE='2025-04-04T15:42:31.836560+00:00' AIRFLOW_CTX_TRY_NUMBER='1' AIRFLOW_CTX_DAG_RUN_ID='manual__2025-04-04T15:42:31.836560+00:00'
[2025-04-04T15:42:34.014+0000] {taskinstance.py:430} INFO - ::endgroup::
[2025-04-04T15:42:37.088+0000] {logging_mixin.py:188} WARNING -   0%|          | 0.00/6.28M [00:00<?, ?B/s]
[2025-04-04T15:42:38.046+0000] {logging_mixin.py:188} WARNING -  16%|#5        | 1.00M/6.28M [00:00<00:05, 1.10MB/s]
[2025-04-04T15:42:38.201+0000] {logging_mixin.py:188} WARNING -  32%|###1      | 2.00M/6.28M [00:01<00:02, 2.16MB/s]
[2025-04-04T15:42:38.368+0000] {logging_mixin.py:188} WARNING -  48%|####7     | 3.00M/6.28M [00:01<00:01, 3.08MB/s]
[2025-04-04T15:42:38.517+0000] {logging_mixin.py:188} WARNING -  64%|######3   | 4.00M/6.28M [00:01<00:00, 3.96MB/s]
[2025-04-04T15:42:38.677+0000] {logging_mixin.py:188} WARNING -  80%|#######9  | 5.00M/6.28M [00:01<00:00, 4.63MB/s]
[2025-04-04T15:42:38.816+0000] {logging_mixin.py:188} WARNING -  96%|#########5| 6.00M/6.28M [00:01<00:00, 5.32MB/s]
[2025-04-04T15:42:38.866+0000] {logging_mixin.py:188} WARNING - 100%|##########| 6.28M/6.28M [00:01<00:00, 3.71MB/s]
[2025-04-04T15:42:39.667+0000] {taskinstance.py:441} INFO - ::group::Post task execution logs
[2025-04-04T15:42:39.668+0000] {taskinstance.py:2905} ERROR - Task failed with exception
Traceback (most recent call last):
  File "/home/airflow/.local/lib/python3.12/site-packages/airflow/models/taskinstance.py", line 465, in _execute_task
    result = _execute_callable(context=context, **execute_callable_kwargs)
             ^^^^^^^^^^^^^^^^^^^^^^^^^^^^^^^^^^^^^^^^^^^^^^^^^^^^^^^^^^^^^
  File "/home/airflow/.local/lib/python3.12/site-packages/airflow/models/taskinstance.py", line 432, in _execute_callable
    return execute_callable(context=context, **execute_callable_kwargs)
           ^^^^^^^^^^^^^^^^^^^^^^^^^^^^^^^^^^^^^^^^^^^^^^^^^^^^^^^^^^^^
  File "/home/airflow/.local/lib/python3.12/site-packages/airflow/models/baseoperator.py", line 401, in wrapper
    return func(self, *args, **kwargs)
           ^^^^^^^^^^^^^^^^^^^^^^^^^^^
  File "/home/airflow/.local/lib/python3.12/site-packages/airflow/operators/python.py", line 235, in execute
    return_value = self.execute_callable()
                   ^^^^^^^^^^^^^^^^^^^^^^^
  File "/home/airflow/.local/lib/python3.12/site-packages/airflow/operators/python.py", line 252, in execute_callable
    return self.python_callable(*self.op_args, **self.op_kwargs)
           ^^^^^^^^^^^^^^^^^^^^^^^^^^^^^^^^^^^^^^^^^^^^^^^^^^^^^
  File "/opt/airflow/dags/extract_data.py", line 13, in extract_and_load_to_staging
    dataset_path = kagglehub.dataset_download("rohanrao/formula-1-world-championship-1950-2020")
                   ^^^^^^^^^^^^^^^^^^^^^^^^^^^^^^^^^^^^^^^^^^^^^^^^^^^^^^^^^^^^^^^^^^^^^^^^^^^^^
  File "/home/airflow/.local/lib/python3.12/site-packages/kagglehub/datasets.py", line 35, in dataset_download
    path, _ = registry.dataset_resolver(h, path, force_download=force_download)
              ^^^^^^^^^^^^^^^^^^^^^^^^^^^^^^^^^^^^^^^^^^^^^^^^^^^^^^^^^^^^^^^^^
  File "/home/airflow/.local/lib/python3.12/site-packages/kagglehub/registry.py", line 28, in __call__
    return impl(*args, **kwargs)
           ^^^^^^^^^^^^^^^^^^^^^
  File "/home/airflow/.local/lib/python3.12/site-packages/kagglehub/resolver.py", line 29, in __call__
    path, version = self._resolve(handle, path, force_download=force_download)
                    ^^^^^^^^^^^^^^^^^^^^^^^^^^^^^^^^^^^^^^^^^^^^^^^^^^^^^^^^^^
  File "/home/airflow/.local/lib/python3.12/site-packages/kagglehub/http_resolver.py", line 135, in _resolve
    os.remove(archive_path)
FileNotFoundError: [Errno 2] No such file or directory: '/opt/airflow/dataset/datasets/rohanrao/formula-1-world-championship-1950-2020/24.archive'
[2025-04-04T15:42:39.680+0000] {taskinstance.py:1206} INFO - Marking task as FAILED. dag_id=e_commerce_dw_etl, task_id=extract.extract_and_load_to_staging, run_id=manual__2025-04-04T15:42:31.836560+00:00, execution_date=20250404T154231, start_date=20250404T154233, end_date=20250404T154239
[2025-04-04T15:42:39.698+0000] {standard_task_runner.py:110} ERROR - Failed to execute job 5 for task extract.extract_and_load_to_staging ([Errno 2] No such file or directory: '/opt/airflow/dataset/datasets/rohanrao/formula-1-world-championship-1950-2020/24.archive'; 453)
[2025-04-04T15:42:39.734+0000] {local_task_job_runner.py:240} INFO - Task exited with return code 1
[2025-04-04T15:42:39.760+0000] {taskinstance.py:3503} INFO - 0 downstream tasks scheduled from follow-on schedule check
[2025-04-04T15:42:39.764+0000] {local_task_job_runner.py:222} INFO - ::endgroup::
