[2025-04-05T04:49:57.088+0000] {local_task_job_runner.py:120} INFO - ::group::Pre task execution logs
[2025-04-05T04:49:57.163+0000] {taskinstance.py:2076} INFO - Dependencies all met for dep_context=non-requeueable deps ti=<TaskInstance: e_commerce_dw_etl.transform.transform_dim_constructors scheduled__2025-03-29T00:00:00+00:00 [queued]>
[2025-04-05T04:49:57.180+0000] {taskinstance.py:2076} INFO - Dependencies all met for dep_context=requeueable deps ti=<TaskInstance: e_commerce_dw_etl.transform.transform_dim_constructors scheduled__2025-03-29T00:00:00+00:00 [queued]>
[2025-04-05T04:49:57.183+0000] {taskinstance.py:2306} INFO - Starting attempt 1 of 1
[2025-04-05T04:49:57.244+0000] {taskinstance.py:2330} INFO - Executing <Task(PythonOperator): transform.transform_dim_constructors> on 2025-03-29 00:00:00+00:00
[2025-04-05T04:49:57.269+0000] {logging_mixin.py:188} WARNING - /home/***/.local/lib/python3.12/site-packages/***/task/task_runner/standard_task_runner.py:61 DeprecationWarning: This process (pid=403) is multi-threaded, use of fork() may lead to deadlocks in the child.
[2025-04-05T04:49:57.270+0000] {standard_task_runner.py:90} INFO - Running: ['***', 'tasks', 'run', 'e_commerce_dw_etl', 'transform.transform_dim_constructors', 'scheduled__2025-03-29T00:00:00+00:00', '--job-id', '25', '--raw', '--subdir', 'DAGS_FOLDER/ETL_dag.py', '--cfg-path', '/tmp/tmp7apotf_w']
[2025-04-05T04:49:57.275+0000] {standard_task_runner.py:91} INFO - Job 25: Subtask transform.transform_dim_constructors
[2025-04-05T04:49:57.273+0000] {standard_task_runner.py:63} INFO - Started process 445 to run task
[2025-04-05T04:49:57.407+0000] {task_command.py:426} INFO - Running <TaskInstance: e_commerce_dw_etl.transform.transform_dim_constructors scheduled__2025-03-29T00:00:00+00:00 [running]> on host 7b82c2aa8826
[2025-04-05T04:49:57.835+0000] {taskinstance.py:2648} INFO - Exporting env vars: AIRFLOW_CTX_DAG_OWNER='***' AIRFLOW_CTX_DAG_ID='e_commerce_dw_etl' AIRFLOW_CTX_TASK_ID='transform.transform_dim_constructors' AIRFLOW_CTX_EXECUTION_DATE='2025-03-29T00:00:00+00:00' AIRFLOW_CTX_TRY_NUMBER='1' AIRFLOW_CTX_DAG_RUN_ID='scheduled__2025-03-29T00:00:00+00:00'
[2025-04-05T04:49:57.842+0000] {taskinstance.py:430} INFO - ::endgroup::
[2025-04-05T04:49:57.991+0000] {base.py:84} INFO - Using connection ID 'postgres_default' for task execution.
[2025-04-05T04:49:58.025+0000] {base.py:84} INFO - Using connection ID 'postgres_default' for task execution.
[2025-04-05T04:49:58.079+0000] {logging_mixin.py:188} INFO - Lỗi khi insert dữ liệu: duplicate key value violates unique constraint "dim_constructors_pkey"
DETAIL:  Key (constructorid)=(1) already exists.
[2025-04-05T04:49:58.083+0000] {python.py:237} INFO - Done. Returned value was: None
[2025-04-05T04:49:58.095+0000] {taskinstance.py:441} INFO - ::group::Post task execution logs
[2025-04-05T04:49:58.132+0000] {taskinstance.py:1206} INFO - Marking task as SUCCESS. dag_id=e_commerce_dw_etl, task_id=transform.transform_dim_constructors, run_id=scheduled__2025-03-29T00:00:00+00:00, execution_date=20250329T000000, start_date=20250405T044957, end_date=20250405T044958
[2025-04-05T04:49:58.332+0000] {local_task_job_runner.py:240} INFO - Task exited with return code 0
[2025-04-05T04:49:58.383+0000] {taskinstance.py:3503} INFO - 1 downstream tasks scheduled from follow-on schedule check
[2025-04-05T04:49:58.393+0000] {local_task_job_runner.py:222} INFO - ::endgroup::
[2025-04-05T04:54:02.643+0000] {local_task_job_runner.py:120} INFO - ::group::Pre task execution logs
[2025-04-05T04:54:02.751+0000] {taskinstance.py:2076} INFO - Dependencies all met for dep_context=non-requeueable deps ti=<TaskInstance: e_commerce_dw_etl.transform.transform_dim_constructors scheduled__2025-03-29T00:00:00+00:00 [queued]>
[2025-04-05T04:54:02.789+0000] {taskinstance.py:2076} INFO - Dependencies all met for dep_context=requeueable deps ti=<TaskInstance: e_commerce_dw_etl.transform.transform_dim_constructors scheduled__2025-03-29T00:00:00+00:00 [queued]>
[2025-04-05T04:54:02.790+0000] {taskinstance.py:2306} INFO - Starting attempt 1 of 1
[2025-04-05T04:54:02.833+0000] {taskinstance.py:2330} INFO - Executing <Task(PythonOperator): transform.transform_dim_constructors> on 2025-03-29 00:00:00+00:00
[2025-04-05T04:54:02.862+0000] {standard_task_runner.py:90} INFO - Running: ['***', 'tasks', 'run', 'e_commerce_dw_etl', 'transform.transform_dim_constructors', 'scheduled__2025-03-29T00:00:00+00:00', '--job-id', '31', '--raw', '--subdir', 'DAGS_FOLDER/ETL_dag.py', '--cfg-path', '/tmp/tmp1vv4tetk']
[2025-04-05T04:54:02.870+0000] {standard_task_runner.py:91} INFO - Job 31: Subtask transform.transform_dim_constructors
[2025-04-05T04:54:02.872+0000] {logging_mixin.py:188} WARNING - /home/***/.local/lib/python3.12/site-packages/***/task/task_runner/standard_task_runner.py:61 DeprecationWarning: This process (pid=361) is multi-threaded, use of fork() may lead to deadlocks in the child.
[2025-04-05T04:54:02.884+0000] {standard_task_runner.py:63} INFO - Started process 419 to run task
[2025-04-05T04:54:03.074+0000] {task_command.py:426} INFO - Running <TaskInstance: e_commerce_dw_etl.transform.transform_dim_constructors scheduled__2025-03-29T00:00:00+00:00 [running]> on host 4766eee3ca7d
[2025-04-05T04:54:03.344+0000] {taskinstance.py:2648} INFO - Exporting env vars: AIRFLOW_CTX_DAG_OWNER='***' AIRFLOW_CTX_DAG_ID='e_commerce_dw_etl' AIRFLOW_CTX_TASK_ID='transform.transform_dim_constructors' AIRFLOW_CTX_EXECUTION_DATE='2025-03-29T00:00:00+00:00' AIRFLOW_CTX_TRY_NUMBER='1' AIRFLOW_CTX_DAG_RUN_ID='scheduled__2025-03-29T00:00:00+00:00'
[2025-04-05T04:54:03.349+0000] {taskinstance.py:430} INFO - ::endgroup::
[2025-04-05T04:54:03.463+0000] {taskinstance.py:441} INFO - ::group::Post task execution logs
[2025-04-05T04:54:03.486+0000] {taskinstance.py:2905} ERROR - Task failed with exception
Traceback (most recent call last):
  File "/home/airflow/.local/lib/python3.12/site-packages/airflow/models/taskinstance.py", line 465, in _execute_task
    result = _execute_callable(context=context, **execute_callable_kwargs)
             ^^^^^^^^^^^^^^^^^^^^^^^^^^^^^^^^^^^^^^^^^^^^^^^^^^^^^^^^^^^^^
  File "/home/airflow/.local/lib/python3.12/site-packages/airflow/models/taskinstance.py", line 432, in _execute_callable
    return execute_callable(context=context, **execute_callable_kwargs)
           ^^^^^^^^^^^^^^^^^^^^^^^^^^^^^^^^^^^^^^^^^^^^^^^^^^^^^^^^^^^^
  File "/home/airflow/.local/lib/python3.12/site-packages/airflow/models/baseoperator.py", line 401, in wrapper
    return func(self, *args, **kwargs)
           ^^^^^^^^^^^^^^^^^^^^^^^^^^^
  File "/home/airflow/.local/lib/python3.12/site-packages/airflow/operators/python.py", line 235, in execute
    return_value = self.execute_callable()
                   ^^^^^^^^^^^^^^^^^^^^^^^
  File "/home/airflow/.local/lib/python3.12/site-packages/airflow/operators/python.py", line 252, in execute_callable
    return self.python_callable(*self.op_args, **self.op_kwargs)
           ^^^^^^^^^^^^^^^^^^^^^^^^^^^^^^^^^^^^^^^^^^^^^^^^^^^^^
  File "/opt/airflow/dags/transform_dim_constructors.py", line 27, in transform_dim_constructors
    warehouse_operator.create_table(create_table_qr)
  File "/opt/airflow/dags/postgresql_operator.py", line 10, in create_table
    conn = pg_hook.get_conn()
           ^^^^^^^^^^^^^^^^^^
  File "/home/airflow/.local/lib/python3.12/site-packages/airflow/providers/postgres/hooks/postgres.py", line 145, in get_conn
    conn = deepcopy(self.connection or self.get_connection(conn_id))
                                       ^^^^^^^^^^^^^^^^^^^^^^^^^^^^
  File "/home/airflow/.local/lib/python3.12/site-packages/airflow/hooks/base.py", line 83, in get_connection
    conn = Connection.get_connection_from_secrets(conn_id)
           ^^^^^^^^^^^^^^^^^^^^^^^^^^^^^^^^^^^^^^^^^^^^^^^
  File "/home/airflow/.local/lib/python3.12/site-packages/airflow/models/connection.py", line 519, in get_connection_from_secrets
    raise AirflowNotFoundException(f"The conn_id `{conn_id}` isn't defined")
airflow.exceptions.AirflowNotFoundException: The conn_id `postgres_default` isn't defined
[2025-04-05T04:54:03.550+0000] {taskinstance.py:1206} INFO - Marking task as FAILED. dag_id=e_commerce_dw_etl, task_id=transform.transform_dim_constructors, run_id=scheduled__2025-03-29T00:00:00+00:00, execution_date=20250329T000000, start_date=20250405T045402, end_date=20250405T045403
[2025-04-05T04:54:03.612+0000] {standard_task_runner.py:110} ERROR - Failed to execute job 31 for task transform.transform_dim_constructors (The conn_id `postgres_default` isn't defined; 419)
[2025-04-05T04:54:03.697+0000] {local_task_job_runner.py:240} INFO - Task exited with return code 1
[2025-04-05T04:54:03.749+0000] {local_task_job_runner.py:222} INFO - ::endgroup::
