[2025-04-04T19:14:11.165+0000] {local_task_job_runner.py:120} INFO - ::group::Pre task execution logs
[2025-04-04T19:14:11.195+0000] {taskinstance.py:2076} INFO - Dependencies all met for dep_context=non-requeueable deps ti=<TaskInstance: e_commerce_dw_etl.transform.transform_dim_constructors manual__2025-04-04T19:14:08.158054+00:00 [queued]>
[2025-04-04T19:14:11.203+0000] {taskinstance.py:2076} INFO - Dependencies all met for dep_context=requeueable deps ti=<TaskInstance: e_commerce_dw_etl.transform.transform_dim_constructors manual__2025-04-04T19:14:08.158054+00:00 [queued]>
[2025-04-04T19:14:11.203+0000] {taskinstance.py:2306} INFO - Starting attempt 1 of 1
[2025-04-04T19:14:11.214+0000] {taskinstance.py:2330} INFO - Executing <Task(PythonOperator): transform.transform_dim_constructors> on 2025-04-04 19:14:08.158054+00:00
[2025-04-04T19:14:11.228+0000] {logging_mixin.py:188} WARNING - /home/***/.local/lib/python3.12/site-packages/***/task/task_runner/standard_task_runner.py:61 DeprecationWarning: This process (pid=315) is multi-threaded, use of fork() may lead to deadlocks in the child.
[2025-04-04T19:14:11.229+0000] {standard_task_runner.py:63} INFO - Started process 319 to run task
[2025-04-04T19:14:11.229+0000] {standard_task_runner.py:90} INFO - Running: ['***', 'tasks', 'run', 'e_commerce_dw_etl', 'transform.transform_dim_constructors', 'manual__2025-04-04T19:14:08.158054+00:00', '--job-id', '38', '--raw', '--subdir', 'DAGS_FOLDER/ETL_dag.py', '--cfg-path', '/tmp/tmpyrvph7hl']
[2025-04-04T19:14:11.233+0000] {standard_task_runner.py:91} INFO - Job 38: Subtask transform.transform_dim_constructors
[2025-04-04T19:14:11.282+0000] {task_command.py:426} INFO - Running <TaskInstance: e_commerce_dw_etl.transform.transform_dim_constructors manual__2025-04-04T19:14:08.158054+00:00 [running]> on host adbdab6b52b9
[2025-04-04T19:14:11.360+0000] {taskinstance.py:2648} INFO - Exporting env vars: AIRFLOW_CTX_DAG_OWNER='***' AIRFLOW_CTX_DAG_ID='e_commerce_dw_etl' AIRFLOW_CTX_TASK_ID='transform.transform_dim_constructors' AIRFLOW_CTX_EXECUTION_DATE='2025-04-04T19:14:08.158054+00:00' AIRFLOW_CTX_TRY_NUMBER='1' AIRFLOW_CTX_DAG_RUN_ID='manual__2025-04-04T19:14:08.158054+00:00'
[2025-04-04T19:14:11.361+0000] {taskinstance.py:430} INFO - ::endgroup::
[2025-04-04T19:14:11.391+0000] {base.py:84} INFO - Using connection ID 'postgres_default' for task execution.
[2025-04-04T19:14:11.404+0000] {base.py:84} INFO - Using connection ID 'postgres_default' for task execution.
[2025-04-04T19:14:11.418+0000] {logging_mixin.py:188} INFO - Lỗi khi insert dữ liệu: duplicate key value violates unique constraint "dim_constructors_pkey"
DETAIL:  Key (constructorid)=(1) already exists.
[2025-04-04T19:14:11.419+0000] {python.py:237} INFO - Done. Returned value was: None
[2025-04-04T19:14:11.419+0000] {taskinstance.py:441} INFO - ::group::Post task execution logs
[2025-04-04T19:14:11.428+0000] {taskinstance.py:1206} INFO - Marking task as SUCCESS. dag_id=e_commerce_dw_etl, task_id=transform.transform_dim_constructors, run_id=manual__2025-04-04T19:14:08.158054+00:00, execution_date=20250404T191408, start_date=20250404T191411, end_date=20250404T191411
[2025-04-04T19:14:11.485+0000] {local_task_job_runner.py:240} INFO - Task exited with return code 0
[2025-04-04T19:14:11.503+0000] {taskinstance.py:3503} INFO - 0 downstream tasks scheduled from follow-on schedule check
[2025-04-04T19:14:11.505+0000] {local_task_job_runner.py:222} INFO - ::endgroup::
