[2025-04-04T18:40:01.502+0000] {local_task_job_runner.py:120} INFO - ::group::Pre task execution logs
[2025-04-04T18:40:01.530+0000] {taskinstance.py:2076} INFO - Dependencies all met for dep_context=non-requeueable deps ti=<TaskInstance: e_commerce_dw_etl.transform.transform_dim_status manual__2025-04-04T18:39:58.185243+00:00 [queued]>
[2025-04-04T18:40:01.537+0000] {taskinstance.py:2076} INFO - Dependencies all met for dep_context=requeueable deps ti=<TaskInstance: e_commerce_dw_etl.transform.transform_dim_status manual__2025-04-04T18:39:58.185243+00:00 [queued]>
[2025-04-04T18:40:01.538+0000] {taskinstance.py:2306} INFO - Starting attempt 1 of 1
[2025-04-04T18:40:01.548+0000] {taskinstance.py:2330} INFO - Executing <Task(PythonOperator): transform.transform_dim_status> on 2025-04-04 18:39:58.185243+00:00
[2025-04-04T18:40:01.556+0000] {standard_task_runner.py:90} INFO - Running: ['***', 'tasks', 'run', 'e_commerce_dw_etl', 'transform.transform_dim_status', 'manual__2025-04-04T18:39:58.185243+00:00', '--job-id', '24', '--raw', '--subdir', 'DAGS_FOLDER/ETL_dag.py', '--cfg-path', '/tmp/tmpa0dl7gcu']
[2025-04-04T18:40:01.558+0000] {standard_task_runner.py:91} INFO - Job 24: Subtask transform.transform_dim_status
[2025-04-04T18:40:01.559+0000] {logging_mixin.py:188} WARNING - /home/***/.local/lib/python3.12/site-packages/***/task/task_runner/standard_task_runner.py:61 DeprecationWarning: This process (pid=506) is multi-threaded, use of fork() may lead to deadlocks in the child.
[2025-04-04T18:40:01.559+0000] {standard_task_runner.py:63} INFO - Started process 508 to run task
[2025-04-04T18:40:01.598+0000] {task_command.py:426} INFO - Running <TaskInstance: e_commerce_dw_etl.transform.transform_dim_status manual__2025-04-04T18:39:58.185243+00:00 [running]> on host 12c1374f76d9
[2025-04-04T18:40:01.678+0000] {taskinstance.py:2648} INFO - Exporting env vars: AIRFLOW_CTX_DAG_OWNER='***' AIRFLOW_CTX_DAG_ID='e_commerce_dw_etl' AIRFLOW_CTX_TASK_ID='transform.transform_dim_status' AIRFLOW_CTX_EXECUTION_DATE='2025-04-04T18:39:58.185243+00:00' AIRFLOW_CTX_TRY_NUMBER='1' AIRFLOW_CTX_DAG_RUN_ID='manual__2025-04-04T18:39:58.185243+00:00'
[2025-04-04T18:40:01.679+0000] {taskinstance.py:430} INFO - ::endgroup::
[2025-04-04T18:40:01.709+0000] {base.py:84} INFO - Using connection ID 'postgres_default' for task execution.
[2025-04-04T18:40:01.723+0000] {base.py:84} INFO - Using connection ID 'postgres_default' for task execution.
[2025-04-04T18:40:01.755+0000] {logging_mixin.py:188} INFO - Đã transform và lưu dữ liệu vào dim_status
[2025-04-04T18:40:01.756+0000] {python.py:237} INFO - Done. Returned value was: None
[2025-04-04T18:40:01.757+0000] {taskinstance.py:441} INFO - ::group::Post task execution logs
[2025-04-04T18:40:01.765+0000] {taskinstance.py:1206} INFO - Marking task as SUCCESS. dag_id=e_commerce_dw_etl, task_id=transform.transform_dim_status, run_id=manual__2025-04-04T18:39:58.185243+00:00, execution_date=20250404T183958, start_date=20250404T184001, end_date=20250404T184001
[2025-04-04T18:40:01.813+0000] {local_task_job_runner.py:240} INFO - Task exited with return code 0
[2025-04-04T18:40:01.831+0000] {taskinstance.py:3503} INFO - 0 downstream tasks scheduled from follow-on schedule check
[2025-04-04T18:40:01.833+0000] {local_task_job_runner.py:222} INFO - ::endgroup::
