[2025-04-04T19:04:57.727+0000] {local_task_job_runner.py:120} INFO - ::group::Pre task execution logs
[2025-04-04T19:04:57.753+0000] {taskinstance.py:2076} INFO - Dependencies all met for dep_context=non-requeueable deps ti=<TaskInstance: e_commerce_dw_etl.transform.transform_dim_seasons manual__2025-04-04T19:04:54.717316+00:00 [queued]>
[2025-04-04T19:04:57.760+0000] {taskinstance.py:2076} INFO - Dependencies all met for dep_context=requeueable deps ti=<TaskInstance: e_commerce_dw_etl.transform.transform_dim_seasons manual__2025-04-04T19:04:54.717316+00:00 [queued]>
[2025-04-04T19:04:57.761+0000] {taskinstance.py:2306} INFO - Starting attempt 1 of 1
[2025-04-04T19:04:57.771+0000] {taskinstance.py:2330} INFO - Executing <Task(PythonOperator): transform.transform_dim_seasons> on 2025-04-04 19:04:54.717316+00:00
[2025-04-04T19:04:57.785+0000] {logging_mixin.py:188} WARNING - /home/***/.local/lib/python3.12/site-packages/***/task/task_runner/standard_task_runner.py:61 DeprecationWarning: This process (pid=313) is multi-threaded, use of fork() may lead to deadlocks in the child.
[2025-04-04T19:04:57.787+0000] {standard_task_runner.py:63} INFO - Started process 321 to run task
[2025-04-04T19:04:57.786+0000] {standard_task_runner.py:90} INFO - Running: ['***', 'tasks', 'run', 'e_commerce_dw_etl', 'transform.transform_dim_seasons', 'manual__2025-04-04T19:04:54.717316+00:00', '--job-id', '33', '--raw', '--subdir', 'DAGS_FOLDER/ETL_dag.py', '--cfg-path', '/tmp/tmpexawjgph']
[2025-04-04T19:04:57.788+0000] {standard_task_runner.py:91} INFO - Job 33: Subtask transform.transform_dim_seasons
[2025-04-04T19:04:57.829+0000] {task_command.py:426} INFO - Running <TaskInstance: e_commerce_dw_etl.transform.transform_dim_seasons manual__2025-04-04T19:04:54.717316+00:00 [running]> on host 0a1579e14938
[2025-04-04T19:04:57.905+0000] {taskinstance.py:2648} INFO - Exporting env vars: AIRFLOW_CTX_DAG_OWNER='***' AIRFLOW_CTX_DAG_ID='e_commerce_dw_etl' AIRFLOW_CTX_TASK_ID='transform.transform_dim_seasons' AIRFLOW_CTX_EXECUTION_DATE='2025-04-04T19:04:54.717316+00:00' AIRFLOW_CTX_TRY_NUMBER='1' AIRFLOW_CTX_DAG_RUN_ID='manual__2025-04-04T19:04:54.717316+00:00'
[2025-04-04T19:04:57.906+0000] {taskinstance.py:430} INFO - ::endgroup::
[2025-04-04T19:04:57.935+0000] {base.py:84} INFO - Using connection ID 'postgres_default' for task execution.
[2025-04-04T19:04:57.948+0000] {base.py:84} INFO - Using connection ID 'postgres_default' for task execution.
[2025-04-04T19:04:57.954+0000] {logging_mixin.py:188} INFO - Lỗi khi insert dữ liệu: can't adapt type 'numpy.int64'
[2025-04-04T19:04:57.954+0000] {python.py:237} INFO - Done. Returned value was: None
[2025-04-04T19:04:57.955+0000] {taskinstance.py:441} INFO - ::group::Post task execution logs
[2025-04-04T19:04:57.962+0000] {taskinstance.py:1206} INFO - Marking task as SUCCESS. dag_id=e_commerce_dw_etl, task_id=transform.transform_dim_seasons, run_id=manual__2025-04-04T19:04:54.717316+00:00, execution_date=20250404T190454, start_date=20250404T190457, end_date=20250404T190457
[2025-04-04T19:04:58.001+0000] {local_task_job_runner.py:240} INFO - Task exited with return code 0
[2025-04-04T19:04:58.009+0000] {local_task_job_runner.py:222} INFO - ::endgroup::
