[2025-04-02T04:29:19.718+0000] {processor.py:161} INFO - Started process (PID=209) to work on /opt/airflow/dags/ETL_dag.py
[2025-04-02T04:29:19.720+0000] {processor.py:830} INFO - Processing file /opt/airflow/dags/ETL_dag.py for tasks to queue
[2025-04-02T04:29:19.723+0000] {logging_mixin.py:188} INFO - [2025-04-02T04:29:19.723+0000] {dagbag.py:545} INFO - Filling up the DagBag from /opt/airflow/dags/ETL_dag.py
[2025-04-02T04:29:19.831+0000] {processor.py:840} INFO - DAG(s) 'e_commerce_dw_etl' retrieved from /opt/airflow/dags/ETL_dag.py
[2025-04-02T04:29:20.164+0000] {logging_mixin.py:188} INFO - [2025-04-02T04:29:20.163+0000] {dag.py:3096} INFO - Sync 1 DAGs
[2025-04-02T04:29:20.222+0000] {logging_mixin.py:188} INFO - [2025-04-02T04:29:20.222+0000] {dag.py:3954} INFO - Setting next_dagrun for e_commerce_dw_etl to 2025-04-01 00:00:00+00:00, run_after=2025-04-02 00:00:00+00:00
[2025-04-02T04:29:20.267+0000] {processor.py:183} INFO - Processing /opt/airflow/dags/ETL_dag.py took 0.558 seconds
[2025-04-02T04:29:51.192+0000] {processor.py:161} INFO - Started process (PID=237) to work on /opt/airflow/dags/ETL_dag.py
[2025-04-02T04:29:51.202+0000] {processor.py:830} INFO - Processing file /opt/airflow/dags/ETL_dag.py for tasks to queue
[2025-04-02T04:29:51.213+0000] {logging_mixin.py:188} INFO - [2025-04-02T04:29:51.212+0000] {dagbag.py:545} INFO - Filling up the DagBag from /opt/airflow/dags/ETL_dag.py
[2025-04-02T04:29:51.341+0000] {processor.py:840} INFO - DAG(s) 'e_commerce_dw_etl' retrieved from /opt/airflow/dags/ETL_dag.py
[2025-04-02T04:29:51.402+0000] {logging_mixin.py:188} INFO - [2025-04-02T04:29:51.402+0000] {dag.py:3096} INFO - Sync 1 DAGs
[2025-04-02T04:29:51.445+0000] {logging_mixin.py:188} INFO - [2025-04-02T04:29:51.444+0000] {dag.py:3954} INFO - Setting next_dagrun for e_commerce_dw_etl to 2025-04-02 00:00:00+00:00, run_after=2025-04-03 00:00:00+00:00
[2025-04-02T04:29:51.476+0000] {processor.py:183} INFO - Processing /opt/airflow/dags/ETL_dag.py took 0.306 seconds
[2025-04-02T04:30:21.925+0000] {processor.py:161} INFO - Started process (PID=265) to work on /opt/airflow/dags/ETL_dag.py
[2025-04-02T04:30:21.927+0000] {processor.py:830} INFO - Processing file /opt/airflow/dags/ETL_dag.py for tasks to queue
[2025-04-02T04:30:21.932+0000] {logging_mixin.py:188} INFO - [2025-04-02T04:30:21.931+0000] {dagbag.py:545} INFO - Filling up the DagBag from /opt/airflow/dags/ETL_dag.py
[2025-04-02T04:30:22.034+0000] {processor.py:840} INFO - DAG(s) 'e_commerce_dw_etl' retrieved from /opt/airflow/dags/ETL_dag.py
[2025-04-02T04:30:22.101+0000] {logging_mixin.py:188} INFO - [2025-04-02T04:30:22.101+0000] {dag.py:3096} INFO - Sync 1 DAGs
[2025-04-02T04:30:22.141+0000] {logging_mixin.py:188} INFO - [2025-04-02T04:30:22.141+0000] {dag.py:3954} INFO - Setting next_dagrun for e_commerce_dw_etl to 2025-04-02 00:00:00+00:00, run_after=2025-04-03 00:00:00+00:00
[2025-04-02T04:30:22.176+0000] {processor.py:183} INFO - Processing /opt/airflow/dags/ETL_dag.py took 0.266 seconds
[2025-04-02T04:30:52.638+0000] {processor.py:161} INFO - Started process (PID=291) to work on /opt/airflow/dags/ETL_dag.py
[2025-04-02T04:30:52.640+0000] {processor.py:830} INFO - Processing file /opt/airflow/dags/ETL_dag.py for tasks to queue
[2025-04-02T04:30:52.645+0000] {logging_mixin.py:188} INFO - [2025-04-02T04:30:52.644+0000] {dagbag.py:545} INFO - Filling up the DagBag from /opt/airflow/dags/ETL_dag.py
[2025-04-02T04:30:52.750+0000] {processor.py:840} INFO - DAG(s) 'e_commerce_dw_etl' retrieved from /opt/airflow/dags/ETL_dag.py
[2025-04-02T04:30:52.811+0000] {logging_mixin.py:188} INFO - [2025-04-02T04:30:52.810+0000] {dag.py:3096} INFO - Sync 1 DAGs
[2025-04-02T04:30:52.853+0000] {logging_mixin.py:188} INFO - [2025-04-02T04:30:52.853+0000] {dag.py:3954} INFO - Setting next_dagrun for e_commerce_dw_etl to 2025-04-02 00:00:00+00:00, run_after=2025-04-03 00:00:00+00:00
[2025-04-02T04:30:52.899+0000] {processor.py:183} INFO - Processing /opt/airflow/dags/ETL_dag.py took 0.276 seconds
[2025-04-02T04:31:23.464+0000] {processor.py:161} INFO - Started process (PID=317) to work on /opt/airflow/dags/ETL_dag.py
[2025-04-02T04:31:23.466+0000] {processor.py:830} INFO - Processing file /opt/airflow/dags/ETL_dag.py for tasks to queue
[2025-04-02T04:31:23.469+0000] {logging_mixin.py:188} INFO - [2025-04-02T04:31:23.469+0000] {dagbag.py:545} INFO - Filling up the DagBag from /opt/airflow/dags/ETL_dag.py
[2025-04-02T04:31:23.560+0000] {processor.py:840} INFO - DAG(s) 'e_commerce_dw_etl' retrieved from /opt/airflow/dags/ETL_dag.py
[2025-04-02T04:31:23.612+0000] {logging_mixin.py:188} INFO - [2025-04-02T04:31:23.612+0000] {dag.py:3096} INFO - Sync 1 DAGs
[2025-04-02T04:31:23.657+0000] {logging_mixin.py:188} INFO - [2025-04-02T04:31:23.656+0000] {dag.py:3954} INFO - Setting next_dagrun for e_commerce_dw_etl to 2025-04-02 00:00:00+00:00, run_after=2025-04-03 00:00:00+00:00
[2025-04-02T04:31:23.689+0000] {processor.py:183} INFO - Processing /opt/airflow/dags/ETL_dag.py took 0.237 seconds
[2025-04-02T04:31:54.135+0000] {processor.py:161} INFO - Started process (PID=343) to work on /opt/airflow/dags/ETL_dag.py
[2025-04-02T04:31:54.136+0000] {processor.py:830} INFO - Processing file /opt/airflow/dags/ETL_dag.py for tasks to queue
[2025-04-02T04:31:54.139+0000] {logging_mixin.py:188} INFO - [2025-04-02T04:31:54.139+0000] {dagbag.py:545} INFO - Filling up the DagBag from /opt/airflow/dags/ETL_dag.py
[2025-04-02T04:31:54.234+0000] {processor.py:840} INFO - DAG(s) 'e_commerce_dw_etl' retrieved from /opt/airflow/dags/ETL_dag.py
[2025-04-02T04:31:54.290+0000] {logging_mixin.py:188} INFO - [2025-04-02T04:31:54.290+0000] {dag.py:3096} INFO - Sync 1 DAGs
[2025-04-02T04:31:54.332+0000] {logging_mixin.py:188} INFO - [2025-04-02T04:31:54.331+0000] {dag.py:3954} INFO - Setting next_dagrun for e_commerce_dw_etl to 2025-04-02 00:00:00+00:00, run_after=2025-04-03 00:00:00+00:00
[2025-04-02T04:31:54.366+0000] {processor.py:183} INFO - Processing /opt/airflow/dags/ETL_dag.py took 0.241 seconds
[2025-04-02T04:32:24.825+0000] {processor.py:161} INFO - Started process (PID=369) to work on /opt/airflow/dags/ETL_dag.py
[2025-04-02T04:32:24.826+0000] {processor.py:830} INFO - Processing file /opt/airflow/dags/ETL_dag.py for tasks to queue
[2025-04-02T04:32:24.830+0000] {logging_mixin.py:188} INFO - [2025-04-02T04:32:24.829+0000] {dagbag.py:545} INFO - Filling up the DagBag from /opt/airflow/dags/ETL_dag.py
[2025-04-02T04:32:24.934+0000] {processor.py:840} INFO - DAG(s) 'e_commerce_dw_etl' retrieved from /opt/airflow/dags/ETL_dag.py
[2025-04-02T04:32:24.995+0000] {logging_mixin.py:188} INFO - [2025-04-02T04:32:24.995+0000] {dag.py:3096} INFO - Sync 1 DAGs
[2025-04-02T04:32:25.038+0000] {logging_mixin.py:188} INFO - [2025-04-02T04:32:25.037+0000] {dag.py:3954} INFO - Setting next_dagrun for e_commerce_dw_etl to 2025-04-02 00:00:00+00:00, run_after=2025-04-03 00:00:00+00:00
[2025-04-02T04:32:25.072+0000] {processor.py:183} INFO - Processing /opt/airflow/dags/ETL_dag.py took 0.258 seconds
[2025-04-02T04:33:59.583+0000] {processor.py:161} INFO - Started process (PID=203) to work on /opt/airflow/dags/ETL_dag.py
[2025-04-02T04:33:59.585+0000] {processor.py:830} INFO - Processing file /opt/airflow/dags/ETL_dag.py for tasks to queue
[2025-04-02T04:33:59.588+0000] {logging_mixin.py:188} INFO - [2025-04-02T04:33:59.587+0000] {dagbag.py:545} INFO - Filling up the DagBag from /opt/airflow/dags/ETL_dag.py
[2025-04-02T04:33:59.700+0000] {processor.py:840} INFO - DAG(s) 'e_commerce_dw_etl' retrieved from /opt/airflow/dags/ETL_dag.py
[2025-04-02T04:34:00.130+0000] {logging_mixin.py:188} INFO - [2025-04-02T04:34:00.129+0000] {dag.py:3096} INFO - Sync 1 DAGs
[2025-04-02T04:34:00.178+0000] {logging_mixin.py:188} INFO - [2025-04-02T04:34:00.178+0000] {dag.py:3954} INFO - Setting next_dagrun for e_commerce_dw_etl to 2025-04-02 00:00:00+00:00, run_after=2025-04-03 00:00:00+00:00
[2025-04-02T04:34:00.216+0000] {processor.py:183} INFO - Processing /opt/airflow/dags/ETL_dag.py took 0.643 seconds
[2025-04-02T04:34:31.046+0000] {processor.py:161} INFO - Started process (PID=235) to work on /opt/airflow/dags/ETL_dag.py
[2025-04-02T04:34:31.048+0000] {processor.py:830} INFO - Processing file /opt/airflow/dags/ETL_dag.py for tasks to queue
[2025-04-02T04:34:31.051+0000] {logging_mixin.py:188} INFO - [2025-04-02T04:34:31.050+0000] {dagbag.py:545} INFO - Filling up the DagBag from /opt/airflow/dags/ETL_dag.py
[2025-04-02T04:34:31.157+0000] {processor.py:840} INFO - DAG(s) 'e_commerce_dw_etl' retrieved from /opt/airflow/dags/ETL_dag.py
[2025-04-02T04:34:31.224+0000] {logging_mixin.py:188} INFO - [2025-04-02T04:34:31.224+0000] {dag.py:3096} INFO - Sync 1 DAGs
[2025-04-02T04:34:31.272+0000] {logging_mixin.py:188} INFO - [2025-04-02T04:34:31.271+0000] {dag.py:3954} INFO - Setting next_dagrun for e_commerce_dw_etl to 2025-04-02 00:00:00+00:00, run_after=2025-04-03 00:00:00+00:00
[2025-04-02T04:34:31.307+0000] {processor.py:183} INFO - Processing /opt/airflow/dags/ETL_dag.py took 0.274 seconds
[2025-04-02T04:35:01.975+0000] {processor.py:161} INFO - Started process (PID=261) to work on /opt/airflow/dags/ETL_dag.py
[2025-04-02T04:35:01.977+0000] {processor.py:830} INFO - Processing file /opt/airflow/dags/ETL_dag.py for tasks to queue
[2025-04-02T04:35:01.982+0000] {logging_mixin.py:188} INFO - [2025-04-02T04:35:01.982+0000] {dagbag.py:545} INFO - Filling up the DagBag from /opt/airflow/dags/ETL_dag.py
[2025-04-02T04:35:02.140+0000] {processor.py:840} INFO - DAG(s) 'e_commerce_dw_etl' retrieved from /opt/airflow/dags/ETL_dag.py
[2025-04-02T04:35:02.211+0000] {logging_mixin.py:188} INFO - [2025-04-02T04:35:02.210+0000] {dag.py:3096} INFO - Sync 1 DAGs
[2025-04-02T04:35:02.254+0000] {logging_mixin.py:188} INFO - [2025-04-02T04:35:02.253+0000] {dag.py:3954} INFO - Setting next_dagrun for e_commerce_dw_etl to 2025-04-02 00:00:00+00:00, run_after=2025-04-03 00:00:00+00:00
[2025-04-02T04:35:02.289+0000] {processor.py:183} INFO - Processing /opt/airflow/dags/ETL_dag.py took 0.330 seconds
[2025-04-02T04:35:32.894+0000] {processor.py:161} INFO - Started process (PID=289) to work on /opt/airflow/dags/ETL_dag.py
[2025-04-02T04:35:32.895+0000] {processor.py:830} INFO - Processing file /opt/airflow/dags/ETL_dag.py for tasks to queue
[2025-04-02T04:35:32.899+0000] {logging_mixin.py:188} INFO - [2025-04-02T04:35:32.898+0000] {dagbag.py:545} INFO - Filling up the DagBag from /opt/airflow/dags/ETL_dag.py
[2025-04-02T04:35:33.013+0000] {processor.py:840} INFO - DAG(s) 'e_commerce_dw_etl' retrieved from /opt/airflow/dags/ETL_dag.py
[2025-04-02T04:35:33.070+0000] {logging_mixin.py:188} INFO - [2025-04-02T04:35:33.069+0000] {dag.py:3096} INFO - Sync 1 DAGs
[2025-04-02T04:35:33.109+0000] {logging_mixin.py:188} INFO - [2025-04-02T04:35:33.109+0000] {dag.py:3954} INFO - Setting next_dagrun for e_commerce_dw_etl to 2025-04-02 00:00:00+00:00, run_after=2025-04-03 00:00:00+00:00
[2025-04-02T04:35:33.140+0000] {processor.py:183} INFO - Processing /opt/airflow/dags/ETL_dag.py took 0.258 seconds
[2025-04-02T04:36:03.674+0000] {processor.py:161} INFO - Started process (PID=315) to work on /opt/airflow/dags/ETL_dag.py
[2025-04-02T04:36:03.676+0000] {processor.py:830} INFO - Processing file /opt/airflow/dags/ETL_dag.py for tasks to queue
[2025-04-02T04:36:03.679+0000] {logging_mixin.py:188} INFO - [2025-04-02T04:36:03.678+0000] {dagbag.py:545} INFO - Filling up the DagBag from /opt/airflow/dags/ETL_dag.py
[2025-04-02T04:36:03.791+0000] {processor.py:840} INFO - DAG(s) 'e_commerce_dw_etl' retrieved from /opt/airflow/dags/ETL_dag.py
[2025-04-02T04:36:03.850+0000] {logging_mixin.py:188} INFO - [2025-04-02T04:36:03.849+0000] {dag.py:3096} INFO - Sync 1 DAGs
[2025-04-02T04:36:03.892+0000] {logging_mixin.py:188} INFO - [2025-04-02T04:36:03.891+0000] {dag.py:3954} INFO - Setting next_dagrun for e_commerce_dw_etl to 2025-04-02 00:00:00+00:00, run_after=2025-04-03 00:00:00+00:00
[2025-04-02T04:36:03.921+0000] {processor.py:183} INFO - Processing /opt/airflow/dags/ETL_dag.py took 0.258 seconds
[2025-04-02T04:36:34.372+0000] {processor.py:161} INFO - Started process (PID=341) to work on /opt/airflow/dags/ETL_dag.py
[2025-04-02T04:36:34.375+0000] {processor.py:830} INFO - Processing file /opt/airflow/dags/ETL_dag.py for tasks to queue
[2025-04-02T04:36:34.379+0000] {logging_mixin.py:188} INFO - [2025-04-02T04:36:34.379+0000] {dagbag.py:545} INFO - Filling up the DagBag from /opt/airflow/dags/ETL_dag.py
[2025-04-02T04:36:34.513+0000] {processor.py:840} INFO - DAG(s) 'e_commerce_dw_etl' retrieved from /opt/airflow/dags/ETL_dag.py
[2025-04-02T04:36:34.599+0000] {logging_mixin.py:188} INFO - [2025-04-02T04:36:34.598+0000] {dag.py:3096} INFO - Sync 1 DAGs
[2025-04-02T04:36:34.641+0000] {logging_mixin.py:188} INFO - [2025-04-02T04:36:34.640+0000] {dag.py:3954} INFO - Setting next_dagrun for e_commerce_dw_etl to 2025-04-02 00:00:00+00:00, run_after=2025-04-03 00:00:00+00:00
[2025-04-02T04:36:34.675+0000] {processor.py:183} INFO - Processing /opt/airflow/dags/ETL_dag.py took 0.317 seconds
[2025-04-02T04:37:05.224+0000] {processor.py:161} INFO - Started process (PID=367) to work on /opt/airflow/dags/ETL_dag.py
[2025-04-02T04:37:05.225+0000] {processor.py:830} INFO - Processing file /opt/airflow/dags/ETL_dag.py for tasks to queue
[2025-04-02T04:37:05.228+0000] {logging_mixin.py:188} INFO - [2025-04-02T04:37:05.228+0000] {dagbag.py:545} INFO - Filling up the DagBag from /opt/airflow/dags/ETL_dag.py
[2025-04-02T04:37:05.324+0000] {processor.py:840} INFO - DAG(s) 'e_commerce_dw_etl' retrieved from /opt/airflow/dags/ETL_dag.py
[2025-04-02T04:37:05.380+0000] {logging_mixin.py:188} INFO - [2025-04-02T04:37:05.380+0000] {dag.py:3096} INFO - Sync 1 DAGs
[2025-04-02T04:37:05.428+0000] {logging_mixin.py:188} INFO - [2025-04-02T04:37:05.428+0000] {dag.py:3954} INFO - Setting next_dagrun for e_commerce_dw_etl to 2025-04-02 00:00:00+00:00, run_after=2025-04-03 00:00:00+00:00
[2025-04-02T04:37:05.462+0000] {processor.py:183} INFO - Processing /opt/airflow/dags/ETL_dag.py took 0.247 seconds
[2025-04-02T04:37:35.982+0000] {processor.py:161} INFO - Started process (PID=393) to work on /opt/airflow/dags/ETL_dag.py
[2025-04-02T04:37:35.984+0000] {processor.py:830} INFO - Processing file /opt/airflow/dags/ETL_dag.py for tasks to queue
[2025-04-02T04:37:35.987+0000] {logging_mixin.py:188} INFO - [2025-04-02T04:37:35.987+0000] {dagbag.py:545} INFO - Filling up the DagBag from /opt/airflow/dags/ETL_dag.py
[2025-04-02T04:37:36.105+0000] {processor.py:840} INFO - DAG(s) 'e_commerce_dw_etl' retrieved from /opt/airflow/dags/ETL_dag.py
[2025-04-02T04:37:36.165+0000] {logging_mixin.py:188} INFO - [2025-04-02T04:37:36.164+0000] {dag.py:3096} INFO - Sync 1 DAGs
[2025-04-02T04:37:36.209+0000] {logging_mixin.py:188} INFO - [2025-04-02T04:37:36.209+0000] {dag.py:3954} INFO - Setting next_dagrun for e_commerce_dw_etl to 2025-04-02 00:00:00+00:00, run_after=2025-04-03 00:00:00+00:00
[2025-04-02T04:37:36.244+0000] {processor.py:183} INFO - Processing /opt/airflow/dags/ETL_dag.py took 0.270 seconds
[2025-04-02T04:38:06.800+0000] {processor.py:161} INFO - Started process (PID=419) to work on /opt/airflow/dags/ETL_dag.py
[2025-04-02T04:38:06.801+0000] {processor.py:830} INFO - Processing file /opt/airflow/dags/ETL_dag.py for tasks to queue
[2025-04-02T04:38:06.804+0000] {logging_mixin.py:188} INFO - [2025-04-02T04:38:06.804+0000] {dagbag.py:545} INFO - Filling up the DagBag from /opt/airflow/dags/ETL_dag.py
[2025-04-02T04:38:06.900+0000] {processor.py:840} INFO - DAG(s) 'e_commerce_dw_etl' retrieved from /opt/airflow/dags/ETL_dag.py
[2025-04-02T04:38:06.954+0000] {logging_mixin.py:188} INFO - [2025-04-02T04:38:06.953+0000] {dag.py:3096} INFO - Sync 1 DAGs
[2025-04-02T04:38:06.995+0000] {logging_mixin.py:188} INFO - [2025-04-02T04:38:06.995+0000] {dag.py:3954} INFO - Setting next_dagrun for e_commerce_dw_etl to 2025-04-02 00:00:00+00:00, run_after=2025-04-03 00:00:00+00:00
[2025-04-02T04:38:07.027+0000] {processor.py:183} INFO - Processing /opt/airflow/dags/ETL_dag.py took 0.236 seconds
[2025-04-02T04:38:37.470+0000] {processor.py:161} INFO - Started process (PID=445) to work on /opt/airflow/dags/ETL_dag.py
[2025-04-02T04:38:37.471+0000] {processor.py:830} INFO - Processing file /opt/airflow/dags/ETL_dag.py for tasks to queue
[2025-04-02T04:38:37.476+0000] {logging_mixin.py:188} INFO - [2025-04-02T04:38:37.475+0000] {dagbag.py:545} INFO - Filling up the DagBag from /opt/airflow/dags/ETL_dag.py
[2025-04-02T04:38:37.596+0000] {processor.py:840} INFO - DAG(s) 'e_commerce_dw_etl' retrieved from /opt/airflow/dags/ETL_dag.py
[2025-04-02T04:38:37.661+0000] {logging_mixin.py:188} INFO - [2025-04-02T04:38:37.661+0000] {dag.py:3096} INFO - Sync 1 DAGs
[2025-04-02T04:38:37.707+0000] {logging_mixin.py:188} INFO - [2025-04-02T04:38:37.707+0000] {dag.py:3954} INFO - Setting next_dagrun for e_commerce_dw_etl to 2025-04-02 00:00:00+00:00, run_after=2025-04-03 00:00:00+00:00
[2025-04-02T04:38:37.747+0000] {processor.py:183} INFO - Processing /opt/airflow/dags/ETL_dag.py took 0.291 seconds
[2025-04-02T04:39:08.628+0000] {processor.py:161} INFO - Started process (PID=471) to work on /opt/airflow/dags/ETL_dag.py
[2025-04-02T04:39:08.629+0000] {processor.py:830} INFO - Processing file /opt/airflow/dags/ETL_dag.py for tasks to queue
[2025-04-02T04:39:08.634+0000] {logging_mixin.py:188} INFO - [2025-04-02T04:39:08.633+0000] {dagbag.py:545} INFO - Filling up the DagBag from /opt/airflow/dags/ETL_dag.py
[2025-04-02T04:39:08.729+0000] {processor.py:840} INFO - DAG(s) 'e_commerce_dw_etl' retrieved from /opt/airflow/dags/ETL_dag.py
[2025-04-02T04:39:08.784+0000] {logging_mixin.py:188} INFO - [2025-04-02T04:39:08.783+0000] {dag.py:3096} INFO - Sync 1 DAGs
[2025-04-02T04:39:08.825+0000] {logging_mixin.py:188} INFO - [2025-04-02T04:39:08.825+0000] {dag.py:3954} INFO - Setting next_dagrun for e_commerce_dw_etl to 2025-04-02 00:00:00+00:00, run_after=2025-04-03 00:00:00+00:00
[2025-04-02T04:39:08.868+0000] {processor.py:183} INFO - Processing /opt/airflow/dags/ETL_dag.py took 0.252 seconds
[2025-04-02T04:39:39.396+0000] {processor.py:161} INFO - Started process (PID=498) to work on /opt/airflow/dags/ETL_dag.py
[2025-04-02T04:39:39.397+0000] {processor.py:830} INFO - Processing file /opt/airflow/dags/ETL_dag.py for tasks to queue
[2025-04-02T04:39:39.400+0000] {logging_mixin.py:188} INFO - [2025-04-02T04:39:39.400+0000] {dagbag.py:545} INFO - Filling up the DagBag from /opt/airflow/dags/ETL_dag.py
[2025-04-02T04:39:39.492+0000] {processor.py:840} INFO - DAG(s) 'e_commerce_dw_etl' retrieved from /opt/airflow/dags/ETL_dag.py
[2025-04-02T04:39:39.545+0000] {logging_mixin.py:188} INFO - [2025-04-02T04:39:39.544+0000] {dag.py:3096} INFO - Sync 1 DAGs
[2025-04-02T04:39:39.588+0000] {logging_mixin.py:188} INFO - [2025-04-02T04:39:39.588+0000] {dag.py:3954} INFO - Setting next_dagrun for e_commerce_dw_etl to 2025-04-02 00:00:00+00:00, run_after=2025-04-03 00:00:00+00:00
[2025-04-02T04:39:39.619+0000] {processor.py:183} INFO - Processing /opt/airflow/dags/ETL_dag.py took 0.232 seconds
[2025-04-02T04:40:10.171+0000] {processor.py:161} INFO - Started process (PID=524) to work on /opt/airflow/dags/ETL_dag.py
[2025-04-02T04:40:10.173+0000] {processor.py:830} INFO - Processing file /opt/airflow/dags/ETL_dag.py for tasks to queue
[2025-04-02T04:40:10.176+0000] {logging_mixin.py:188} INFO - [2025-04-02T04:40:10.175+0000] {dagbag.py:545} INFO - Filling up the DagBag from /opt/airflow/dags/ETL_dag.py
[2025-04-02T04:40:10.274+0000] {processor.py:840} INFO - DAG(s) 'e_commerce_dw_etl' retrieved from /opt/airflow/dags/ETL_dag.py
[2025-04-02T04:40:10.334+0000] {logging_mixin.py:188} INFO - [2025-04-02T04:40:10.333+0000] {dag.py:3096} INFO - Sync 1 DAGs
[2025-04-02T04:40:10.377+0000] {logging_mixin.py:188} INFO - [2025-04-02T04:40:10.377+0000] {dag.py:3954} INFO - Setting next_dagrun for e_commerce_dw_etl to 2025-04-02 00:00:00+00:00, run_after=2025-04-03 00:00:00+00:00
[2025-04-02T04:40:10.409+0000] {processor.py:183} INFO - Processing /opt/airflow/dags/ETL_dag.py took 0.246 seconds
[2025-04-02T04:40:40.944+0000] {processor.py:161} INFO - Started process (PID=550) to work on /opt/airflow/dags/ETL_dag.py
[2025-04-02T04:40:40.946+0000] {processor.py:830} INFO - Processing file /opt/airflow/dags/ETL_dag.py for tasks to queue
[2025-04-02T04:40:40.950+0000] {logging_mixin.py:188} INFO - [2025-04-02T04:40:40.949+0000] {dagbag.py:545} INFO - Filling up the DagBag from /opt/airflow/dags/ETL_dag.py
[2025-04-02T04:40:41.059+0000] {processor.py:840} INFO - DAG(s) 'e_commerce_dw_etl' retrieved from /opt/airflow/dags/ETL_dag.py
[2025-04-02T04:40:41.118+0000] {logging_mixin.py:188} INFO - [2025-04-02T04:40:41.117+0000] {dag.py:3096} INFO - Sync 1 DAGs
[2025-04-02T04:40:41.166+0000] {logging_mixin.py:188} INFO - [2025-04-02T04:40:41.165+0000] {dag.py:3954} INFO - Setting next_dagrun for e_commerce_dw_etl to 2025-04-02 00:00:00+00:00, run_after=2025-04-03 00:00:00+00:00
[2025-04-02T04:40:41.199+0000] {processor.py:183} INFO - Processing /opt/airflow/dags/ETL_dag.py took 0.265 seconds
[2025-04-02T04:41:11.651+0000] {processor.py:161} INFO - Started process (PID=576) to work on /opt/airflow/dags/ETL_dag.py
[2025-04-02T04:41:11.652+0000] {processor.py:830} INFO - Processing file /opt/airflow/dags/ETL_dag.py for tasks to queue
[2025-04-02T04:41:11.657+0000] {logging_mixin.py:188} INFO - [2025-04-02T04:41:11.656+0000] {dagbag.py:545} INFO - Filling up the DagBag from /opt/airflow/dags/ETL_dag.py
[2025-04-02T04:41:11.769+0000] {processor.py:840} INFO - DAG(s) 'e_commerce_dw_etl' retrieved from /opt/airflow/dags/ETL_dag.py
[2025-04-02T04:41:11.827+0000] {logging_mixin.py:188} INFO - [2025-04-02T04:41:11.826+0000] {dag.py:3096} INFO - Sync 1 DAGs
[2025-04-02T04:41:11.887+0000] {logging_mixin.py:188} INFO - [2025-04-02T04:41:11.887+0000] {dag.py:3954} INFO - Setting next_dagrun for e_commerce_dw_etl to 2025-04-02 00:00:00+00:00, run_after=2025-04-03 00:00:00+00:00
[2025-04-02T04:41:11.938+0000] {processor.py:183} INFO - Processing /opt/airflow/dags/ETL_dag.py took 0.297 seconds
[2025-04-02T04:41:42.386+0000] {processor.py:161} INFO - Started process (PID=602) to work on /opt/airflow/dags/ETL_dag.py
[2025-04-02T04:41:42.388+0000] {processor.py:830} INFO - Processing file /opt/airflow/dags/ETL_dag.py for tasks to queue
[2025-04-02T04:41:42.391+0000] {logging_mixin.py:188} INFO - [2025-04-02T04:41:42.390+0000] {dagbag.py:545} INFO - Filling up the DagBag from /opt/airflow/dags/ETL_dag.py
[2025-04-02T04:41:42.485+0000] {processor.py:840} INFO - DAG(s) 'e_commerce_dw_etl' retrieved from /opt/airflow/dags/ETL_dag.py
[2025-04-02T04:41:42.537+0000] {logging_mixin.py:188} INFO - [2025-04-02T04:41:42.537+0000] {dag.py:3096} INFO - Sync 1 DAGs
[2025-04-02T04:41:42.578+0000] {logging_mixin.py:188} INFO - [2025-04-02T04:41:42.578+0000] {dag.py:3954} INFO - Setting next_dagrun for e_commerce_dw_etl to 2025-04-02 00:00:00+00:00, run_after=2025-04-03 00:00:00+00:00
[2025-04-02T04:41:42.613+0000] {processor.py:183} INFO - Processing /opt/airflow/dags/ETL_dag.py took 0.236 seconds
[2025-04-02T04:42:13.186+0000] {processor.py:161} INFO - Started process (PID=628) to work on /opt/airflow/dags/ETL_dag.py
[2025-04-02T04:42:13.188+0000] {processor.py:830} INFO - Processing file /opt/airflow/dags/ETL_dag.py for tasks to queue
[2025-04-02T04:42:13.190+0000] {logging_mixin.py:188} INFO - [2025-04-02T04:42:13.190+0000] {dagbag.py:545} INFO - Filling up the DagBag from /opt/airflow/dags/ETL_dag.py
[2025-04-02T04:42:13.296+0000] {processor.py:840} INFO - DAG(s) 'e_commerce_dw_etl' retrieved from /opt/airflow/dags/ETL_dag.py
[2025-04-02T04:42:13.354+0000] {logging_mixin.py:188} INFO - [2025-04-02T04:42:13.353+0000] {dag.py:3096} INFO - Sync 1 DAGs
[2025-04-02T04:42:13.396+0000] {logging_mixin.py:188} INFO - [2025-04-02T04:42:13.395+0000] {dag.py:3954} INFO - Setting next_dagrun for e_commerce_dw_etl to 2025-04-02 00:00:00+00:00, run_after=2025-04-03 00:00:00+00:00
[2025-04-02T04:42:13.427+0000] {processor.py:183} INFO - Processing /opt/airflow/dags/ETL_dag.py took 0.250 seconds
[2025-04-02T04:42:43.993+0000] {processor.py:161} INFO - Started process (PID=654) to work on /opt/airflow/dags/ETL_dag.py
[2025-04-02T04:42:43.995+0000] {processor.py:830} INFO - Processing file /opt/airflow/dags/ETL_dag.py for tasks to queue
[2025-04-02T04:42:43.998+0000] {logging_mixin.py:188} INFO - [2025-04-02T04:42:43.998+0000] {dagbag.py:545} INFO - Filling up the DagBag from /opt/airflow/dags/ETL_dag.py
[2025-04-02T04:42:44.088+0000] {processor.py:840} INFO - DAG(s) 'e_commerce_dw_etl' retrieved from /opt/airflow/dags/ETL_dag.py
[2025-04-02T04:42:44.149+0000] {logging_mixin.py:188} INFO - [2025-04-02T04:42:44.149+0000] {dag.py:3096} INFO - Sync 1 DAGs
[2025-04-02T04:42:44.195+0000] {logging_mixin.py:188} INFO - [2025-04-02T04:42:44.195+0000] {dag.py:3954} INFO - Setting next_dagrun for e_commerce_dw_etl to 2025-04-02 00:00:00+00:00, run_after=2025-04-03 00:00:00+00:00
[2025-04-02T04:42:44.227+0000] {processor.py:183} INFO - Processing /opt/airflow/dags/ETL_dag.py took 0.247 seconds
[2025-04-02T04:43:14.797+0000] {processor.py:161} INFO - Started process (PID=680) to work on /opt/airflow/dags/ETL_dag.py
[2025-04-02T04:43:14.799+0000] {processor.py:830} INFO - Processing file /opt/airflow/dags/ETL_dag.py for tasks to queue
[2025-04-02T04:43:14.805+0000] {logging_mixin.py:188} INFO - [2025-04-02T04:43:14.804+0000] {dagbag.py:545} INFO - Filling up the DagBag from /opt/airflow/dags/ETL_dag.py
[2025-04-02T04:43:14.928+0000] {processor.py:840} INFO - DAG(s) 'e_commerce_dw_etl' retrieved from /opt/airflow/dags/ETL_dag.py
[2025-04-02T04:43:15.001+0000] {logging_mixin.py:188} INFO - [2025-04-02T04:43:15.000+0000] {dag.py:3096} INFO - Sync 1 DAGs
[2025-04-02T04:43:15.070+0000] {logging_mixin.py:188} INFO - [2025-04-02T04:43:15.069+0000] {dag.py:3954} INFO - Setting next_dagrun for e_commerce_dw_etl to 2025-04-02 00:00:00+00:00, run_after=2025-04-03 00:00:00+00:00
[2025-04-02T04:43:15.105+0000] {processor.py:183} INFO - Processing /opt/airflow/dags/ETL_dag.py took 0.322 seconds
[2025-04-02T04:43:45.666+0000] {processor.py:161} INFO - Started process (PID=706) to work on /opt/airflow/dags/ETL_dag.py
[2025-04-02T04:43:45.667+0000] {processor.py:830} INFO - Processing file /opt/airflow/dags/ETL_dag.py for tasks to queue
[2025-04-02T04:43:45.671+0000] {logging_mixin.py:188} INFO - [2025-04-02T04:43:45.671+0000] {dagbag.py:545} INFO - Filling up the DagBag from /opt/airflow/dags/ETL_dag.py
[2025-04-02T04:43:45.761+0000] {processor.py:840} INFO - DAG(s) 'e_commerce_dw_etl' retrieved from /opt/airflow/dags/ETL_dag.py
[2025-04-02T04:43:45.821+0000] {logging_mixin.py:188} INFO - [2025-04-02T04:43:45.820+0000] {dag.py:3096} INFO - Sync 1 DAGs
[2025-04-02T04:43:45.862+0000] {logging_mixin.py:188} INFO - [2025-04-02T04:43:45.862+0000] {dag.py:3954} INFO - Setting next_dagrun for e_commerce_dw_etl to 2025-04-02 00:00:00+00:00, run_after=2025-04-03 00:00:00+00:00
[2025-04-02T04:43:45.894+0000] {processor.py:183} INFO - Processing /opt/airflow/dags/ETL_dag.py took 0.239 seconds
[2025-04-02T04:44:16.730+0000] {processor.py:161} INFO - Started process (PID=732) to work on /opt/airflow/dags/ETL_dag.py
[2025-04-02T04:44:16.732+0000] {processor.py:830} INFO - Processing file /opt/airflow/dags/ETL_dag.py for tasks to queue
[2025-04-02T04:44:16.735+0000] {logging_mixin.py:188} INFO - [2025-04-02T04:44:16.735+0000] {dagbag.py:545} INFO - Filling up the DagBag from /opt/airflow/dags/ETL_dag.py
[2025-04-02T04:44:16.839+0000] {processor.py:840} INFO - DAG(s) 'e_commerce_dw_etl' retrieved from /opt/airflow/dags/ETL_dag.py
[2025-04-02T04:44:16.897+0000] {logging_mixin.py:188} INFO - [2025-04-02T04:44:16.897+0000] {dag.py:3096} INFO - Sync 1 DAGs
[2025-04-02T04:44:16.941+0000] {logging_mixin.py:188} INFO - [2025-04-02T04:44:16.940+0000] {dag.py:3954} INFO - Setting next_dagrun for e_commerce_dw_etl to 2025-04-02 00:00:00+00:00, run_after=2025-04-03 00:00:00+00:00
[2025-04-02T04:44:16.973+0000] {processor.py:183} INFO - Processing /opt/airflow/dags/ETL_dag.py took 0.253 seconds
[2025-04-02T04:44:47.613+0000] {processor.py:161} INFO - Started process (PID=758) to work on /opt/airflow/dags/ETL_dag.py
[2025-04-02T04:44:47.618+0000] {processor.py:830} INFO - Processing file /opt/airflow/dags/ETL_dag.py for tasks to queue
[2025-04-02T04:44:47.623+0000] {logging_mixin.py:188} INFO - [2025-04-02T04:44:47.622+0000] {dagbag.py:545} INFO - Filling up the DagBag from /opt/airflow/dags/ETL_dag.py
[2025-04-02T04:44:47.736+0000] {processor.py:840} INFO - DAG(s) 'e_commerce_dw_etl' retrieved from /opt/airflow/dags/ETL_dag.py
[2025-04-02T04:44:47.792+0000] {logging_mixin.py:188} INFO - [2025-04-02T04:44:47.792+0000] {dag.py:3096} INFO - Sync 1 DAGs
[2025-04-02T04:44:47.835+0000] {logging_mixin.py:188} INFO - [2025-04-02T04:44:47.834+0000] {dag.py:3954} INFO - Setting next_dagrun for e_commerce_dw_etl to 2025-04-02 00:00:00+00:00, run_after=2025-04-03 00:00:00+00:00
[2025-04-02T04:44:47.866+0000] {processor.py:183} INFO - Processing /opt/airflow/dags/ETL_dag.py took 0.267 seconds
[2025-04-02T04:45:18.323+0000] {processor.py:161} INFO - Started process (PID=784) to work on /opt/airflow/dags/ETL_dag.py
[2025-04-02T04:45:18.325+0000] {processor.py:830} INFO - Processing file /opt/airflow/dags/ETL_dag.py for tasks to queue
[2025-04-02T04:45:18.328+0000] {logging_mixin.py:188} INFO - [2025-04-02T04:45:18.328+0000] {dagbag.py:545} INFO - Filling up the DagBag from /opt/airflow/dags/ETL_dag.py
[2025-04-02T04:45:18.441+0000] {processor.py:840} INFO - DAG(s) 'e_commerce_dw_etl' retrieved from /opt/airflow/dags/ETL_dag.py
[2025-04-02T04:45:18.497+0000] {logging_mixin.py:188} INFO - [2025-04-02T04:45:18.497+0000] {dag.py:3096} INFO - Sync 1 DAGs
[2025-04-02T04:45:18.539+0000] {logging_mixin.py:188} INFO - [2025-04-02T04:45:18.539+0000] {dag.py:3954} INFO - Setting next_dagrun for e_commerce_dw_etl to 2025-04-02 00:00:00+00:00, run_after=2025-04-03 00:00:00+00:00
[2025-04-02T04:45:18.571+0000] {processor.py:183} INFO - Processing /opt/airflow/dags/ETL_dag.py took 0.261 seconds
[2025-04-02T04:45:49.009+0000] {processor.py:161} INFO - Started process (PID=810) to work on /opt/airflow/dags/ETL_dag.py
[2025-04-02T04:45:49.010+0000] {processor.py:830} INFO - Processing file /opt/airflow/dags/ETL_dag.py for tasks to queue
[2025-04-02T04:45:49.014+0000] {logging_mixin.py:188} INFO - [2025-04-02T04:45:49.014+0000] {dagbag.py:545} INFO - Filling up the DagBag from /opt/airflow/dags/ETL_dag.py
[2025-04-02T04:45:49.120+0000] {processor.py:840} INFO - DAG(s) 'e_commerce_dw_etl' retrieved from /opt/airflow/dags/ETL_dag.py
[2025-04-02T04:45:49.185+0000] {logging_mixin.py:188} INFO - [2025-04-02T04:45:49.184+0000] {dag.py:3096} INFO - Sync 1 DAGs
[2025-04-02T04:45:49.229+0000] {logging_mixin.py:188} INFO - [2025-04-02T04:45:49.228+0000] {dag.py:3954} INFO - Setting next_dagrun for e_commerce_dw_etl to 2025-04-02 00:00:00+00:00, run_after=2025-04-03 00:00:00+00:00
[2025-04-02T04:45:49.260+0000] {processor.py:183} INFO - Processing /opt/airflow/dags/ETL_dag.py took 0.266 seconds
[2025-04-02T04:46:19.786+0000] {processor.py:161} INFO - Started process (PID=836) to work on /opt/airflow/dags/ETL_dag.py
[2025-04-02T04:46:19.788+0000] {processor.py:830} INFO - Processing file /opt/airflow/dags/ETL_dag.py for tasks to queue
[2025-04-02T04:46:19.791+0000] {logging_mixin.py:188} INFO - [2025-04-02T04:46:19.791+0000] {dagbag.py:545} INFO - Filling up the DagBag from /opt/airflow/dags/ETL_dag.py
[2025-04-02T04:46:19.897+0000] {processor.py:840} INFO - DAG(s) 'e_commerce_dw_etl' retrieved from /opt/airflow/dags/ETL_dag.py
[2025-04-02T04:46:19.956+0000] {logging_mixin.py:188} INFO - [2025-04-02T04:46:19.956+0000] {dag.py:3096} INFO - Sync 1 DAGs
[2025-04-02T04:46:20.004+0000] {logging_mixin.py:188} INFO - [2025-04-02T04:46:20.003+0000] {dag.py:3954} INFO - Setting next_dagrun for e_commerce_dw_etl to 2025-04-02 00:00:00+00:00, run_after=2025-04-03 00:00:00+00:00
[2025-04-02T04:46:20.039+0000] {processor.py:183} INFO - Processing /opt/airflow/dags/ETL_dag.py took 0.263 seconds
[2025-04-02T06:06:35.275+0000] {processor.py:161} INFO - Started process (PID=210) to work on /opt/airflow/dags/ETL_dag.py
[2025-04-02T06:06:35.276+0000] {processor.py:830} INFO - Processing file /opt/airflow/dags/ETL_dag.py for tasks to queue
[2025-04-02T06:06:35.281+0000] {logging_mixin.py:188} INFO - [2025-04-02T06:06:35.280+0000] {dagbag.py:545} INFO - Filling up the DagBag from /opt/airflow/dags/ETL_dag.py
[2025-04-02T06:06:35.382+0000] {processor.py:840} INFO - DAG(s) 'e_commerce_dw_etl' retrieved from /opt/airflow/dags/ETL_dag.py
[2025-04-02T06:06:35.687+0000] {logging_mixin.py:188} INFO - [2025-04-02T06:06:35.687+0000] {dag.py:3096} INFO - Sync 1 DAGs
[2025-04-02T06:06:35.732+0000] {logging_mixin.py:188} INFO - [2025-04-02T06:06:35.732+0000] {dag.py:3954} INFO - Setting next_dagrun for e_commerce_dw_etl to 2025-04-02 00:00:00+00:00, run_after=2025-04-03 00:00:00+00:00
[2025-04-02T06:06:35.773+0000] {processor.py:183} INFO - Processing /opt/airflow/dags/ETL_dag.py took 0.509 seconds
[2025-04-02T06:07:06.640+0000] {processor.py:161} INFO - Started process (PID=236) to work on /opt/airflow/dags/ETL_dag.py
[2025-04-02T06:07:06.643+0000] {processor.py:830} INFO - Processing file /opt/airflow/dags/ETL_dag.py for tasks to queue
[2025-04-02T06:07:06.649+0000] {logging_mixin.py:188} INFO - [2025-04-02T06:07:06.648+0000] {dagbag.py:545} INFO - Filling up the DagBag from /opt/airflow/dags/ETL_dag.py
[2025-04-02T06:07:06.783+0000] {processor.py:840} INFO - DAG(s) 'e_commerce_dw_etl' retrieved from /opt/airflow/dags/ETL_dag.py
[2025-04-02T06:07:06.849+0000] {logging_mixin.py:188} INFO - [2025-04-02T06:07:06.849+0000] {dag.py:3096} INFO - Sync 1 DAGs
[2025-04-02T06:07:06.893+0000] {logging_mixin.py:188} INFO - [2025-04-02T06:07:06.892+0000] {dag.py:3954} INFO - Setting next_dagrun for e_commerce_dw_etl to 2025-04-02 00:00:00+00:00, run_after=2025-04-03 00:00:00+00:00
[2025-04-02T06:07:06.928+0000] {processor.py:183} INFO - Processing /opt/airflow/dags/ETL_dag.py took 0.306 seconds
[2025-04-02T06:07:37.370+0000] {processor.py:161} INFO - Started process (PID=263) to work on /opt/airflow/dags/ETL_dag.py
[2025-04-02T06:07:37.372+0000] {processor.py:830} INFO - Processing file /opt/airflow/dags/ETL_dag.py for tasks to queue
[2025-04-02T06:07:37.375+0000] {logging_mixin.py:188} INFO - [2025-04-02T06:07:37.375+0000] {dagbag.py:545} INFO - Filling up the DagBag from /opt/airflow/dags/ETL_dag.py
[2025-04-02T06:07:37.476+0000] {processor.py:840} INFO - DAG(s) 'e_commerce_dw_etl' retrieved from /opt/airflow/dags/ETL_dag.py
[2025-04-02T06:07:37.535+0000] {logging_mixin.py:188} INFO - [2025-04-02T06:07:37.535+0000] {dag.py:3096} INFO - Sync 1 DAGs
[2025-04-02T06:07:37.583+0000] {logging_mixin.py:188} INFO - [2025-04-02T06:07:37.582+0000] {dag.py:3954} INFO - Setting next_dagrun for e_commerce_dw_etl to 2025-04-02 00:00:00+00:00, run_after=2025-04-03 00:00:00+00:00
[2025-04-02T06:07:37.615+0000] {processor.py:183} INFO - Processing /opt/airflow/dags/ETL_dag.py took 0.257 seconds
[2025-04-02T06:08:08.090+0000] {processor.py:161} INFO - Started process (PID=291) to work on /opt/airflow/dags/ETL_dag.py
[2025-04-02T06:08:08.092+0000] {processor.py:830} INFO - Processing file /opt/airflow/dags/ETL_dag.py for tasks to queue
[2025-04-02T06:08:08.095+0000] {logging_mixin.py:188} INFO - [2025-04-02T06:08:08.094+0000] {dagbag.py:545} INFO - Filling up the DagBag from /opt/airflow/dags/ETL_dag.py
[2025-04-02T06:08:08.199+0000] {processor.py:840} INFO - DAG(s) 'e_commerce_dw_etl' retrieved from /opt/airflow/dags/ETL_dag.py
[2025-04-02T06:08:08.257+0000] {logging_mixin.py:188} INFO - [2025-04-02T06:08:08.257+0000] {dag.py:3096} INFO - Sync 1 DAGs
[2025-04-02T06:08:08.312+0000] {logging_mixin.py:188} INFO - [2025-04-02T06:08:08.312+0000] {dag.py:3954} INFO - Setting next_dagrun for e_commerce_dw_etl to 2025-04-02 00:00:00+00:00, run_after=2025-04-03 00:00:00+00:00
[2025-04-02T06:08:08.350+0000] {processor.py:183} INFO - Processing /opt/airflow/dags/ETL_dag.py took 0.270 seconds
[2025-04-02T06:08:38.904+0000] {processor.py:161} INFO - Started process (PID=317) to work on /opt/airflow/dags/ETL_dag.py
[2025-04-02T06:08:38.905+0000] {processor.py:830} INFO - Processing file /opt/airflow/dags/ETL_dag.py for tasks to queue
[2025-04-02T06:08:38.909+0000] {logging_mixin.py:188} INFO - [2025-04-02T06:08:38.908+0000] {dagbag.py:545} INFO - Filling up the DagBag from /opt/airflow/dags/ETL_dag.py
[2025-04-02T06:08:39.008+0000] {processor.py:840} INFO - DAG(s) 'e_commerce_dw_etl' retrieved from /opt/airflow/dags/ETL_dag.py
[2025-04-02T06:08:39.136+0000] {logging_mixin.py:188} INFO - [2025-04-02T06:08:39.135+0000] {dag.py:3096} INFO - Sync 1 DAGs
[2025-04-02T06:08:39.204+0000] {logging_mixin.py:188} INFO - [2025-04-02T06:08:39.204+0000] {dag.py:3954} INFO - Setting next_dagrun for e_commerce_dw_etl to 2025-04-02 00:00:00+00:00, run_after=2025-04-03 00:00:00+00:00
[2025-04-02T06:08:39.245+0000] {processor.py:183} INFO - Processing /opt/airflow/dags/ETL_dag.py took 0.351 seconds
[2025-04-02T14:32:55.205+0000] {processor.py:161} INFO - Started process (PID=189) to work on /opt/airflow/dags/ETL_dag.py
[2025-04-02T14:32:55.207+0000] {processor.py:830} INFO - Processing file /opt/airflow/dags/ETL_dag.py for tasks to queue
[2025-04-02T14:32:55.212+0000] {logging_mixin.py:188} INFO - [2025-04-02T14:32:55.211+0000] {dagbag.py:545} INFO - Filling up the DagBag from /opt/airflow/dags/ETL_dag.py
[2025-04-02T14:32:55.365+0000] {logging_mixin.py:188} INFO - [2025-04-02T14:32:55.350+0000] {dagbag.py:355} ERROR - Failed to import: /opt/airflow/dags/ETL_dag.py
Traceback (most recent call last):
  File "/home/airflow/.local/lib/python3.10/site-packages/airflow/models/dagbag.py", line 351, in parse
    loader.exec_module(new_module)
  File "<frozen importlib._bootstrap_external>", line 883, in exec_module
  File "<frozen importlib._bootstrap>", line 241, in _call_with_frames_removed
  File "/opt/airflow/dags/ETL_dag.py", line 6, in <module>
    from dags.transform_dim_circuits import transform_dim_circuits
  File "/opt/airflow/dags/transform_dim_circuits.py", line 3, in <module>
    from dags.extract_data import base_path
  File "/opt/airflow/dags/extract_data.py", line 2, in <module>
    import kagglehub
ModuleNotFoundError: No module named 'kagglehub'
[2025-04-02T14:32:55.368+0000] {processor.py:842} WARNING - No viable dags retrieved from /opt/airflow/dags/ETL_dag.py
[2025-04-02T14:32:55.407+0000] {processor.py:183} INFO - Processing /opt/airflow/dags/ETL_dag.py took 0.214 seconds
[2025-04-02T14:34:04.785+0000] {processor.py:161} INFO - Started process (PID=195) to work on /opt/airflow/dags/ETL_dag.py
[2025-04-02T14:34:04.787+0000] {processor.py:830} INFO - Processing file /opt/airflow/dags/ETL_dag.py for tasks to queue
[2025-04-02T14:34:04.791+0000] {logging_mixin.py:188} INFO - [2025-04-02T14:34:04.790+0000] {dagbag.py:545} INFO - Filling up the DagBag from /opt/airflow/dags/ETL_dag.py
[2025-04-02T14:34:04.923+0000] {logging_mixin.py:188} INFO - [2025-04-02T14:34:04.911+0000] {dagbag.py:355} ERROR - Failed to import: /opt/airflow/dags/ETL_dag.py
Traceback (most recent call last):
  File "/home/airflow/.local/lib/python3.10/site-packages/airflow/models/dagbag.py", line 351, in parse
    loader.exec_module(new_module)
  File "<frozen importlib._bootstrap_external>", line 883, in exec_module
  File "<frozen importlib._bootstrap>", line 241, in _call_with_frames_removed
  File "/opt/airflow/dags/ETL_dag.py", line 6, in <module>
    from dags.transform_dim_circuits import transform_dim_circuits
  File "/opt/airflow/dags/transform_dim_circuits.py", line 3, in <module>
    from dags.extract_data import base_path
  File "/opt/airflow/dags/extract_data.py", line 2, in <module>
    import kagglehub
ModuleNotFoundError: No module named 'kagglehub'
[2025-04-02T14:34:04.926+0000] {processor.py:842} WARNING - No viable dags retrieved from /opt/airflow/dags/ETL_dag.py
[2025-04-02T14:34:04.961+0000] {processor.py:183} INFO - Processing /opt/airflow/dags/ETL_dag.py took 0.188 seconds
[2025-04-02T14:34:35.379+0000] {processor.py:161} INFO - Started process (PID=221) to work on /opt/airflow/dags/ETL_dag.py
[2025-04-02T14:34:35.382+0000] {processor.py:830} INFO - Processing file /opt/airflow/dags/ETL_dag.py for tasks to queue
[2025-04-02T14:34:35.388+0000] {logging_mixin.py:188} INFO - [2025-04-02T14:34:35.387+0000] {dagbag.py:545} INFO - Filling up the DagBag from /opt/airflow/dags/ETL_dag.py
[2025-04-02T14:34:35.455+0000] {logging_mixin.py:188} INFO - [2025-04-02T14:34:35.443+0000] {dagbag.py:355} ERROR - Failed to import: /opt/airflow/dags/ETL_dag.py
Traceback (most recent call last):
  File "/home/airflow/.local/lib/python3.10/site-packages/airflow/models/dagbag.py", line 351, in parse
    loader.exec_module(new_module)
  File "<frozen importlib._bootstrap_external>", line 883, in exec_module
  File "<frozen importlib._bootstrap>", line 241, in _call_with_frames_removed
  File "/opt/airflow/dags/ETL_dag.py", line 6, in <module>
    from dags.transform_dim_circuits import transform_dim_circuits
  File "/opt/airflow/dags/transform_dim_circuits.py", line 3, in <module>
    from dags.extract_data import base_path
  File "/opt/airflow/dags/extract_data.py", line 2, in <module>
    import kagglehub
ModuleNotFoundError: No module named 'kagglehub'
[2025-04-02T14:34:35.457+0000] {processor.py:842} WARNING - No viable dags retrieved from /opt/airflow/dags/ETL_dag.py
[2025-04-02T14:34:35.493+0000] {processor.py:183} INFO - Processing /opt/airflow/dags/ETL_dag.py took 0.129 seconds
[2025-04-02T14:35:05.879+0000] {processor.py:161} INFO - Started process (PID=247) to work on /opt/airflow/dags/ETL_dag.py
[2025-04-02T14:35:05.881+0000] {processor.py:830} INFO - Processing file /opt/airflow/dags/ETL_dag.py for tasks to queue
[2025-04-02T14:35:05.883+0000] {logging_mixin.py:188} INFO - [2025-04-02T14:35:05.883+0000] {dagbag.py:545} INFO - Filling up the DagBag from /opt/airflow/dags/ETL_dag.py
[2025-04-02T14:35:05.943+0000] {logging_mixin.py:188} INFO - [2025-04-02T14:35:05.930+0000] {dagbag.py:355} ERROR - Failed to import: /opt/airflow/dags/ETL_dag.py
Traceback (most recent call last):
  File "/home/airflow/.local/lib/python3.10/site-packages/airflow/models/dagbag.py", line 351, in parse
    loader.exec_module(new_module)
  File "<frozen importlib._bootstrap_external>", line 883, in exec_module
  File "<frozen importlib._bootstrap>", line 241, in _call_with_frames_removed
  File "/opt/airflow/dags/ETL_dag.py", line 6, in <module>
    from dags.transform_dim_circuits import transform_dim_circuits
  File "/opt/airflow/dags/transform_dim_circuits.py", line 3, in <module>
    from dags.extract_data import base_path
  File "/opt/airflow/dags/extract_data.py", line 2, in <module>
    import kagglehub
ModuleNotFoundError: No module named 'kagglehub'
[2025-04-02T14:35:05.946+0000] {processor.py:842} WARNING - No viable dags retrieved from /opt/airflow/dags/ETL_dag.py
[2025-04-02T14:35:05.977+0000] {processor.py:183} INFO - Processing /opt/airflow/dags/ETL_dag.py took 0.110 seconds
[2025-04-02T14:35:36.382+0000] {processor.py:161} INFO - Started process (PID=273) to work on /opt/airflow/dags/ETL_dag.py
[2025-04-02T14:35:36.383+0000] {processor.py:830} INFO - Processing file /opt/airflow/dags/ETL_dag.py for tasks to queue
[2025-04-02T14:35:36.385+0000] {logging_mixin.py:188} INFO - [2025-04-02T14:35:36.384+0000] {dagbag.py:545} INFO - Filling up the DagBag from /opt/airflow/dags/ETL_dag.py
[2025-04-02T14:35:36.440+0000] {logging_mixin.py:188} INFO - [2025-04-02T14:35:36.429+0000] {dagbag.py:355} ERROR - Failed to import: /opt/airflow/dags/ETL_dag.py
Traceback (most recent call last):
  File "/home/airflow/.local/lib/python3.10/site-packages/airflow/models/dagbag.py", line 351, in parse
    loader.exec_module(new_module)
  File "<frozen importlib._bootstrap_external>", line 883, in exec_module
  File "<frozen importlib._bootstrap>", line 241, in _call_with_frames_removed
  File "/opt/airflow/dags/ETL_dag.py", line 6, in <module>
    from dags.transform_dim_circuits import transform_dim_circuits
  File "/opt/airflow/dags/transform_dim_circuits.py", line 3, in <module>
    from dags.extract_data import base_path
  File "/opt/airflow/dags/extract_data.py", line 2, in <module>
    import kagglehub
ModuleNotFoundError: No module named 'kagglehub'
[2025-04-02T14:35:36.443+0000] {processor.py:842} WARNING - No viable dags retrieved from /opt/airflow/dags/ETL_dag.py
[2025-04-02T14:35:36.479+0000] {processor.py:183} INFO - Processing /opt/airflow/dags/ETL_dag.py took 0.106 seconds
[2025-04-02T14:36:06.858+0000] {processor.py:161} INFO - Started process (PID=299) to work on /opt/airflow/dags/ETL_dag.py
[2025-04-02T14:36:06.859+0000] {processor.py:830} INFO - Processing file /opt/airflow/dags/ETL_dag.py for tasks to queue
[2025-04-02T14:36:06.861+0000] {logging_mixin.py:188} INFO - [2025-04-02T14:36:06.861+0000] {dagbag.py:545} INFO - Filling up the DagBag from /opt/airflow/dags/ETL_dag.py
[2025-04-02T14:36:06.915+0000] {logging_mixin.py:188} INFO - [2025-04-02T14:36:06.903+0000] {dagbag.py:355} ERROR - Failed to import: /opt/airflow/dags/ETL_dag.py
Traceback (most recent call last):
  File "/home/airflow/.local/lib/python3.10/site-packages/airflow/models/dagbag.py", line 351, in parse
    loader.exec_module(new_module)
  File "<frozen importlib._bootstrap_external>", line 883, in exec_module
  File "<frozen importlib._bootstrap>", line 241, in _call_with_frames_removed
  File "/opt/airflow/dags/ETL_dag.py", line 6, in <module>
    from dags.transform_dim_circuits import transform_dim_circuits
  File "/opt/airflow/dags/transform_dim_circuits.py", line 3, in <module>
    from dags.extract_data import base_path
  File "/opt/airflow/dags/extract_data.py", line 2, in <module>
    import kagglehub
ModuleNotFoundError: No module named 'kagglehub'
[2025-04-02T14:36:06.917+0000] {processor.py:842} WARNING - No viable dags retrieved from /opt/airflow/dags/ETL_dag.py
[2025-04-02T14:36:06.944+0000] {processor.py:183} INFO - Processing /opt/airflow/dags/ETL_dag.py took 0.096 seconds
[2025-04-02T14:36:37.352+0000] {processor.py:161} INFO - Started process (PID=325) to work on /opt/airflow/dags/ETL_dag.py
[2025-04-02T14:36:37.353+0000] {processor.py:830} INFO - Processing file /opt/airflow/dags/ETL_dag.py for tasks to queue
[2025-04-02T14:36:37.355+0000] {logging_mixin.py:188} INFO - [2025-04-02T14:36:37.354+0000] {dagbag.py:545} INFO - Filling up the DagBag from /opt/airflow/dags/ETL_dag.py
[2025-04-02T14:36:37.408+0000] {logging_mixin.py:188} INFO - [2025-04-02T14:36:37.396+0000] {dagbag.py:355} ERROR - Failed to import: /opt/airflow/dags/ETL_dag.py
Traceback (most recent call last):
  File "/home/airflow/.local/lib/python3.10/site-packages/airflow/models/dagbag.py", line 351, in parse
    loader.exec_module(new_module)
  File "<frozen importlib._bootstrap_external>", line 883, in exec_module
  File "<frozen importlib._bootstrap>", line 241, in _call_with_frames_removed
  File "/opt/airflow/dags/ETL_dag.py", line 6, in <module>
    from dags.transform_dim_circuits import transform_dim_circuits
  File "/opt/airflow/dags/transform_dim_circuits.py", line 3, in <module>
    from dags.extract_data import base_path
  File "/opt/airflow/dags/extract_data.py", line 2, in <module>
    import kagglehub
ModuleNotFoundError: No module named 'kagglehub'
[2025-04-02T14:36:37.411+0000] {processor.py:842} WARNING - No viable dags retrieved from /opt/airflow/dags/ETL_dag.py
[2025-04-02T14:36:37.439+0000] {processor.py:183} INFO - Processing /opt/airflow/dags/ETL_dag.py took 0.096 seconds
[2025-04-02T14:37:07.960+0000] {processor.py:161} INFO - Started process (PID=351) to work on /opt/airflow/dags/ETL_dag.py
[2025-04-02T14:37:07.962+0000] {processor.py:830} INFO - Processing file /opt/airflow/dags/ETL_dag.py for tasks to queue
[2025-04-02T14:37:07.963+0000] {logging_mixin.py:188} INFO - [2025-04-02T14:37:07.963+0000] {dagbag.py:545} INFO - Filling up the DagBag from /opt/airflow/dags/ETL_dag.py
[2025-04-02T14:37:08.025+0000] {logging_mixin.py:188} INFO - [2025-04-02T14:37:08.013+0000] {dagbag.py:355} ERROR - Failed to import: /opt/airflow/dags/ETL_dag.py
Traceback (most recent call last):
  File "/home/airflow/.local/lib/python3.10/site-packages/airflow/models/dagbag.py", line 351, in parse
    loader.exec_module(new_module)
  File "<frozen importlib._bootstrap_external>", line 883, in exec_module
  File "<frozen importlib._bootstrap>", line 241, in _call_with_frames_removed
  File "/opt/airflow/dags/ETL_dag.py", line 6, in <module>
    from dags.transform_dim_circuits import transform_dim_circuits
  File "/opt/airflow/dags/transform_dim_circuits.py", line 3, in <module>
    from dags.extract_data import base_path
  File "/opt/airflow/dags/extract_data.py", line 2, in <module>
    import kagglehub
ModuleNotFoundError: No module named 'kagglehub'
[2025-04-02T14:37:08.028+0000] {processor.py:842} WARNING - No viable dags retrieved from /opt/airflow/dags/ETL_dag.py
[2025-04-02T14:37:08.056+0000] {processor.py:183} INFO - Processing /opt/airflow/dags/ETL_dag.py took 0.106 seconds
[2025-04-02T14:37:38.474+0000] {processor.py:161} INFO - Started process (PID=377) to work on /opt/airflow/dags/ETL_dag.py
[2025-04-02T14:37:38.475+0000] {processor.py:830} INFO - Processing file /opt/airflow/dags/ETL_dag.py for tasks to queue
[2025-04-02T14:37:38.477+0000] {logging_mixin.py:188} INFO - [2025-04-02T14:37:38.476+0000] {dagbag.py:545} INFO - Filling up the DagBag from /opt/airflow/dags/ETL_dag.py
[2025-04-02T14:37:38.530+0000] {logging_mixin.py:188} INFO - [2025-04-02T14:37:38.519+0000] {dagbag.py:355} ERROR - Failed to import: /opt/airflow/dags/ETL_dag.py
Traceback (most recent call last):
  File "/home/airflow/.local/lib/python3.10/site-packages/airflow/models/dagbag.py", line 351, in parse
    loader.exec_module(new_module)
  File "<frozen importlib._bootstrap_external>", line 883, in exec_module
  File "<frozen importlib._bootstrap>", line 241, in _call_with_frames_removed
  File "/opt/airflow/dags/ETL_dag.py", line 6, in <module>
    from dags.transform_dim_circuits import transform_dim_circuits
  File "/opt/airflow/dags/transform_dim_circuits.py", line 3, in <module>
    from dags.extract_data import base_path
  File "/opt/airflow/dags/extract_data.py", line 2, in <module>
    import kagglehub
ModuleNotFoundError: No module named 'kagglehub'
[2025-04-02T14:37:38.533+0000] {processor.py:842} WARNING - No viable dags retrieved from /opt/airflow/dags/ETL_dag.py
[2025-04-02T14:37:38.559+0000] {processor.py:183} INFO - Processing /opt/airflow/dags/ETL_dag.py took 0.094 seconds
[2025-04-02T14:38:08.947+0000] {processor.py:161} INFO - Started process (PID=403) to work on /opt/airflow/dags/ETL_dag.py
[2025-04-02T14:38:08.949+0000] {processor.py:830} INFO - Processing file /opt/airflow/dags/ETL_dag.py for tasks to queue
[2025-04-02T14:38:08.950+0000] {logging_mixin.py:188} INFO - [2025-04-02T14:38:08.950+0000] {dagbag.py:545} INFO - Filling up the DagBag from /opt/airflow/dags/ETL_dag.py
[2025-04-02T14:38:09.005+0000] {logging_mixin.py:188} INFO - [2025-04-02T14:38:08.991+0000] {dagbag.py:355} ERROR - Failed to import: /opt/airflow/dags/ETL_dag.py
Traceback (most recent call last):
  File "/home/airflow/.local/lib/python3.10/site-packages/airflow/models/dagbag.py", line 351, in parse
    loader.exec_module(new_module)
  File "<frozen importlib._bootstrap_external>", line 883, in exec_module
  File "<frozen importlib._bootstrap>", line 241, in _call_with_frames_removed
  File "/opt/airflow/dags/ETL_dag.py", line 6, in <module>
    from dags.transform_dim_circuits import transform_dim_circuits
  File "/opt/airflow/dags/transform_dim_circuits.py", line 3, in <module>
    from dags.extract_data import base_path
  File "/opt/airflow/dags/extract_data.py", line 2, in <module>
    import kagglehub
ModuleNotFoundError: No module named 'kagglehub'
[2025-04-02T14:38:09.008+0000] {processor.py:842} WARNING - No viable dags retrieved from /opt/airflow/dags/ETL_dag.py
[2025-04-02T14:38:09.037+0000] {processor.py:183} INFO - Processing /opt/airflow/dags/ETL_dag.py took 0.099 seconds
[2025-04-02T14:38:39.438+0000] {processor.py:161} INFO - Started process (PID=435) to work on /opt/airflow/dags/ETL_dag.py
[2025-04-02T14:38:39.441+0000] {processor.py:830} INFO - Processing file /opt/airflow/dags/ETL_dag.py for tasks to queue
[2025-04-02T14:38:39.443+0000] {logging_mixin.py:188} INFO - [2025-04-02T14:38:39.442+0000] {dagbag.py:545} INFO - Filling up the DagBag from /opt/airflow/dags/ETL_dag.py
[2025-04-02T14:38:39.508+0000] {logging_mixin.py:188} INFO - [2025-04-02T14:38:39.495+0000] {dagbag.py:355} ERROR - Failed to import: /opt/airflow/dags/ETL_dag.py
Traceback (most recent call last):
  File "/home/airflow/.local/lib/python3.10/site-packages/airflow/models/dagbag.py", line 351, in parse
    loader.exec_module(new_module)
  File "<frozen importlib._bootstrap_external>", line 883, in exec_module
  File "<frozen importlib._bootstrap>", line 241, in _call_with_frames_removed
  File "/opt/airflow/dags/ETL_dag.py", line 6, in <module>
    from dags.transform_dim_circuits import transform_dim_circuits
  File "/opt/airflow/dags/transform_dim_circuits.py", line 3, in <module>
    from dags.extract_data import base_path
  File "/opt/airflow/dags/extract_data.py", line 2, in <module>
    import kagglehub
ModuleNotFoundError: No module named 'kagglehub'
[2025-04-02T14:38:39.510+0000] {processor.py:842} WARNING - No viable dags retrieved from /opt/airflow/dags/ETL_dag.py
[2025-04-02T14:38:39.541+0000] {processor.py:183} INFO - Processing /opt/airflow/dags/ETL_dag.py took 0.115 seconds
[2025-04-02T14:42:55.331+0000] {processor.py:161} INFO - Started process (PID=195) to work on /opt/airflow/dags/ETL_dag.py
[2025-04-02T14:42:55.334+0000] {processor.py:830} INFO - Processing file /opt/airflow/dags/ETL_dag.py for tasks to queue
[2025-04-02T14:42:55.338+0000] {logging_mixin.py:188} INFO - [2025-04-02T14:42:55.337+0000] {dagbag.py:545} INFO - Filling up the DagBag from /opt/airflow/dags/ETL_dag.py
[2025-04-02T14:42:55.471+0000] {logging_mixin.py:188} INFO - [2025-04-02T14:42:55.460+0000] {dagbag.py:355} ERROR - Failed to import: /opt/airflow/dags/ETL_dag.py
Traceback (most recent call last):
  File "/home/airflow/.local/lib/python3.10/site-packages/airflow/models/dagbag.py", line 351, in parse
    loader.exec_module(new_module)
  File "<frozen importlib._bootstrap_external>", line 883, in exec_module
  File "<frozen importlib._bootstrap>", line 241, in _call_with_frames_removed
  File "/opt/airflow/dags/ETL_dag.py", line 6, in <module>
    from dags.transform_dim_circuits import transform_dim_circuits
  File "/opt/airflow/dags/transform_dim_circuits.py", line 3, in <module>
    from dags.extract_data import base_path
  File "/opt/airflow/dags/extract_data.py", line 2, in <module>
    import kagglehub
ModuleNotFoundError: No module named 'kagglehub'
[2025-04-02T14:42:55.474+0000] {processor.py:842} WARNING - No viable dags retrieved from /opt/airflow/dags/ETL_dag.py
[2025-04-02T14:42:55.508+0000] {processor.py:183} INFO - Processing /opt/airflow/dags/ETL_dag.py took 0.187 seconds
[2025-04-02T14:43:25.931+0000] {processor.py:161} INFO - Started process (PID=221) to work on /opt/airflow/dags/ETL_dag.py
[2025-04-02T14:43:25.935+0000] {processor.py:830} INFO - Processing file /opt/airflow/dags/ETL_dag.py for tasks to queue
[2025-04-02T14:43:25.941+0000] {logging_mixin.py:188} INFO - [2025-04-02T14:43:25.941+0000] {dagbag.py:545} INFO - Filling up the DagBag from /opt/airflow/dags/ETL_dag.py
[2025-04-02T14:43:26.011+0000] {logging_mixin.py:188} INFO - [2025-04-02T14:43:25.998+0000] {dagbag.py:355} ERROR - Failed to import: /opt/airflow/dags/ETL_dag.py
Traceback (most recent call last):
  File "/home/airflow/.local/lib/python3.10/site-packages/airflow/models/dagbag.py", line 351, in parse
    loader.exec_module(new_module)
  File "<frozen importlib._bootstrap_external>", line 883, in exec_module
  File "<frozen importlib._bootstrap>", line 241, in _call_with_frames_removed
  File "/opt/airflow/dags/ETL_dag.py", line 6, in <module>
    from dags.transform_dim_circuits import transform_dim_circuits
  File "/opt/airflow/dags/transform_dim_circuits.py", line 3, in <module>
    from dags.extract_data import base_path
  File "/opt/airflow/dags/extract_data.py", line 2, in <module>
    import kagglehub
ModuleNotFoundError: No module named 'kagglehub'
[2025-04-02T14:43:26.014+0000] {processor.py:842} WARNING - No viable dags retrieved from /opt/airflow/dags/ETL_dag.py
[2025-04-02T14:43:26.051+0000] {processor.py:183} INFO - Processing /opt/airflow/dags/ETL_dag.py took 0.138 seconds
[2025-04-02T14:43:56.434+0000] {processor.py:161} INFO - Started process (PID=247) to work on /opt/airflow/dags/ETL_dag.py
[2025-04-02T14:43:56.437+0000] {processor.py:830} INFO - Processing file /opt/airflow/dags/ETL_dag.py for tasks to queue
[2025-04-02T14:43:56.441+0000] {logging_mixin.py:188} INFO - [2025-04-02T14:43:56.440+0000] {dagbag.py:545} INFO - Filling up the DagBag from /opt/airflow/dags/ETL_dag.py
[2025-04-02T14:43:56.507+0000] {logging_mixin.py:188} INFO - [2025-04-02T14:43:56.494+0000] {dagbag.py:355} ERROR - Failed to import: /opt/airflow/dags/ETL_dag.py
Traceback (most recent call last):
  File "/home/airflow/.local/lib/python3.10/site-packages/airflow/models/dagbag.py", line 351, in parse
    loader.exec_module(new_module)
  File "<frozen importlib._bootstrap_external>", line 883, in exec_module
  File "<frozen importlib._bootstrap>", line 241, in _call_with_frames_removed
  File "/opt/airflow/dags/ETL_dag.py", line 6, in <module>
    from dags.transform_dim_circuits import transform_dim_circuits
  File "/opt/airflow/dags/transform_dim_circuits.py", line 3, in <module>
    from dags.extract_data import base_path
  File "/opt/airflow/dags/extract_data.py", line 2, in <module>
    import kagglehub
ModuleNotFoundError: No module named 'kagglehub'
[2025-04-02T14:43:56.511+0000] {processor.py:842} WARNING - No viable dags retrieved from /opt/airflow/dags/ETL_dag.py
[2025-04-02T14:43:56.544+0000] {processor.py:183} INFO - Processing /opt/airflow/dags/ETL_dag.py took 0.123 seconds
[2025-04-02T14:44:26.919+0000] {processor.py:161} INFO - Started process (PID=273) to work on /opt/airflow/dags/ETL_dag.py
[2025-04-02T14:44:26.920+0000] {processor.py:830} INFO - Processing file /opt/airflow/dags/ETL_dag.py for tasks to queue
[2025-04-02T14:44:26.923+0000] {logging_mixin.py:188} INFO - [2025-04-02T14:44:26.922+0000] {dagbag.py:545} INFO - Filling up the DagBag from /opt/airflow/dags/ETL_dag.py
[2025-04-02T14:44:26.977+0000] {logging_mixin.py:188} INFO - [2025-04-02T14:44:26.966+0000] {dagbag.py:355} ERROR - Failed to import: /opt/airflow/dags/ETL_dag.py
Traceback (most recent call last):
  File "/home/airflow/.local/lib/python3.10/site-packages/airflow/models/dagbag.py", line 351, in parse
    loader.exec_module(new_module)
  File "<frozen importlib._bootstrap_external>", line 883, in exec_module
  File "<frozen importlib._bootstrap>", line 241, in _call_with_frames_removed
  File "/opt/airflow/dags/ETL_dag.py", line 6, in <module>
    from dags.transform_dim_circuits import transform_dim_circuits
  File "/opt/airflow/dags/transform_dim_circuits.py", line 3, in <module>
    from dags.extract_data import base_path
  File "/opt/airflow/dags/extract_data.py", line 2, in <module>
    import kagglehub
ModuleNotFoundError: No module named 'kagglehub'
[2025-04-02T14:44:26.981+0000] {processor.py:842} WARNING - No viable dags retrieved from /opt/airflow/dags/ETL_dag.py
[2025-04-02T14:44:27.013+0000] {processor.py:183} INFO - Processing /opt/airflow/dags/ETL_dag.py took 0.103 seconds
[2025-04-02T14:44:57.397+0000] {processor.py:161} INFO - Started process (PID=299) to work on /opt/airflow/dags/ETL_dag.py
[2025-04-02T14:44:57.398+0000] {processor.py:830} INFO - Processing file /opt/airflow/dags/ETL_dag.py for tasks to queue
[2025-04-02T14:44:57.401+0000] {logging_mixin.py:188} INFO - [2025-04-02T14:44:57.400+0000] {dagbag.py:545} INFO - Filling up the DagBag from /opt/airflow/dags/ETL_dag.py
[2025-04-02T14:44:57.457+0000] {logging_mixin.py:188} INFO - [2025-04-02T14:44:57.446+0000] {dagbag.py:355} ERROR - Failed to import: /opt/airflow/dags/ETL_dag.py
Traceback (most recent call last):
  File "/home/airflow/.local/lib/python3.10/site-packages/airflow/models/dagbag.py", line 351, in parse
    loader.exec_module(new_module)
  File "<frozen importlib._bootstrap_external>", line 883, in exec_module
  File "<frozen importlib._bootstrap>", line 241, in _call_with_frames_removed
  File "/opt/airflow/dags/ETL_dag.py", line 6, in <module>
    from dags.transform_dim_circuits import transform_dim_circuits
  File "/opt/airflow/dags/transform_dim_circuits.py", line 3, in <module>
    from dags.extract_data import base_path
  File "/opt/airflow/dags/extract_data.py", line 2, in <module>
    import kagglehub
ModuleNotFoundError: No module named 'kagglehub'
[2025-04-02T14:44:57.460+0000] {processor.py:842} WARNING - No viable dags retrieved from /opt/airflow/dags/ETL_dag.py
[2025-04-02T14:44:57.493+0000] {processor.py:183} INFO - Processing /opt/airflow/dags/ETL_dag.py took 0.107 seconds
[2025-04-02T14:45:27.908+0000] {processor.py:161} INFO - Started process (PID=325) to work on /opt/airflow/dags/ETL_dag.py
[2025-04-02T14:45:27.910+0000] {processor.py:830} INFO - Processing file /opt/airflow/dags/ETL_dag.py for tasks to queue
[2025-04-02T14:45:27.913+0000] {logging_mixin.py:188} INFO - [2025-04-02T14:45:27.912+0000] {dagbag.py:545} INFO - Filling up the DagBag from /opt/airflow/dags/ETL_dag.py
[2025-04-02T14:45:27.959+0000] {logging_mixin.py:188} INFO - [2025-04-02T14:45:27.949+0000] {dagbag.py:355} ERROR - Failed to import: /opt/airflow/dags/ETL_dag.py
Traceback (most recent call last):
  File "/home/airflow/.local/lib/python3.10/site-packages/airflow/models/dagbag.py", line 351, in parse
    loader.exec_module(new_module)
  File "<frozen importlib._bootstrap_external>", line 883, in exec_module
  File "<frozen importlib._bootstrap>", line 241, in _call_with_frames_removed
  File "/opt/airflow/dags/ETL_dag.py", line 6, in <module>
    from dags.transform_dim_circuits import transform_dim_circuits
  File "/opt/airflow/dags/transform_dim_circuits.py", line 3, in <module>
    from dags.extract_data import base_path
  File "/opt/airflow/dags/extract_data.py", line 2, in <module>
    import kagglehub
ModuleNotFoundError: No module named 'kagglehub'
[2025-04-02T14:45:27.961+0000] {processor.py:842} WARNING - No viable dags retrieved from /opt/airflow/dags/ETL_dag.py
[2025-04-02T14:45:27.994+0000] {processor.py:183} INFO - Processing /opt/airflow/dags/ETL_dag.py took 0.095 seconds
[2025-04-02T14:45:58.390+0000] {processor.py:161} INFO - Started process (PID=351) to work on /opt/airflow/dags/ETL_dag.py
[2025-04-02T14:45:58.392+0000] {processor.py:830} INFO - Processing file /opt/airflow/dags/ETL_dag.py for tasks to queue
[2025-04-02T14:45:58.395+0000] {logging_mixin.py:188} INFO - [2025-04-02T14:45:58.394+0000] {dagbag.py:545} INFO - Filling up the DagBag from /opt/airflow/dags/ETL_dag.py
[2025-04-02T14:45:58.451+0000] {logging_mixin.py:188} INFO - [2025-04-02T14:45:58.442+0000] {dagbag.py:355} ERROR - Failed to import: /opt/airflow/dags/ETL_dag.py
Traceback (most recent call last):
  File "/home/airflow/.local/lib/python3.10/site-packages/airflow/models/dagbag.py", line 351, in parse
    loader.exec_module(new_module)
  File "<frozen importlib._bootstrap_external>", line 883, in exec_module
  File "<frozen importlib._bootstrap>", line 241, in _call_with_frames_removed
  File "/opt/airflow/dags/ETL_dag.py", line 6, in <module>
    from dags.transform_dim_circuits import transform_dim_circuits
  File "/opt/airflow/dags/transform_dim_circuits.py", line 3, in <module>
    from dags.extract_data import base_path
  File "/opt/airflow/dags/extract_data.py", line 2, in <module>
    import kagglehub
ModuleNotFoundError: No module named 'kagglehub'
[2025-04-02T14:45:58.453+0000] {processor.py:842} WARNING - No viable dags retrieved from /opt/airflow/dags/ETL_dag.py
[2025-04-02T14:45:58.490+0000] {processor.py:183} INFO - Processing /opt/airflow/dags/ETL_dag.py took 0.110 seconds
[2025-04-02T14:46:29.037+0000] {processor.py:161} INFO - Started process (PID=383) to work on /opt/airflow/dags/ETL_dag.py
[2025-04-02T14:46:29.039+0000] {processor.py:830} INFO - Processing file /opt/airflow/dags/ETL_dag.py for tasks to queue
[2025-04-02T14:46:29.043+0000] {logging_mixin.py:188} INFO - [2025-04-02T14:46:29.042+0000] {dagbag.py:545} INFO - Filling up the DagBag from /opt/airflow/dags/ETL_dag.py
[2025-04-02T14:46:29.099+0000] {logging_mixin.py:188} INFO - [2025-04-02T14:46:29.087+0000] {dagbag.py:355} ERROR - Failed to import: /opt/airflow/dags/ETL_dag.py
Traceback (most recent call last):
  File "/home/airflow/.local/lib/python3.10/site-packages/airflow/models/dagbag.py", line 351, in parse
    loader.exec_module(new_module)
  File "<frozen importlib._bootstrap_external>", line 883, in exec_module
  File "<frozen importlib._bootstrap>", line 241, in _call_with_frames_removed
  File "/opt/airflow/dags/ETL_dag.py", line 6, in <module>
    from dags.transform_dim_circuits import transform_dim_circuits
  File "/opt/airflow/dags/transform_dim_circuits.py", line 3, in <module>
    from dags.extract_data import base_path
  File "/opt/airflow/dags/extract_data.py", line 2, in <module>
    import kagglehub
ModuleNotFoundError: No module named 'kagglehub'
[2025-04-02T14:46:29.102+0000] {processor.py:842} WARNING - No viable dags retrieved from /opt/airflow/dags/ETL_dag.py
[2025-04-02T14:46:29.133+0000] {processor.py:183} INFO - Processing /opt/airflow/dags/ETL_dag.py took 0.107 seconds
[2025-04-02T14:46:59.542+0000] {processor.py:161} INFO - Started process (PID=409) to work on /opt/airflow/dags/ETL_dag.py
[2025-04-02T14:46:59.543+0000] {processor.py:830} INFO - Processing file /opt/airflow/dags/ETL_dag.py for tasks to queue
[2025-04-02T14:46:59.546+0000] {logging_mixin.py:188} INFO - [2025-04-02T14:46:59.546+0000] {dagbag.py:545} INFO - Filling up the DagBag from /opt/airflow/dags/ETL_dag.py
[2025-04-02T14:46:59.598+0000] {logging_mixin.py:188} INFO - [2025-04-02T14:46:59.587+0000] {dagbag.py:355} ERROR - Failed to import: /opt/airflow/dags/ETL_dag.py
Traceback (most recent call last):
  File "/home/airflow/.local/lib/python3.10/site-packages/airflow/models/dagbag.py", line 351, in parse
    loader.exec_module(new_module)
  File "<frozen importlib._bootstrap_external>", line 883, in exec_module
  File "<frozen importlib._bootstrap>", line 241, in _call_with_frames_removed
  File "/opt/airflow/dags/ETL_dag.py", line 6, in <module>
    from dags.transform_dim_circuits import transform_dim_circuits
  File "/opt/airflow/dags/transform_dim_circuits.py", line 3, in <module>
    from dags.extract_data import base_path
  File "/opt/airflow/dags/extract_data.py", line 2, in <module>
    import kagglehub
ModuleNotFoundError: No module named 'kagglehub'
[2025-04-02T14:46:59.600+0000] {processor.py:842} WARNING - No viable dags retrieved from /opt/airflow/dags/ETL_dag.py
[2025-04-02T14:46:59.631+0000] {processor.py:183} INFO - Processing /opt/airflow/dags/ETL_dag.py took 0.099 seconds
[2025-04-02T14:47:30.049+0000] {processor.py:161} INFO - Started process (PID=435) to work on /opt/airflow/dags/ETL_dag.py
[2025-04-02T14:47:30.053+0000] {processor.py:830} INFO - Processing file /opt/airflow/dags/ETL_dag.py for tasks to queue
[2025-04-02T14:47:30.058+0000] {logging_mixin.py:188} INFO - [2025-04-02T14:47:30.057+0000] {dagbag.py:545} INFO - Filling up the DagBag from /opt/airflow/dags/ETL_dag.py
[2025-04-02T14:47:30.130+0000] {logging_mixin.py:188} INFO - [2025-04-02T14:47:30.117+0000] {dagbag.py:355} ERROR - Failed to import: /opt/airflow/dags/ETL_dag.py
Traceback (most recent call last):
  File "/home/airflow/.local/lib/python3.10/site-packages/airflow/models/dagbag.py", line 351, in parse
    loader.exec_module(new_module)
  File "<frozen importlib._bootstrap_external>", line 883, in exec_module
  File "<frozen importlib._bootstrap>", line 241, in _call_with_frames_removed
  File "/opt/airflow/dags/ETL_dag.py", line 6, in <module>
    from dags.transform_dim_circuits import transform_dim_circuits
  File "/opt/airflow/dags/transform_dim_circuits.py", line 3, in <module>
    from dags.extract_data import base_path
  File "/opt/airflow/dags/extract_data.py", line 2, in <module>
    import kagglehub
ModuleNotFoundError: No module named 'kagglehub'
[2025-04-02T14:47:30.134+0000] {processor.py:842} WARNING - No viable dags retrieved from /opt/airflow/dags/ETL_dag.py
[2025-04-02T14:47:30.167+0000] {processor.py:183} INFO - Processing /opt/airflow/dags/ETL_dag.py took 0.140 seconds
[2025-04-02T14:48:00.795+0000] {processor.py:161} INFO - Started process (PID=461) to work on /opt/airflow/dags/ETL_dag.py
[2025-04-02T14:48:00.796+0000] {processor.py:830} INFO - Processing file /opt/airflow/dags/ETL_dag.py for tasks to queue
[2025-04-02T14:48:00.799+0000] {logging_mixin.py:188} INFO - [2025-04-02T14:48:00.799+0000] {dagbag.py:545} INFO - Filling up the DagBag from /opt/airflow/dags/ETL_dag.py
[2025-04-02T14:48:00.852+0000] {logging_mixin.py:188} INFO - [2025-04-02T14:48:00.841+0000] {dagbag.py:355} ERROR - Failed to import: /opt/airflow/dags/ETL_dag.py
Traceback (most recent call last):
  File "/home/airflow/.local/lib/python3.10/site-packages/airflow/models/dagbag.py", line 351, in parse
    loader.exec_module(new_module)
  File "<frozen importlib._bootstrap_external>", line 883, in exec_module
  File "<frozen importlib._bootstrap>", line 241, in _call_with_frames_removed
  File "/opt/airflow/dags/ETL_dag.py", line 6, in <module>
    from dags.transform_dim_circuits import transform_dim_circuits
  File "/opt/airflow/dags/transform_dim_circuits.py", line 3, in <module>
    from dags.extract_data import base_path
  File "/opt/airflow/dags/extract_data.py", line 2, in <module>
    import kagglehub
ModuleNotFoundError: No module named 'kagglehub'
[2025-04-02T14:48:00.855+0000] {processor.py:842} WARNING - No viable dags retrieved from /opt/airflow/dags/ETL_dag.py
[2025-04-02T14:48:00.884+0000] {processor.py:183} INFO - Processing /opt/airflow/dags/ETL_dag.py took 0.098 seconds
[2025-04-02T14:48:31.258+0000] {processor.py:161} INFO - Started process (PID=487) to work on /opt/airflow/dags/ETL_dag.py
[2025-04-02T14:48:31.259+0000] {processor.py:830} INFO - Processing file /opt/airflow/dags/ETL_dag.py for tasks to queue
[2025-04-02T14:48:31.261+0000] {logging_mixin.py:188} INFO - [2025-04-02T14:48:31.261+0000] {dagbag.py:545} INFO - Filling up the DagBag from /opt/airflow/dags/ETL_dag.py
[2025-04-02T14:48:31.317+0000] {logging_mixin.py:188} INFO - [2025-04-02T14:48:31.306+0000] {dagbag.py:355} ERROR - Failed to import: /opt/airflow/dags/ETL_dag.py
Traceback (most recent call last):
  File "/home/airflow/.local/lib/python3.10/site-packages/airflow/models/dagbag.py", line 351, in parse
    loader.exec_module(new_module)
  File "<frozen importlib._bootstrap_external>", line 883, in exec_module
  File "<frozen importlib._bootstrap>", line 241, in _call_with_frames_removed
  File "/opt/airflow/dags/ETL_dag.py", line 6, in <module>
    from dags.transform_dim_circuits import transform_dim_circuits
  File "/opt/airflow/dags/transform_dim_circuits.py", line 3, in <module>
    from dags.extract_data import base_path
  File "/opt/airflow/dags/extract_data.py", line 2, in <module>
    import kagglehub
ModuleNotFoundError: No module named 'kagglehub'
[2025-04-02T14:48:31.320+0000] {processor.py:842} WARNING - No viable dags retrieved from /opt/airflow/dags/ETL_dag.py
[2025-04-02T14:48:31.347+0000] {processor.py:183} INFO - Processing /opt/airflow/dags/ETL_dag.py took 0.098 seconds
[2025-04-02T14:50:22.799+0000] {processor.py:161} INFO - Started process (PID=195) to work on /opt/airflow/dags/ETL_dag.py
[2025-04-02T14:50:22.801+0000] {processor.py:830} INFO - Processing file /opt/airflow/dags/ETL_dag.py for tasks to queue
[2025-04-02T14:50:22.805+0000] {logging_mixin.py:188} INFO - [2025-04-02T14:50:22.804+0000] {dagbag.py:545} INFO - Filling up the DagBag from /opt/airflow/dags/ETL_dag.py
[2025-04-02T14:50:22.960+0000] {logging_mixin.py:188} INFO - [2025-04-02T14:50:22.947+0000] {dagbag.py:355} ERROR - Failed to import: /opt/airflow/dags/ETL_dag.py
Traceback (most recent call last):
  File "/home/airflow/.local/lib/python3.10/site-packages/airflow/models/dagbag.py", line 351, in parse
    loader.exec_module(new_module)
  File "<frozen importlib._bootstrap_external>", line 883, in exec_module
  File "<frozen importlib._bootstrap>", line 241, in _call_with_frames_removed
  File "/opt/airflow/dags/ETL_dag.py", line 6, in <module>
    from dags.transform_dim_circuits import transform_dim_circuits
  File "/opt/airflow/dags/transform_dim_circuits.py", line 3, in <module>
    from dags.extract_data import base_path
  File "/opt/airflow/dags/extract_data.py", line 2, in <module>
    import kagglehub
ModuleNotFoundError: No module named 'kagglehub'
[2025-04-02T14:50:22.964+0000] {processor.py:842} WARNING - No viable dags retrieved from /opt/airflow/dags/ETL_dag.py
[2025-04-02T14:50:23.003+0000] {processor.py:183} INFO - Processing /opt/airflow/dags/ETL_dag.py took 0.218 seconds
[2025-04-02T14:50:53.441+0000] {processor.py:161} INFO - Started process (PID=221) to work on /opt/airflow/dags/ETL_dag.py
[2025-04-02T14:50:53.443+0000] {processor.py:830} INFO - Processing file /opt/airflow/dags/ETL_dag.py for tasks to queue
[2025-04-02T14:50:53.447+0000] {logging_mixin.py:188} INFO - [2025-04-02T14:50:53.447+0000] {dagbag.py:545} INFO - Filling up the DagBag from /opt/airflow/dags/ETL_dag.py
[2025-04-02T14:50:53.505+0000] {logging_mixin.py:188} INFO - [2025-04-02T14:50:53.493+0000] {dagbag.py:355} ERROR - Failed to import: /opt/airflow/dags/ETL_dag.py
Traceback (most recent call last):
  File "/home/airflow/.local/lib/python3.10/site-packages/airflow/models/dagbag.py", line 351, in parse
    loader.exec_module(new_module)
  File "<frozen importlib._bootstrap_external>", line 883, in exec_module
  File "<frozen importlib._bootstrap>", line 241, in _call_with_frames_removed
  File "/opt/airflow/dags/ETL_dag.py", line 6, in <module>
    from dags.transform_dim_circuits import transform_dim_circuits
  File "/opt/airflow/dags/transform_dim_circuits.py", line 3, in <module>
    from dags.extract_data import base_path
  File "/opt/airflow/dags/extract_data.py", line 2, in <module>
    import kagglehub
ModuleNotFoundError: No module named 'kagglehub'
[2025-04-02T14:50:53.508+0000] {processor.py:842} WARNING - No viable dags retrieved from /opt/airflow/dags/ETL_dag.py
[2025-04-02T14:50:53.542+0000] {processor.py:183} INFO - Processing /opt/airflow/dags/ETL_dag.py took 0.114 seconds
[2025-04-02T14:51:23.928+0000] {processor.py:161} INFO - Started process (PID=247) to work on /opt/airflow/dags/ETL_dag.py
[2025-04-02T14:51:23.930+0000] {processor.py:830} INFO - Processing file /opt/airflow/dags/ETL_dag.py for tasks to queue
[2025-04-02T14:51:23.934+0000] {logging_mixin.py:188} INFO - [2025-04-02T14:51:23.934+0000] {dagbag.py:545} INFO - Filling up the DagBag from /opt/airflow/dags/ETL_dag.py
[2025-04-02T14:51:23.988+0000] {logging_mixin.py:188} INFO - [2025-04-02T14:51:23.977+0000] {dagbag.py:355} ERROR - Failed to import: /opt/airflow/dags/ETL_dag.py
Traceback (most recent call last):
  File "/home/airflow/.local/lib/python3.10/site-packages/airflow/models/dagbag.py", line 351, in parse
    loader.exec_module(new_module)
  File "<frozen importlib._bootstrap_external>", line 883, in exec_module
  File "<frozen importlib._bootstrap>", line 241, in _call_with_frames_removed
  File "/opt/airflow/dags/ETL_dag.py", line 6, in <module>
    from dags.transform_dim_circuits import transform_dim_circuits
  File "/opt/airflow/dags/transform_dim_circuits.py", line 3, in <module>
    from dags.extract_data import base_path
  File "/opt/airflow/dags/extract_data.py", line 2, in <module>
    import kagglehub
ModuleNotFoundError: No module named 'kagglehub'
[2025-04-02T14:51:23.991+0000] {processor.py:842} WARNING - No viable dags retrieved from /opt/airflow/dags/ETL_dag.py
[2025-04-02T14:51:24.020+0000] {processor.py:183} INFO - Processing /opt/airflow/dags/ETL_dag.py took 0.105 seconds
[2025-04-02T14:51:54.396+0000] {processor.py:161} INFO - Started process (PID=273) to work on /opt/airflow/dags/ETL_dag.py
[2025-04-02T14:51:54.398+0000] {processor.py:830} INFO - Processing file /opt/airflow/dags/ETL_dag.py for tasks to queue
[2025-04-02T14:51:54.401+0000] {logging_mixin.py:188} INFO - [2025-04-02T14:51:54.401+0000] {dagbag.py:545} INFO - Filling up the DagBag from /opt/airflow/dags/ETL_dag.py
[2025-04-02T14:51:54.456+0000] {logging_mixin.py:188} INFO - [2025-04-02T14:51:54.445+0000] {dagbag.py:355} ERROR - Failed to import: /opt/airflow/dags/ETL_dag.py
Traceback (most recent call last):
  File "/home/airflow/.local/lib/python3.10/site-packages/airflow/models/dagbag.py", line 351, in parse
    loader.exec_module(new_module)
  File "<frozen importlib._bootstrap_external>", line 883, in exec_module
  File "<frozen importlib._bootstrap>", line 241, in _call_with_frames_removed
  File "/opt/airflow/dags/ETL_dag.py", line 6, in <module>
    from dags.transform_dim_circuits import transform_dim_circuits
  File "/opt/airflow/dags/transform_dim_circuits.py", line 3, in <module>
    from dags.extract_data import base_path
  File "/opt/airflow/dags/extract_data.py", line 2, in <module>
    import kagglehub
ModuleNotFoundError: No module named 'kagglehub'
[2025-04-02T14:51:54.460+0000] {processor.py:842} WARNING - No viable dags retrieved from /opt/airflow/dags/ETL_dag.py
[2025-04-02T14:51:54.492+0000] {processor.py:183} INFO - Processing /opt/airflow/dags/ETL_dag.py took 0.108 seconds
[2025-04-02T14:52:25.040+0000] {processor.py:161} INFO - Started process (PID=299) to work on /opt/airflow/dags/ETL_dag.py
[2025-04-02T14:52:25.041+0000] {processor.py:830} INFO - Processing file /opt/airflow/dags/ETL_dag.py for tasks to queue
[2025-04-02T14:52:25.045+0000] {logging_mixin.py:188} INFO - [2025-04-02T14:52:25.045+0000] {dagbag.py:545} INFO - Filling up the DagBag from /opt/airflow/dags/ETL_dag.py
[2025-04-02T14:52:25.101+0000] {logging_mixin.py:188} INFO - [2025-04-02T14:52:25.089+0000] {dagbag.py:355} ERROR - Failed to import: /opt/airflow/dags/ETL_dag.py
Traceback (most recent call last):
  File "/home/airflow/.local/lib/python3.10/site-packages/airflow/models/dagbag.py", line 351, in parse
    loader.exec_module(new_module)
  File "<frozen importlib._bootstrap_external>", line 883, in exec_module
  File "<frozen importlib._bootstrap>", line 241, in _call_with_frames_removed
  File "/opt/airflow/dags/ETL_dag.py", line 6, in <module>
    from dags.transform_dim_circuits import transform_dim_circuits
  File "/opt/airflow/dags/transform_dim_circuits.py", line 3, in <module>
    from dags.extract_data import base_path
  File "/opt/airflow/dags/extract_data.py", line 2, in <module>
    import kagglehub
ModuleNotFoundError: No module named 'kagglehub'
[2025-04-02T14:52:25.104+0000] {processor.py:842} WARNING - No viable dags retrieved from /opt/airflow/dags/ETL_dag.py
[2025-04-02T14:52:25.133+0000] {processor.py:183} INFO - Processing /opt/airflow/dags/ETL_dag.py took 0.103 seconds
[2025-04-02T14:52:55.534+0000] {processor.py:161} INFO - Started process (PID=325) to work on /opt/airflow/dags/ETL_dag.py
[2025-04-02T14:52:55.536+0000] {processor.py:830} INFO - Processing file /opt/airflow/dags/ETL_dag.py for tasks to queue
[2025-04-02T14:52:55.539+0000] {logging_mixin.py:188} INFO - [2025-04-02T14:52:55.539+0000] {dagbag.py:545} INFO - Filling up the DagBag from /opt/airflow/dags/ETL_dag.py
[2025-04-02T14:52:55.598+0000] {logging_mixin.py:188} INFO - [2025-04-02T14:52:55.585+0000] {dagbag.py:355} ERROR - Failed to import: /opt/airflow/dags/ETL_dag.py
Traceback (most recent call last):
  File "/home/airflow/.local/lib/python3.10/site-packages/airflow/models/dagbag.py", line 351, in parse
    loader.exec_module(new_module)
  File "<frozen importlib._bootstrap_external>", line 883, in exec_module
  File "<frozen importlib._bootstrap>", line 241, in _call_with_frames_removed
  File "/opt/airflow/dags/ETL_dag.py", line 6, in <module>
    from dags.transform_dim_circuits import transform_dim_circuits
  File "/opt/airflow/dags/transform_dim_circuits.py", line 3, in <module>
    from dags.extract_data import base_path
  File "/opt/airflow/dags/extract_data.py", line 2, in <module>
    import kagglehub
ModuleNotFoundError: No module named 'kagglehub'
[2025-04-02T14:52:55.600+0000] {processor.py:842} WARNING - No viable dags retrieved from /opt/airflow/dags/ETL_dag.py
[2025-04-02T14:52:55.631+0000] {processor.py:183} INFO - Processing /opt/airflow/dags/ETL_dag.py took 0.109 seconds
[2025-04-02T17:02:16.113+0000] {processor.py:161} INFO - Started process (PID=183) to work on /opt/airflow/dags/ETL_dag.py
[2025-04-02T17:02:16.114+0000] {processor.py:830} INFO - Processing file /opt/airflow/dags/ETL_dag.py for tasks to queue
[2025-04-02T17:02:16.116+0000] {logging_mixin.py:188} INFO - [2025-04-02T17:02:16.116+0000] {dagbag.py:545} INFO - Filling up the DagBag from /opt/airflow/dags/ETL_dag.py
[2025-04-02T17:02:16.285+0000] {processor.py:840} INFO - DAG(s) 'e_commerce_dw_etl' retrieved from /opt/airflow/dags/ETL_dag.py
[2025-04-02T17:02:16.695+0000] {logging_mixin.py:188} INFO - [2025-04-02T17:02:16.694+0000] {override.py:1829} INFO - Created Permission View: can edit on DAG:e_commerce_dw_etl
[2025-04-02T17:02:16.704+0000] {logging_mixin.py:188} INFO - [2025-04-02T17:02:16.704+0000] {override.py:1829} INFO - Created Permission View: can delete on DAG:e_commerce_dw_etl
[2025-04-02T17:02:16.710+0000] {logging_mixin.py:188} INFO - [2025-04-02T17:02:16.709+0000] {override.py:1829} INFO - Created Permission View: can read on DAG:e_commerce_dw_etl
[2025-04-02T17:02:16.710+0000] {logging_mixin.py:188} INFO - [2025-04-02T17:02:16.710+0000] {dag.py:3096} INFO - Sync 1 DAGs
[2025-04-02T17:02:16.721+0000] {logging_mixin.py:188} INFO - [2025-04-02T17:02:16.721+0000] {dag.py:3118} INFO - Creating ORM DAG for e_commerce_dw_etl
[2025-04-02T17:02:16.733+0000] {logging_mixin.py:188} INFO - [2025-04-02T17:02:16.733+0000] {dag.py:3954} INFO - Setting next_dagrun for e_commerce_dw_etl to 2025-03-29 00:00:00+00:00, run_after=2025-03-30 00:00:00+00:00
[2025-04-02T17:02:16.752+0000] {processor.py:183} INFO - Processing /opt/airflow/dags/ETL_dag.py took 0.644 seconds
[2025-04-02T17:02:47.321+0000] {processor.py:161} INFO - Started process (PID=214) to work on /opt/airflow/dags/ETL_dag.py
[2025-04-02T17:02:47.322+0000] {processor.py:830} INFO - Processing file /opt/airflow/dags/ETL_dag.py for tasks to queue
[2025-04-02T17:02:47.324+0000] {logging_mixin.py:188} INFO - [2025-04-02T17:02:47.323+0000] {dagbag.py:545} INFO - Filling up the DagBag from /opt/airflow/dags/ETL_dag.py
[2025-04-02T17:02:47.386+0000] {processor.py:840} INFO - DAG(s) 'e_commerce_dw_etl' retrieved from /opt/airflow/dags/ETL_dag.py
[2025-04-02T17:02:47.409+0000] {logging_mixin.py:188} INFO - [2025-04-02T17:02:47.409+0000] {dag.py:3096} INFO - Sync 1 DAGs
[2025-04-02T17:02:47.430+0000] {logging_mixin.py:188} INFO - [2025-04-02T17:02:47.430+0000] {dag.py:3954} INFO - Setting next_dagrun for e_commerce_dw_etl to 2025-03-29 00:00:00+00:00, run_after=2025-03-30 00:00:00+00:00
[2025-04-02T17:02:47.445+0000] {processor.py:183} INFO - Processing /opt/airflow/dags/ETL_dag.py took 0.128 seconds
[2025-04-02T17:03:17.726+0000] {processor.py:161} INFO - Started process (PID=255) to work on /opt/airflow/dags/ETL_dag.py
[2025-04-02T17:03:17.727+0000] {processor.py:830} INFO - Processing file /opt/airflow/dags/ETL_dag.py for tasks to queue
[2025-04-02T17:03:17.729+0000] {logging_mixin.py:188} INFO - [2025-04-02T17:03:17.729+0000] {dagbag.py:545} INFO - Filling up the DagBag from /opt/airflow/dags/ETL_dag.py
[2025-04-02T17:03:17.790+0000] {processor.py:840} INFO - DAG(s) 'e_commerce_dw_etl' retrieved from /opt/airflow/dags/ETL_dag.py
[2025-04-02T17:03:17.810+0000] {logging_mixin.py:188} INFO - [2025-04-02T17:03:17.810+0000] {dag.py:3096} INFO - Sync 1 DAGs
[2025-04-02T17:03:17.832+0000] {logging_mixin.py:188} INFO - [2025-04-02T17:03:17.832+0000] {dag.py:3954} INFO - Setting next_dagrun for e_commerce_dw_etl to 2025-04-02 00:00:00+00:00, run_after=2025-04-03 00:00:00+00:00
[2025-04-02T17:03:17.847+0000] {processor.py:183} INFO - Processing /opt/airflow/dags/ETL_dag.py took 0.125 seconds
[2025-04-02T17:03:48.147+0000] {processor.py:161} INFO - Started process (PID=281) to work on /opt/airflow/dags/ETL_dag.py
[2025-04-02T17:03:48.148+0000] {processor.py:830} INFO - Processing file /opt/airflow/dags/ETL_dag.py for tasks to queue
[2025-04-02T17:03:48.149+0000] {logging_mixin.py:188} INFO - [2025-04-02T17:03:48.149+0000] {dagbag.py:545} INFO - Filling up the DagBag from /opt/airflow/dags/ETL_dag.py
[2025-04-02T17:03:48.208+0000] {processor.py:840} INFO - DAG(s) 'e_commerce_dw_etl' retrieved from /opt/airflow/dags/ETL_dag.py
[2025-04-02T17:03:48.230+0000] {logging_mixin.py:188} INFO - [2025-04-02T17:03:48.229+0000] {dag.py:3096} INFO - Sync 1 DAGs
[2025-04-02T17:03:48.249+0000] {logging_mixin.py:188} INFO - [2025-04-02T17:03:48.249+0000] {dag.py:3954} INFO - Setting next_dagrun for e_commerce_dw_etl to 2025-04-02 00:00:00+00:00, run_after=2025-04-03 00:00:00+00:00
[2025-04-02T17:03:48.267+0000] {processor.py:183} INFO - Processing /opt/airflow/dags/ETL_dag.py took 0.124 seconds
[2025-04-02T17:04:18.565+0000] {processor.py:161} INFO - Started process (PID=307) to work on /opt/airflow/dags/ETL_dag.py
[2025-04-02T17:04:18.566+0000] {processor.py:830} INFO - Processing file /opt/airflow/dags/ETL_dag.py for tasks to queue
[2025-04-02T17:04:18.567+0000] {logging_mixin.py:188} INFO - [2025-04-02T17:04:18.567+0000] {dagbag.py:545} INFO - Filling up the DagBag from /opt/airflow/dags/ETL_dag.py
[2025-04-02T17:04:18.633+0000] {processor.py:840} INFO - DAG(s) 'e_commerce_dw_etl' retrieved from /opt/airflow/dags/ETL_dag.py
[2025-04-02T17:04:18.660+0000] {logging_mixin.py:188} INFO - [2025-04-02T17:04:18.660+0000] {dag.py:3096} INFO - Sync 1 DAGs
[2025-04-02T17:04:18.690+0000] {logging_mixin.py:188} INFO - [2025-04-02T17:04:18.690+0000] {dag.py:3954} INFO - Setting next_dagrun for e_commerce_dw_etl to 2025-04-02 00:00:00+00:00, run_after=2025-04-03 00:00:00+00:00
[2025-04-02T17:04:18.712+0000] {processor.py:183} INFO - Processing /opt/airflow/dags/ETL_dag.py took 0.151 seconds
[2025-04-02T17:04:49.024+0000] {processor.py:161} INFO - Started process (PID=339) to work on /opt/airflow/dags/ETL_dag.py
[2025-04-02T17:04:49.024+0000] {processor.py:830} INFO - Processing file /opt/airflow/dags/ETL_dag.py for tasks to queue
[2025-04-02T17:04:49.026+0000] {logging_mixin.py:188} INFO - [2025-04-02T17:04:49.026+0000] {dagbag.py:545} INFO - Filling up the DagBag from /opt/airflow/dags/ETL_dag.py
[2025-04-02T17:04:49.085+0000] {processor.py:840} INFO - DAG(s) 'e_commerce_dw_etl' retrieved from /opt/airflow/dags/ETL_dag.py
[2025-04-02T17:04:49.107+0000] {logging_mixin.py:188} INFO - [2025-04-02T17:04:49.107+0000] {dag.py:3096} INFO - Sync 1 DAGs
[2025-04-02T17:04:49.128+0000] {logging_mixin.py:188} INFO - [2025-04-02T17:04:49.127+0000] {dag.py:3954} INFO - Setting next_dagrun for e_commerce_dw_etl to 2025-04-02 00:00:00+00:00, run_after=2025-04-03 00:00:00+00:00
[2025-04-02T17:04:49.143+0000] {processor.py:183} INFO - Processing /opt/airflow/dags/ETL_dag.py took 0.124 seconds
