[2025-04-02T04:29:20.365+0000] {processor.py:161} INFO - Started process (PID=216) to work on /opt/airflow/dags/example.py
[2025-04-02T04:29:20.367+0000] {processor.py:830} INFO - Processing file /opt/airflow/dags/example.py for tasks to queue
[2025-04-02T04:29:20.371+0000] {logging_mixin.py:188} INFO - [2025-04-02T04:29:20.371+0000] {dagbag.py:545} INFO - Filling up the DagBag from /opt/airflow/dags/example.py
[2025-04-02T04:29:20.405+0000] {processor.py:840} INFO - DAG(s) 'hello_airflow' retrieved from /opt/airflow/dags/example.py
[2025-04-02T04:29:20.635+0000] {logging_mixin.py:188} INFO - [2025-04-02T04:29:20.634+0000] {dag.py:3096} INFO - Sync 1 DAGs
[2025-04-02T04:29:20.689+0000] {logging_mixin.py:188} INFO - [2025-04-02T04:29:20.688+0000] {dag.py:3954} INFO - Setting next_dagrun for hello_airflow to 2024-03-23 00:00:00+00:00, run_after=2024-03-24 00:00:00+00:00
[2025-04-02T04:29:20.745+0000] {processor.py:183} INFO - Processing /opt/airflow/dags/example.py took 0.392 seconds
[2025-04-02T04:29:51.481+0000] {processor.py:161} INFO - Started process (PID=242) to work on /opt/airflow/dags/example.py
[2025-04-02T04:29:51.482+0000] {processor.py:830} INFO - Processing file /opt/airflow/dags/example.py for tasks to queue
[2025-04-02T04:29:51.485+0000] {logging_mixin.py:188} INFO - [2025-04-02T04:29:51.484+0000] {dagbag.py:545} INFO - Filling up the DagBag from /opt/airflow/dags/example.py
[2025-04-02T04:29:51.514+0000] {processor.py:840} INFO - DAG(s) 'hello_airflow' retrieved from /opt/airflow/dags/example.py
[2025-04-02T04:29:51.559+0000] {logging_mixin.py:188} INFO - [2025-04-02T04:29:51.558+0000] {dag.py:3096} INFO - Sync 1 DAGs
[2025-04-02T04:29:51.602+0000] {logging_mixin.py:188} INFO - [2025-04-02T04:29:51.602+0000] {dag.py:3954} INFO - Setting next_dagrun for hello_airflow to 2024-03-23 00:00:00+00:00, run_after=2024-03-24 00:00:00+00:00
[2025-04-02T04:29:51.641+0000] {processor.py:183} INFO - Processing /opt/airflow/dags/example.py took 0.170 seconds
[2025-04-02T04:30:22.161+0000] {processor.py:161} INFO - Started process (PID=270) to work on /opt/airflow/dags/example.py
[2025-04-02T04:30:22.163+0000] {processor.py:830} INFO - Processing file /opt/airflow/dags/example.py for tasks to queue
[2025-04-02T04:30:22.165+0000] {logging_mixin.py:188} INFO - [2025-04-02T04:30:22.165+0000] {dagbag.py:545} INFO - Filling up the DagBag from /opt/airflow/dags/example.py
[2025-04-02T04:30:22.196+0000] {processor.py:840} INFO - DAG(s) 'hello_airflow' retrieved from /opt/airflow/dags/example.py
[2025-04-02T04:30:22.246+0000] {logging_mixin.py:188} INFO - [2025-04-02T04:30:22.246+0000] {dag.py:3096} INFO - Sync 1 DAGs
[2025-04-02T04:30:22.285+0000] {logging_mixin.py:188} INFO - [2025-04-02T04:30:22.284+0000] {dag.py:3954} INFO - Setting next_dagrun for hello_airflow to 2024-03-23 00:00:00+00:00, run_after=2024-03-24 00:00:00+00:00
[2025-04-02T04:30:22.319+0000] {processor.py:183} INFO - Processing /opt/airflow/dags/example.py took 0.168 seconds
[2025-04-02T04:30:52.883+0000] {processor.py:161} INFO - Started process (PID=296) to work on /opt/airflow/dags/example.py
[2025-04-02T04:30:52.884+0000] {processor.py:830} INFO - Processing file /opt/airflow/dags/example.py for tasks to queue
[2025-04-02T04:30:52.888+0000] {logging_mixin.py:188} INFO - [2025-04-02T04:30:52.887+0000] {dagbag.py:545} INFO - Filling up the DagBag from /opt/airflow/dags/example.py
[2025-04-02T04:30:52.920+0000] {processor.py:840} INFO - DAG(s) 'hello_airflow' retrieved from /opt/airflow/dags/example.py
[2025-04-02T04:30:52.963+0000] {logging_mixin.py:188} INFO - [2025-04-02T04:30:52.962+0000] {dag.py:3096} INFO - Sync 1 DAGs
[2025-04-02T04:30:52.999+0000] {logging_mixin.py:188} INFO - [2025-04-02T04:30:52.999+0000] {dag.py:3954} INFO - Setting next_dagrun for hello_airflow to 2024-03-23 00:00:00+00:00, run_after=2024-03-24 00:00:00+00:00
[2025-04-02T04:30:53.030+0000] {processor.py:183} INFO - Processing /opt/airflow/dags/example.py took 0.157 seconds
[2025-04-02T04:31:23.668+0000] {processor.py:161} INFO - Started process (PID=322) to work on /opt/airflow/dags/example.py
[2025-04-02T04:31:23.669+0000] {processor.py:830} INFO - Processing file /opt/airflow/dags/example.py for tasks to queue
[2025-04-02T04:31:23.672+0000] {logging_mixin.py:188} INFO - [2025-04-02T04:31:23.672+0000] {dagbag.py:545} INFO - Filling up the DagBag from /opt/airflow/dags/example.py
[2025-04-02T04:31:23.702+0000] {processor.py:840} INFO - DAG(s) 'hello_airflow' retrieved from /opt/airflow/dags/example.py
[2025-04-02T04:31:23.747+0000] {logging_mixin.py:188} INFO - [2025-04-02T04:31:23.747+0000] {dag.py:3096} INFO - Sync 1 DAGs
[2025-04-02T04:31:23.784+0000] {logging_mixin.py:188} INFO - [2025-04-02T04:31:23.783+0000] {dag.py:3954} INFO - Setting next_dagrun for hello_airflow to 2024-03-23 00:00:00+00:00, run_after=2024-03-24 00:00:00+00:00
[2025-04-02T04:31:23.834+0000] {processor.py:183} INFO - Processing /opt/airflow/dags/example.py took 0.176 seconds
[2025-04-02T04:31:54.355+0000] {processor.py:161} INFO - Started process (PID=348) to work on /opt/airflow/dags/example.py
[2025-04-02T04:31:54.357+0000] {processor.py:830} INFO - Processing file /opt/airflow/dags/example.py for tasks to queue
[2025-04-02T04:31:54.359+0000] {logging_mixin.py:188} INFO - [2025-04-02T04:31:54.359+0000] {dagbag.py:545} INFO - Filling up the DagBag from /opt/airflow/dags/example.py
[2025-04-02T04:31:54.390+0000] {processor.py:840} INFO - DAG(s) 'hello_airflow' retrieved from /opt/airflow/dags/example.py
[2025-04-02T04:31:54.436+0000] {logging_mixin.py:188} INFO - [2025-04-02T04:31:54.435+0000] {dag.py:3096} INFO - Sync 1 DAGs
[2025-04-02T04:31:54.474+0000] {logging_mixin.py:188} INFO - [2025-04-02T04:31:54.473+0000] {dag.py:3954} INFO - Setting next_dagrun for hello_airflow to 2024-03-23 00:00:00+00:00, run_after=2024-03-24 00:00:00+00:00
[2025-04-02T04:31:54.508+0000] {processor.py:183} INFO - Processing /opt/airflow/dags/example.py took 0.163 seconds
[2025-04-02T04:32:25.057+0000] {processor.py:161} INFO - Started process (PID=374) to work on /opt/airflow/dags/example.py
[2025-04-02T04:32:25.058+0000] {processor.py:830} INFO - Processing file /opt/airflow/dags/example.py for tasks to queue
[2025-04-02T04:32:25.061+0000] {logging_mixin.py:188} INFO - [2025-04-02T04:32:25.061+0000] {dagbag.py:545} INFO - Filling up the DagBag from /opt/airflow/dags/example.py
[2025-04-02T04:32:25.092+0000] {processor.py:840} INFO - DAG(s) 'hello_airflow' retrieved from /opt/airflow/dags/example.py
[2025-04-02T04:32:25.138+0000] {logging_mixin.py:188} INFO - [2025-04-02T04:32:25.138+0000] {dag.py:3096} INFO - Sync 1 DAGs
[2025-04-02T04:32:25.176+0000] {logging_mixin.py:188} INFO - [2025-04-02T04:32:25.175+0000] {dag.py:3954} INFO - Setting next_dagrun for hello_airflow to 2024-03-23 00:00:00+00:00, run_after=2024-03-24 00:00:00+00:00
[2025-04-02T04:32:25.206+0000] {processor.py:183} INFO - Processing /opt/airflow/dags/example.py took 0.158 seconds
[2025-04-02T04:34:00.296+0000] {processor.py:161} INFO - Started process (PID=216) to work on /opt/airflow/dags/example.py
[2025-04-02T04:34:00.297+0000] {processor.py:830} INFO - Processing file /opt/airflow/dags/example.py for tasks to queue
[2025-04-02T04:34:00.301+0000] {logging_mixin.py:188} INFO - [2025-04-02T04:34:00.300+0000] {dagbag.py:545} INFO - Filling up the DagBag from /opt/airflow/dags/example.py
[2025-04-02T04:34:00.332+0000] {processor.py:840} INFO - DAG(s) 'hello_airflow' retrieved from /opt/airflow/dags/example.py
[2025-04-02T04:34:00.548+0000] {logging_mixin.py:188} INFO - [2025-04-02T04:34:00.548+0000] {dag.py:3096} INFO - Sync 1 DAGs
[2025-04-02T04:34:00.584+0000] {logging_mixin.py:188} INFO - [2025-04-02T04:34:00.583+0000] {dag.py:3954} INFO - Setting next_dagrun for hello_airflow to 2024-03-23 00:00:00+00:00, run_after=2024-03-24 00:00:00+00:00
[2025-04-02T04:34:00.618+0000] {processor.py:183} INFO - Processing /opt/airflow/dags/example.py took 0.332 seconds
[2025-04-02T04:34:31.290+0000] {processor.py:161} INFO - Started process (PID=240) to work on /opt/airflow/dags/example.py
[2025-04-02T04:34:31.291+0000] {processor.py:830} INFO - Processing file /opt/airflow/dags/example.py for tasks to queue
[2025-04-02T04:34:31.294+0000] {logging_mixin.py:188} INFO - [2025-04-02T04:34:31.294+0000] {dagbag.py:545} INFO - Filling up the DagBag from /opt/airflow/dags/example.py
[2025-04-02T04:34:31.330+0000] {processor.py:840} INFO - DAG(s) 'hello_airflow' retrieved from /opt/airflow/dags/example.py
[2025-04-02T04:34:31.379+0000] {logging_mixin.py:188} INFO - [2025-04-02T04:34:31.378+0000] {dag.py:3096} INFO - Sync 1 DAGs
[2025-04-02T04:34:31.422+0000] {logging_mixin.py:188} INFO - [2025-04-02T04:34:31.421+0000] {dag.py:3954} INFO - Setting next_dagrun for hello_airflow to 2024-03-23 00:00:00+00:00, run_after=2024-03-24 00:00:00+00:00
[2025-04-02T04:34:31.452+0000] {processor.py:183} INFO - Processing /opt/airflow/dags/example.py took 0.173 seconds
[2025-04-02T04:35:02.286+0000] {processor.py:161} INFO - Started process (PID=266) to work on /opt/airflow/dags/example.py
[2025-04-02T04:35:02.287+0000] {processor.py:830} INFO - Processing file /opt/airflow/dags/example.py for tasks to queue
[2025-04-02T04:35:02.290+0000] {logging_mixin.py:188} INFO - [2025-04-02T04:35:02.290+0000] {dagbag.py:545} INFO - Filling up the DagBag from /opt/airflow/dags/example.py
[2025-04-02T04:35:02.323+0000] {processor.py:840} INFO - DAG(s) 'hello_airflow' retrieved from /opt/airflow/dags/example.py
[2025-04-02T04:35:02.380+0000] {logging_mixin.py:188} INFO - [2025-04-02T04:35:02.380+0000] {dag.py:3096} INFO - Sync 1 DAGs
[2025-04-02T04:35:02.424+0000] {logging_mixin.py:188} INFO - [2025-04-02T04:35:02.423+0000] {dag.py:3954} INFO - Setting next_dagrun for hello_airflow to 2024-03-23 00:00:00+00:00, run_after=2024-03-24 00:00:00+00:00
[2025-04-02T04:35:02.459+0000] {processor.py:183} INFO - Processing /opt/airflow/dags/example.py took 0.183 seconds
[2025-04-02T04:35:33.132+0000] {processor.py:161} INFO - Started process (PID=294) to work on /opt/airflow/dags/example.py
[2025-04-02T04:35:33.134+0000] {processor.py:830} INFO - Processing file /opt/airflow/dags/example.py for tasks to queue
[2025-04-02T04:35:33.137+0000] {logging_mixin.py:188} INFO - [2025-04-02T04:35:33.137+0000] {dagbag.py:545} INFO - Filling up the DagBag from /opt/airflow/dags/example.py
[2025-04-02T04:35:33.172+0000] {processor.py:840} INFO - DAG(s) 'hello_airflow' retrieved from /opt/airflow/dags/example.py
[2025-04-02T04:35:33.216+0000] {logging_mixin.py:188} INFO - [2025-04-02T04:35:33.216+0000] {dag.py:3096} INFO - Sync 1 DAGs
[2025-04-02T04:35:33.252+0000] {logging_mixin.py:188} INFO - [2025-04-02T04:35:33.251+0000] {dag.py:3954} INFO - Setting next_dagrun for hello_airflow to 2024-03-23 00:00:00+00:00, run_after=2024-03-24 00:00:00+00:00
[2025-04-02T04:35:33.285+0000] {processor.py:183} INFO - Processing /opt/airflow/dags/example.py took 0.163 seconds
[2025-04-02T04:36:03.909+0000] {processor.py:161} INFO - Started process (PID=320) to work on /opt/airflow/dags/example.py
[2025-04-02T04:36:03.911+0000] {processor.py:830} INFO - Processing file /opt/airflow/dags/example.py for tasks to queue
[2025-04-02T04:36:03.914+0000] {logging_mixin.py:188} INFO - [2025-04-02T04:36:03.914+0000] {dagbag.py:545} INFO - Filling up the DagBag from /opt/airflow/dags/example.py
[2025-04-02T04:36:03.945+0000] {processor.py:840} INFO - DAG(s) 'hello_airflow' retrieved from /opt/airflow/dags/example.py
[2025-04-02T04:36:03.988+0000] {logging_mixin.py:188} INFO - [2025-04-02T04:36:03.988+0000] {dag.py:3096} INFO - Sync 1 DAGs
[2025-04-02T04:36:04.027+0000] {logging_mixin.py:188} INFO - [2025-04-02T04:36:04.027+0000] {dag.py:3954} INFO - Setting next_dagrun for hello_airflow to 2024-03-23 00:00:00+00:00, run_after=2024-03-24 00:00:00+00:00
[2025-04-02T04:36:04.067+0000] {processor.py:183} INFO - Processing /opt/airflow/dags/example.py took 0.167 seconds
[2025-04-02T04:36:34.664+0000] {processor.py:161} INFO - Started process (PID=346) to work on /opt/airflow/dags/example.py
[2025-04-02T04:36:34.665+0000] {processor.py:830} INFO - Processing file /opt/airflow/dags/example.py for tasks to queue
[2025-04-02T04:36:34.668+0000] {logging_mixin.py:188} INFO - [2025-04-02T04:36:34.668+0000] {dagbag.py:545} INFO - Filling up the DagBag from /opt/airflow/dags/example.py
[2025-04-02T04:36:34.706+0000] {processor.py:840} INFO - DAG(s) 'hello_airflow' retrieved from /opt/airflow/dags/example.py
[2025-04-02T04:36:34.759+0000] {logging_mixin.py:188} INFO - [2025-04-02T04:36:34.758+0000] {dag.py:3096} INFO - Sync 1 DAGs
[2025-04-02T04:36:34.796+0000] {logging_mixin.py:188} INFO - [2025-04-02T04:36:34.796+0000] {dag.py:3954} INFO - Setting next_dagrun for hello_airflow to 2024-03-23 00:00:00+00:00, run_after=2024-03-24 00:00:00+00:00
[2025-04-02T04:36:34.835+0000] {processor.py:183} INFO - Processing /opt/airflow/dags/example.py took 0.180 seconds
[2025-04-02T04:37:05.435+0000] {processor.py:161} INFO - Started process (PID=372) to work on /opt/airflow/dags/example.py
[2025-04-02T04:37:05.437+0000] {processor.py:830} INFO - Processing file /opt/airflow/dags/example.py for tasks to queue
[2025-04-02T04:37:05.440+0000] {logging_mixin.py:188} INFO - [2025-04-02T04:37:05.439+0000] {dagbag.py:545} INFO - Filling up the DagBag from /opt/airflow/dags/example.py
[2025-04-02T04:37:05.470+0000] {processor.py:840} INFO - DAG(s) 'hello_airflow' retrieved from /opt/airflow/dags/example.py
[2025-04-02T04:37:05.516+0000] {logging_mixin.py:188} INFO - [2025-04-02T04:37:05.516+0000] {dag.py:3096} INFO - Sync 1 DAGs
[2025-04-02T04:37:05.553+0000] {logging_mixin.py:188} INFO - [2025-04-02T04:37:05.552+0000] {dag.py:3954} INFO - Setting next_dagrun for hello_airflow to 2024-03-23 00:00:00+00:00, run_after=2024-03-24 00:00:00+00:00
[2025-04-02T04:37:05.591+0000] {processor.py:183} INFO - Processing /opt/airflow/dags/example.py took 0.166 seconds
[2025-04-02T04:37:36.236+0000] {processor.py:161} INFO - Started process (PID=398) to work on /opt/airflow/dags/example.py
[2025-04-02T04:37:36.237+0000] {processor.py:830} INFO - Processing file /opt/airflow/dags/example.py for tasks to queue
[2025-04-02T04:37:36.242+0000] {logging_mixin.py:188} INFO - [2025-04-02T04:37:36.241+0000] {dagbag.py:545} INFO - Filling up the DagBag from /opt/airflow/dags/example.py
[2025-04-02T04:37:36.275+0000] {processor.py:840} INFO - DAG(s) 'hello_airflow' retrieved from /opt/airflow/dags/example.py
[2025-04-02T04:37:36.317+0000] {logging_mixin.py:188} INFO - [2025-04-02T04:37:36.317+0000] {dag.py:3096} INFO - Sync 1 DAGs
[2025-04-02T04:37:36.354+0000] {logging_mixin.py:188} INFO - [2025-04-02T04:37:36.354+0000] {dag.py:3954} INFO - Setting next_dagrun for hello_airflow to 2024-03-23 00:00:00+00:00, run_after=2024-03-24 00:00:00+00:00
[2025-04-02T04:37:36.385+0000] {processor.py:183} INFO - Processing /opt/airflow/dags/example.py took 0.159 seconds
[2025-04-02T04:38:07.010+0000] {processor.py:161} INFO - Started process (PID=424) to work on /opt/airflow/dags/example.py
[2025-04-02T04:38:07.011+0000] {processor.py:830} INFO - Processing file /opt/airflow/dags/example.py for tasks to queue
[2025-04-02T04:38:07.014+0000] {logging_mixin.py:188} INFO - [2025-04-02T04:38:07.014+0000] {dagbag.py:545} INFO - Filling up the DagBag from /opt/airflow/dags/example.py
[2025-04-02T04:38:07.044+0000] {processor.py:840} INFO - DAG(s) 'hello_airflow' retrieved from /opt/airflow/dags/example.py
[2025-04-02T04:38:07.089+0000] {logging_mixin.py:188} INFO - [2025-04-02T04:38:07.089+0000] {dag.py:3096} INFO - Sync 1 DAGs
[2025-04-02T04:38:07.125+0000] {logging_mixin.py:188} INFO - [2025-04-02T04:38:07.125+0000] {dag.py:3954} INFO - Setting next_dagrun for hello_airflow to 2024-03-23 00:00:00+00:00, run_after=2024-03-24 00:00:00+00:00
[2025-04-02T04:38:07.172+0000] {processor.py:183} INFO - Processing /opt/airflow/dags/example.py took 0.172 seconds
[2025-04-02T04:38:37.717+0000] {processor.py:161} INFO - Started process (PID=450) to work on /opt/airflow/dags/example.py
[2025-04-02T04:38:37.719+0000] {processor.py:830} INFO - Processing file /opt/airflow/dags/example.py for tasks to queue
[2025-04-02T04:38:37.723+0000] {logging_mixin.py:188} INFO - [2025-04-02T04:38:37.723+0000] {dagbag.py:545} INFO - Filling up the DagBag from /opt/airflow/dags/example.py
[2025-04-02T04:38:37.757+0000] {processor.py:840} INFO - DAG(s) 'hello_airflow' retrieved from /opt/airflow/dags/example.py
[2025-04-02T04:38:37.803+0000] {logging_mixin.py:188} INFO - [2025-04-02T04:38:37.803+0000] {dag.py:3096} INFO - Sync 1 DAGs
[2025-04-02T04:38:37.840+0000] {logging_mixin.py:188} INFO - [2025-04-02T04:38:37.839+0000] {dag.py:3954} INFO - Setting next_dagrun for hello_airflow to 2024-03-23 00:00:00+00:00, run_after=2024-03-24 00:00:00+00:00
[2025-04-02T04:38:37.871+0000] {processor.py:183} INFO - Processing /opt/airflow/dags/example.py took 0.164 seconds
[2025-04-02T04:39:08.841+0000] {processor.py:161} INFO - Started process (PID=476) to work on /opt/airflow/dags/example.py
[2025-04-02T04:39:08.843+0000] {processor.py:830} INFO - Processing file /opt/airflow/dags/example.py for tasks to queue
[2025-04-02T04:39:08.846+0000] {logging_mixin.py:188} INFO - [2025-04-02T04:39:08.846+0000] {dagbag.py:545} INFO - Filling up the DagBag from /opt/airflow/dags/example.py
[2025-04-02T04:39:08.876+0000] {processor.py:840} INFO - DAG(s) 'hello_airflow' retrieved from /opt/airflow/dags/example.py
[2025-04-02T04:39:08.921+0000] {logging_mixin.py:188} INFO - [2025-04-02T04:39:08.921+0000] {dag.py:3096} INFO - Sync 1 DAGs
[2025-04-02T04:39:08.957+0000] {logging_mixin.py:188} INFO - [2025-04-02T04:39:08.956+0000] {dag.py:3954} INFO - Setting next_dagrun for hello_airflow to 2024-03-23 00:00:00+00:00, run_after=2024-03-24 00:00:00+00:00
[2025-04-02T04:39:08.992+0000] {processor.py:183} INFO - Processing /opt/airflow/dags/example.py took 0.161 seconds
[2025-04-02T04:39:39.616+0000] {processor.py:161} INFO - Started process (PID=503) to work on /opt/airflow/dags/example.py
[2025-04-02T04:39:39.617+0000] {processor.py:830} INFO - Processing file /opt/airflow/dags/example.py for tasks to queue
[2025-04-02T04:39:39.620+0000] {logging_mixin.py:188} INFO - [2025-04-02T04:39:39.620+0000] {dagbag.py:545} INFO - Filling up the DagBag from /opt/airflow/dags/example.py
[2025-04-02T04:39:39.652+0000] {processor.py:840} INFO - DAG(s) 'hello_airflow' retrieved from /opt/airflow/dags/example.py
[2025-04-02T04:39:39.695+0000] {logging_mixin.py:188} INFO - [2025-04-02T04:39:39.694+0000] {dag.py:3096} INFO - Sync 1 DAGs
[2025-04-02T04:39:39.732+0000] {logging_mixin.py:188} INFO - [2025-04-02T04:39:39.731+0000] {dag.py:3954} INFO - Setting next_dagrun for hello_airflow to 2024-03-23 00:00:00+00:00, run_after=2024-03-24 00:00:00+00:00
[2025-04-02T04:39:39.765+0000] {processor.py:183} INFO - Processing /opt/airflow/dags/example.py took 0.159 seconds
[2025-04-02T04:40:10.393+0000] {processor.py:161} INFO - Started process (PID=529) to work on /opt/airflow/dags/example.py
[2025-04-02T04:40:10.394+0000] {processor.py:830} INFO - Processing file /opt/airflow/dags/example.py for tasks to queue
[2025-04-02T04:40:10.397+0000] {logging_mixin.py:188} INFO - [2025-04-02T04:40:10.396+0000] {dagbag.py:545} INFO - Filling up the DagBag from /opt/airflow/dags/example.py
[2025-04-02T04:40:10.428+0000] {processor.py:840} INFO - DAG(s) 'hello_airflow' retrieved from /opt/airflow/dags/example.py
[2025-04-02T04:40:10.472+0000] {logging_mixin.py:188} INFO - [2025-04-02T04:40:10.472+0000] {dag.py:3096} INFO - Sync 1 DAGs
[2025-04-02T04:40:10.511+0000] {logging_mixin.py:188} INFO - [2025-04-02T04:40:10.510+0000] {dag.py:3954} INFO - Setting next_dagrun for hello_airflow to 2024-03-23 00:00:00+00:00, run_after=2024-03-24 00:00:00+00:00
[2025-04-02T04:40:10.543+0000] {processor.py:183} INFO - Processing /opt/airflow/dags/example.py took 0.161 seconds
[2025-04-02T04:40:41.187+0000] {processor.py:161} INFO - Started process (PID=555) to work on /opt/airflow/dags/example.py
[2025-04-02T04:40:41.189+0000] {processor.py:830} INFO - Processing file /opt/airflow/dags/example.py for tasks to queue
[2025-04-02T04:40:41.192+0000] {logging_mixin.py:188} INFO - [2025-04-02T04:40:41.192+0000] {dagbag.py:545} INFO - Filling up the DagBag from /opt/airflow/dags/example.py
[2025-04-02T04:40:41.223+0000] {processor.py:840} INFO - DAG(s) 'hello_airflow' retrieved from /opt/airflow/dags/example.py
[2025-04-02T04:40:41.268+0000] {logging_mixin.py:188} INFO - [2025-04-02T04:40:41.268+0000] {dag.py:3096} INFO - Sync 1 DAGs
[2025-04-02T04:40:41.306+0000] {logging_mixin.py:188} INFO - [2025-04-02T04:40:41.306+0000] {dag.py:3954} INFO - Setting next_dagrun for hello_airflow to 2024-03-23 00:00:00+00:00, run_after=2024-03-24 00:00:00+00:00
[2025-04-02T04:40:41.341+0000] {processor.py:183} INFO - Processing /opt/airflow/dags/example.py took 0.164 seconds
[2025-04-02T04:41:11.898+0000] {processor.py:161} INFO - Started process (PID=581) to work on /opt/airflow/dags/example.py
[2025-04-02T04:41:11.900+0000] {processor.py:830} INFO - Processing file /opt/airflow/dags/example.py for tasks to queue
[2025-04-02T04:41:11.905+0000] {logging_mixin.py:188} INFO - [2025-04-02T04:41:11.904+0000] {dagbag.py:545} INFO - Filling up the DagBag from /opt/airflow/dags/example.py
[2025-04-02T04:41:11.942+0000] {processor.py:840} INFO - DAG(s) 'hello_airflow' retrieved from /opt/airflow/dags/example.py
[2025-04-02T04:41:12.005+0000] {logging_mixin.py:188} INFO - [2025-04-02T04:41:12.004+0000] {dag.py:3096} INFO - Sync 1 DAGs
[2025-04-02T04:41:12.048+0000] {logging_mixin.py:188} INFO - [2025-04-02T04:41:12.048+0000] {dag.py:3954} INFO - Setting next_dagrun for hello_airflow to 2024-03-23 00:00:00+00:00, run_after=2024-03-24 00:00:00+00:00
[2025-04-02T04:41:12.086+0000] {processor.py:183} INFO - Processing /opt/airflow/dags/example.py took 0.203 seconds
[2025-04-02T04:41:42.597+0000] {processor.py:161} INFO - Started process (PID=607) to work on /opt/airflow/dags/example.py
[2025-04-02T04:41:42.598+0000] {processor.py:830} INFO - Processing file /opt/airflow/dags/example.py for tasks to queue
[2025-04-02T04:41:42.601+0000] {logging_mixin.py:188} INFO - [2025-04-02T04:41:42.601+0000] {dagbag.py:545} INFO - Filling up the DagBag from /opt/airflow/dags/example.py
[2025-04-02T04:41:42.632+0000] {processor.py:840} INFO - DAG(s) 'hello_airflow' retrieved from /opt/airflow/dags/example.py
[2025-04-02T04:41:42.677+0000] {logging_mixin.py:188} INFO - [2025-04-02T04:41:42.676+0000] {dag.py:3096} INFO - Sync 1 DAGs
[2025-04-02T04:41:42.714+0000] {logging_mixin.py:188} INFO - [2025-04-02T04:41:42.714+0000] {dag.py:3954} INFO - Setting next_dagrun for hello_airflow to 2024-03-23 00:00:00+00:00, run_after=2024-03-24 00:00:00+00:00
[2025-04-02T04:41:42.750+0000] {processor.py:183} INFO - Processing /opt/airflow/dags/example.py took 0.163 seconds
[2025-04-02T04:42:13.407+0000] {processor.py:161} INFO - Started process (PID=633) to work on /opt/airflow/dags/example.py
[2025-04-02T04:42:13.409+0000] {processor.py:830} INFO - Processing file /opt/airflow/dags/example.py for tasks to queue
[2025-04-02T04:42:13.412+0000] {logging_mixin.py:188} INFO - [2025-04-02T04:42:13.412+0000] {dagbag.py:545} INFO - Filling up the DagBag from /opt/airflow/dags/example.py
[2025-04-02T04:42:13.441+0000] {processor.py:840} INFO - DAG(s) 'hello_airflow' retrieved from /opt/airflow/dags/example.py
[2025-04-02T04:42:13.487+0000] {logging_mixin.py:188} INFO - [2025-04-02T04:42:13.486+0000] {dag.py:3096} INFO - Sync 1 DAGs
[2025-04-02T04:42:13.525+0000] {logging_mixin.py:188} INFO - [2025-04-02T04:42:13.524+0000] {dag.py:3954} INFO - Setting next_dagrun for hello_airflow to 2024-03-23 00:00:00+00:00, run_after=2024-03-24 00:00:00+00:00
[2025-04-02T04:42:13.558+0000] {processor.py:183} INFO - Processing /opt/airflow/dags/example.py took 0.161 seconds
[2025-04-02T04:42:44.220+0000] {processor.py:161} INFO - Started process (PID=659) to work on /opt/airflow/dags/example.py
[2025-04-02T04:42:44.221+0000] {processor.py:830} INFO - Processing file /opt/airflow/dags/example.py for tasks to queue
[2025-04-02T04:42:44.224+0000] {logging_mixin.py:188} INFO - [2025-04-02T04:42:44.224+0000] {dagbag.py:545} INFO - Filling up the DagBag from /opt/airflow/dags/example.py
[2025-04-02T04:42:44.257+0000] {processor.py:840} INFO - DAG(s) 'hello_airflow' retrieved from /opt/airflow/dags/example.py
[2025-04-02T04:42:44.301+0000] {logging_mixin.py:188} INFO - [2025-04-02T04:42:44.300+0000] {dag.py:3096} INFO - Sync 1 DAGs
[2025-04-02T04:42:44.363+0000] {logging_mixin.py:188} INFO - [2025-04-02T04:42:44.363+0000] {dag.py:3954} INFO - Setting next_dagrun for hello_airflow to 2024-03-23 00:00:00+00:00, run_after=2024-03-24 00:00:00+00:00
[2025-04-02T04:42:44.396+0000] {processor.py:183} INFO - Processing /opt/airflow/dags/example.py took 0.186 seconds
[2025-04-02T04:43:15.098+0000] {processor.py:161} INFO - Started process (PID=685) to work on /opt/airflow/dags/example.py
[2025-04-02T04:43:15.100+0000] {processor.py:830} INFO - Processing file /opt/airflow/dags/example.py for tasks to queue
[2025-04-02T04:43:15.104+0000] {logging_mixin.py:188} INFO - [2025-04-02T04:43:15.104+0000] {dagbag.py:545} INFO - Filling up the DagBag from /opt/airflow/dags/example.py
[2025-04-02T04:43:15.137+0000] {processor.py:840} INFO - DAG(s) 'hello_airflow' retrieved from /opt/airflow/dags/example.py
[2025-04-02T04:43:15.183+0000] {logging_mixin.py:188} INFO - [2025-04-02T04:43:15.183+0000] {dag.py:3096} INFO - Sync 1 DAGs
[2025-04-02T04:43:15.220+0000] {logging_mixin.py:188} INFO - [2025-04-02T04:43:15.220+0000] {dag.py:3954} INFO - Setting next_dagrun for hello_airflow to 2024-03-23 00:00:00+00:00, run_after=2024-03-24 00:00:00+00:00
[2025-04-02T04:43:15.254+0000] {processor.py:183} INFO - Processing /opt/airflow/dags/example.py took 0.168 seconds
[2025-04-02T04:43:45.879+0000] {processor.py:161} INFO - Started process (PID=711) to work on /opt/airflow/dags/example.py
[2025-04-02T04:43:45.880+0000] {processor.py:830} INFO - Processing file /opt/airflow/dags/example.py for tasks to queue
[2025-04-02T04:43:45.883+0000] {logging_mixin.py:188} INFO - [2025-04-02T04:43:45.883+0000] {dagbag.py:545} INFO - Filling up the DagBag from /opt/airflow/dags/example.py
[2025-04-02T04:43:45.916+0000] {processor.py:840} INFO - DAG(s) 'hello_airflow' retrieved from /opt/airflow/dags/example.py
[2025-04-02T04:43:45.962+0000] {logging_mixin.py:188} INFO - [2025-04-02T04:43:45.962+0000] {dag.py:3096} INFO - Sync 1 DAGs
[2025-04-02T04:43:46.000+0000] {logging_mixin.py:188} INFO - [2025-04-02T04:43:46.000+0000] {dag.py:3954} INFO - Setting next_dagrun for hello_airflow to 2024-03-23 00:00:00+00:00, run_after=2024-03-24 00:00:00+00:00
[2025-04-02T04:43:46.032+0000] {processor.py:183} INFO - Processing /opt/airflow/dags/example.py took 0.164 seconds
[2025-04-02T04:44:16.957+0000] {processor.py:161} INFO - Started process (PID=737) to work on /opt/airflow/dags/example.py
[2025-04-02T04:44:16.959+0000] {processor.py:830} INFO - Processing file /opt/airflow/dags/example.py for tasks to queue
[2025-04-02T04:44:16.963+0000] {logging_mixin.py:188} INFO - [2025-04-02T04:44:16.963+0000] {dagbag.py:545} INFO - Filling up the DagBag from /opt/airflow/dags/example.py
[2025-04-02T04:44:16.999+0000] {processor.py:840} INFO - DAG(s) 'hello_airflow' retrieved from /opt/airflow/dags/example.py
[2025-04-02T04:44:17.047+0000] {logging_mixin.py:188} INFO - [2025-04-02T04:44:17.047+0000] {dag.py:3096} INFO - Sync 1 DAGs
[2025-04-02T04:44:17.086+0000] {logging_mixin.py:188} INFO - [2025-04-02T04:44:17.086+0000] {dag.py:3954} INFO - Setting next_dagrun for hello_airflow to 2024-03-23 00:00:00+00:00, run_after=2024-03-24 00:00:00+00:00
[2025-04-02T04:44:17.117+0000] {processor.py:183} INFO - Processing /opt/airflow/dags/example.py took 0.173 seconds
[2025-04-02T04:44:47.848+0000] {processor.py:161} INFO - Started process (PID=763) to work on /opt/airflow/dags/example.py
[2025-04-02T04:44:47.850+0000] {processor.py:830} INFO - Processing file /opt/airflow/dags/example.py for tasks to queue
[2025-04-02T04:44:47.853+0000] {logging_mixin.py:188} INFO - [2025-04-02T04:44:47.853+0000] {dagbag.py:545} INFO - Filling up the DagBag from /opt/airflow/dags/example.py
[2025-04-02T04:44:47.883+0000] {processor.py:840} INFO - DAG(s) 'hello_airflow' retrieved from /opt/airflow/dags/example.py
[2025-04-02T04:44:47.927+0000] {logging_mixin.py:188} INFO - [2025-04-02T04:44:47.926+0000] {dag.py:3096} INFO - Sync 1 DAGs
[2025-04-02T04:44:47.963+0000] {logging_mixin.py:188} INFO - [2025-04-02T04:44:47.963+0000] {dag.py:3954} INFO - Setting next_dagrun for hello_airflow to 2024-03-23 00:00:00+00:00, run_after=2024-03-24 00:00:00+00:00
[2025-04-02T04:44:47.996+0000] {processor.py:183} INFO - Processing /opt/airflow/dags/example.py took 0.158 seconds
[2025-04-02T04:45:18.551+0000] {processor.py:161} INFO - Started process (PID=789) to work on /opt/airflow/dags/example.py
[2025-04-02T04:45:18.552+0000] {processor.py:830} INFO - Processing file /opt/airflow/dags/example.py for tasks to queue
[2025-04-02T04:45:18.555+0000] {logging_mixin.py:188} INFO - [2025-04-02T04:45:18.554+0000] {dagbag.py:545} INFO - Filling up the DagBag from /opt/airflow/dags/example.py
[2025-04-02T04:45:18.585+0000] {processor.py:840} INFO - DAG(s) 'hello_airflow' retrieved from /opt/airflow/dags/example.py
[2025-04-02T04:45:18.631+0000] {logging_mixin.py:188} INFO - [2025-04-02T04:45:18.630+0000] {dag.py:3096} INFO - Sync 1 DAGs
[2025-04-02T04:45:18.667+0000] {logging_mixin.py:188} INFO - [2025-04-02T04:45:18.667+0000] {dag.py:3954} INFO - Setting next_dagrun for hello_airflow to 2024-03-23 00:00:00+00:00, run_after=2024-03-24 00:00:00+00:00
[2025-04-02T04:45:18.701+0000] {processor.py:183} INFO - Processing /opt/airflow/dags/example.py took 0.160 seconds
[2025-04-02T04:45:49.239+0000] {processor.py:161} INFO - Started process (PID=815) to work on /opt/airflow/dags/example.py
[2025-04-02T04:45:49.241+0000] {processor.py:830} INFO - Processing file /opt/airflow/dags/example.py for tasks to queue
[2025-04-02T04:45:49.244+0000] {logging_mixin.py:188} INFO - [2025-04-02T04:45:49.243+0000] {dagbag.py:545} INFO - Filling up the DagBag from /opt/airflow/dags/example.py
[2025-04-02T04:45:49.273+0000] {processor.py:840} INFO - DAG(s) 'hello_airflow' retrieved from /opt/airflow/dags/example.py
[2025-04-02T04:45:49.320+0000] {logging_mixin.py:188} INFO - [2025-04-02T04:45:49.319+0000] {dag.py:3096} INFO - Sync 1 DAGs
[2025-04-02T04:45:49.356+0000] {logging_mixin.py:188} INFO - [2025-04-02T04:45:49.355+0000] {dag.py:3954} INFO - Setting next_dagrun for hello_airflow to 2024-03-23 00:00:00+00:00, run_after=2024-03-24 00:00:00+00:00
[2025-04-02T04:45:49.386+0000] {processor.py:183} INFO - Processing /opt/airflow/dags/example.py took 0.157 seconds
[2025-04-02T04:46:20.020+0000] {processor.py:161} INFO - Started process (PID=841) to work on /opt/airflow/dags/example.py
[2025-04-02T04:46:20.022+0000] {processor.py:830} INFO - Processing file /opt/airflow/dags/example.py for tasks to queue
[2025-04-02T04:46:20.026+0000] {logging_mixin.py:188} INFO - [2025-04-02T04:46:20.026+0000] {dagbag.py:545} INFO - Filling up the DagBag from /opt/airflow/dags/example.py
[2025-04-02T04:46:20.062+0000] {processor.py:840} INFO - DAG(s) 'hello_airflow' retrieved from /opt/airflow/dags/example.py
[2025-04-02T04:46:20.106+0000] {logging_mixin.py:188} INFO - [2025-04-02T04:46:20.105+0000] {dag.py:3096} INFO - Sync 1 DAGs
[2025-04-02T04:46:20.142+0000] {logging_mixin.py:188} INFO - [2025-04-02T04:46:20.142+0000] {dag.py:3954} INFO - Setting next_dagrun for hello_airflow to 2024-03-23 00:00:00+00:00, run_after=2024-03-24 00:00:00+00:00
[2025-04-02T04:46:20.174+0000] {processor.py:183} INFO - Processing /opt/airflow/dags/example.py took 0.165 seconds
[2025-04-02T06:06:35.854+0000] {processor.py:161} INFO - Started process (PID=217) to work on /opt/airflow/dags/example.py
[2025-04-02T06:06:35.856+0000] {processor.py:830} INFO - Processing file /opt/airflow/dags/example.py for tasks to queue
[2025-04-02T06:06:35.859+0000] {logging_mixin.py:188} INFO - [2025-04-02T06:06:35.858+0000] {dagbag.py:545} INFO - Filling up the DagBag from /opt/airflow/dags/example.py
[2025-04-02T06:06:35.892+0000] {processor.py:840} INFO - DAG(s) 'hello_airflow' retrieved from /opt/airflow/dags/example.py
[2025-04-02T06:06:36.101+0000] {logging_mixin.py:188} INFO - [2025-04-02T06:06:36.101+0000] {dag.py:3096} INFO - Sync 1 DAGs
[2025-04-02T06:06:36.139+0000] {logging_mixin.py:188} INFO - [2025-04-02T06:06:36.139+0000] {dag.py:3954} INFO - Setting next_dagrun for hello_airflow to 2024-03-23 00:00:00+00:00, run_after=2024-03-24 00:00:00+00:00
[2025-04-02T06:06:36.177+0000] {processor.py:183} INFO - Processing /opt/airflow/dags/example.py took 0.333 seconds
[2025-04-02T06:07:06.921+0000] {processor.py:161} INFO - Started process (PID=241) to work on /opt/airflow/dags/example.py
[2025-04-02T06:07:06.923+0000] {processor.py:830} INFO - Processing file /opt/airflow/dags/example.py for tasks to queue
[2025-04-02T06:07:06.926+0000] {logging_mixin.py:188} INFO - [2025-04-02T06:07:06.925+0000] {dagbag.py:545} INFO - Filling up the DagBag from /opt/airflow/dags/example.py
[2025-04-02T06:07:06.955+0000] {processor.py:840} INFO - DAG(s) 'hello_airflow' retrieved from /opt/airflow/dags/example.py
[2025-04-02T06:07:06.999+0000] {logging_mixin.py:188} INFO - [2025-04-02T06:07:06.999+0000] {dag.py:3096} INFO - Sync 1 DAGs
[2025-04-02T06:07:07.048+0000] {logging_mixin.py:188} INFO - [2025-04-02T06:07:07.048+0000] {dag.py:3954} INFO - Setting next_dagrun for hello_airflow to 2024-03-23 00:00:00+00:00, run_after=2024-03-24 00:00:00+00:00
[2025-04-02T06:07:07.082+0000] {processor.py:183} INFO - Processing /opt/airflow/dags/example.py took 0.170 seconds
[2025-04-02T06:07:37.612+0000] {processor.py:161} INFO - Started process (PID=268) to work on /opt/airflow/dags/example.py
[2025-04-02T06:07:37.614+0000] {processor.py:830} INFO - Processing file /opt/airflow/dags/example.py for tasks to queue
[2025-04-02T06:07:37.618+0000] {logging_mixin.py:188} INFO - [2025-04-02T06:07:37.617+0000] {dagbag.py:545} INFO - Filling up the DagBag from /opt/airflow/dags/example.py
[2025-04-02T06:07:37.652+0000] {processor.py:840} INFO - DAG(s) 'hello_airflow' retrieved from /opt/airflow/dags/example.py
[2025-04-02T06:07:37.701+0000] {logging_mixin.py:188} INFO - [2025-04-02T06:07:37.701+0000] {dag.py:3096} INFO - Sync 1 DAGs
[2025-04-02T06:07:37.741+0000] {logging_mixin.py:188} INFO - [2025-04-02T06:07:37.740+0000] {dag.py:3954} INFO - Setting next_dagrun for hello_airflow to 2024-03-23 00:00:00+00:00, run_after=2024-03-24 00:00:00+00:00
[2025-04-02T06:07:37.785+0000] {processor.py:183} INFO - Processing /opt/airflow/dags/example.py took 0.183 seconds
[2025-04-02T06:08:08.333+0000] {processor.py:161} INFO - Started process (PID=296) to work on /opt/airflow/dags/example.py
[2025-04-02T06:08:08.335+0000] {processor.py:830} INFO - Processing file /opt/airflow/dags/example.py for tasks to queue
[2025-04-02T06:08:08.339+0000] {logging_mixin.py:188} INFO - [2025-04-02T06:08:08.338+0000] {dagbag.py:545} INFO - Filling up the DagBag from /opt/airflow/dags/example.py
[2025-04-02T06:08:08.373+0000] {processor.py:840} INFO - DAG(s) 'hello_airflow' retrieved from /opt/airflow/dags/example.py
[2025-04-02T06:08:08.420+0000] {logging_mixin.py:188} INFO - [2025-04-02T06:08:08.419+0000] {dag.py:3096} INFO - Sync 1 DAGs
[2025-04-02T06:08:08.458+0000] {logging_mixin.py:188} INFO - [2025-04-02T06:08:08.457+0000] {dag.py:3954} INFO - Setting next_dagrun for hello_airflow to 2024-03-23 00:00:00+00:00, run_after=2024-03-24 00:00:00+00:00
[2025-04-02T06:08:08.488+0000] {processor.py:183} INFO - Processing /opt/airflow/dags/example.py took 0.166 seconds
[2025-04-02T06:08:39.229+0000] {processor.py:161} INFO - Started process (PID=328) to work on /opt/airflow/dags/example.py
[2025-04-02T06:08:39.231+0000] {processor.py:830} INFO - Processing file /opt/airflow/dags/example.py for tasks to queue
[2025-04-02T06:08:39.236+0000] {logging_mixin.py:188} INFO - [2025-04-02T06:08:39.235+0000] {dagbag.py:545} INFO - Filling up the DagBag from /opt/airflow/dags/example.py
[2025-04-02T06:08:39.271+0000] {processor.py:840} INFO - DAG(s) 'hello_airflow' retrieved from /opt/airflow/dags/example.py
[2025-04-02T06:08:39.318+0000] {logging_mixin.py:188} INFO - [2025-04-02T06:08:39.318+0000] {dag.py:3096} INFO - Sync 1 DAGs
[2025-04-02T06:08:39.360+0000] {logging_mixin.py:188} INFO - [2025-04-02T06:08:39.360+0000] {dag.py:3954} INFO - Setting next_dagrun for hello_airflow to 2024-03-23 00:00:00+00:00, run_after=2024-03-24 00:00:00+00:00
[2025-04-02T06:08:39.402+0000] {processor.py:183} INFO - Processing /opt/airflow/dags/example.py took 0.185 seconds
[2025-04-02T14:32:55.725+0000] {processor.py:161} INFO - Started process (PID=204) to work on /opt/airflow/dags/example.py
[2025-04-02T14:32:55.727+0000] {processor.py:830} INFO - Processing file /opt/airflow/dags/example.py for tasks to queue
[2025-04-02T14:32:55.729+0000] {logging_mixin.py:188} INFO - [2025-04-02T14:32:55.729+0000] {dagbag.py:545} INFO - Filling up the DagBag from /opt/airflow/dags/example.py
[2025-04-02T14:32:55.757+0000] {processor.py:840} INFO - DAG(s) 'hello_airflow' retrieved from /opt/airflow/dags/example.py
[2025-04-02T14:32:55.797+0000] {logging_mixin.py:188} INFO - [2025-04-02T14:32:55.796+0000] {dag.py:3096} INFO - Sync 1 DAGs
[2025-04-02T14:32:55.833+0000] {logging_mixin.py:188} INFO - [2025-04-02T14:32:55.833+0000] {dag.py:3954} INFO - Setting next_dagrun for hello_airflow to 2024-03-23 00:00:00+00:00, run_after=2024-03-24 00:00:00+00:00
[2025-04-02T14:32:55.866+0000] {processor.py:183} INFO - Processing /opt/airflow/dags/example.py took 0.150 seconds
[2025-04-02T14:34:05.074+0000] {processor.py:161} INFO - Started process (PID=208) to work on /opt/airflow/dags/example.py
[2025-04-02T14:34:05.076+0000] {processor.py:830} INFO - Processing file /opt/airflow/dags/example.py for tasks to queue
[2025-04-02T14:34:05.079+0000] {logging_mixin.py:188} INFO - [2025-04-02T14:34:05.079+0000] {dagbag.py:545} INFO - Filling up the DagBag from /opt/airflow/dags/example.py
[2025-04-02T14:34:05.106+0000] {processor.py:840} INFO - DAG(s) 'hello_airflow' retrieved from /opt/airflow/dags/example.py
[2025-04-02T14:34:05.460+0000] {logging_mixin.py:188} INFO - [2025-04-02T14:34:05.459+0000] {dag.py:3096} INFO - Sync 1 DAGs
[2025-04-02T14:34:05.498+0000] {logging_mixin.py:188} INFO - [2025-04-02T14:34:05.498+0000] {dag.py:3954} INFO - Setting next_dagrun for hello_airflow to 2024-03-23 00:00:00+00:00, run_after=2024-03-24 00:00:00+00:00
[2025-04-02T14:34:05.532+0000] {processor.py:183} INFO - Processing /opt/airflow/dags/example.py took 0.477 seconds
[2025-04-02T14:34:36.439+0000] {processor.py:161} INFO - Started process (PID=234) to work on /opt/airflow/dags/example.py
[2025-04-02T14:34:36.441+0000] {processor.py:830} INFO - Processing file /opt/airflow/dags/example.py for tasks to queue
[2025-04-02T14:34:36.445+0000] {logging_mixin.py:188} INFO - [2025-04-02T14:34:36.444+0000] {dagbag.py:545} INFO - Filling up the DagBag from /opt/airflow/dags/example.py
[2025-04-02T14:34:36.474+0000] {processor.py:840} INFO - DAG(s) 'hello_airflow' retrieved from /opt/airflow/dags/example.py
[2025-04-02T14:34:36.519+0000] {logging_mixin.py:188} INFO - [2025-04-02T14:34:36.519+0000] {dag.py:3096} INFO - Sync 1 DAGs
[2025-04-02T14:34:36.561+0000] {logging_mixin.py:188} INFO - [2025-04-02T14:34:36.560+0000] {dag.py:3954} INFO - Setting next_dagrun for hello_airflow to 2024-03-23 00:00:00+00:00, run_after=2024-03-24 00:00:00+00:00
[2025-04-02T14:34:36.591+0000] {processor.py:183} INFO - Processing /opt/airflow/dags/example.py took 0.162 seconds
[2025-04-02T14:35:06.964+0000] {processor.py:161} INFO - Started process (PID=260) to work on /opt/airflow/dags/example.py
[2025-04-02T14:35:06.966+0000] {processor.py:830} INFO - Processing file /opt/airflow/dags/example.py for tasks to queue
[2025-04-02T14:35:06.968+0000] {logging_mixin.py:188} INFO - [2025-04-02T14:35:06.967+0000] {dagbag.py:545} INFO - Filling up the DagBag from /opt/airflow/dags/example.py
[2025-04-02T14:35:07.003+0000] {processor.py:840} INFO - DAG(s) 'hello_airflow' retrieved from /opt/airflow/dags/example.py
[2025-04-02T14:35:07.055+0000] {logging_mixin.py:188} INFO - [2025-04-02T14:35:07.055+0000] {dag.py:3096} INFO - Sync 1 DAGs
[2025-04-02T14:35:07.095+0000] {logging_mixin.py:188} INFO - [2025-04-02T14:35:07.094+0000] {dag.py:3954} INFO - Setting next_dagrun for hello_airflow to 2024-03-23 00:00:00+00:00, run_after=2024-03-24 00:00:00+00:00
[2025-04-02T14:35:07.127+0000] {processor.py:183} INFO - Processing /opt/airflow/dags/example.py took 0.173 seconds
[2025-04-02T14:35:37.495+0000] {processor.py:161} INFO - Started process (PID=286) to work on /opt/airflow/dags/example.py
[2025-04-02T14:35:37.497+0000] {processor.py:830} INFO - Processing file /opt/airflow/dags/example.py for tasks to queue
[2025-04-02T14:35:37.498+0000] {logging_mixin.py:188} INFO - [2025-04-02T14:35:37.498+0000] {dagbag.py:545} INFO - Filling up the DagBag from /opt/airflow/dags/example.py
[2025-04-02T14:35:37.528+0000] {processor.py:840} INFO - DAG(s) 'hello_airflow' retrieved from /opt/airflow/dags/example.py
[2025-04-02T14:35:37.573+0000] {logging_mixin.py:188} INFO - [2025-04-02T14:35:37.572+0000] {dag.py:3096} INFO - Sync 1 DAGs
[2025-04-02T14:35:37.610+0000] {logging_mixin.py:188} INFO - [2025-04-02T14:35:37.610+0000] {dag.py:3954} INFO - Setting next_dagrun for hello_airflow to 2024-03-23 00:00:00+00:00, run_after=2024-03-24 00:00:00+00:00
[2025-04-02T14:35:37.640+0000] {processor.py:183} INFO - Processing /opt/airflow/dags/example.py took 0.154 seconds
[2025-04-02T14:36:08.023+0000] {processor.py:161} INFO - Started process (PID=312) to work on /opt/airflow/dags/example.py
[2025-04-02T14:36:08.024+0000] {processor.py:830} INFO - Processing file /opt/airflow/dags/example.py for tasks to queue
[2025-04-02T14:36:08.026+0000] {logging_mixin.py:188} INFO - [2025-04-02T14:36:08.025+0000] {dagbag.py:545} INFO - Filling up the DagBag from /opt/airflow/dags/example.py
[2025-04-02T14:36:08.057+0000] {processor.py:840} INFO - DAG(s) 'hello_airflow' retrieved from /opt/airflow/dags/example.py
[2025-04-02T14:36:08.116+0000] {logging_mixin.py:188} INFO - [2025-04-02T14:36:08.115+0000] {dag.py:3096} INFO - Sync 1 DAGs
[2025-04-02T14:36:08.159+0000] {logging_mixin.py:188} INFO - [2025-04-02T14:36:08.159+0000] {dag.py:3954} INFO - Setting next_dagrun for hello_airflow to 2024-03-23 00:00:00+00:00, run_after=2024-03-24 00:00:00+00:00
[2025-04-02T14:36:08.199+0000] {processor.py:183} INFO - Processing /opt/airflow/dags/example.py took 0.184 seconds
[2025-04-02T14:36:38.420+0000] {processor.py:161} INFO - Started process (PID=338) to work on /opt/airflow/dags/example.py
[2025-04-02T14:36:38.421+0000] {processor.py:830} INFO - Processing file /opt/airflow/dags/example.py for tasks to queue
[2025-04-02T14:36:38.423+0000] {logging_mixin.py:188} INFO - [2025-04-02T14:36:38.423+0000] {dagbag.py:545} INFO - Filling up the DagBag from /opt/airflow/dags/example.py
[2025-04-02T14:36:38.448+0000] {processor.py:840} INFO - DAG(s) 'hello_airflow' retrieved from /opt/airflow/dags/example.py
[2025-04-02T14:36:38.495+0000] {logging_mixin.py:188} INFO - [2025-04-02T14:36:38.495+0000] {dag.py:3096} INFO - Sync 1 DAGs
[2025-04-02T14:36:38.534+0000] {logging_mixin.py:188} INFO - [2025-04-02T14:36:38.533+0000] {dag.py:3954} INFO - Setting next_dagrun for hello_airflow to 2024-03-23 00:00:00+00:00, run_after=2024-03-24 00:00:00+00:00
[2025-04-02T14:36:38.575+0000] {processor.py:183} INFO - Processing /opt/airflow/dags/example.py took 0.165 seconds
[2025-04-02T14:37:09.139+0000] {processor.py:161} INFO - Started process (PID=370) to work on /opt/airflow/dags/example.py
[2025-04-02T14:37:09.140+0000] {processor.py:830} INFO - Processing file /opt/airflow/dags/example.py for tasks to queue
[2025-04-02T14:37:09.142+0000] {logging_mixin.py:188} INFO - [2025-04-02T14:37:09.141+0000] {dagbag.py:545} INFO - Filling up the DagBag from /opt/airflow/dags/example.py
[2025-04-02T14:37:09.176+0000] {processor.py:840} INFO - DAG(s) 'hello_airflow' retrieved from /opt/airflow/dags/example.py
[2025-04-02T14:37:09.226+0000] {logging_mixin.py:188} INFO - [2025-04-02T14:37:09.226+0000] {dag.py:3096} INFO - Sync 1 DAGs
[2025-04-02T14:37:09.270+0000] {logging_mixin.py:188} INFO - [2025-04-02T14:37:09.270+0000] {dag.py:3954} INFO - Setting next_dagrun for hello_airflow to 2024-03-23 00:00:00+00:00, run_after=2024-03-24 00:00:00+00:00
[2025-04-02T14:37:09.303+0000] {processor.py:183} INFO - Processing /opt/airflow/dags/example.py took 0.173 seconds
[2025-04-02T14:37:39.537+0000] {processor.py:161} INFO - Started process (PID=396) to work on /opt/airflow/dags/example.py
[2025-04-02T14:37:39.539+0000] {processor.py:830} INFO - Processing file /opt/airflow/dags/example.py for tasks to queue
[2025-04-02T14:37:39.540+0000] {logging_mixin.py:188} INFO - [2025-04-02T14:37:39.540+0000] {dagbag.py:545} INFO - Filling up the DagBag from /opt/airflow/dags/example.py
[2025-04-02T14:37:39.568+0000] {processor.py:840} INFO - DAG(s) 'hello_airflow' retrieved from /opt/airflow/dags/example.py
[2025-04-02T14:37:39.613+0000] {logging_mixin.py:188} INFO - [2025-04-02T14:37:39.612+0000] {dag.py:3096} INFO - Sync 1 DAGs
[2025-04-02T14:37:39.653+0000] {logging_mixin.py:188} INFO - [2025-04-02T14:37:39.652+0000] {dag.py:3954} INFO - Setting next_dagrun for hello_airflow to 2024-03-23 00:00:00+00:00, run_after=2024-03-24 00:00:00+00:00
[2025-04-02T14:37:39.687+0000] {processor.py:183} INFO - Processing /opt/airflow/dags/example.py took 0.158 seconds
[2025-04-02T14:38:10.083+0000] {processor.py:161} INFO - Started process (PID=422) to work on /opt/airflow/dags/example.py
[2025-04-02T14:38:10.085+0000] {processor.py:830} INFO - Processing file /opt/airflow/dags/example.py for tasks to queue
[2025-04-02T14:38:10.086+0000] {logging_mixin.py:188} INFO - [2025-04-02T14:38:10.086+0000] {dagbag.py:545} INFO - Filling up the DagBag from /opt/airflow/dags/example.py
[2025-04-02T14:38:10.116+0000] {processor.py:840} INFO - DAG(s) 'hello_airflow' retrieved from /opt/airflow/dags/example.py
[2025-04-02T14:38:10.170+0000] {logging_mixin.py:188} INFO - [2025-04-02T14:38:10.169+0000] {dag.py:3096} INFO - Sync 1 DAGs
[2025-04-02T14:38:10.218+0000] {logging_mixin.py:188} INFO - [2025-04-02T14:38:10.217+0000] {dag.py:3954} INFO - Setting next_dagrun for hello_airflow to 2024-03-23 00:00:00+00:00, run_after=2024-03-24 00:00:00+00:00
[2025-04-02T14:38:10.254+0000] {processor.py:183} INFO - Processing /opt/airflow/dags/example.py took 0.180 seconds
[2025-04-02T14:38:40.503+0000] {processor.py:161} INFO - Started process (PID=448) to work on /opt/airflow/dags/example.py
[2025-04-02T14:38:40.504+0000] {processor.py:830} INFO - Processing file /opt/airflow/dags/example.py for tasks to queue
[2025-04-02T14:38:40.506+0000] {logging_mixin.py:188} INFO - [2025-04-02T14:38:40.505+0000] {dagbag.py:545} INFO - Filling up the DagBag from /opt/airflow/dags/example.py
[2025-04-02T14:38:40.537+0000] {processor.py:840} INFO - DAG(s) 'hello_airflow' retrieved from /opt/airflow/dags/example.py
[2025-04-02T14:38:40.595+0000] {logging_mixin.py:188} INFO - [2025-04-02T14:38:40.594+0000] {dag.py:3096} INFO - Sync 1 DAGs
[2025-04-02T14:38:40.640+0000] {logging_mixin.py:188} INFO - [2025-04-02T14:38:40.639+0000] {dag.py:3954} INFO - Setting next_dagrun for hello_airflow to 2024-03-23 00:00:00+00:00, run_after=2024-03-24 00:00:00+00:00
[2025-04-02T14:38:40.678+0000] {processor.py:183} INFO - Processing /opt/airflow/dags/example.py took 0.185 seconds
[2025-04-02T14:42:55.611+0000] {processor.py:161} INFO - Started process (PID=208) to work on /opt/airflow/dags/example.py
[2025-04-02T14:42:55.612+0000] {processor.py:830} INFO - Processing file /opt/airflow/dags/example.py for tasks to queue
[2025-04-02T14:42:55.615+0000] {logging_mixin.py:188} INFO - [2025-04-02T14:42:55.615+0000] {dagbag.py:545} INFO - Filling up the DagBag from /opt/airflow/dags/example.py
[2025-04-02T14:42:55.644+0000] {processor.py:840} INFO - DAG(s) 'hello_airflow' retrieved from /opt/airflow/dags/example.py
[2025-04-02T14:42:55.999+0000] {logging_mixin.py:188} INFO - [2025-04-02T14:42:55.999+0000] {dag.py:3096} INFO - Sync 1 DAGs
[2025-04-02T14:42:56.037+0000] {logging_mixin.py:188} INFO - [2025-04-02T14:42:56.037+0000] {dag.py:3954} INFO - Setting next_dagrun for hello_airflow to 2024-03-23 00:00:00+00:00, run_after=2024-03-24 00:00:00+00:00
[2025-04-02T14:42:56.071+0000] {processor.py:183} INFO - Processing /opt/airflow/dags/example.py took 0.471 seconds
[2025-04-02T14:43:26.992+0000] {processor.py:161} INFO - Started process (PID=234) to work on /opt/airflow/dags/example.py
[2025-04-02T14:43:26.993+0000] {processor.py:830} INFO - Processing file /opt/airflow/dags/example.py for tasks to queue
[2025-04-02T14:43:26.998+0000] {logging_mixin.py:188} INFO - [2025-04-02T14:43:26.997+0000] {dagbag.py:545} INFO - Filling up the DagBag from /opt/airflow/dags/example.py
[2025-04-02T14:43:27.029+0000] {processor.py:840} INFO - DAG(s) 'hello_airflow' retrieved from /opt/airflow/dags/example.py
[2025-04-02T14:43:27.080+0000] {logging_mixin.py:188} INFO - [2025-04-02T14:43:27.080+0000] {dag.py:3096} INFO - Sync 1 DAGs
[2025-04-02T14:43:27.129+0000] {logging_mixin.py:188} INFO - [2025-04-02T14:43:27.129+0000] {dag.py:3954} INFO - Setting next_dagrun for hello_airflow to 2024-03-23 00:00:00+00:00, run_after=2024-03-24 00:00:00+00:00
[2025-04-02T14:43:27.167+0000] {processor.py:183} INFO - Processing /opt/airflow/dags/example.py took 0.185 seconds
[2025-04-02T14:43:57.523+0000] {processor.py:161} INFO - Started process (PID=260) to work on /opt/airflow/dags/example.py
[2025-04-02T14:43:57.524+0000] {processor.py:830} INFO - Processing file /opt/airflow/dags/example.py for tasks to queue
[2025-04-02T14:43:57.527+0000] {logging_mixin.py:188} INFO - [2025-04-02T14:43:57.526+0000] {dagbag.py:545} INFO - Filling up the DagBag from /opt/airflow/dags/example.py
[2025-04-02T14:43:57.554+0000] {processor.py:840} INFO - DAG(s) 'hello_airflow' retrieved from /opt/airflow/dags/example.py
[2025-04-02T14:43:57.606+0000] {logging_mixin.py:188} INFO - [2025-04-02T14:43:57.606+0000] {dag.py:3096} INFO - Sync 1 DAGs
[2025-04-02T14:43:57.646+0000] {logging_mixin.py:188} INFO - [2025-04-02T14:43:57.645+0000] {dag.py:3954} INFO - Setting next_dagrun for hello_airflow to 2024-03-23 00:00:00+00:00, run_after=2024-03-24 00:00:00+00:00
[2025-04-02T14:43:57.679+0000] {processor.py:183} INFO - Processing /opt/airflow/dags/example.py took 0.165 seconds
[2025-04-02T14:44:28.037+0000] {processor.py:161} INFO - Started process (PID=286) to work on /opt/airflow/dags/example.py
[2025-04-02T14:44:28.039+0000] {processor.py:830} INFO - Processing file /opt/airflow/dags/example.py for tasks to queue
[2025-04-02T14:44:28.042+0000] {logging_mixin.py:188} INFO - [2025-04-02T14:44:28.041+0000] {dagbag.py:545} INFO - Filling up the DagBag from /opt/airflow/dags/example.py
[2025-04-02T14:44:28.074+0000] {processor.py:840} INFO - DAG(s) 'hello_airflow' retrieved from /opt/airflow/dags/example.py
[2025-04-02T14:44:28.125+0000] {logging_mixin.py:188} INFO - [2025-04-02T14:44:28.124+0000] {dag.py:3096} INFO - Sync 1 DAGs
[2025-04-02T14:44:28.183+0000] {logging_mixin.py:188} INFO - [2025-04-02T14:44:28.182+0000] {dag.py:3954} INFO - Setting next_dagrun for hello_airflow to 2024-03-23 00:00:00+00:00, run_after=2024-03-24 00:00:00+00:00
[2025-04-02T14:44:28.227+0000] {processor.py:183} INFO - Processing /opt/airflow/dags/example.py took 0.200 seconds
[2025-04-02T14:44:58.575+0000] {processor.py:161} INFO - Started process (PID=312) to work on /opt/airflow/dags/example.py
[2025-04-02T14:44:58.576+0000] {processor.py:830} INFO - Processing file /opt/airflow/dags/example.py for tasks to queue
[2025-04-02T14:44:58.579+0000] {logging_mixin.py:188} INFO - [2025-04-02T14:44:58.579+0000] {dagbag.py:545} INFO - Filling up the DagBag from /opt/airflow/dags/example.py
[2025-04-02T14:44:58.605+0000] {processor.py:840} INFO - DAG(s) 'hello_airflow' retrieved from /opt/airflow/dags/example.py
[2025-04-02T14:44:58.659+0000] {logging_mixin.py:188} INFO - [2025-04-02T14:44:58.658+0000] {dag.py:3096} INFO - Sync 1 DAGs
[2025-04-02T14:44:58.700+0000] {logging_mixin.py:188} INFO - [2025-04-02T14:44:58.699+0000] {dag.py:3954} INFO - Setting next_dagrun for hello_airflow to 2024-03-23 00:00:00+00:00, run_after=2024-03-24 00:00:00+00:00
[2025-04-02T14:44:58.740+0000] {processor.py:183} INFO - Processing /opt/airflow/dags/example.py took 0.175 seconds
[2025-04-02T14:45:28.973+0000] {processor.py:161} INFO - Started process (PID=344) to work on /opt/airflow/dags/example.py
[2025-04-02T14:45:28.974+0000] {processor.py:830} INFO - Processing file /opt/airflow/dags/example.py for tasks to queue
[2025-04-02T14:45:28.977+0000] {logging_mixin.py:188} INFO - [2025-04-02T14:45:28.976+0000] {dagbag.py:545} INFO - Filling up the DagBag from /opt/airflow/dags/example.py
[2025-04-02T14:45:29.002+0000] {processor.py:840} INFO - DAG(s) 'hello_airflow' retrieved from /opt/airflow/dags/example.py
[2025-04-02T14:45:29.044+0000] {logging_mixin.py:188} INFO - [2025-04-02T14:45:29.043+0000] {dag.py:3096} INFO - Sync 1 DAGs
[2025-04-02T14:45:29.079+0000] {logging_mixin.py:188} INFO - [2025-04-02T14:45:29.079+0000] {dag.py:3954} INFO - Setting next_dagrun for hello_airflow to 2024-03-23 00:00:00+00:00, run_after=2024-03-24 00:00:00+00:00
[2025-04-02T14:45:29.110+0000] {processor.py:183} INFO - Processing /opt/airflow/dags/example.py took 0.146 seconds
[2025-04-02T14:45:59.492+0000] {processor.py:161} INFO - Started process (PID=370) to work on /opt/airflow/dags/example.py
[2025-04-02T14:45:59.493+0000] {processor.py:830} INFO - Processing file /opt/airflow/dags/example.py for tasks to queue
[2025-04-02T14:45:59.496+0000] {logging_mixin.py:188} INFO - [2025-04-02T14:45:59.495+0000] {dagbag.py:545} INFO - Filling up the DagBag from /opt/airflow/dags/example.py
[2025-04-02T14:45:59.534+0000] {processor.py:840} INFO - DAG(s) 'hello_airflow' retrieved from /opt/airflow/dags/example.py
[2025-04-02T14:45:59.589+0000] {logging_mixin.py:188} INFO - [2025-04-02T14:45:59.588+0000] {dag.py:3096} INFO - Sync 1 DAGs
[2025-04-02T14:45:59.634+0000] {logging_mixin.py:188} INFO - [2025-04-02T14:45:59.633+0000] {dag.py:3954} INFO - Setting next_dagrun for hello_airflow to 2024-03-23 00:00:00+00:00, run_after=2024-03-24 00:00:00+00:00
[2025-04-02T14:45:59.671+0000] {processor.py:183} INFO - Processing /opt/airflow/dags/example.py took 0.189 seconds
[2025-04-02T14:46:30.214+0000] {processor.py:161} INFO - Started process (PID=396) to work on /opt/airflow/dags/example.py
[2025-04-02T14:46:30.215+0000] {processor.py:830} INFO - Processing file /opt/airflow/dags/example.py for tasks to queue
[2025-04-02T14:46:30.218+0000] {logging_mixin.py:188} INFO - [2025-04-02T14:46:30.218+0000] {dagbag.py:545} INFO - Filling up the DagBag from /opt/airflow/dags/example.py
[2025-04-02T14:46:30.245+0000] {processor.py:840} INFO - DAG(s) 'hello_airflow' retrieved from /opt/airflow/dags/example.py
[2025-04-02T14:46:30.292+0000] {logging_mixin.py:188} INFO - [2025-04-02T14:46:30.291+0000] {dag.py:3096} INFO - Sync 1 DAGs
[2025-04-02T14:46:30.330+0000] {logging_mixin.py:188} INFO - [2025-04-02T14:46:30.330+0000] {dag.py:3954} INFO - Setting next_dagrun for hello_airflow to 2024-03-23 00:00:00+00:00, run_after=2024-03-24 00:00:00+00:00
[2025-04-02T14:46:30.361+0000] {processor.py:183} INFO - Processing /opt/airflow/dags/example.py took 0.155 seconds
[2025-04-02T14:47:00.606+0000] {processor.py:161} INFO - Started process (PID=422) to work on /opt/airflow/dags/example.py
[2025-04-02T14:47:00.607+0000] {processor.py:830} INFO - Processing file /opt/airflow/dags/example.py for tasks to queue
[2025-04-02T14:47:00.610+0000] {logging_mixin.py:188} INFO - [2025-04-02T14:47:00.609+0000] {dagbag.py:545} INFO - Filling up the DagBag from /opt/airflow/dags/example.py
[2025-04-02T14:47:00.636+0000] {processor.py:840} INFO - DAG(s) 'hello_airflow' retrieved from /opt/airflow/dags/example.py
[2025-04-02T14:47:00.682+0000] {logging_mixin.py:188} INFO - [2025-04-02T14:47:00.682+0000] {dag.py:3096} INFO - Sync 1 DAGs
[2025-04-02T14:47:00.721+0000] {logging_mixin.py:188} INFO - [2025-04-02T14:47:00.721+0000] {dag.py:3954} INFO - Setting next_dagrun for hello_airflow to 2024-03-23 00:00:00+00:00, run_after=2024-03-24 00:00:00+00:00
[2025-04-02T14:47:00.752+0000] {processor.py:183} INFO - Processing /opt/airflow/dags/example.py took 0.155 seconds
[2025-04-02T14:47:31.125+0000] {processor.py:161} INFO - Started process (PID=448) to work on /opt/airflow/dags/example.py
[2025-04-02T14:47:31.127+0000] {processor.py:830} INFO - Processing file /opt/airflow/dags/example.py for tasks to queue
[2025-04-02T14:47:31.129+0000] {logging_mixin.py:188} INFO - [2025-04-02T14:47:31.129+0000] {dagbag.py:545} INFO - Filling up the DagBag from /opt/airflow/dags/example.py
[2025-04-02T14:47:31.154+0000] {processor.py:840} INFO - DAG(s) 'hello_airflow' retrieved from /opt/airflow/dags/example.py
[2025-04-02T14:47:31.198+0000] {logging_mixin.py:188} INFO - [2025-04-02T14:47:31.197+0000] {dag.py:3096} INFO - Sync 1 DAGs
[2025-04-02T14:47:31.236+0000] {logging_mixin.py:188} INFO - [2025-04-02T14:47:31.235+0000] {dag.py:3954} INFO - Setting next_dagrun for hello_airflow to 2024-03-23 00:00:00+00:00, run_after=2024-03-24 00:00:00+00:00
[2025-04-02T14:47:31.267+0000] {processor.py:183} INFO - Processing /opt/airflow/dags/example.py took 0.150 seconds
[2025-04-02T14:48:01.874+0000] {processor.py:161} INFO - Started process (PID=474) to work on /opt/airflow/dags/example.py
[2025-04-02T14:48:01.876+0000] {processor.py:830} INFO - Processing file /opt/airflow/dags/example.py for tasks to queue
[2025-04-02T14:48:01.878+0000] {logging_mixin.py:188} INFO - [2025-04-02T14:48:01.878+0000] {dagbag.py:545} INFO - Filling up the DagBag from /opt/airflow/dags/example.py
[2025-04-02T14:48:01.917+0000] {processor.py:840} INFO - DAG(s) 'hello_airflow' retrieved from /opt/airflow/dags/example.py
[2025-04-02T14:48:01.985+0000] {logging_mixin.py:188} INFO - [2025-04-02T14:48:01.985+0000] {dag.py:3096} INFO - Sync 1 DAGs
[2025-04-02T14:48:02.033+0000] {logging_mixin.py:188} INFO - [2025-04-02T14:48:02.032+0000] {dag.py:3954} INFO - Setting next_dagrun for hello_airflow to 2024-03-23 00:00:00+00:00, run_after=2024-03-24 00:00:00+00:00
[2025-04-02T14:48:02.075+0000] {processor.py:183} INFO - Processing /opt/airflow/dags/example.py took 0.210 seconds
[2025-04-02T14:48:32.425+0000] {processor.py:161} INFO - Started process (PID=500) to work on /opt/airflow/dags/example.py
[2025-04-02T14:48:32.426+0000] {processor.py:830} INFO - Processing file /opt/airflow/dags/example.py for tasks to queue
[2025-04-02T14:48:32.430+0000] {logging_mixin.py:188} INFO - [2025-04-02T14:48:32.429+0000] {dagbag.py:545} INFO - Filling up the DagBag from /opt/airflow/dags/example.py
[2025-04-02T14:48:32.456+0000] {processor.py:840} INFO - DAG(s) 'hello_airflow' retrieved from /opt/airflow/dags/example.py
[2025-04-02T14:48:32.506+0000] {logging_mixin.py:188} INFO - [2025-04-02T14:48:32.506+0000] {dag.py:3096} INFO - Sync 1 DAGs
[2025-04-02T14:48:32.553+0000] {logging_mixin.py:188} INFO - [2025-04-02T14:48:32.552+0000] {dag.py:3954} INFO - Setting next_dagrun for hello_airflow to 2024-03-23 00:00:00+00:00, run_after=2024-03-24 00:00:00+00:00
[2025-04-02T14:48:32.587+0000] {processor.py:183} INFO - Processing /opt/airflow/dags/example.py took 0.170 seconds
[2025-04-02T14:50:23.120+0000] {processor.py:161} INFO - Started process (PID=208) to work on /opt/airflow/dags/example.py
[2025-04-02T14:50:23.122+0000] {processor.py:830} INFO - Processing file /opt/airflow/dags/example.py for tasks to queue
[2025-04-02T14:50:23.126+0000] {logging_mixin.py:188} INFO - [2025-04-02T14:50:23.125+0000] {dagbag.py:545} INFO - Filling up the DagBag from /opt/airflow/dags/example.py
[2025-04-02T14:50:23.161+0000] {processor.py:840} INFO - DAG(s) 'hello_airflow' retrieved from /opt/airflow/dags/example.py
[2025-04-02T14:50:23.577+0000] {logging_mixin.py:188} INFO - [2025-04-02T14:50:23.577+0000] {dag.py:3096} INFO - Sync 1 DAGs
[2025-04-02T14:50:23.621+0000] {logging_mixin.py:188} INFO - [2025-04-02T14:50:23.621+0000] {dag.py:3954} INFO - Setting next_dagrun for hello_airflow to 2024-03-23 00:00:00+00:00, run_after=2024-03-24 00:00:00+00:00
[2025-04-02T14:50:23.660+0000] {processor.py:183} INFO - Processing /opt/airflow/dags/example.py took 0.552 seconds
[2025-04-02T14:50:54.498+0000] {processor.py:161} INFO - Started process (PID=234) to work on /opt/airflow/dags/example.py
[2025-04-02T14:50:54.500+0000] {processor.py:830} INFO - Processing file /opt/airflow/dags/example.py for tasks to queue
[2025-04-02T14:50:54.503+0000] {logging_mixin.py:188} INFO - [2025-04-02T14:50:54.503+0000] {dagbag.py:545} INFO - Filling up the DagBag from /opt/airflow/dags/example.py
[2025-04-02T14:50:54.528+0000] {processor.py:840} INFO - DAG(s) 'hello_airflow' retrieved from /opt/airflow/dags/example.py
[2025-04-02T14:50:54.580+0000] {logging_mixin.py:188} INFO - [2025-04-02T14:50:54.580+0000] {dag.py:3096} INFO - Sync 1 DAGs
[2025-04-02T14:50:54.622+0000] {logging_mixin.py:188} INFO - [2025-04-02T14:50:54.622+0000] {dag.py:3954} INFO - Setting next_dagrun for hello_airflow to 2024-03-23 00:00:00+00:00, run_after=2024-03-24 00:00:00+00:00
[2025-04-02T14:50:54.655+0000] {processor.py:183} INFO - Processing /opt/airflow/dags/example.py took 0.165 seconds
[2025-04-02T14:51:25.020+0000] {processor.py:161} INFO - Started process (PID=260) to work on /opt/airflow/dags/example.py
[2025-04-02T14:51:25.021+0000] {processor.py:830} INFO - Processing file /opt/airflow/dags/example.py for tasks to queue
[2025-04-02T14:51:25.024+0000] {logging_mixin.py:188} INFO - [2025-04-02T14:51:25.023+0000] {dagbag.py:545} INFO - Filling up the DagBag from /opt/airflow/dags/example.py
[2025-04-02T14:51:25.053+0000] {processor.py:840} INFO - DAG(s) 'hello_airflow' retrieved from /opt/airflow/dags/example.py
[2025-04-02T14:51:25.104+0000] {logging_mixin.py:188} INFO - [2025-04-02T14:51:25.104+0000] {dag.py:3096} INFO - Sync 1 DAGs
[2025-04-02T14:51:25.141+0000] {logging_mixin.py:188} INFO - [2025-04-02T14:51:25.141+0000] {dag.py:3954} INFO - Setting next_dagrun for hello_airflow to 2024-03-23 00:00:00+00:00, run_after=2024-03-24 00:00:00+00:00
[2025-04-02T14:51:25.173+0000] {processor.py:183} INFO - Processing /opt/airflow/dags/example.py took 0.161 seconds
[2025-04-02T14:51:55.529+0000] {processor.py:161} INFO - Started process (PID=286) to work on /opt/airflow/dags/example.py
[2025-04-02T14:51:55.530+0000] {processor.py:830} INFO - Processing file /opt/airflow/dags/example.py for tasks to queue
[2025-04-02T14:51:55.533+0000] {logging_mixin.py:188} INFO - [2025-04-02T14:51:55.532+0000] {dagbag.py:545} INFO - Filling up the DagBag from /opt/airflow/dags/example.py
[2025-04-02T14:51:55.564+0000] {processor.py:840} INFO - DAG(s) 'hello_airflow' retrieved from /opt/airflow/dags/example.py
[2025-04-02T14:51:55.612+0000] {logging_mixin.py:188} INFO - [2025-04-02T14:51:55.612+0000] {dag.py:3096} INFO - Sync 1 DAGs
[2025-04-02T14:51:55.650+0000] {logging_mixin.py:188} INFO - [2025-04-02T14:51:55.650+0000] {dag.py:3954} INFO - Setting next_dagrun for hello_airflow to 2024-03-23 00:00:00+00:00, run_after=2024-03-24 00:00:00+00:00
[2025-04-02T14:51:55.683+0000] {processor.py:183} INFO - Processing /opt/airflow/dags/example.py took 0.162 seconds
[2025-04-02T14:52:26.117+0000] {processor.py:161} INFO - Started process (PID=312) to work on /opt/airflow/dags/example.py
[2025-04-02T14:52:26.118+0000] {processor.py:830} INFO - Processing file /opt/airflow/dags/example.py for tasks to queue
[2025-04-02T14:52:26.121+0000] {logging_mixin.py:188} INFO - [2025-04-02T14:52:26.120+0000] {dagbag.py:545} INFO - Filling up the DagBag from /opt/airflow/dags/example.py
[2025-04-02T14:52:26.146+0000] {processor.py:840} INFO - DAG(s) 'hello_airflow' retrieved from /opt/airflow/dags/example.py
[2025-04-02T14:52:26.187+0000] {logging_mixin.py:188} INFO - [2025-04-02T14:52:26.187+0000] {dag.py:3096} INFO - Sync 1 DAGs
[2025-04-02T14:52:26.220+0000] {logging_mixin.py:188} INFO - [2025-04-02T14:52:26.219+0000] {dag.py:3954} INFO - Setting next_dagrun for hello_airflow to 2024-03-23 00:00:00+00:00, run_after=2024-03-24 00:00:00+00:00
[2025-04-02T14:52:26.251+0000] {processor.py:183} INFO - Processing /opt/airflow/dags/example.py took 0.143 seconds
[2025-04-02T14:52:56.626+0000] {processor.py:161} INFO - Started process (PID=344) to work on /opt/airflow/dags/example.py
[2025-04-02T14:52:56.628+0000] {processor.py:830} INFO - Processing file /opt/airflow/dags/example.py for tasks to queue
[2025-04-02T14:52:56.630+0000] {logging_mixin.py:188} INFO - [2025-04-02T14:52:56.630+0000] {dagbag.py:545} INFO - Filling up the DagBag from /opt/airflow/dags/example.py
[2025-04-02T14:52:56.657+0000] {processor.py:840} INFO - DAG(s) 'hello_airflow' retrieved from /opt/airflow/dags/example.py
[2025-04-02T14:52:56.703+0000] {logging_mixin.py:188} INFO - [2025-04-02T14:52:56.702+0000] {dag.py:3096} INFO - Sync 1 DAGs
[2025-04-02T14:52:56.741+0000] {logging_mixin.py:188} INFO - [2025-04-02T14:52:56.741+0000] {dag.py:3954} INFO - Setting next_dagrun for hello_airflow to 2024-03-23 00:00:00+00:00, run_after=2024-03-24 00:00:00+00:00
[2025-04-02T14:52:56.774+0000] {processor.py:183} INFO - Processing /opt/airflow/dags/example.py took 0.158 seconds
[2025-04-02T17:02:16.796+0000] {processor.py:161} INFO - Started process (PID=198) to work on /opt/airflow/dags/example.py
[2025-04-02T17:02:16.797+0000] {processor.py:830} INFO - Processing file /opt/airflow/dags/example.py for tasks to queue
[2025-04-02T17:02:16.799+0000] {logging_mixin.py:188} INFO - [2025-04-02T17:02:16.799+0000] {dagbag.py:545} INFO - Filling up the DagBag from /opt/airflow/dags/example.py
[2025-04-02T17:02:16.819+0000] {processor.py:840} INFO - DAG(s) 'hello_airflow' retrieved from /opt/airflow/dags/example.py
[2025-04-02T17:02:17.030+0000] {logging_mixin.py:188} INFO - [2025-04-02T17:02:17.029+0000] {override.py:1829} INFO - Created Permission View: can edit on DAG:hello_airflow
[2025-04-02T17:02:17.038+0000] {logging_mixin.py:188} INFO - [2025-04-02T17:02:17.037+0000] {override.py:1829} INFO - Created Permission View: can delete on DAG:hello_airflow
[2025-04-02T17:02:17.042+0000] {logging_mixin.py:188} INFO - [2025-04-02T17:02:17.042+0000] {override.py:1829} INFO - Created Permission View: can read on DAG:hello_airflow
[2025-04-02T17:02:17.043+0000] {logging_mixin.py:188} INFO - [2025-04-02T17:02:17.043+0000] {dag.py:3096} INFO - Sync 1 DAGs
[2025-04-02T17:02:17.051+0000] {logging_mixin.py:188} INFO - [2025-04-02T17:02:17.051+0000] {dag.py:3118} INFO - Creating ORM DAG for hello_airflow
[2025-04-02T17:02:17.059+0000] {logging_mixin.py:188} INFO - [2025-04-02T17:02:17.059+0000] {dag.py:3954} INFO - Setting next_dagrun for hello_airflow to 2024-03-23 00:00:00+00:00, run_after=2024-03-24 00:00:00+00:00
[2025-04-02T17:02:17.074+0000] {processor.py:183} INFO - Processing /opt/airflow/dags/example.py took 0.282 seconds
[2025-04-02T17:02:47.446+0000] {processor.py:161} INFO - Started process (PID=222) to work on /opt/airflow/dags/example.py
[2025-04-02T17:02:47.446+0000] {processor.py:830} INFO - Processing file /opt/airflow/dags/example.py for tasks to queue
[2025-04-02T17:02:47.448+0000] {logging_mixin.py:188} INFO - [2025-04-02T17:02:47.448+0000] {dagbag.py:545} INFO - Filling up the DagBag from /opt/airflow/dags/example.py
[2025-04-02T17:02:47.461+0000] {processor.py:840} INFO - DAG(s) 'hello_airflow' retrieved from /opt/airflow/dags/example.py
[2025-04-02T17:02:47.483+0000] {logging_mixin.py:188} INFO - [2025-04-02T17:02:47.482+0000] {dag.py:3096} INFO - Sync 1 DAGs
[2025-04-02T17:02:47.501+0000] {logging_mixin.py:188} INFO - [2025-04-02T17:02:47.501+0000] {dag.py:3954} INFO - Setting next_dagrun for hello_airflow to 2024-03-23 00:00:00+00:00, run_after=2024-03-24 00:00:00+00:00
[2025-04-02T17:02:47.515+0000] {processor.py:183} INFO - Processing /opt/airflow/dags/example.py took 0.074 seconds
[2025-04-02T17:03:17.843+0000] {processor.py:161} INFO - Started process (PID=263) to work on /opt/airflow/dags/example.py
[2025-04-02T17:03:17.844+0000] {processor.py:830} INFO - Processing file /opt/airflow/dags/example.py for tasks to queue
[2025-04-02T17:03:17.846+0000] {logging_mixin.py:188} INFO - [2025-04-02T17:03:17.846+0000] {dagbag.py:545} INFO - Filling up the DagBag from /opt/airflow/dags/example.py
[2025-04-02T17:03:17.859+0000] {processor.py:840} INFO - DAG(s) 'hello_airflow' retrieved from /opt/airflow/dags/example.py
[2025-04-02T17:03:17.880+0000] {logging_mixin.py:188} INFO - [2025-04-02T17:03:17.880+0000] {dag.py:3096} INFO - Sync 1 DAGs
[2025-04-02T17:03:17.899+0000] {logging_mixin.py:188} INFO - [2025-04-02T17:03:17.898+0000] {dag.py:3954} INFO - Setting next_dagrun for hello_airflow to 2024-03-23 00:00:00+00:00, run_after=2024-03-24 00:00:00+00:00
[2025-04-02T17:03:17.914+0000] {processor.py:183} INFO - Processing /opt/airflow/dags/example.py took 0.074 seconds
[2025-04-02T17:03:48.267+0000] {processor.py:161} INFO - Started process (PID=289) to work on /opt/airflow/dags/example.py
[2025-04-02T17:03:48.267+0000] {processor.py:830} INFO - Processing file /opt/airflow/dags/example.py for tasks to queue
[2025-04-02T17:03:48.269+0000] {logging_mixin.py:188} INFO - [2025-04-02T17:03:48.269+0000] {dagbag.py:545} INFO - Filling up the DagBag from /opt/airflow/dags/example.py
[2025-04-02T17:03:48.283+0000] {processor.py:840} INFO - DAG(s) 'hello_airflow' retrieved from /opt/airflow/dags/example.py
[2025-04-02T17:03:48.307+0000] {logging_mixin.py:188} INFO - [2025-04-02T17:03:48.307+0000] {dag.py:3096} INFO - Sync 1 DAGs
[2025-04-02T17:03:48.329+0000] {logging_mixin.py:188} INFO - [2025-04-02T17:03:48.329+0000] {dag.py:3954} INFO - Setting next_dagrun for hello_airflow to 2024-03-23 00:00:00+00:00, run_after=2024-03-24 00:00:00+00:00
[2025-04-02T17:03:48.345+0000] {processor.py:183} INFO - Processing /opt/airflow/dags/example.py took 0.083 seconds
[2025-04-02T17:04:18.709+0000] {processor.py:161} INFO - Started process (PID=321) to work on /opt/airflow/dags/example.py
[2025-04-02T17:04:18.710+0000] {processor.py:830} INFO - Processing file /opt/airflow/dags/example.py for tasks to queue
[2025-04-02T17:04:18.712+0000] {logging_mixin.py:188} INFO - [2025-04-02T17:04:18.711+0000] {dagbag.py:545} INFO - Filling up the DagBag from /opt/airflow/dags/example.py
[2025-04-02T17:04:18.729+0000] {processor.py:840} INFO - DAG(s) 'hello_airflow' retrieved from /opt/airflow/dags/example.py
[2025-04-02T17:04:18.756+0000] {logging_mixin.py:188} INFO - [2025-04-02T17:04:18.756+0000] {dag.py:3096} INFO - Sync 1 DAGs
[2025-04-02T17:04:18.776+0000] {logging_mixin.py:188} INFO - [2025-04-02T17:04:18.776+0000] {dag.py:3954} INFO - Setting next_dagrun for hello_airflow to 2024-03-23 00:00:00+00:00, run_after=2024-03-24 00:00:00+00:00
[2025-04-02T17:04:18.794+0000] {processor.py:183} INFO - Processing /opt/airflow/dags/example.py took 0.092 seconds
[2025-04-02T17:04:49.134+0000] {processor.py:161} INFO - Started process (PID=347) to work on /opt/airflow/dags/example.py
[2025-04-02T17:04:49.135+0000] {processor.py:830} INFO - Processing file /opt/airflow/dags/example.py for tasks to queue
[2025-04-02T17:04:49.137+0000] {logging_mixin.py:188} INFO - [2025-04-02T17:04:49.136+0000] {dagbag.py:545} INFO - Filling up the DagBag from /opt/airflow/dags/example.py
[2025-04-02T17:04:49.150+0000] {processor.py:840} INFO - DAG(s) 'hello_airflow' retrieved from /opt/airflow/dags/example.py
[2025-04-02T17:04:49.173+0000] {logging_mixin.py:188} INFO - [2025-04-02T17:04:49.172+0000] {dag.py:3096} INFO - Sync 1 DAGs
[2025-04-02T17:04:49.191+0000] {logging_mixin.py:188} INFO - [2025-04-02T17:04:49.190+0000] {dag.py:3954} INFO - Setting next_dagrun for hello_airflow to 2024-03-23 00:00:00+00:00, run_after=2024-03-24 00:00:00+00:00
[2025-04-02T17:04:49.205+0000] {processor.py:183} INFO - Processing /opt/airflow/dags/example.py took 0.075 seconds
