[2025-04-02T04:29:19.580+0000] {processor.py:161} INFO - Started process (PID=204) to work on /opt/airflow/dags/new_dags.py
[2025-04-02T04:29:19.583+0000] {processor.py:830} INFO - Processing file /opt/airflow/dags/new_dags.py for tasks to queue
[2025-04-02T04:29:19.589+0000] {logging_mixin.py:188} INFO - [2025-04-02T04:29:19.588+0000] {dagbag.py:545} INFO - Filling up the DagBag from /opt/airflow/dags/new_dags.py
[2025-04-02T04:29:19.667+0000] {processor.py:840} INFO - DAG(s) 'example_dag' retrieved from /opt/airflow/dags/new_dags.py
[2025-04-02T04:29:20.167+0000] {logging_mixin.py:188} INFO - [2025-04-02T04:29:20.166+0000] {dag.py:3096} INFO - Sync 1 DAGs
[2025-04-02T04:29:20.226+0000] {logging_mixin.py:188} INFO - [2025-04-02T04:29:20.225+0000] {dag.py:3954} INFO - Setting next_dagrun for example_dag to 2025-04-01 00:00:00+00:00, run_after=2025-04-02 00:00:00+00:00
[2025-04-02T04:29:20.265+0000] {processor.py:183} INFO - Processing /opt/airflow/dags/new_dags.py took 0.699 seconds
[2025-04-02T04:29:51.164+0000] {processor.py:161} INFO - Started process (PID=234) to work on /opt/airflow/dags/new_dags.py
[2025-04-02T04:29:51.165+0000] {processor.py:830} INFO - Processing file /opt/airflow/dags/new_dags.py for tasks to queue
[2025-04-02T04:29:51.169+0000] {logging_mixin.py:188} INFO - [2025-04-02T04:29:51.169+0000] {dagbag.py:545} INFO - Filling up the DagBag from /opt/airflow/dags/new_dags.py
[2025-04-02T04:29:51.255+0000] {processor.py:840} INFO - DAG(s) 'example_dag' retrieved from /opt/airflow/dags/new_dags.py
[2025-04-02T04:29:51.325+0000] {logging_mixin.py:188} INFO - [2025-04-02T04:29:51.325+0000] {dag.py:3096} INFO - Sync 1 DAGs
[2025-04-02T04:29:51.381+0000] {logging_mixin.py:188} INFO - [2025-04-02T04:29:51.380+0000] {dag.py:3954} INFO - Setting next_dagrun for example_dag to 2025-04-01 00:00:00+00:00, run_after=2025-04-02 00:00:00+00:00
[2025-04-02T04:29:51.418+0000] {processor.py:183} INFO - Processing /opt/airflow/dags/new_dags.py took 0.266 seconds
[2025-04-02T04:30:21.910+0000] {processor.py:161} INFO - Started process (PID=262) to work on /opt/airflow/dags/new_dags.py
[2025-04-02T04:30:21.911+0000] {processor.py:830} INFO - Processing file /opt/airflow/dags/new_dags.py for tasks to queue
[2025-04-02T04:30:21.915+0000] {logging_mixin.py:188} INFO - [2025-04-02T04:30:21.914+0000] {dagbag.py:545} INFO - Filling up the DagBag from /opt/airflow/dags/new_dags.py
[2025-04-02T04:30:21.953+0000] {processor.py:840} INFO - DAG(s) 'example_dag' retrieved from /opt/airflow/dags/new_dags.py
[2025-04-02T04:30:22.011+0000] {logging_mixin.py:188} INFO - [2025-04-02T04:30:22.010+0000] {dag.py:3096} INFO - Sync 1 DAGs
[2025-04-02T04:30:22.061+0000] {logging_mixin.py:188} INFO - [2025-04-02T04:30:22.061+0000] {dag.py:3954} INFO - Setting next_dagrun for example_dag to 2025-04-01 00:00:00+00:00, run_after=2025-04-02 00:00:00+00:00
[2025-04-02T04:30:22.095+0000] {processor.py:183} INFO - Processing /opt/airflow/dags/new_dags.py took 0.197 seconds
[2025-04-02T04:30:52.615+0000] {processor.py:161} INFO - Started process (PID=288) to work on /opt/airflow/dags/new_dags.py
[2025-04-02T04:30:52.618+0000] {processor.py:830} INFO - Processing file /opt/airflow/dags/new_dags.py for tasks to queue
[2025-04-02T04:30:52.622+0000] {logging_mixin.py:188} INFO - [2025-04-02T04:30:52.621+0000] {dagbag.py:545} INFO - Filling up the DagBag from /opt/airflow/dags/new_dags.py
[2025-04-02T04:30:52.666+0000] {processor.py:840} INFO - DAG(s) 'example_dag' retrieved from /opt/airflow/dags/new_dags.py
[2025-04-02T04:30:52.720+0000] {logging_mixin.py:188} INFO - [2025-04-02T04:30:52.720+0000] {dag.py:3096} INFO - Sync 1 DAGs
[2025-04-02T04:30:52.767+0000] {logging_mixin.py:188} INFO - [2025-04-02T04:30:52.767+0000] {dag.py:3954} INFO - Setting next_dagrun for example_dag to 2025-04-01 00:00:00+00:00, run_after=2025-04-02 00:00:00+00:00
[2025-04-02T04:30:52.803+0000] {processor.py:183} INFO - Processing /opt/airflow/dags/new_dags.py took 0.200 seconds
[2025-04-02T04:31:23.444+0000] {processor.py:161} INFO - Started process (PID=314) to work on /opt/airflow/dags/new_dags.py
[2025-04-02T04:31:23.446+0000] {processor.py:830} INFO - Processing file /opt/airflow/dags/new_dags.py for tasks to queue
[2025-04-02T04:31:23.450+0000] {logging_mixin.py:188} INFO - [2025-04-02T04:31:23.450+0000] {dagbag.py:545} INFO - Filling up the DagBag from /opt/airflow/dags/new_dags.py
[2025-04-02T04:31:23.485+0000] {processor.py:840} INFO - DAG(s) 'example_dag' retrieved from /opt/airflow/dags/new_dags.py
[2025-04-02T04:31:23.529+0000] {logging_mixin.py:188} INFO - [2025-04-02T04:31:23.529+0000] {dag.py:3096} INFO - Sync 1 DAGs
[2025-04-02T04:31:23.570+0000] {logging_mixin.py:188} INFO - [2025-04-02T04:31:23.569+0000] {dag.py:3954} INFO - Setting next_dagrun for example_dag to 2025-04-01 00:00:00+00:00, run_after=2025-04-02 00:00:00+00:00
[2025-04-02T04:31:23.605+0000] {processor.py:183} INFO - Processing /opt/airflow/dags/new_dags.py took 0.174 seconds
[2025-04-02T04:31:54.120+0000] {processor.py:161} INFO - Started process (PID=340) to work on /opt/airflow/dags/new_dags.py
[2025-04-02T04:31:54.121+0000] {processor.py:830} INFO - Processing file /opt/airflow/dags/new_dags.py for tasks to queue
[2025-04-02T04:31:54.124+0000] {logging_mixin.py:188} INFO - [2025-04-02T04:31:54.124+0000] {dagbag.py:545} INFO - Filling up the DagBag from /opt/airflow/dags/new_dags.py
[2025-04-02T04:31:54.161+0000] {processor.py:840} INFO - DAG(s) 'example_dag' retrieved from /opt/airflow/dags/new_dags.py
[2025-04-02T04:31:54.208+0000] {logging_mixin.py:188} INFO - [2025-04-02T04:31:54.208+0000] {dag.py:3096} INFO - Sync 1 DAGs
[2025-04-02T04:31:54.248+0000] {logging_mixin.py:188} INFO - [2025-04-02T04:31:54.248+0000] {dag.py:3954} INFO - Setting next_dagrun for example_dag to 2025-04-01 00:00:00+00:00, run_after=2025-04-02 00:00:00+00:00
[2025-04-02T04:31:54.286+0000] {processor.py:183} INFO - Processing /opt/airflow/dags/new_dags.py took 0.176 seconds
[2025-04-02T04:32:24.807+0000] {processor.py:161} INFO - Started process (PID=366) to work on /opt/airflow/dags/new_dags.py
[2025-04-02T04:32:24.808+0000] {processor.py:830} INFO - Processing file /opt/airflow/dags/new_dags.py for tasks to queue
[2025-04-02T04:32:24.811+0000] {logging_mixin.py:188} INFO - [2025-04-02T04:32:24.811+0000] {dagbag.py:545} INFO - Filling up the DagBag from /opt/airflow/dags/new_dags.py
[2025-04-02T04:32:24.852+0000] {processor.py:840} INFO - DAG(s) 'example_dag' retrieved from /opt/airflow/dags/new_dags.py
[2025-04-02T04:32:24.910+0000] {logging_mixin.py:188} INFO - [2025-04-02T04:32:24.910+0000] {dag.py:3096} INFO - Sync 1 DAGs
[2025-04-02T04:32:24.958+0000] {logging_mixin.py:188} INFO - [2025-04-02T04:32:24.958+0000] {dag.py:3954} INFO - Setting next_dagrun for example_dag to 2025-04-01 00:00:00+00:00, run_after=2025-04-02 00:00:00+00:00
[2025-04-02T04:32:24.994+0000] {processor.py:183} INFO - Processing /opt/airflow/dags/new_dags.py took 0.196 seconds
[2025-04-02T04:33:59.458+0000] {processor.py:161} INFO - Started process (PID=198) to work on /opt/airflow/dags/new_dags.py
[2025-04-02T04:33:59.460+0000] {processor.py:830} INFO - Processing file /opt/airflow/dags/new_dags.py for tasks to queue
[2025-04-02T04:33:59.465+0000] {logging_mixin.py:188} INFO - [2025-04-02T04:33:59.465+0000] {dagbag.py:545} INFO - Filling up the DagBag from /opt/airflow/dags/new_dags.py
[2025-04-02T04:33:59.531+0000] {processor.py:840} INFO - DAG(s) 'example_dag' retrieved from /opt/airflow/dags/new_dags.py
[2025-04-02T04:34:00.136+0000] {logging_mixin.py:188} INFO - [2025-04-02T04:34:00.135+0000] {dag.py:3096} INFO - Sync 1 DAGs
[2025-04-02T04:34:00.182+0000] {logging_mixin.py:188} INFO - [2025-04-02T04:34:00.181+0000] {dag.py:3954} INFO - Setting next_dagrun for example_dag to 2025-04-01 00:00:00+00:00, run_after=2025-04-02 00:00:00+00:00
[2025-04-02T04:34:00.216+0000] {processor.py:183} INFO - Processing /opt/airflow/dags/new_dags.py took 0.772 seconds
[2025-04-02T04:34:31.027+0000] {processor.py:161} INFO - Started process (PID=232) to work on /opt/airflow/dags/new_dags.py
[2025-04-02T04:34:31.029+0000] {processor.py:830} INFO - Processing file /opt/airflow/dags/new_dags.py for tasks to queue
[2025-04-02T04:34:31.032+0000] {logging_mixin.py:188} INFO - [2025-04-02T04:34:31.031+0000] {dagbag.py:545} INFO - Filling up the DagBag from /opt/airflow/dags/new_dags.py
[2025-04-02T04:34:31.070+0000] {processor.py:840} INFO - DAG(s) 'example_dag' retrieved from /opt/airflow/dags/new_dags.py
[2025-04-02T04:34:31.128+0000] {logging_mixin.py:188} INFO - [2025-04-02T04:34:31.127+0000] {dag.py:3096} INFO - Sync 1 DAGs
[2025-04-02T04:34:31.179+0000] {logging_mixin.py:188} INFO - [2025-04-02T04:34:31.179+0000] {dag.py:3954} INFO - Setting next_dagrun for example_dag to 2025-04-01 00:00:00+00:00, run_after=2025-04-02 00:00:00+00:00
[2025-04-02T04:34:31.218+0000] {processor.py:183} INFO - Processing /opt/airflow/dags/new_dags.py took 0.204 seconds
[2025-04-02T04:35:01.963+0000] {processor.py:161} INFO - Started process (PID=258) to work on /opt/airflow/dags/new_dags.py
[2025-04-02T04:35:01.965+0000] {processor.py:830} INFO - Processing file /opt/airflow/dags/new_dags.py for tasks to queue
[2025-04-02T04:35:01.972+0000] {logging_mixin.py:188} INFO - [2025-04-02T04:35:01.971+0000] {dagbag.py:545} INFO - Filling up the DagBag from /opt/airflow/dags/new_dags.py
[2025-04-02T04:35:02.037+0000] {processor.py:840} INFO - DAG(s) 'example_dag' retrieved from /opt/airflow/dags/new_dags.py
[2025-04-02T04:35:02.130+0000] {logging_mixin.py:188} INFO - [2025-04-02T04:35:02.130+0000] {dag.py:3096} INFO - Sync 1 DAGs
[2025-04-02T04:35:02.180+0000] {logging_mixin.py:188} INFO - [2025-04-02T04:35:02.179+0000] {dag.py:3954} INFO - Setting next_dagrun for example_dag to 2025-04-01 00:00:00+00:00, run_after=2025-04-02 00:00:00+00:00
[2025-04-02T04:35:02.219+0000] {processor.py:183} INFO - Processing /opt/airflow/dags/new_dags.py took 0.279 seconds
[2025-04-02T04:35:32.877+0000] {processor.py:161} INFO - Started process (PID=286) to work on /opt/airflow/dags/new_dags.py
[2025-04-02T04:35:32.879+0000] {processor.py:830} INFO - Processing file /opt/airflow/dags/new_dags.py for tasks to queue
[2025-04-02T04:35:32.882+0000] {logging_mixin.py:188} INFO - [2025-04-02T04:35:32.882+0000] {dagbag.py:545} INFO - Filling up the DagBag from /opt/airflow/dags/new_dags.py
[2025-04-02T04:35:32.920+0000] {processor.py:840} INFO - DAG(s) 'example_dag' retrieved from /opt/airflow/dags/new_dags.py
[2025-04-02T04:35:32.989+0000] {logging_mixin.py:188} INFO - [2025-04-02T04:35:32.988+0000] {dag.py:3096} INFO - Sync 1 DAGs
[2025-04-02T04:35:33.031+0000] {logging_mixin.py:188} INFO - [2025-04-02T04:35:33.031+0000] {dag.py:3954} INFO - Setting next_dagrun for example_dag to 2025-04-01 00:00:00+00:00, run_after=2025-04-02 00:00:00+00:00
[2025-04-02T04:35:33.067+0000] {processor.py:183} INFO - Processing /opt/airflow/dags/new_dags.py took 0.201 seconds
[2025-04-02T04:36:03.660+0000] {processor.py:161} INFO - Started process (PID=312) to work on /opt/airflow/dags/new_dags.py
[2025-04-02T04:36:03.661+0000] {processor.py:830} INFO - Processing file /opt/airflow/dags/new_dags.py for tasks to queue
[2025-04-02T04:36:03.664+0000] {logging_mixin.py:188} INFO - [2025-04-02T04:36:03.664+0000] {dagbag.py:545} INFO - Filling up the DagBag from /opt/airflow/dags/new_dags.py
[2025-04-02T04:36:03.704+0000] {processor.py:840} INFO - DAG(s) 'example_dag' retrieved from /opt/airflow/dags/new_dags.py
[2025-04-02T04:36:03.762+0000] {logging_mixin.py:188} INFO - [2025-04-02T04:36:03.762+0000] {dag.py:3096} INFO - Sync 1 DAGs
[2025-04-02T04:36:03.809+0000] {logging_mixin.py:188} INFO - [2025-04-02T04:36:03.809+0000] {dag.py:3954} INFO - Setting next_dagrun for example_dag to 2025-04-01 00:00:00+00:00, run_after=2025-04-02 00:00:00+00:00
[2025-04-02T04:36:03.845+0000] {processor.py:183} INFO - Processing /opt/airflow/dags/new_dags.py took 0.198 seconds
[2025-04-02T04:36:34.350+0000] {processor.py:161} INFO - Started process (PID=338) to work on /opt/airflow/dags/new_dags.py
[2025-04-02T04:36:34.352+0000] {processor.py:830} INFO - Processing file /opt/airflow/dags/new_dags.py for tasks to queue
[2025-04-02T04:36:34.355+0000] {logging_mixin.py:188} INFO - [2025-04-02T04:36:34.355+0000] {dagbag.py:545} INFO - Filling up the DagBag from /opt/airflow/dags/new_dags.py
[2025-04-02T04:36:34.404+0000] {processor.py:840} INFO - DAG(s) 'example_dag' retrieved from /opt/airflow/dags/new_dags.py
[2025-04-02T04:36:34.466+0000] {logging_mixin.py:188} INFO - [2025-04-02T04:36:34.465+0000] {dag.py:3096} INFO - Sync 1 DAGs
[2025-04-02T04:36:34.535+0000] {logging_mixin.py:188} INFO - [2025-04-02T04:36:34.534+0000] {dag.py:3954} INFO - Setting next_dagrun for example_dag to 2025-04-01 00:00:00+00:00, run_after=2025-04-02 00:00:00+00:00
[2025-04-02T04:36:34.596+0000] {processor.py:183} INFO - Processing /opt/airflow/dags/new_dags.py took 0.256 seconds
[2025-04-02T04:37:05.211+0000] {processor.py:161} INFO - Started process (PID=364) to work on /opt/airflow/dags/new_dags.py
[2025-04-02T04:37:05.213+0000] {processor.py:830} INFO - Processing file /opt/airflow/dags/new_dags.py for tasks to queue
[2025-04-02T04:37:05.216+0000] {logging_mixin.py:188} INFO - [2025-04-02T04:37:05.215+0000] {dagbag.py:545} INFO - Filling up the DagBag from /opt/airflow/dags/new_dags.py
[2025-04-02T04:37:05.248+0000] {processor.py:840} INFO - DAG(s) 'example_dag' retrieved from /opt/airflow/dags/new_dags.py
[2025-04-02T04:37:05.295+0000] {logging_mixin.py:188} INFO - [2025-04-02T04:37:05.294+0000] {dag.py:3096} INFO - Sync 1 DAGs
[2025-04-02T04:37:05.337+0000] {logging_mixin.py:188} INFO - [2025-04-02T04:37:05.336+0000] {dag.py:3954} INFO - Setting next_dagrun for example_dag to 2025-04-01 00:00:00+00:00, run_after=2025-04-02 00:00:00+00:00
[2025-04-02T04:37:05.367+0000] {processor.py:183} INFO - Processing /opt/airflow/dags/new_dags.py took 0.165 seconds
[2025-04-02T04:37:35.971+0000] {processor.py:161} INFO - Started process (PID=390) to work on /opt/airflow/dags/new_dags.py
[2025-04-02T04:37:35.973+0000] {processor.py:830} INFO - Processing file /opt/airflow/dags/new_dags.py for tasks to queue
[2025-04-02T04:37:35.976+0000] {logging_mixin.py:188} INFO - [2025-04-02T04:37:35.976+0000] {dagbag.py:545} INFO - Filling up the DagBag from /opt/airflow/dags/new_dags.py
[2025-04-02T04:37:36.013+0000] {processor.py:840} INFO - DAG(s) 'example_dag' retrieved from /opt/airflow/dags/new_dags.py
[2025-04-02T04:37:36.072+0000] {logging_mixin.py:188} INFO - [2025-04-02T04:37:36.071+0000] {dag.py:3096} INFO - Sync 1 DAGs
[2025-04-02T04:37:36.126+0000] {logging_mixin.py:188} INFO - [2025-04-02T04:37:36.126+0000] {dag.py:3954} INFO - Setting next_dagrun for example_dag to 2025-04-01 00:00:00+00:00, run_after=2025-04-02 00:00:00+00:00
[2025-04-02T04:37:36.165+0000] {processor.py:183} INFO - Processing /opt/airflow/dags/new_dags.py took 0.205 seconds
[2025-04-02T04:38:06.786+0000] {processor.py:161} INFO - Started process (PID=416) to work on /opt/airflow/dags/new_dags.py
[2025-04-02T04:38:06.787+0000] {processor.py:830} INFO - Processing file /opt/airflow/dags/new_dags.py for tasks to queue
[2025-04-02T04:38:06.791+0000] {logging_mixin.py:188} INFO - [2025-04-02T04:38:06.790+0000] {dagbag.py:545} INFO - Filling up the DagBag from /opt/airflow/dags/new_dags.py
[2025-04-02T04:38:06.824+0000] {processor.py:840} INFO - DAG(s) 'example_dag' retrieved from /opt/airflow/dags/new_dags.py
[2025-04-02T04:38:06.871+0000] {logging_mixin.py:188} INFO - [2025-04-02T04:38:06.870+0000] {dag.py:3096} INFO - Sync 1 DAGs
[2025-04-02T04:38:06.912+0000] {logging_mixin.py:188} INFO - [2025-04-02T04:38:06.912+0000] {dag.py:3954} INFO - Setting next_dagrun for example_dag to 2025-04-01 00:00:00+00:00, run_after=2025-04-02 00:00:00+00:00
[2025-04-02T04:38:06.943+0000] {processor.py:183} INFO - Processing /opt/airflow/dags/new_dags.py took 0.170 seconds
[2025-04-02T04:38:37.449+0000] {processor.py:161} INFO - Started process (PID=442) to work on /opt/airflow/dags/new_dags.py
[2025-04-02T04:38:37.452+0000] {processor.py:830} INFO - Processing file /opt/airflow/dags/new_dags.py for tasks to queue
[2025-04-02T04:38:37.455+0000] {logging_mixin.py:188} INFO - [2025-04-02T04:38:37.455+0000] {dagbag.py:545} INFO - Filling up the DagBag from /opt/airflow/dags/new_dags.py
[2025-04-02T04:38:37.499+0000] {processor.py:840} INFO - DAG(s) 'example_dag' retrieved from /opt/airflow/dags/new_dags.py
[2025-04-02T04:38:37.566+0000] {logging_mixin.py:188} INFO - [2025-04-02T04:38:37.565+0000] {dag.py:3096} INFO - Sync 1 DAGs
[2025-04-02T04:38:37.611+0000] {logging_mixin.py:188} INFO - [2025-04-02T04:38:37.611+0000] {dag.py:3954} INFO - Setting next_dagrun for example_dag to 2025-04-01 00:00:00+00:00, run_after=2025-04-02 00:00:00+00:00
[2025-04-02T04:38:37.648+0000] {processor.py:183} INFO - Processing /opt/airflow/dags/new_dags.py took 0.210 seconds
[2025-04-02T04:39:08.610+0000] {processor.py:161} INFO - Started process (PID=468) to work on /opt/airflow/dags/new_dags.py
[2025-04-02T04:39:08.611+0000] {processor.py:830} INFO - Processing file /opt/airflow/dags/new_dags.py for tasks to queue
[2025-04-02T04:39:08.614+0000] {logging_mixin.py:188} INFO - [2025-04-02T04:39:08.614+0000] {dagbag.py:545} INFO - Filling up the DagBag from /opt/airflow/dags/new_dags.py
[2025-04-02T04:39:08.654+0000] {processor.py:840} INFO - DAG(s) 'example_dag' retrieved from /opt/airflow/dags/new_dags.py
[2025-04-02T04:39:08.698+0000] {logging_mixin.py:188} INFO - [2025-04-02T04:39:08.698+0000] {dag.py:3096} INFO - Sync 1 DAGs
[2025-04-02T04:39:08.738+0000] {logging_mixin.py:188} INFO - [2025-04-02T04:39:08.738+0000] {dag.py:3954} INFO - Setting next_dagrun for example_dag to 2025-04-01 00:00:00+00:00, run_after=2025-04-02 00:00:00+00:00
[2025-04-02T04:39:08.774+0000] {processor.py:183} INFO - Processing /opt/airflow/dags/new_dags.py took 0.176 seconds
[2025-04-02T04:39:39.381+0000] {processor.py:161} INFO - Started process (PID=495) to work on /opt/airflow/dags/new_dags.py
[2025-04-02T04:39:39.383+0000] {processor.py:830} INFO - Processing file /opt/airflow/dags/new_dags.py for tasks to queue
[2025-04-02T04:39:39.387+0000] {logging_mixin.py:188} INFO - [2025-04-02T04:39:39.386+0000] {dagbag.py:545} INFO - Filling up the DagBag from /opt/airflow/dags/new_dags.py
[2025-04-02T04:39:39.423+0000] {processor.py:840} INFO - DAG(s) 'example_dag' retrieved from /opt/airflow/dags/new_dags.py
[2025-04-02T04:39:39.472+0000] {logging_mixin.py:188} INFO - [2025-04-02T04:39:39.471+0000] {dag.py:3096} INFO - Sync 1 DAGs
[2025-04-02T04:39:39.512+0000] {logging_mixin.py:188} INFO - [2025-04-02T04:39:39.512+0000] {dag.py:3954} INFO - Setting next_dagrun for example_dag to 2025-04-01 00:00:00+00:00, run_after=2025-04-02 00:00:00+00:00
[2025-04-02T04:39:39.547+0000] {processor.py:183} INFO - Processing /opt/airflow/dags/new_dags.py took 0.178 seconds
[2025-04-02T04:40:10.156+0000] {processor.py:161} INFO - Started process (PID=521) to work on /opt/airflow/dags/new_dags.py
[2025-04-02T04:40:10.158+0000] {processor.py:830} INFO - Processing file /opt/airflow/dags/new_dags.py for tasks to queue
[2025-04-02T04:40:10.161+0000] {logging_mixin.py:188} INFO - [2025-04-02T04:40:10.160+0000] {dagbag.py:545} INFO - Filling up the DagBag from /opt/airflow/dags/new_dags.py
[2025-04-02T04:40:10.196+0000] {processor.py:840} INFO - DAG(s) 'example_dag' retrieved from /opt/airflow/dags/new_dags.py
[2025-04-02T04:40:10.247+0000] {logging_mixin.py:188} INFO - [2025-04-02T04:40:10.246+0000] {dag.py:3096} INFO - Sync 1 DAGs
[2025-04-02T04:40:10.289+0000] {logging_mixin.py:188} INFO - [2025-04-02T04:40:10.288+0000] {dag.py:3954} INFO - Setting next_dagrun for example_dag to 2025-04-01 00:00:00+00:00, run_after=2025-04-02 00:00:00+00:00
[2025-04-02T04:40:10.326+0000] {processor.py:183} INFO - Processing /opt/airflow/dags/new_dags.py took 0.181 seconds
[2025-04-02T04:40:40.930+0000] {processor.py:161} INFO - Started process (PID=547) to work on /opt/airflow/dags/new_dags.py
[2025-04-02T04:40:40.932+0000] {processor.py:830} INFO - Processing file /opt/airflow/dags/new_dags.py for tasks to queue
[2025-04-02T04:40:40.935+0000] {logging_mixin.py:188} INFO - [2025-04-02T04:40:40.935+0000] {dagbag.py:545} INFO - Filling up the DagBag from /opt/airflow/dags/new_dags.py
[2025-04-02T04:40:40.974+0000] {processor.py:840} INFO - DAG(s) 'example_dag' retrieved from /opt/airflow/dags/new_dags.py
[2025-04-02T04:40:41.032+0000] {logging_mixin.py:188} INFO - [2025-04-02T04:40:41.031+0000] {dag.py:3096} INFO - Sync 1 DAGs
[2025-04-02T04:40:41.077+0000] {logging_mixin.py:188} INFO - [2025-04-02T04:40:41.076+0000] {dag.py:3954} INFO - Setting next_dagrun for example_dag to 2025-04-01 00:00:00+00:00, run_after=2025-04-02 00:00:00+00:00
[2025-04-02T04:40:41.115+0000] {processor.py:183} INFO - Processing /opt/airflow/dags/new_dags.py took 0.197 seconds
[2025-04-02T04:41:11.635+0000] {processor.py:161} INFO - Started process (PID=573) to work on /opt/airflow/dags/new_dags.py
[2025-04-02T04:41:11.636+0000] {processor.py:830} INFO - Processing file /opt/airflow/dags/new_dags.py for tasks to queue
[2025-04-02T04:41:11.641+0000] {logging_mixin.py:188} INFO - [2025-04-02T04:41:11.640+0000] {dagbag.py:545} INFO - Filling up the DagBag from /opt/airflow/dags/new_dags.py
[2025-04-02T04:41:11.677+0000] {processor.py:840} INFO - DAG(s) 'example_dag' retrieved from /opt/airflow/dags/new_dags.py
[2025-04-02T04:41:11.723+0000] {logging_mixin.py:188} INFO - [2025-04-02T04:41:11.722+0000] {dag.py:3096} INFO - Sync 1 DAGs
[2025-04-02T04:41:11.787+0000] {logging_mixin.py:188} INFO - [2025-04-02T04:41:11.787+0000] {dag.py:3954} INFO - Setting next_dagrun for example_dag to 2025-04-01 00:00:00+00:00, run_after=2025-04-02 00:00:00+00:00
[2025-04-02T04:41:11.818+0000] {processor.py:183} INFO - Processing /opt/airflow/dags/new_dags.py took 0.195 seconds
[2025-04-02T04:41:42.369+0000] {processor.py:161} INFO - Started process (PID=599) to work on /opt/airflow/dags/new_dags.py
[2025-04-02T04:41:42.370+0000] {processor.py:830} INFO - Processing file /opt/airflow/dags/new_dags.py for tasks to queue
[2025-04-02T04:41:42.374+0000] {logging_mixin.py:188} INFO - [2025-04-02T04:41:42.373+0000] {dagbag.py:545} INFO - Filling up the DagBag from /opt/airflow/dags/new_dags.py
[2025-04-02T04:41:42.405+0000] {processor.py:840} INFO - DAG(s) 'example_dag' retrieved from /opt/airflow/dags/new_dags.py
[2025-04-02T04:41:42.449+0000] {logging_mixin.py:188} INFO - [2025-04-02T04:41:42.449+0000] {dag.py:3096} INFO - Sync 1 DAGs
[2025-04-02T04:41:42.488+0000] {logging_mixin.py:188} INFO - [2025-04-02T04:41:42.488+0000] {dag.py:3954} INFO - Setting next_dagrun for example_dag to 2025-04-01 00:00:00+00:00, run_after=2025-04-02 00:00:00+00:00
[2025-04-02T04:41:42.527+0000] {processor.py:183} INFO - Processing /opt/airflow/dags/new_dags.py took 0.168 seconds
[2025-04-02T04:42:13.171+0000] {processor.py:161} INFO - Started process (PID=625) to work on /opt/airflow/dags/new_dags.py
[2025-04-02T04:42:13.173+0000] {processor.py:830} INFO - Processing file /opt/airflow/dags/new_dags.py for tasks to queue
[2025-04-02T04:42:13.177+0000] {logging_mixin.py:188} INFO - [2025-04-02T04:42:13.177+0000] {dagbag.py:545} INFO - Filling up the DagBag from /opt/airflow/dags/new_dags.py
[2025-04-02T04:42:13.213+0000] {processor.py:840} INFO - DAG(s) 'example_dag' retrieved from /opt/airflow/dags/new_dags.py
[2025-04-02T04:42:13.270+0000] {logging_mixin.py:188} INFO - [2025-04-02T04:42:13.270+0000] {dag.py:3096} INFO - Sync 1 DAGs
[2025-04-02T04:42:13.311+0000] {logging_mixin.py:188} INFO - [2025-04-02T04:42:13.311+0000] {dag.py:3954} INFO - Setting next_dagrun for example_dag to 2025-04-01 00:00:00+00:00, run_after=2025-04-02 00:00:00+00:00
[2025-04-02T04:42:13.343+0000] {processor.py:183} INFO - Processing /opt/airflow/dags/new_dags.py took 0.184 seconds
[2025-04-02T04:42:43.972+0000] {processor.py:161} INFO - Started process (PID=651) to work on /opt/airflow/dags/new_dags.py
[2025-04-02T04:42:43.974+0000] {processor.py:830} INFO - Processing file /opt/airflow/dags/new_dags.py for tasks to queue
[2025-04-02T04:42:43.977+0000] {logging_mixin.py:188} INFO - [2025-04-02T04:42:43.977+0000] {dagbag.py:545} INFO - Filling up the DagBag from /opt/airflow/dags/new_dags.py
[2025-04-02T04:42:44.014+0000] {processor.py:840} INFO - DAG(s) 'example_dag' retrieved from /opt/airflow/dags/new_dags.py
[2025-04-02T04:42:44.071+0000] {logging_mixin.py:188} INFO - [2025-04-02T04:42:44.071+0000] {dag.py:3096} INFO - Sync 1 DAGs
[2025-04-02T04:42:44.117+0000] {logging_mixin.py:188} INFO - [2025-04-02T04:42:44.116+0000] {dag.py:3954} INFO - Setting next_dagrun for example_dag to 2025-04-01 00:00:00+00:00, run_after=2025-04-02 00:00:00+00:00
[2025-04-02T04:42:44.151+0000] {processor.py:183} INFO - Processing /opt/airflow/dags/new_dags.py took 0.192 seconds
[2025-04-02T04:43:14.776+0000] {processor.py:161} INFO - Started process (PID=677) to work on /opt/airflow/dags/new_dags.py
[2025-04-02T04:43:14.778+0000] {processor.py:830} INFO - Processing file /opt/airflow/dags/new_dags.py for tasks to queue
[2025-04-02T04:43:14.783+0000] {logging_mixin.py:188} INFO - [2025-04-02T04:43:14.782+0000] {dagbag.py:545} INFO - Filling up the DagBag from /opt/airflow/dags/new_dags.py
[2025-04-02T04:43:14.828+0000] {processor.py:840} INFO - DAG(s) 'example_dag' retrieved from /opt/airflow/dags/new_dags.py
[2025-04-02T04:43:14.902+0000] {logging_mixin.py:188} INFO - [2025-04-02T04:43:14.901+0000] {dag.py:3096} INFO - Sync 1 DAGs
[2025-04-02T04:43:14.955+0000] {logging_mixin.py:188} INFO - [2025-04-02T04:43:14.954+0000] {dag.py:3954} INFO - Setting next_dagrun for example_dag to 2025-04-01 00:00:00+00:00, run_after=2025-04-02 00:00:00+00:00
[2025-04-02T04:43:14.997+0000] {processor.py:183} INFO - Processing /opt/airflow/dags/new_dags.py took 0.233 seconds
[2025-04-02T04:43:45.652+0000] {processor.py:161} INFO - Started process (PID=703) to work on /opt/airflow/dags/new_dags.py
[2025-04-02T04:43:45.654+0000] {processor.py:830} INFO - Processing file /opt/airflow/dags/new_dags.py for tasks to queue
[2025-04-02T04:43:45.657+0000] {logging_mixin.py:188} INFO - [2025-04-02T04:43:45.656+0000] {dagbag.py:545} INFO - Filling up the DagBag from /opt/airflow/dags/new_dags.py
[2025-04-02T04:43:45.688+0000] {processor.py:840} INFO - DAG(s) 'example_dag' retrieved from /opt/airflow/dags/new_dags.py
[2025-04-02T04:43:45.736+0000] {logging_mixin.py:188} INFO - [2025-04-02T04:43:45.735+0000] {dag.py:3096} INFO - Sync 1 DAGs
[2025-04-02T04:43:45.776+0000] {logging_mixin.py:188} INFO - [2025-04-02T04:43:45.776+0000] {dag.py:3954} INFO - Setting next_dagrun for example_dag to 2025-04-01 00:00:00+00:00, run_after=2025-04-02 00:00:00+00:00
[2025-04-02T04:43:45.813+0000] {processor.py:183} INFO - Processing /opt/airflow/dags/new_dags.py took 0.174 seconds
[2025-04-02T04:44:16.714+0000] {processor.py:161} INFO - Started process (PID=729) to work on /opt/airflow/dags/new_dags.py
[2025-04-02T04:44:16.716+0000] {processor.py:830} INFO - Processing file /opt/airflow/dags/new_dags.py for tasks to queue
[2025-04-02T04:44:16.719+0000] {logging_mixin.py:188} INFO - [2025-04-02T04:44:16.719+0000] {dagbag.py:545} INFO - Filling up the DagBag from /opt/airflow/dags/new_dags.py
[2025-04-02T04:44:16.761+0000] {processor.py:840} INFO - DAG(s) 'example_dag' retrieved from /opt/airflow/dags/new_dags.py
[2025-04-02T04:44:16.813+0000] {logging_mixin.py:188} INFO - [2025-04-02T04:44:16.812+0000] {dag.py:3096} INFO - Sync 1 DAGs
[2025-04-02T04:44:16.853+0000] {logging_mixin.py:188} INFO - [2025-04-02T04:44:16.853+0000] {dag.py:3954} INFO - Setting next_dagrun for example_dag to 2025-04-01 00:00:00+00:00, run_after=2025-04-02 00:00:00+00:00
[2025-04-02T04:44:16.888+0000] {processor.py:183} INFO - Processing /opt/airflow/dags/new_dags.py took 0.186 seconds
[2025-04-02T04:44:47.595+0000] {processor.py:161} INFO - Started process (PID=755) to work on /opt/airflow/dags/new_dags.py
[2025-04-02T04:44:47.598+0000] {processor.py:830} INFO - Processing file /opt/airflow/dags/new_dags.py for tasks to queue
[2025-04-02T04:44:47.603+0000] {logging_mixin.py:188} INFO - [2025-04-02T04:44:47.603+0000] {dagbag.py:545} INFO - Filling up the DagBag from /opt/airflow/dags/new_dags.py
[2025-04-02T04:44:47.653+0000] {processor.py:840} INFO - DAG(s) 'example_dag' retrieved from /opt/airflow/dags/new_dags.py
[2025-04-02T04:44:47.704+0000] {logging_mixin.py:188} INFO - [2025-04-02T04:44:47.703+0000] {dag.py:3096} INFO - Sync 1 DAGs
[2025-04-02T04:44:47.750+0000] {logging_mixin.py:188} INFO - [2025-04-02T04:44:47.749+0000] {dag.py:3954} INFO - Setting next_dagrun for example_dag to 2025-04-01 00:00:00+00:00, run_after=2025-04-02 00:00:00+00:00
[2025-04-02T04:44:47.785+0000] {processor.py:183} INFO - Processing /opt/airflow/dags/new_dags.py took 0.203 seconds
[2025-04-02T04:45:18.303+0000] {processor.py:161} INFO - Started process (PID=781) to work on /opt/airflow/dags/new_dags.py
[2025-04-02T04:45:18.305+0000] {processor.py:830} INFO - Processing file /opt/airflow/dags/new_dags.py for tasks to queue
[2025-04-02T04:45:18.308+0000] {logging_mixin.py:188} INFO - [2025-04-02T04:45:18.308+0000] {dagbag.py:545} INFO - Filling up the DagBag from /opt/airflow/dags/new_dags.py
[2025-04-02T04:45:18.350+0000] {processor.py:840} INFO - DAG(s) 'example_dag' retrieved from /opt/airflow/dags/new_dags.py
[2025-04-02T04:45:18.406+0000] {logging_mixin.py:188} INFO - [2025-04-02T04:45:18.405+0000] {dag.py:3096} INFO - Sync 1 DAGs
[2025-04-02T04:45:18.450+0000] {logging_mixin.py:188} INFO - [2025-04-02T04:45:18.450+0000] {dag.py:3954} INFO - Setting next_dagrun for example_dag to 2025-04-01 00:00:00+00:00, run_after=2025-04-02 00:00:00+00:00
[2025-04-02T04:45:18.484+0000] {processor.py:183} INFO - Processing /opt/airflow/dags/new_dags.py took 0.194 seconds
[2025-04-02T04:45:48.987+0000] {processor.py:161} INFO - Started process (PID=807) to work on /opt/airflow/dags/new_dags.py
[2025-04-02T04:45:48.989+0000] {processor.py:830} INFO - Processing file /opt/airflow/dags/new_dags.py for tasks to queue
[2025-04-02T04:45:48.993+0000] {logging_mixin.py:188} INFO - [2025-04-02T04:45:48.992+0000] {dagbag.py:545} INFO - Filling up the DagBag from /opt/airflow/dags/new_dags.py
[2025-04-02T04:45:49.036+0000] {processor.py:840} INFO - DAG(s) 'example_dag' retrieved from /opt/airflow/dags/new_dags.py
[2025-04-02T04:45:49.098+0000] {logging_mixin.py:188} INFO - [2025-04-02T04:45:49.097+0000] {dag.py:3096} INFO - Sync 1 DAGs
[2025-04-02T04:45:49.139+0000] {logging_mixin.py:188} INFO - [2025-04-02T04:45:49.138+0000] {dag.py:3954} INFO - Setting next_dagrun for example_dag to 2025-04-01 00:00:00+00:00, run_after=2025-04-02 00:00:00+00:00
[2025-04-02T04:45:49.174+0000] {processor.py:183} INFO - Processing /opt/airflow/dags/new_dags.py took 0.197 seconds
[2025-04-02T04:46:19.765+0000] {processor.py:161} INFO - Started process (PID=833) to work on /opt/airflow/dags/new_dags.py
[2025-04-02T04:46:19.767+0000] {processor.py:830} INFO - Processing file /opt/airflow/dags/new_dags.py for tasks to queue
[2025-04-02T04:46:19.771+0000] {logging_mixin.py:188} INFO - [2025-04-02T04:46:19.770+0000] {dagbag.py:545} INFO - Filling up the DagBag from /opt/airflow/dags/new_dags.py
[2025-04-02T04:46:19.812+0000] {processor.py:840} INFO - DAG(s) 'example_dag' retrieved from /opt/airflow/dags/new_dags.py
[2025-04-02T04:46:19.866+0000] {logging_mixin.py:188} INFO - [2025-04-02T04:46:19.865+0000] {dag.py:3096} INFO - Sync 1 DAGs
[2025-04-02T04:46:19.911+0000] {logging_mixin.py:188} INFO - [2025-04-02T04:46:19.911+0000] {dag.py:3954} INFO - Setting next_dagrun for example_dag to 2025-04-01 00:00:00+00:00, run_after=2025-04-02 00:00:00+00:00
[2025-04-02T04:46:19.946+0000] {processor.py:183} INFO - Processing /opt/airflow/dags/new_dags.py took 0.193 seconds
[2025-04-02T06:06:35.163+0000] {processor.py:161} INFO - Started process (PID=205) to work on /opt/airflow/dags/new_dags.py
[2025-04-02T06:06:35.166+0000] {processor.py:830} INFO - Processing file /opt/airflow/dags/new_dags.py for tasks to queue
[2025-04-02T06:06:35.171+0000] {logging_mixin.py:188} INFO - [2025-04-02T06:06:35.170+0000] {dagbag.py:545} INFO - Filling up the DagBag from /opt/airflow/dags/new_dags.py
[2025-04-02T06:06:35.240+0000] {processor.py:840} INFO - DAG(s) 'example_dag' retrieved from /opt/airflow/dags/new_dags.py
[2025-04-02T06:06:35.687+0000] {logging_mixin.py:188} INFO - [2025-04-02T06:06:35.687+0000] {dag.py:3096} INFO - Sync 1 DAGs
[2025-04-02T06:06:35.736+0000] {logging_mixin.py:188} INFO - [2025-04-02T06:06:35.735+0000] {dag.py:3954} INFO - Setting next_dagrun for example_dag to 2025-04-01 00:00:00+00:00, run_after=2025-04-02 00:00:00+00:00
[2025-04-02T06:06:35.772+0000] {processor.py:183} INFO - Processing /opt/airflow/dags/new_dags.py took 0.622 seconds
[2025-04-02T06:07:06.616+0000] {processor.py:161} INFO - Started process (PID=233) to work on /opt/airflow/dags/new_dags.py
[2025-04-02T06:07:06.619+0000] {processor.py:830} INFO - Processing file /opt/airflow/dags/new_dags.py for tasks to queue
[2025-04-02T06:07:06.624+0000] {logging_mixin.py:188} INFO - [2025-04-02T06:07:06.623+0000] {dagbag.py:545} INFO - Filling up the DagBag from /opt/airflow/dags/new_dags.py
[2025-04-02T06:07:06.688+0000] {processor.py:840} INFO - DAG(s) 'example_dag' retrieved from /opt/airflow/dags/new_dags.py
[2025-04-02T06:07:06.759+0000] {logging_mixin.py:188} INFO - [2025-04-02T06:07:06.758+0000] {dag.py:3096} INFO - Sync 1 DAGs
[2025-04-02T06:07:06.816+0000] {logging_mixin.py:188} INFO - [2025-04-02T06:07:06.815+0000] {dag.py:3954} INFO - Setting next_dagrun for example_dag to 2025-04-01 00:00:00+00:00, run_after=2025-04-02 00:00:00+00:00
[2025-04-02T06:07:06.854+0000] {processor.py:183} INFO - Processing /opt/airflow/dags/new_dags.py took 0.254 seconds
[2025-04-02T06:07:37.355+0000] {processor.py:161} INFO - Started process (PID=260) to work on /opt/airflow/dags/new_dags.py
[2025-04-02T06:07:37.357+0000] {processor.py:830} INFO - Processing file /opt/airflow/dags/new_dags.py for tasks to queue
[2025-04-02T06:07:37.360+0000] {logging_mixin.py:188} INFO - [2025-04-02T06:07:37.360+0000] {dagbag.py:545} INFO - Filling up the DagBag from /opt/airflow/dags/new_dags.py
[2025-04-02T06:07:37.398+0000] {processor.py:840} INFO - DAG(s) 'example_dag' retrieved from /opt/airflow/dags/new_dags.py
[2025-04-02T06:07:37.460+0000] {logging_mixin.py:188} INFO - [2025-04-02T06:07:37.460+0000] {dag.py:3096} INFO - Sync 1 DAGs
[2025-04-02T06:07:37.504+0000] {logging_mixin.py:188} INFO - [2025-04-02T06:07:37.504+0000] {dag.py:3954} INFO - Setting next_dagrun for example_dag to 2025-04-01 00:00:00+00:00, run_after=2025-04-02 00:00:00+00:00
[2025-04-02T06:07:37.540+0000] {processor.py:183} INFO - Processing /opt/airflow/dags/new_dags.py took 0.196 seconds
[2025-04-02T06:08:08.075+0000] {processor.py:161} INFO - Started process (PID=288) to work on /opt/airflow/dags/new_dags.py
[2025-04-02T06:08:08.077+0000] {processor.py:830} INFO - Processing file /opt/airflow/dags/new_dags.py for tasks to queue
[2025-04-02T06:08:08.080+0000] {logging_mixin.py:188} INFO - [2025-04-02T06:08:08.080+0000] {dagbag.py:545} INFO - Filling up the DagBag from /opt/airflow/dags/new_dags.py
[2025-04-02T06:08:08.121+0000] {processor.py:840} INFO - DAG(s) 'example_dag' retrieved from /opt/airflow/dags/new_dags.py
[2025-04-02T06:08:08.171+0000] {logging_mixin.py:188} INFO - [2025-04-02T06:08:08.171+0000] {dag.py:3096} INFO - Sync 1 DAGs
[2025-04-02T06:08:08.213+0000] {logging_mixin.py:188} INFO - [2025-04-02T06:08:08.212+0000] {dag.py:3954} INFO - Setting next_dagrun for example_dag to 2025-04-01 00:00:00+00:00, run_after=2025-04-02 00:00:00+00:00
[2025-04-02T06:08:08.250+0000] {processor.py:183} INFO - Processing /opt/airflow/dags/new_dags.py took 0.188 seconds
[2025-04-02T06:08:38.889+0000] {processor.py:161} INFO - Started process (PID=314) to work on /opt/airflow/dags/new_dags.py
[2025-04-02T06:08:38.891+0000] {processor.py:830} INFO - Processing file /opt/airflow/dags/new_dags.py for tasks to queue
[2025-04-02T06:08:38.895+0000] {logging_mixin.py:188} INFO - [2025-04-02T06:08:38.895+0000] {dagbag.py:545} INFO - Filling up the DagBag from /opt/airflow/dags/new_dags.py
[2025-04-02T06:08:38.934+0000] {processor.py:840} INFO - DAG(s) 'example_dag' retrieved from /opt/airflow/dags/new_dags.py
[2025-04-02T06:08:38.987+0000] {logging_mixin.py:188} INFO - [2025-04-02T06:08:38.987+0000] {dag.py:3096} INFO - Sync 1 DAGs
[2025-04-02T06:08:39.038+0000] {logging_mixin.py:188} INFO - [2025-04-02T06:08:39.038+0000] {dag.py:3954} INFO - Setting next_dagrun for example_dag to 2025-04-01 00:00:00+00:00, run_after=2025-04-02 00:00:00+00:00
[2025-04-02T06:08:39.119+0000] {processor.py:183} INFO - Processing /opt/airflow/dags/new_dags.py took 0.242 seconds
[2025-04-02T14:32:55.478+0000] {processor.py:161} INFO - Started process (PID=199) to work on /opt/airflow/dags/new_dags.py
[2025-04-02T14:32:55.480+0000] {processor.py:830} INFO - Processing file /opt/airflow/dags/new_dags.py for tasks to queue
[2025-04-02T14:32:55.484+0000] {logging_mixin.py:188} INFO - [2025-04-02T14:32:55.483+0000] {dagbag.py:545} INFO - Filling up the DagBag from /opt/airflow/dags/new_dags.py
[2025-04-02T14:32:55.531+0000] {processor.py:840} INFO - DAG(s) 'example_dag' retrieved from /opt/airflow/dags/new_dags.py
[2025-04-02T14:32:55.580+0000] {logging_mixin.py:188} INFO - [2025-04-02T14:32:55.580+0000] {dag.py:3096} INFO - Sync 1 DAGs
[2025-04-02T14:32:55.621+0000] {logging_mixin.py:188} INFO - [2025-04-02T14:32:55.620+0000] {dag.py:3954} INFO - Setting next_dagrun for example_dag to 2025-04-01 00:00:00+00:00, run_after=2025-04-02 00:00:00+00:00
[2025-04-02T14:32:55.651+0000] {processor.py:183} INFO - Processing /opt/airflow/dags/new_dags.py took 0.183 seconds
[2025-04-02T14:34:05.027+0000] {processor.py:161} INFO - Started process (PID=203) to work on /opt/airflow/dags/new_dags.py
[2025-04-02T14:34:05.029+0000] {processor.py:830} INFO - Processing file /opt/airflow/dags/new_dags.py for tasks to queue
[2025-04-02T14:34:05.032+0000] {logging_mixin.py:188} INFO - [2025-04-02T14:34:05.031+0000] {dagbag.py:545} INFO - Filling up the DagBag from /opt/airflow/dags/new_dags.py
[2025-04-02T14:34:05.080+0000] {processor.py:840} INFO - DAG(s) 'example_dag' retrieved from /opt/airflow/dags/new_dags.py
[2025-04-02T14:34:05.464+0000] {logging_mixin.py:188} INFO - [2025-04-02T14:34:05.463+0000] {dag.py:3096} INFO - Sync 1 DAGs
[2025-04-02T14:34:05.506+0000] {logging_mixin.py:188} INFO - [2025-04-02T14:34:05.506+0000] {dag.py:3954} INFO - Setting next_dagrun for example_dag to 2025-04-01 00:00:00+00:00, run_after=2025-04-02 00:00:00+00:00
[2025-04-02T14:34:05.538+0000] {processor.py:183} INFO - Processing /opt/airflow/dags/new_dags.py took 0.531 seconds
[2025-04-02T14:34:36.424+0000] {processor.py:161} INFO - Started process (PID=231) to work on /opt/airflow/dags/new_dags.py
[2025-04-02T14:34:36.425+0000] {processor.py:830} INFO - Processing file /opt/airflow/dags/new_dags.py for tasks to queue
[2025-04-02T14:34:36.428+0000] {logging_mixin.py:188} INFO - [2025-04-02T14:34:36.428+0000] {dagbag.py:545} INFO - Filling up the DagBag from /opt/airflow/dags/new_dags.py
[2025-04-02T14:34:36.461+0000] {processor.py:840} INFO - DAG(s) 'example_dag' retrieved from /opt/airflow/dags/new_dags.py
[2025-04-02T14:34:36.515+0000] {logging_mixin.py:188} INFO - [2025-04-02T14:34:36.514+0000] {dag.py:3096} INFO - Sync 1 DAGs
[2025-04-02T14:34:36.562+0000] {logging_mixin.py:188} INFO - [2025-04-02T14:34:36.562+0000] {dag.py:3954} INFO - Setting next_dagrun for example_dag to 2025-04-01 00:00:00+00:00, run_after=2025-04-02 00:00:00+00:00
[2025-04-02T14:34:36.592+0000] {processor.py:183} INFO - Processing /opt/airflow/dags/new_dags.py took 0.177 seconds
[2025-04-02T14:35:06.948+0000] {processor.py:161} INFO - Started process (PID=257) to work on /opt/airflow/dags/new_dags.py
[2025-04-02T14:35:06.950+0000] {processor.py:830} INFO - Processing file /opt/airflow/dags/new_dags.py for tasks to queue
[2025-04-02T14:35:06.952+0000] {logging_mixin.py:188} INFO - [2025-04-02T14:35:06.951+0000] {dagbag.py:545} INFO - Filling up the DagBag from /opt/airflow/dags/new_dags.py
[2025-04-02T14:35:06.990+0000] {processor.py:840} INFO - DAG(s) 'example_dag' retrieved from /opt/airflow/dags/new_dags.py
[2025-04-02T14:35:07.045+0000] {logging_mixin.py:188} INFO - [2025-04-02T14:35:07.044+0000] {dag.py:3096} INFO - Sync 1 DAGs
[2025-04-02T14:35:07.088+0000] {logging_mixin.py:188} INFO - [2025-04-02T14:35:07.087+0000] {dag.py:3954} INFO - Setting next_dagrun for example_dag to 2025-04-01 00:00:00+00:00, run_after=2025-04-02 00:00:00+00:00
[2025-04-02T14:35:07.120+0000] {processor.py:183} INFO - Processing /opt/airflow/dags/new_dags.py took 0.183 seconds
[2025-04-02T14:35:37.483+0000] {processor.py:161} INFO - Started process (PID=283) to work on /opt/airflow/dags/new_dags.py
[2025-04-02T14:35:37.485+0000] {processor.py:830} INFO - Processing file /opt/airflow/dags/new_dags.py for tasks to queue
[2025-04-02T14:35:37.486+0000] {logging_mixin.py:188} INFO - [2025-04-02T14:35:37.486+0000] {dagbag.py:545} INFO - Filling up the DagBag from /opt/airflow/dags/new_dags.py
[2025-04-02T14:35:37.523+0000] {processor.py:840} INFO - DAG(s) 'example_dag' retrieved from /opt/airflow/dags/new_dags.py
[2025-04-02T14:35:37.572+0000] {logging_mixin.py:188} INFO - [2025-04-02T14:35:37.572+0000] {dag.py:3096} INFO - Sync 1 DAGs
[2025-04-02T14:35:37.613+0000] {logging_mixin.py:188} INFO - [2025-04-02T14:35:37.612+0000] {dag.py:3954} INFO - Setting next_dagrun for example_dag to 2025-04-01 00:00:00+00:00, run_after=2025-04-02 00:00:00+00:00
[2025-04-02T14:35:37.642+0000] {processor.py:183} INFO - Processing /opt/airflow/dags/new_dags.py took 0.169 seconds
[2025-04-02T14:36:08.009+0000] {processor.py:161} INFO - Started process (PID=309) to work on /opt/airflow/dags/new_dags.py
[2025-04-02T14:36:08.011+0000] {processor.py:830} INFO - Processing file /opt/airflow/dags/new_dags.py for tasks to queue
[2025-04-02T14:36:08.012+0000] {logging_mixin.py:188} INFO - [2025-04-02T14:36:08.012+0000] {dagbag.py:545} INFO - Filling up the DagBag from /opt/airflow/dags/new_dags.py
[2025-04-02T14:36:08.050+0000] {processor.py:840} INFO - DAG(s) 'example_dag' retrieved from /opt/airflow/dags/new_dags.py
[2025-04-02T14:36:08.116+0000] {logging_mixin.py:188} INFO - [2025-04-02T14:36:08.115+0000] {dag.py:3096} INFO - Sync 1 DAGs
[2025-04-02T14:36:08.164+0000] {logging_mixin.py:188} INFO - [2025-04-02T14:36:08.163+0000] {dag.py:3954} INFO - Setting next_dagrun for example_dag to 2025-04-01 00:00:00+00:00, run_after=2025-04-02 00:00:00+00:00
[2025-04-02T14:36:08.203+0000] {processor.py:183} INFO - Processing /opt/airflow/dags/new_dags.py took 0.203 seconds
[2025-04-02T14:36:38.405+0000] {processor.py:161} INFO - Started process (PID=335) to work on /opt/airflow/dags/new_dags.py
[2025-04-02T14:36:38.407+0000] {processor.py:830} INFO - Processing file /opt/airflow/dags/new_dags.py for tasks to queue
[2025-04-02T14:36:38.408+0000] {logging_mixin.py:188} INFO - [2025-04-02T14:36:38.408+0000] {dagbag.py:545} INFO - Filling up the DagBag from /opt/airflow/dags/new_dags.py
[2025-04-02T14:36:38.439+0000] {processor.py:840} INFO - DAG(s) 'example_dag' retrieved from /opt/airflow/dags/new_dags.py
[2025-04-02T14:36:38.486+0000] {logging_mixin.py:188} INFO - [2025-04-02T14:36:38.485+0000] {dag.py:3096} INFO - Sync 1 DAGs
[2025-04-02T14:36:38.526+0000] {logging_mixin.py:188} INFO - [2025-04-02T14:36:38.525+0000] {dag.py:3954} INFO - Setting next_dagrun for example_dag to 2025-04-01 00:00:00+00:00, run_after=2025-04-02 00:00:00+00:00
[2025-04-02T14:36:38.563+0000] {processor.py:183} INFO - Processing /opt/airflow/dags/new_dags.py took 0.167 seconds
[2025-04-02T14:37:09.124+0000] {processor.py:161} INFO - Started process (PID=367) to work on /opt/airflow/dags/new_dags.py
[2025-04-02T14:37:09.125+0000] {processor.py:830} INFO - Processing file /opt/airflow/dags/new_dags.py for tasks to queue
[2025-04-02T14:37:09.127+0000] {logging_mixin.py:188} INFO - [2025-04-02T14:37:09.126+0000] {dagbag.py:545} INFO - Filling up the DagBag from /opt/airflow/dags/new_dags.py
[2025-04-02T14:37:09.168+0000] {processor.py:840} INFO - DAG(s) 'example_dag' retrieved from /opt/airflow/dags/new_dags.py
[2025-04-02T14:37:09.226+0000] {logging_mixin.py:188} INFO - [2025-04-02T14:37:09.226+0000] {dag.py:3096} INFO - Sync 1 DAGs
[2025-04-02T14:37:09.273+0000] {logging_mixin.py:188} INFO - [2025-04-02T14:37:09.272+0000] {dag.py:3954} INFO - Setting next_dagrun for example_dag to 2025-04-01 00:00:00+00:00, run_after=2025-04-02 00:00:00+00:00
[2025-04-02T14:37:09.305+0000] {processor.py:183} INFO - Processing /opt/airflow/dags/new_dags.py took 0.191 seconds
[2025-04-02T14:37:39.525+0000] {processor.py:161} INFO - Started process (PID=393) to work on /opt/airflow/dags/new_dags.py
[2025-04-02T14:37:39.526+0000] {processor.py:830} INFO - Processing file /opt/airflow/dags/new_dags.py for tasks to queue
[2025-04-02T14:37:39.528+0000] {logging_mixin.py:188} INFO - [2025-04-02T14:37:39.527+0000] {dagbag.py:545} INFO - Filling up the DagBag from /opt/airflow/dags/new_dags.py
[2025-04-02T14:37:39.558+0000] {processor.py:840} INFO - DAG(s) 'example_dag' retrieved from /opt/airflow/dags/new_dags.py
[2025-04-02T14:37:39.602+0000] {logging_mixin.py:188} INFO - [2025-04-02T14:37:39.601+0000] {dag.py:3096} INFO - Sync 1 DAGs
[2025-04-02T14:37:39.643+0000] {logging_mixin.py:188} INFO - [2025-04-02T14:37:39.642+0000] {dag.py:3954} INFO - Setting next_dagrun for example_dag to 2025-04-01 00:00:00+00:00, run_after=2025-04-02 00:00:00+00:00
[2025-04-02T14:37:39.678+0000] {processor.py:183} INFO - Processing /opt/airflow/dags/new_dags.py took 0.162 seconds
[2025-04-02T14:38:10.066+0000] {processor.py:161} INFO - Started process (PID=419) to work on /opt/airflow/dags/new_dags.py
[2025-04-02T14:38:10.067+0000] {processor.py:830} INFO - Processing file /opt/airflow/dags/new_dags.py for tasks to queue
[2025-04-02T14:38:10.070+0000] {logging_mixin.py:188} INFO - [2025-04-02T14:38:10.069+0000] {dagbag.py:545} INFO - Filling up the DagBag from /opt/airflow/dags/new_dags.py
[2025-04-02T14:38:10.104+0000] {processor.py:840} INFO - DAG(s) 'example_dag' retrieved from /opt/airflow/dags/new_dags.py
[2025-04-02T14:38:10.155+0000] {logging_mixin.py:188} INFO - [2025-04-02T14:38:10.155+0000] {dag.py:3096} INFO - Sync 1 DAGs
[2025-04-02T14:38:10.209+0000] {logging_mixin.py:188} INFO - [2025-04-02T14:38:10.208+0000] {dag.py:3954} INFO - Setting next_dagrun for example_dag to 2025-04-01 00:00:00+00:00, run_after=2025-04-02 00:00:00+00:00
[2025-04-02T14:38:10.244+0000] {processor.py:183} INFO - Processing /opt/airflow/dags/new_dags.py took 0.188 seconds
[2025-04-02T14:38:40.489+0000] {processor.py:161} INFO - Started process (PID=445) to work on /opt/airflow/dags/new_dags.py
[2025-04-02T14:38:40.490+0000] {processor.py:830} INFO - Processing file /opt/airflow/dags/new_dags.py for tasks to queue
[2025-04-02T14:38:40.492+0000] {logging_mixin.py:188} INFO - [2025-04-02T14:38:40.491+0000] {dagbag.py:545} INFO - Filling up the DagBag from /opt/airflow/dags/new_dags.py
[2025-04-02T14:38:40.527+0000] {processor.py:840} INFO - DAG(s) 'example_dag' retrieved from /opt/airflow/dags/new_dags.py
[2025-04-02T14:38:40.578+0000] {logging_mixin.py:188} INFO - [2025-04-02T14:38:40.577+0000] {dag.py:3096} INFO - Sync 1 DAGs
[2025-04-02T14:38:40.623+0000] {logging_mixin.py:188} INFO - [2025-04-02T14:38:40.623+0000] {dag.py:3954} INFO - Setting next_dagrun for example_dag to 2025-04-01 00:00:00+00:00, run_after=2025-04-02 00:00:00+00:00
[2025-04-02T14:38:40.660+0000] {processor.py:183} INFO - Processing /opt/airflow/dags/new_dags.py took 0.181 seconds
[2025-04-02T14:42:55.569+0000] {processor.py:161} INFO - Started process (PID=203) to work on /opt/airflow/dags/new_dags.py
[2025-04-02T14:42:55.570+0000] {processor.py:830} INFO - Processing file /opt/airflow/dags/new_dags.py for tasks to queue
[2025-04-02T14:42:55.573+0000] {logging_mixin.py:188} INFO - [2025-04-02T14:42:55.572+0000] {dagbag.py:545} INFO - Filling up the DagBag from /opt/airflow/dags/new_dags.py
[2025-04-02T14:42:55.619+0000] {processor.py:840} INFO - DAG(s) 'example_dag' retrieved from /opt/airflow/dags/new_dags.py
[2025-04-02T14:42:56.003+0000] {logging_mixin.py:188} INFO - [2025-04-02T14:42:56.003+0000] {dag.py:3096} INFO - Sync 1 DAGs
[2025-04-02T14:42:56.042+0000] {logging_mixin.py:188} INFO - [2025-04-02T14:42:56.042+0000] {dag.py:3954} INFO - Setting next_dagrun for example_dag to 2025-04-01 00:00:00+00:00, run_after=2025-04-02 00:00:00+00:00
[2025-04-02T14:42:56.076+0000] {processor.py:183} INFO - Processing /opt/airflow/dags/new_dags.py took 0.516 seconds
[2025-04-02T14:43:26.979+0000] {processor.py:161} INFO - Started process (PID=231) to work on /opt/airflow/dags/new_dags.py
[2025-04-02T14:43:26.981+0000] {processor.py:830} INFO - Processing file /opt/airflow/dags/new_dags.py for tasks to queue
[2025-04-02T14:43:26.985+0000] {logging_mixin.py:188} INFO - [2025-04-02T14:43:26.985+0000] {dagbag.py:545} INFO - Filling up the DagBag from /opt/airflow/dags/new_dags.py
[2025-04-02T14:43:27.024+0000] {processor.py:840} INFO - DAG(s) 'example_dag' retrieved from /opt/airflow/dags/new_dags.py
[2025-04-02T14:43:27.080+0000] {logging_mixin.py:188} INFO - [2025-04-02T14:43:27.079+0000] {dag.py:3096} INFO - Sync 1 DAGs
[2025-04-02T14:43:27.132+0000] {logging_mixin.py:188} INFO - [2025-04-02T14:43:27.132+0000] {dag.py:3954} INFO - Setting next_dagrun for example_dag to 2025-04-01 00:00:00+00:00, run_after=2025-04-02 00:00:00+00:00
[2025-04-02T14:43:27.167+0000] {processor.py:183} INFO - Processing /opt/airflow/dags/new_dags.py took 0.199 seconds
[2025-04-02T14:43:57.509+0000] {processor.py:161} INFO - Started process (PID=257) to work on /opt/airflow/dags/new_dags.py
[2025-04-02T14:43:57.510+0000] {processor.py:830} INFO - Processing file /opt/airflow/dags/new_dags.py for tasks to queue
[2025-04-02T14:43:57.513+0000] {logging_mixin.py:188} INFO - [2025-04-02T14:43:57.512+0000] {dagbag.py:545} INFO - Filling up the DagBag from /opt/airflow/dags/new_dags.py
[2025-04-02T14:43:57.545+0000] {processor.py:840} INFO - DAG(s) 'example_dag' retrieved from /opt/airflow/dags/new_dags.py
[2025-04-02T14:43:57.593+0000] {logging_mixin.py:188} INFO - [2025-04-02T14:43:57.592+0000] {dag.py:3096} INFO - Sync 1 DAGs
[2025-04-02T14:43:57.638+0000] {logging_mixin.py:188} INFO - [2025-04-02T14:43:57.637+0000] {dag.py:3954} INFO - Setting next_dagrun for example_dag to 2025-04-01 00:00:00+00:00, run_after=2025-04-02 00:00:00+00:00
[2025-04-02T14:43:57.671+0000] {processor.py:183} INFO - Processing /opt/airflow/dags/new_dags.py took 0.171 seconds
[2025-04-02T14:44:28.024+0000] {processor.py:161} INFO - Started process (PID=283) to work on /opt/airflow/dags/new_dags.py
[2025-04-02T14:44:28.026+0000] {processor.py:830} INFO - Processing file /opt/airflow/dags/new_dags.py for tasks to queue
[2025-04-02T14:44:28.030+0000] {logging_mixin.py:188} INFO - [2025-04-02T14:44:28.029+0000] {dagbag.py:545} INFO - Filling up the DagBag from /opt/airflow/dags/new_dags.py
[2025-04-02T14:44:28.069+0000] {processor.py:840} INFO - DAG(s) 'example_dag' retrieved from /opt/airflow/dags/new_dags.py
[2025-04-02T14:44:28.118+0000] {logging_mixin.py:188} INFO - [2025-04-02T14:44:28.117+0000] {dag.py:3096} INFO - Sync 1 DAGs
[2025-04-02T14:44:28.180+0000] {logging_mixin.py:188} INFO - [2025-04-02T14:44:28.179+0000] {dag.py:3954} INFO - Setting next_dagrun for example_dag to 2025-04-01 00:00:00+00:00, run_after=2025-04-02 00:00:00+00:00
[2025-04-02T14:44:28.221+0000] {processor.py:183} INFO - Processing /opt/airflow/dags/new_dags.py took 0.207 seconds
[2025-04-02T14:44:58.563+0000] {processor.py:161} INFO - Started process (PID=309) to work on /opt/airflow/dags/new_dags.py
[2025-04-02T14:44:58.564+0000] {processor.py:830} INFO - Processing file /opt/airflow/dags/new_dags.py for tasks to queue
[2025-04-02T14:44:58.567+0000] {logging_mixin.py:188} INFO - [2025-04-02T14:44:58.566+0000] {dagbag.py:545} INFO - Filling up the DagBag from /opt/airflow/dags/new_dags.py
[2025-04-02T14:44:58.597+0000] {processor.py:840} INFO - DAG(s) 'example_dag' retrieved from /opt/airflow/dags/new_dags.py
[2025-04-02T14:44:58.644+0000] {logging_mixin.py:188} INFO - [2025-04-02T14:44:58.643+0000] {dag.py:3096} INFO - Sync 1 DAGs
[2025-04-02T14:44:58.691+0000] {logging_mixin.py:188} INFO - [2025-04-02T14:44:58.691+0000] {dag.py:3954} INFO - Setting next_dagrun for example_dag to 2025-04-01 00:00:00+00:00, run_after=2025-04-02 00:00:00+00:00
[2025-04-02T14:44:58.735+0000] {processor.py:183} INFO - Processing /opt/airflow/dags/new_dags.py took 0.182 seconds
[2025-04-02T14:45:28.959+0000] {processor.py:161} INFO - Started process (PID=341) to work on /opt/airflow/dags/new_dags.py
[2025-04-02T14:45:28.961+0000] {processor.py:830} INFO - Processing file /opt/airflow/dags/new_dags.py for tasks to queue
[2025-04-02T14:45:28.964+0000] {logging_mixin.py:188} INFO - [2025-04-02T14:45:28.963+0000] {dagbag.py:545} INFO - Filling up the DagBag from /opt/airflow/dags/new_dags.py
[2025-04-02T14:45:28.993+0000] {processor.py:840} INFO - DAG(s) 'example_dag' retrieved from /opt/airflow/dags/new_dags.py
[2025-04-02T14:45:29.035+0000] {logging_mixin.py:188} INFO - [2025-04-02T14:45:29.034+0000] {dag.py:3096} INFO - Sync 1 DAGs
[2025-04-02T14:45:29.072+0000] {logging_mixin.py:188} INFO - [2025-04-02T14:45:29.072+0000] {dag.py:3954} INFO - Setting next_dagrun for example_dag to 2025-04-01 00:00:00+00:00, run_after=2025-04-02 00:00:00+00:00
[2025-04-02T14:45:29.104+0000] {processor.py:183} INFO - Processing /opt/airflow/dags/new_dags.py took 0.154 seconds
[2025-04-02T14:45:59.479+0000] {processor.py:161} INFO - Started process (PID=367) to work on /opt/airflow/dags/new_dags.py
[2025-04-02T14:45:59.481+0000] {processor.py:830} INFO - Processing file /opt/airflow/dags/new_dags.py for tasks to queue
[2025-04-02T14:45:59.483+0000] {logging_mixin.py:188} INFO - [2025-04-02T14:45:59.483+0000] {dagbag.py:545} INFO - Filling up the DagBag from /opt/airflow/dags/new_dags.py
[2025-04-02T14:45:59.524+0000] {processor.py:840} INFO - DAG(s) 'example_dag' retrieved from /opt/airflow/dags/new_dags.py
[2025-04-02T14:45:59.577+0000] {logging_mixin.py:188} INFO - [2025-04-02T14:45:59.576+0000] {dag.py:3096} INFO - Sync 1 DAGs
[2025-04-02T14:45:59.625+0000] {logging_mixin.py:188} INFO - [2025-04-02T14:45:59.624+0000] {dag.py:3954} INFO - Setting next_dagrun for example_dag to 2025-04-01 00:00:00+00:00, run_after=2025-04-02 00:00:00+00:00
[2025-04-02T14:45:59.659+0000] {processor.py:183} INFO - Processing /opt/airflow/dags/new_dags.py took 0.190 seconds
[2025-04-02T14:46:30.200+0000] {processor.py:161} INFO - Started process (PID=393) to work on /opt/airflow/dags/new_dags.py
[2025-04-02T14:46:30.202+0000] {processor.py:830} INFO - Processing file /opt/airflow/dags/new_dags.py for tasks to queue
[2025-04-02T14:46:30.205+0000] {logging_mixin.py:188} INFO - [2025-04-02T14:46:30.205+0000] {dagbag.py:545} INFO - Filling up the DagBag from /opt/airflow/dags/new_dags.py
[2025-04-02T14:46:30.235+0000] {processor.py:840} INFO - DAG(s) 'example_dag' retrieved from /opt/airflow/dags/new_dags.py
[2025-04-02T14:46:30.284+0000] {logging_mixin.py:188} INFO - [2025-04-02T14:46:30.284+0000] {dag.py:3096} INFO - Sync 1 DAGs
[2025-04-02T14:46:30.326+0000] {logging_mixin.py:188} INFO - [2025-04-02T14:46:30.325+0000] {dag.py:3954} INFO - Setting next_dagrun for example_dag to 2025-04-01 00:00:00+00:00, run_after=2025-04-02 00:00:00+00:00
[2025-04-02T14:46:30.358+0000] {processor.py:183} INFO - Processing /opt/airflow/dags/new_dags.py took 0.167 seconds
[2025-04-02T14:47:00.593+0000] {processor.py:161} INFO - Started process (PID=419) to work on /opt/airflow/dags/new_dags.py
[2025-04-02T14:47:00.595+0000] {processor.py:830} INFO - Processing file /opt/airflow/dags/new_dags.py for tasks to queue
[2025-04-02T14:47:00.597+0000] {logging_mixin.py:188} INFO - [2025-04-02T14:47:00.597+0000] {dagbag.py:545} INFO - Filling up the DagBag from /opt/airflow/dags/new_dags.py
[2025-04-02T14:47:00.628+0000] {processor.py:840} INFO - DAG(s) 'example_dag' retrieved from /opt/airflow/dags/new_dags.py
[2025-04-02T14:47:00.674+0000] {logging_mixin.py:188} INFO - [2025-04-02T14:47:00.674+0000] {dag.py:3096} INFO - Sync 1 DAGs
[2025-04-02T14:47:00.717+0000] {logging_mixin.py:188} INFO - [2025-04-02T14:47:00.716+0000] {dag.py:3954} INFO - Setting next_dagrun for example_dag to 2025-04-01 00:00:00+00:00, run_after=2025-04-02 00:00:00+00:00
[2025-04-02T14:47:00.748+0000] {processor.py:183} INFO - Processing /opt/airflow/dags/new_dags.py took 0.164 seconds
[2025-04-02T14:47:31.113+0000] {processor.py:161} INFO - Started process (PID=445) to work on /opt/airflow/dags/new_dags.py
[2025-04-02T14:47:31.115+0000] {processor.py:830} INFO - Processing file /opt/airflow/dags/new_dags.py for tasks to queue
[2025-04-02T14:47:31.117+0000] {logging_mixin.py:188} INFO - [2025-04-02T14:47:31.117+0000] {dagbag.py:545} INFO - Filling up the DagBag from /opt/airflow/dags/new_dags.py
[2025-04-02T14:47:31.145+0000] {processor.py:840} INFO - DAG(s) 'example_dag' retrieved from /opt/airflow/dags/new_dags.py
[2025-04-02T14:47:31.190+0000] {logging_mixin.py:188} INFO - [2025-04-02T14:47:31.189+0000] {dag.py:3096} INFO - Sync 1 DAGs
[2025-04-02T14:47:31.234+0000] {logging_mixin.py:188} INFO - [2025-04-02T14:47:31.233+0000] {dag.py:3954} INFO - Setting next_dagrun for example_dag to 2025-04-01 00:00:00+00:00, run_after=2025-04-02 00:00:00+00:00
[2025-04-02T14:47:31.267+0000] {processor.py:183} INFO - Processing /opt/airflow/dags/new_dags.py took 0.163 seconds
[2025-04-02T14:48:01.859+0000] {processor.py:161} INFO - Started process (PID=471) to work on /opt/airflow/dags/new_dags.py
[2025-04-02T14:48:01.860+0000] {processor.py:830} INFO - Processing file /opt/airflow/dags/new_dags.py for tasks to queue
[2025-04-02T14:48:01.863+0000] {logging_mixin.py:188} INFO - [2025-04-02T14:48:01.863+0000] {dagbag.py:545} INFO - Filling up the DagBag from /opt/airflow/dags/new_dags.py
[2025-04-02T14:48:01.899+0000] {processor.py:840} INFO - DAG(s) 'example_dag' retrieved from /opt/airflow/dags/new_dags.py
[2025-04-02T14:48:01.966+0000] {logging_mixin.py:188} INFO - [2025-04-02T14:48:01.965+0000] {dag.py:3096} INFO - Sync 1 DAGs
[2025-04-02T14:48:02.021+0000] {logging_mixin.py:188} INFO - [2025-04-02T14:48:02.021+0000] {dag.py:3954} INFO - Setting next_dagrun for example_dag to 2025-04-01 00:00:00+00:00, run_after=2025-04-02 00:00:00+00:00
[2025-04-02T14:48:02.068+0000] {processor.py:183} INFO - Processing /opt/airflow/dags/new_dags.py took 0.219 seconds
[2025-04-02T14:48:32.413+0000] {processor.py:161} INFO - Started process (PID=497) to work on /opt/airflow/dags/new_dags.py
[2025-04-02T14:48:32.414+0000] {processor.py:830} INFO - Processing file /opt/airflow/dags/new_dags.py for tasks to queue
[2025-04-02T14:48:32.418+0000] {logging_mixin.py:188} INFO - [2025-04-02T14:48:32.417+0000] {dagbag.py:545} INFO - Filling up the DagBag from /opt/airflow/dags/new_dags.py
[2025-04-02T14:48:32.447+0000] {processor.py:840} INFO - DAG(s) 'example_dag' retrieved from /opt/airflow/dags/new_dags.py
[2025-04-02T14:48:32.497+0000] {logging_mixin.py:188} INFO - [2025-04-02T14:48:32.496+0000] {dag.py:3096} INFO - Sync 1 DAGs
[2025-04-02T14:48:32.547+0000] {logging_mixin.py:188} INFO - [2025-04-02T14:48:32.547+0000] {dag.py:3954} INFO - Setting next_dagrun for example_dag to 2025-04-01 00:00:00+00:00, run_after=2025-04-02 00:00:00+00:00
[2025-04-02T14:48:32.583+0000] {processor.py:183} INFO - Processing /opt/airflow/dags/new_dags.py took 0.179 seconds
[2025-04-02T14:50:23.071+0000] {processor.py:161} INFO - Started process (PID=203) to work on /opt/airflow/dags/new_dags.py
[2025-04-02T14:50:23.072+0000] {processor.py:830} INFO - Processing file /opt/airflow/dags/new_dags.py for tasks to queue
[2025-04-02T14:50:23.076+0000] {logging_mixin.py:188} INFO - [2025-04-02T14:50:23.075+0000] {dagbag.py:545} INFO - Filling up the DagBag from /opt/airflow/dags/new_dags.py
[2025-04-02T14:50:23.132+0000] {processor.py:840} INFO - DAG(s) 'example_dag' retrieved from /opt/airflow/dags/new_dags.py
[2025-04-02T14:50:23.569+0000] {logging_mixin.py:188} INFO - [2025-04-02T14:50:23.569+0000] {dag.py:3096} INFO - Sync 1 DAGs
[2025-04-02T14:50:23.621+0000] {logging_mixin.py:188} INFO - [2025-04-02T14:50:23.621+0000] {dag.py:3954} INFO - Setting next_dagrun for example_dag to 2025-04-01 00:00:00+00:00, run_after=2025-04-02 00:00:00+00:00
[2025-04-02T14:50:23.660+0000] {processor.py:183} INFO - Processing /opt/airflow/dags/new_dags.py took 0.600 seconds
[2025-04-02T14:50:54.486+0000] {processor.py:161} INFO - Started process (PID=231) to work on /opt/airflow/dags/new_dags.py
[2025-04-02T14:50:54.487+0000] {processor.py:830} INFO - Processing file /opt/airflow/dags/new_dags.py for tasks to queue
[2025-04-02T14:50:54.491+0000] {logging_mixin.py:188} INFO - [2025-04-02T14:50:54.490+0000] {dagbag.py:545} INFO - Filling up the DagBag from /opt/airflow/dags/new_dags.py
[2025-04-02T14:50:54.521+0000] {processor.py:840} INFO - DAG(s) 'example_dag' retrieved from /opt/airflow/dags/new_dags.py
[2025-04-02T14:50:54.574+0000] {logging_mixin.py:188} INFO - [2025-04-02T14:50:54.573+0000] {dag.py:3096} INFO - Sync 1 DAGs
[2025-04-02T14:50:54.623+0000] {logging_mixin.py:188} INFO - [2025-04-02T14:50:54.622+0000] {dag.py:3954} INFO - Setting next_dagrun for example_dag to 2025-04-01 00:00:00+00:00, run_after=2025-04-02 00:00:00+00:00
[2025-04-02T14:50:54.656+0000] {processor.py:183} INFO - Processing /opt/airflow/dags/new_dags.py took 0.179 seconds
[2025-04-02T14:51:25.008+0000] {processor.py:161} INFO - Started process (PID=257) to work on /opt/airflow/dags/new_dags.py
[2025-04-02T14:51:25.009+0000] {processor.py:830} INFO - Processing file /opt/airflow/dags/new_dags.py for tasks to queue
[2025-04-02T14:51:25.011+0000] {logging_mixin.py:188} INFO - [2025-04-02T14:51:25.011+0000] {dagbag.py:545} INFO - Filling up the DagBag from /opt/airflow/dags/new_dags.py
[2025-04-02T14:51:25.041+0000] {processor.py:840} INFO - DAG(s) 'example_dag' retrieved from /opt/airflow/dags/new_dags.py
[2025-04-02T14:51:25.092+0000] {logging_mixin.py:188} INFO - [2025-04-02T14:51:25.092+0000] {dag.py:3096} INFO - Sync 1 DAGs
[2025-04-02T14:51:25.133+0000] {logging_mixin.py:188} INFO - [2025-04-02T14:51:25.133+0000] {dag.py:3954} INFO - Setting next_dagrun for example_dag to 2025-04-01 00:00:00+00:00, run_after=2025-04-02 00:00:00+00:00
[2025-04-02T14:51:25.165+0000] {processor.py:183} INFO - Processing /opt/airflow/dags/new_dags.py took 0.166 seconds
[2025-04-02T14:51:55.517+0000] {processor.py:161} INFO - Started process (PID=283) to work on /opt/airflow/dags/new_dags.py
[2025-04-02T14:51:55.518+0000] {processor.py:830} INFO - Processing file /opt/airflow/dags/new_dags.py for tasks to queue
[2025-04-02T14:51:55.521+0000] {logging_mixin.py:188} INFO - [2025-04-02T14:51:55.521+0000] {dagbag.py:545} INFO - Filling up the DagBag from /opt/airflow/dags/new_dags.py
[2025-04-02T14:51:55.554+0000] {processor.py:840} INFO - DAG(s) 'example_dag' retrieved from /opt/airflow/dags/new_dags.py
[2025-04-02T14:51:55.597+0000] {logging_mixin.py:188} INFO - [2025-04-02T14:51:55.597+0000] {dag.py:3096} INFO - Sync 1 DAGs
[2025-04-02T14:51:55.636+0000] {logging_mixin.py:188} INFO - [2025-04-02T14:51:55.636+0000] {dag.py:3954} INFO - Setting next_dagrun for example_dag to 2025-04-01 00:00:00+00:00, run_after=2025-04-02 00:00:00+00:00
[2025-04-02T14:51:55.667+0000] {processor.py:183} INFO - Processing /opt/airflow/dags/new_dags.py took 0.160 seconds
[2025-04-02T14:52:26.103+0000] {processor.py:161} INFO - Started process (PID=309) to work on /opt/airflow/dags/new_dags.py
[2025-04-02T14:52:26.104+0000] {processor.py:830} INFO - Processing file /opt/airflow/dags/new_dags.py for tasks to queue
[2025-04-02T14:52:26.107+0000] {logging_mixin.py:188} INFO - [2025-04-02T14:52:26.107+0000] {dagbag.py:545} INFO - Filling up the DagBag from /opt/airflow/dags/new_dags.py
[2025-04-02T14:52:26.136+0000] {processor.py:840} INFO - DAG(s) 'example_dag' retrieved from /opt/airflow/dags/new_dags.py
[2025-04-02T14:52:26.178+0000] {logging_mixin.py:188} INFO - [2025-04-02T14:52:26.178+0000] {dag.py:3096} INFO - Sync 1 DAGs
[2025-04-02T14:52:26.217+0000] {logging_mixin.py:188} INFO - [2025-04-02T14:52:26.217+0000] {dag.py:3954} INFO - Setting next_dagrun for example_dag to 2025-04-01 00:00:00+00:00, run_after=2025-04-02 00:00:00+00:00
[2025-04-02T14:52:26.251+0000] {processor.py:183} INFO - Processing /opt/airflow/dags/new_dags.py took 0.158 seconds
[2025-04-02T14:52:56.611+0000] {processor.py:161} INFO - Started process (PID=341) to work on /opt/airflow/dags/new_dags.py
[2025-04-02T14:52:56.612+0000] {processor.py:830} INFO - Processing file /opt/airflow/dags/new_dags.py for tasks to queue
[2025-04-02T14:52:56.615+0000] {logging_mixin.py:188} INFO - [2025-04-02T14:52:56.615+0000] {dagbag.py:545} INFO - Filling up the DagBag from /opt/airflow/dags/new_dags.py
[2025-04-02T14:52:56.646+0000] {processor.py:840} INFO - DAG(s) 'example_dag' retrieved from /opt/airflow/dags/new_dags.py
[2025-04-02T14:52:56.691+0000] {logging_mixin.py:188} INFO - [2025-04-02T14:52:56.690+0000] {dag.py:3096} INFO - Sync 1 DAGs
[2025-04-02T14:52:56.731+0000] {logging_mixin.py:188} INFO - [2025-04-02T14:52:56.730+0000] {dag.py:3954} INFO - Setting next_dagrun for example_dag to 2025-04-01 00:00:00+00:00, run_after=2025-04-02 00:00:00+00:00
[2025-04-02T14:52:56.766+0000] {processor.py:183} INFO - Processing /opt/airflow/dags/new_dags.py took 0.165 seconds
[2025-04-02T17:02:16.289+0000] {processor.py:161} INFO - Started process (PID=191) to work on /opt/airflow/dags/new_dags.py
[2025-04-02T17:02:16.291+0000] {processor.py:830} INFO - Processing file /opt/airflow/dags/new_dags.py for tasks to queue
[2025-04-02T17:02:16.292+0000] {logging_mixin.py:188} INFO - [2025-04-02T17:02:16.292+0000] {dagbag.py:545} INFO - Filling up the DagBag from /opt/airflow/dags/new_dags.py
[2025-04-02T17:02:16.317+0000] {processor.py:840} INFO - DAG(s) 'example_dag' retrieved from /opt/airflow/dags/new_dags.py
[2025-04-02T17:02:16.696+0000] {logging_mixin.py:188} INFO - [2025-04-02T17:02:16.695+0000] {override.py:1829} INFO - Created Permission View: can edit on DAG:example_dag
[2025-04-02T17:02:16.704+0000] {logging_mixin.py:188} INFO - [2025-04-02T17:02:16.704+0000] {override.py:1829} INFO - Created Permission View: can delete on DAG:example_dag
[2025-04-02T17:02:16.710+0000] {logging_mixin.py:188} INFO - [2025-04-02T17:02:16.709+0000] {override.py:1829} INFO - Created Permission View: can read on DAG:example_dag
[2025-04-02T17:02:16.710+0000] {logging_mixin.py:188} INFO - [2025-04-02T17:02:16.710+0000] {dag.py:3096} INFO - Sync 1 DAGs
[2025-04-02T17:02:16.721+0000] {logging_mixin.py:188} INFO - [2025-04-02T17:02:16.721+0000] {dag.py:3118} INFO - Creating ORM DAG for example_dag
[2025-04-02T17:02:16.734+0000] {logging_mixin.py:188} INFO - [2025-04-02T17:02:16.734+0000] {dag.py:3954} INFO - Setting next_dagrun for example_dag to 2025-04-01 00:00:00+00:00, run_after=2025-04-02 00:00:00+00:00
[2025-04-02T17:02:16.751+0000] {processor.py:183} INFO - Processing /opt/airflow/dags/new_dags.py took 0.466 seconds
[2025-04-02T17:02:47.331+0000] {processor.py:161} INFO - Started process (PID=217) to work on /opt/airflow/dags/new_dags.py
[2025-04-02T17:02:47.331+0000] {processor.py:830} INFO - Processing file /opt/airflow/dags/new_dags.py for tasks to queue
[2025-04-02T17:02:47.333+0000] {logging_mixin.py:188} INFO - [2025-04-02T17:02:47.332+0000] {dagbag.py:545} INFO - Filling up the DagBag from /opt/airflow/dags/new_dags.py
[2025-04-02T17:02:47.349+0000] {processor.py:840} INFO - DAG(s) 'example_dag' retrieved from /opt/airflow/dags/new_dags.py
[2025-04-02T17:02:47.375+0000] {logging_mixin.py:188} INFO - [2025-04-02T17:02:47.375+0000] {dag.py:3096} INFO - Sync 1 DAGs
[2025-04-02T17:02:47.398+0000] {logging_mixin.py:188} INFO - [2025-04-02T17:02:47.398+0000] {dag.py:3954} INFO - Setting next_dagrun for example_dag to 2025-04-01 00:00:00+00:00, run_after=2025-04-02 00:00:00+00:00
[2025-04-02T17:02:47.414+0000] {processor.py:183} INFO - Processing /opt/airflow/dags/new_dags.py took 0.088 seconds
[2025-04-02T17:03:17.734+0000] {processor.py:161} INFO - Started process (PID=258) to work on /opt/airflow/dags/new_dags.py
[2025-04-02T17:03:17.735+0000] {processor.py:830} INFO - Processing file /opt/airflow/dags/new_dags.py for tasks to queue
[2025-04-02T17:03:17.737+0000] {logging_mixin.py:188} INFO - [2025-04-02T17:03:17.736+0000] {dagbag.py:545} INFO - Filling up the DagBag from /opt/airflow/dags/new_dags.py
[2025-04-02T17:03:17.753+0000] {processor.py:840} INFO - DAG(s) 'example_dag' retrieved from /opt/airflow/dags/new_dags.py
[2025-04-02T17:03:17.776+0000] {logging_mixin.py:188} INFO - [2025-04-02T17:03:17.776+0000] {dag.py:3096} INFO - Sync 1 DAGs
[2025-04-02T17:03:17.797+0000] {logging_mixin.py:188} INFO - [2025-04-02T17:03:17.797+0000] {dag.py:3954} INFO - Setting next_dagrun for example_dag to 2025-04-01 00:00:00+00:00, run_after=2025-04-02 00:00:00+00:00
[2025-04-02T17:03:17.812+0000] {processor.py:183} INFO - Processing /opt/airflow/dags/new_dags.py took 0.082 seconds
[2025-04-02T17:03:48.155+0000] {processor.py:161} INFO - Started process (PID=284) to work on /opt/airflow/dags/new_dags.py
[2025-04-02T17:03:48.156+0000] {processor.py:830} INFO - Processing file /opt/airflow/dags/new_dags.py for tasks to queue
[2025-04-02T17:03:48.157+0000] {logging_mixin.py:188} INFO - [2025-04-02T17:03:48.157+0000] {dagbag.py:545} INFO - Filling up the DagBag from /opt/airflow/dags/new_dags.py
[2025-04-02T17:03:48.172+0000] {processor.py:840} INFO - DAG(s) 'example_dag' retrieved from /opt/airflow/dags/new_dags.py
[2025-04-02T17:03:48.194+0000] {logging_mixin.py:188} INFO - [2025-04-02T17:03:48.194+0000] {dag.py:3096} INFO - Sync 1 DAGs
[2025-04-02T17:03:48.216+0000] {logging_mixin.py:188} INFO - [2025-04-02T17:03:48.216+0000] {dag.py:3954} INFO - Setting next_dagrun for example_dag to 2025-04-01 00:00:00+00:00, run_after=2025-04-02 00:00:00+00:00
[2025-04-02T17:03:48.232+0000] {processor.py:183} INFO - Processing /opt/airflow/dags/new_dags.py took 0.082 seconds
[2025-04-02T17:04:18.573+0000] {processor.py:161} INFO - Started process (PID=310) to work on /opt/airflow/dags/new_dags.py
[2025-04-02T17:04:18.573+0000] {processor.py:830} INFO - Processing file /opt/airflow/dags/new_dags.py for tasks to queue
[2025-04-02T17:04:18.575+0000] {logging_mixin.py:188} INFO - [2025-04-02T17:04:18.574+0000] {dagbag.py:545} INFO - Filling up the DagBag from /opt/airflow/dags/new_dags.py
[2025-04-02T17:04:18.590+0000] {processor.py:840} INFO - DAG(s) 'example_dag' retrieved from /opt/airflow/dags/new_dags.py
[2025-04-02T17:04:18.613+0000] {logging_mixin.py:188} INFO - [2025-04-02T17:04:18.613+0000] {dag.py:3096} INFO - Sync 1 DAGs
[2025-04-02T17:04:18.639+0000] {logging_mixin.py:188} INFO - [2025-04-02T17:04:18.639+0000] {dag.py:3954} INFO - Setting next_dagrun for example_dag to 2025-04-01 00:00:00+00:00, run_after=2025-04-02 00:00:00+00:00
[2025-04-02T17:04:18.662+0000] {processor.py:183} INFO - Processing /opt/airflow/dags/new_dags.py took 0.093 seconds
[2025-04-02T17:04:49.031+0000] {processor.py:161} INFO - Started process (PID=342) to work on /opt/airflow/dags/new_dags.py
[2025-04-02T17:04:49.032+0000] {processor.py:830} INFO - Processing file /opt/airflow/dags/new_dags.py for tasks to queue
[2025-04-02T17:04:49.033+0000] {logging_mixin.py:188} INFO - [2025-04-02T17:04:49.033+0000] {dagbag.py:545} INFO - Filling up the DagBag from /opt/airflow/dags/new_dags.py
[2025-04-02T17:04:49.048+0000] {processor.py:840} INFO - DAG(s) 'example_dag' retrieved from /opt/airflow/dags/new_dags.py
[2025-04-02T17:04:49.070+0000] {logging_mixin.py:188} INFO - [2025-04-02T17:04:49.070+0000] {dag.py:3096} INFO - Sync 1 DAGs
[2025-04-02T17:04:49.089+0000] {logging_mixin.py:188} INFO - [2025-04-02T17:04:49.089+0000] {dag.py:3954} INFO - Setting next_dagrun for example_dag to 2025-04-01 00:00:00+00:00, run_after=2025-04-02 00:00:00+00:00
[2025-04-02T17:04:49.103+0000] {processor.py:183} INFO - Processing /opt/airflow/dags/new_dags.py took 0.076 seconds
