[2025-04-02T14:32:55.272+0000] {processor.py:161} INFO - Started process (PID=192) to work on /opt/airflow/dags/transform_dim_circuits.py
[2025-04-02T14:32:55.274+0000] {processor.py:830} INFO - Processing file /opt/airflow/dags/transform_dim_circuits.py for tasks to queue
[2025-04-02T14:32:55.278+0000] {logging_mixin.py:188} INFO - [2025-04-02T14:32:55.278+0000] {dagbag.py:545} INFO - Filling up the DagBag from /opt/airflow/dags/transform_dim_circuits.py
[2025-04-02T14:32:55.358+0000] {logging_mixin.py:188} INFO - [2025-04-02T14:32:55.346+0000] {dagbag.py:355} ERROR - Failed to import: /opt/airflow/dags/transform_dim_circuits.py
Traceback (most recent call last):
  File "/home/airflow/.local/lib/python3.10/site-packages/airflow/models/dagbag.py", line 351, in parse
    loader.exec_module(new_module)
  File "<frozen importlib._bootstrap_external>", line 883, in exec_module
  File "<frozen importlib._bootstrap>", line 241, in _call_with_frames_removed
  File "/opt/airflow/dags/transform_dim_circuits.py", line 3, in <module>
    from dags.extract_data import base_path
  File "/opt/airflow/dags/extract_data.py", line 2, in <module>
    import kagglehub
ModuleNotFoundError: No module named 'kagglehub'
[2025-04-02T14:32:55.362+0000] {processor.py:842} WARNING - No viable dags retrieved from /opt/airflow/dags/transform_dim_circuits.py
[2025-04-02T14:32:55.405+0000] {processor.py:183} INFO - Processing /opt/airflow/dags/transform_dim_circuits.py took 0.143 seconds
[2025-04-02T14:34:04.934+0000] {processor.py:161} INFO - Started process (PID=198) to work on /opt/airflow/dags/transform_dim_circuits.py
[2025-04-02T14:34:04.935+0000] {processor.py:830} INFO - Processing file /opt/airflow/dags/transform_dim_circuits.py for tasks to queue
[2025-04-02T14:34:04.939+0000] {logging_mixin.py:188} INFO - [2025-04-02T14:34:04.938+0000] {dagbag.py:545} INFO - Filling up the DagBag from /opt/airflow/dags/transform_dim_circuits.py
[2025-04-02T14:34:04.974+0000] {logging_mixin.py:188} INFO - [2025-04-02T14:34:04.966+0000] {dagbag.py:355} ERROR - Failed to import: /opt/airflow/dags/transform_dim_circuits.py
Traceback (most recent call last):
  File "/home/airflow/.local/lib/python3.10/site-packages/airflow/models/dagbag.py", line 351, in parse
    loader.exec_module(new_module)
  File "<frozen importlib._bootstrap_external>", line 883, in exec_module
  File "<frozen importlib._bootstrap>", line 241, in _call_with_frames_removed
  File "/opt/airflow/dags/transform_dim_circuits.py", line 3, in <module>
    from dags.extract_data import base_path
  File "/opt/airflow/dags/extract_data.py", line 2, in <module>
    import kagglehub
ModuleNotFoundError: No module named 'kagglehub'
[2025-04-02T14:34:04.977+0000] {processor.py:842} WARNING - No viable dags retrieved from /opt/airflow/dags/transform_dim_circuits.py
[2025-04-02T14:34:05.008+0000] {processor.py:183} INFO - Processing /opt/airflow/dags/transform_dim_circuits.py took 0.087 seconds
[2025-04-02T14:34:35.398+0000] {processor.py:161} INFO - Started process (PID=224) to work on /opt/airflow/dags/transform_dim_circuits.py
[2025-04-02T14:34:35.399+0000] {processor.py:830} INFO - Processing file /opt/airflow/dags/transform_dim_circuits.py for tasks to queue
[2025-04-02T14:34:35.404+0000] {logging_mixin.py:188} INFO - [2025-04-02T14:34:35.403+0000] {dagbag.py:545} INFO - Filling up the DagBag from /opt/airflow/dags/transform_dim_circuits.py
[2025-04-02T14:34:35.446+0000] {logging_mixin.py:188} INFO - [2025-04-02T14:34:35.437+0000] {dagbag.py:355} ERROR - Failed to import: /opt/airflow/dags/transform_dim_circuits.py
Traceback (most recent call last):
  File "/home/airflow/.local/lib/python3.10/site-packages/airflow/models/dagbag.py", line 351, in parse
    loader.exec_module(new_module)
  File "<frozen importlib._bootstrap_external>", line 883, in exec_module
  File "<frozen importlib._bootstrap>", line 241, in _call_with_frames_removed
  File "/opt/airflow/dags/transform_dim_circuits.py", line 3, in <module>
    from dags.extract_data import base_path
  File "/opt/airflow/dags/extract_data.py", line 2, in <module>
    import kagglehub
ModuleNotFoundError: No module named 'kagglehub'
[2025-04-02T14:34:35.449+0000] {processor.py:842} WARNING - No viable dags retrieved from /opt/airflow/dags/transform_dim_circuits.py
[2025-04-02T14:34:35.484+0000] {processor.py:183} INFO - Processing /opt/airflow/dags/transform_dim_circuits.py took 0.100 seconds
[2025-04-02T14:35:05.897+0000] {processor.py:161} INFO - Started process (PID=250) to work on /opt/airflow/dags/transform_dim_circuits.py
[2025-04-02T14:35:05.898+0000] {processor.py:830} INFO - Processing file /opt/airflow/dags/transform_dim_circuits.py for tasks to queue
[2025-04-02T14:35:05.900+0000] {logging_mixin.py:188} INFO - [2025-04-02T14:35:05.900+0000] {dagbag.py:545} INFO - Filling up the DagBag from /opt/airflow/dags/transform_dim_circuits.py
[2025-04-02T14:35:05.938+0000] {logging_mixin.py:188} INFO - [2025-04-02T14:35:05.929+0000] {dagbag.py:355} ERROR - Failed to import: /opt/airflow/dags/transform_dim_circuits.py
Traceback (most recent call last):
  File "/home/airflow/.local/lib/python3.10/site-packages/airflow/models/dagbag.py", line 351, in parse
    loader.exec_module(new_module)
  File "<frozen importlib._bootstrap_external>", line 883, in exec_module
  File "<frozen importlib._bootstrap>", line 241, in _call_with_frames_removed
  File "/opt/airflow/dags/transform_dim_circuits.py", line 3, in <module>
    from dags.extract_data import base_path
  File "/opt/airflow/dags/extract_data.py", line 2, in <module>
    import kagglehub
ModuleNotFoundError: No module named 'kagglehub'
[2025-04-02T14:35:05.942+0000] {processor.py:842} WARNING - No viable dags retrieved from /opt/airflow/dags/transform_dim_circuits.py
[2025-04-02T14:35:05.976+0000] {processor.py:183} INFO - Processing /opt/airflow/dags/transform_dim_circuits.py took 0.091 seconds
[2025-04-02T14:35:36.394+0000] {processor.py:161} INFO - Started process (PID=276) to work on /opt/airflow/dags/transform_dim_circuits.py
[2025-04-02T14:35:36.395+0000] {processor.py:830} INFO - Processing file /opt/airflow/dags/transform_dim_circuits.py for tasks to queue
[2025-04-02T14:35:36.397+0000] {logging_mixin.py:188} INFO - [2025-04-02T14:35:36.397+0000] {dagbag.py:545} INFO - Filling up the DagBag from /opt/airflow/dags/transform_dim_circuits.py
[2025-04-02T14:35:36.433+0000] {logging_mixin.py:188} INFO - [2025-04-02T14:35:36.425+0000] {dagbag.py:355} ERROR - Failed to import: /opt/airflow/dags/transform_dim_circuits.py
Traceback (most recent call last):
  File "/home/airflow/.local/lib/python3.10/site-packages/airflow/models/dagbag.py", line 351, in parse
    loader.exec_module(new_module)
  File "<frozen importlib._bootstrap_external>", line 883, in exec_module
  File "<frozen importlib._bootstrap>", line 241, in _call_with_frames_removed
  File "/opt/airflow/dags/transform_dim_circuits.py", line 3, in <module>
    from dags.extract_data import base_path
  File "/opt/airflow/dags/extract_data.py", line 2, in <module>
    import kagglehub
ModuleNotFoundError: No module named 'kagglehub'
[2025-04-02T14:35:36.435+0000] {processor.py:842} WARNING - No viable dags retrieved from /opt/airflow/dags/transform_dim_circuits.py
[2025-04-02T14:35:36.470+0000] {processor.py:183} INFO - Processing /opt/airflow/dags/transform_dim_circuits.py took 0.085 seconds
[2025-04-02T14:36:06.873+0000] {processor.py:161} INFO - Started process (PID=302) to work on /opt/airflow/dags/transform_dim_circuits.py
[2025-04-02T14:36:06.874+0000] {processor.py:830} INFO - Processing file /opt/airflow/dags/transform_dim_circuits.py for tasks to queue
[2025-04-02T14:36:06.876+0000] {logging_mixin.py:188} INFO - [2025-04-02T14:36:06.876+0000] {dagbag.py:545} INFO - Filling up the DagBag from /opt/airflow/dags/transform_dim_circuits.py
[2025-04-02T14:36:06.911+0000] {logging_mixin.py:188} INFO - [2025-04-02T14:36:06.903+0000] {dagbag.py:355} ERROR - Failed to import: /opt/airflow/dags/transform_dim_circuits.py
Traceback (most recent call last):
  File "/home/airflow/.local/lib/python3.10/site-packages/airflow/models/dagbag.py", line 351, in parse
    loader.exec_module(new_module)
  File "<frozen importlib._bootstrap_external>", line 883, in exec_module
  File "<frozen importlib._bootstrap>", line 241, in _call_with_frames_removed
  File "/opt/airflow/dags/transform_dim_circuits.py", line 3, in <module>
    from dags.extract_data import base_path
  File "/opt/airflow/dags/extract_data.py", line 2, in <module>
    import kagglehub
ModuleNotFoundError: No module named 'kagglehub'
[2025-04-02T14:36:06.914+0000] {processor.py:842} WARNING - No viable dags retrieved from /opt/airflow/dags/transform_dim_circuits.py
[2025-04-02T14:36:06.944+0000] {processor.py:183} INFO - Processing /opt/airflow/dags/transform_dim_circuits.py took 0.080 seconds
[2025-04-02T14:36:37.367+0000] {processor.py:161} INFO - Started process (PID=328) to work on /opt/airflow/dags/transform_dim_circuits.py
[2025-04-02T14:36:37.368+0000] {processor.py:830} INFO - Processing file /opt/airflow/dags/transform_dim_circuits.py for tasks to queue
[2025-04-02T14:36:37.370+0000] {logging_mixin.py:188} INFO - [2025-04-02T14:36:37.369+0000] {dagbag.py:545} INFO - Filling up the DagBag from /opt/airflow/dags/transform_dim_circuits.py
[2025-04-02T14:36:37.405+0000] {logging_mixin.py:188} INFO - [2025-04-02T14:36:37.396+0000] {dagbag.py:355} ERROR - Failed to import: /opt/airflow/dags/transform_dim_circuits.py
Traceback (most recent call last):
  File "/home/airflow/.local/lib/python3.10/site-packages/airflow/models/dagbag.py", line 351, in parse
    loader.exec_module(new_module)
  File "<frozen importlib._bootstrap_external>", line 883, in exec_module
  File "<frozen importlib._bootstrap>", line 241, in _call_with_frames_removed
  File "/opt/airflow/dags/transform_dim_circuits.py", line 3, in <module>
    from dags.extract_data import base_path
  File "/opt/airflow/dags/extract_data.py", line 2, in <module>
    import kagglehub
ModuleNotFoundError: No module named 'kagglehub'
[2025-04-02T14:36:37.408+0000] {processor.py:842} WARNING - No viable dags retrieved from /opt/airflow/dags/transform_dim_circuits.py
[2025-04-02T14:36:37.438+0000] {processor.py:183} INFO - Processing /opt/airflow/dags/transform_dim_circuits.py took 0.080 seconds
[2025-04-02T14:37:07.972+0000] {processor.py:161} INFO - Started process (PID=354) to work on /opt/airflow/dags/transform_dim_circuits.py
[2025-04-02T14:37:07.973+0000] {processor.py:830} INFO - Processing file /opt/airflow/dags/transform_dim_circuits.py for tasks to queue
[2025-04-02T14:37:07.975+0000] {logging_mixin.py:188} INFO - [2025-04-02T14:37:07.974+0000] {dagbag.py:545} INFO - Filling up the DagBag from /opt/airflow/dags/transform_dim_circuits.py
[2025-04-02T14:37:08.011+0000] {logging_mixin.py:188} INFO - [2025-04-02T14:37:08.003+0000] {dagbag.py:355} ERROR - Failed to import: /opt/airflow/dags/transform_dim_circuits.py
Traceback (most recent call last):
  File "/home/airflow/.local/lib/python3.10/site-packages/airflow/models/dagbag.py", line 351, in parse
    loader.exec_module(new_module)
  File "<frozen importlib._bootstrap_external>", line 883, in exec_module
  File "<frozen importlib._bootstrap>", line 241, in _call_with_frames_removed
  File "/opt/airflow/dags/transform_dim_circuits.py", line 3, in <module>
    from dags.extract_data import base_path
  File "/opt/airflow/dags/extract_data.py", line 2, in <module>
    import kagglehub
ModuleNotFoundError: No module named 'kagglehub'
[2025-04-02T14:37:08.014+0000] {processor.py:842} WARNING - No viable dags retrieved from /opt/airflow/dags/transform_dim_circuits.py
[2025-04-02T14:37:08.046+0000] {processor.py:183} INFO - Processing /opt/airflow/dags/transform_dim_circuits.py took 0.083 seconds
[2025-04-02T14:37:38.487+0000] {processor.py:161} INFO - Started process (PID=380) to work on /opt/airflow/dags/transform_dim_circuits.py
[2025-04-02T14:37:38.488+0000] {processor.py:830} INFO - Processing file /opt/airflow/dags/transform_dim_circuits.py for tasks to queue
[2025-04-02T14:37:38.490+0000] {logging_mixin.py:188} INFO - [2025-04-02T14:37:38.489+0000] {dagbag.py:545} INFO - Filling up the DagBag from /opt/airflow/dags/transform_dim_circuits.py
[2025-04-02T14:37:38.525+0000] {logging_mixin.py:188} INFO - [2025-04-02T14:37:38.517+0000] {dagbag.py:355} ERROR - Failed to import: /opt/airflow/dags/transform_dim_circuits.py
Traceback (most recent call last):
  File "/home/airflow/.local/lib/python3.10/site-packages/airflow/models/dagbag.py", line 351, in parse
    loader.exec_module(new_module)
  File "<frozen importlib._bootstrap_external>", line 883, in exec_module
  File "<frozen importlib._bootstrap>", line 241, in _call_with_frames_removed
  File "/opt/airflow/dags/transform_dim_circuits.py", line 3, in <module>
    from dags.extract_data import base_path
  File "/opt/airflow/dags/extract_data.py", line 2, in <module>
    import kagglehub
ModuleNotFoundError: No module named 'kagglehub'
[2025-04-02T14:37:38.528+0000] {processor.py:842} WARNING - No viable dags retrieved from /opt/airflow/dags/transform_dim_circuits.py
[2025-04-02T14:37:38.555+0000] {processor.py:183} INFO - Processing /opt/airflow/dags/transform_dim_circuits.py took 0.076 seconds
[2025-04-02T14:38:08.961+0000] {processor.py:161} INFO - Started process (PID=406) to work on /opt/airflow/dags/transform_dim_circuits.py
[2025-04-02T14:38:08.963+0000] {processor.py:830} INFO - Processing file /opt/airflow/dags/transform_dim_circuits.py for tasks to queue
[2025-04-02T14:38:08.964+0000] {logging_mixin.py:188} INFO - [2025-04-02T14:38:08.964+0000] {dagbag.py:545} INFO - Filling up the DagBag from /opt/airflow/dags/transform_dim_circuits.py
[2025-04-02T14:38:09.000+0000] {logging_mixin.py:188} INFO - [2025-04-02T14:38:08.990+0000] {dagbag.py:355} ERROR - Failed to import: /opt/airflow/dags/transform_dim_circuits.py
Traceback (most recent call last):
  File "/home/airflow/.local/lib/python3.10/site-packages/airflow/models/dagbag.py", line 351, in parse
    loader.exec_module(new_module)
  File "<frozen importlib._bootstrap_external>", line 883, in exec_module
  File "<frozen importlib._bootstrap>", line 241, in _call_with_frames_removed
  File "/opt/airflow/dags/transform_dim_circuits.py", line 3, in <module>
    from dags.extract_data import base_path
  File "/opt/airflow/dags/extract_data.py", line 2, in <module>
    import kagglehub
ModuleNotFoundError: No module named 'kagglehub'
[2025-04-02T14:38:09.003+0000] {processor.py:842} WARNING - No viable dags retrieved from /opt/airflow/dags/transform_dim_circuits.py
[2025-04-02T14:38:09.035+0000] {processor.py:183} INFO - Processing /opt/airflow/dags/transform_dim_circuits.py took 0.083 seconds
[2025-04-02T14:38:39.455+0000] {processor.py:161} INFO - Started process (PID=438) to work on /opt/airflow/dags/transform_dim_circuits.py
[2025-04-02T14:38:39.456+0000] {processor.py:830} INFO - Processing file /opt/airflow/dags/transform_dim_circuits.py for tasks to queue
[2025-04-02T14:38:39.458+0000] {logging_mixin.py:188} INFO - [2025-04-02T14:38:39.458+0000] {dagbag.py:545} INFO - Filling up the DagBag from /opt/airflow/dags/transform_dim_circuits.py
[2025-04-02T14:38:39.500+0000] {logging_mixin.py:188} INFO - [2025-04-02T14:38:39.491+0000] {dagbag.py:355} ERROR - Failed to import: /opt/airflow/dags/transform_dim_circuits.py
Traceback (most recent call last):
  File "/home/airflow/.local/lib/python3.10/site-packages/airflow/models/dagbag.py", line 351, in parse
    loader.exec_module(new_module)
  File "<frozen importlib._bootstrap_external>", line 883, in exec_module
  File "<frozen importlib._bootstrap>", line 241, in _call_with_frames_removed
  File "/opt/airflow/dags/transform_dim_circuits.py", line 3, in <module>
    from dags.extract_data import base_path
  File "/opt/airflow/dags/extract_data.py", line 2, in <module>
    import kagglehub
ModuleNotFoundError: No module named 'kagglehub'
[2025-04-02T14:38:39.502+0000] {processor.py:842} WARNING - No viable dags retrieved from /opt/airflow/dags/transform_dim_circuits.py
[2025-04-02T14:38:39.531+0000] {processor.py:183} INFO - Processing /opt/airflow/dags/transform_dim_circuits.py took 0.089 seconds
[2025-04-02T14:42:55.478+0000] {processor.py:161} INFO - Started process (PID=198) to work on /opt/airflow/dags/transform_dim_circuits.py
[2025-04-02T14:42:55.480+0000] {processor.py:830} INFO - Processing file /opt/airflow/dags/transform_dim_circuits.py for tasks to queue
[2025-04-02T14:42:55.483+0000] {logging_mixin.py:188} INFO - [2025-04-02T14:42:55.482+0000] {dagbag.py:545} INFO - Filling up the DagBag from /opt/airflow/dags/transform_dim_circuits.py
[2025-04-02T14:42:55.517+0000] {logging_mixin.py:188} INFO - [2025-04-02T14:42:55.508+0000] {dagbag.py:355} ERROR - Failed to import: /opt/airflow/dags/transform_dim_circuits.py
Traceback (most recent call last):
  File "/home/airflow/.local/lib/python3.10/site-packages/airflow/models/dagbag.py", line 351, in parse
    loader.exec_module(new_module)
  File "<frozen importlib._bootstrap_external>", line 883, in exec_module
  File "<frozen importlib._bootstrap>", line 241, in _call_with_frames_removed
  File "/opt/airflow/dags/transform_dim_circuits.py", line 3, in <module>
    from dags.extract_data import base_path
  File "/opt/airflow/dags/extract_data.py", line 2, in <module>
    import kagglehub
ModuleNotFoundError: No module named 'kagglehub'
[2025-04-02T14:42:55.520+0000] {processor.py:842} WARNING - No viable dags retrieved from /opt/airflow/dags/transform_dim_circuits.py
[2025-04-02T14:42:55.546+0000] {processor.py:183} INFO - Processing /opt/airflow/dags/transform_dim_circuits.py took 0.078 seconds
[2025-04-02T14:43:25.948+0000] {processor.py:161} INFO - Started process (PID=224) to work on /opt/airflow/dags/transform_dim_circuits.py
[2025-04-02T14:43:25.950+0000] {processor.py:830} INFO - Processing file /opt/airflow/dags/transform_dim_circuits.py for tasks to queue
[2025-04-02T14:43:25.955+0000] {logging_mixin.py:188} INFO - [2025-04-02T14:43:25.954+0000] {dagbag.py:545} INFO - Filling up the DagBag from /opt/airflow/dags/transform_dim_circuits.py
[2025-04-02T14:43:26.000+0000] {logging_mixin.py:188} INFO - [2025-04-02T14:43:25.990+0000] {dagbag.py:355} ERROR - Failed to import: /opt/airflow/dags/transform_dim_circuits.py
Traceback (most recent call last):
  File "/home/airflow/.local/lib/python3.10/site-packages/airflow/models/dagbag.py", line 351, in parse
    loader.exec_module(new_module)
  File "<frozen importlib._bootstrap_external>", line 883, in exec_module
  File "<frozen importlib._bootstrap>", line 241, in _call_with_frames_removed
  File "/opt/airflow/dags/transform_dim_circuits.py", line 3, in <module>
    from dags.extract_data import base_path
  File "/opt/airflow/dags/extract_data.py", line 2, in <module>
    import kagglehub
ModuleNotFoundError: No module named 'kagglehub'
[2025-04-02T14:43:26.004+0000] {processor.py:842} WARNING - No viable dags retrieved from /opt/airflow/dags/transform_dim_circuits.py
[2025-04-02T14:43:26.046+0000] {processor.py:183} INFO - Processing /opt/airflow/dags/transform_dim_circuits.py took 0.117 seconds
[2025-04-02T14:43:56.453+0000] {processor.py:161} INFO - Started process (PID=250) to work on /opt/airflow/dags/transform_dim_circuits.py
[2025-04-02T14:43:56.454+0000] {processor.py:830} INFO - Processing file /opt/airflow/dags/transform_dim_circuits.py for tasks to queue
[2025-04-02T14:43:56.458+0000] {logging_mixin.py:188} INFO - [2025-04-02T14:43:56.457+0000] {dagbag.py:545} INFO - Filling up the DagBag from /opt/airflow/dags/transform_dim_circuits.py
[2025-04-02T14:43:56.499+0000] {logging_mixin.py:188} INFO - [2025-04-02T14:43:56.489+0000] {dagbag.py:355} ERROR - Failed to import: /opt/airflow/dags/transform_dim_circuits.py
Traceback (most recent call last):
  File "/home/airflow/.local/lib/python3.10/site-packages/airflow/models/dagbag.py", line 351, in parse
    loader.exec_module(new_module)
  File "<frozen importlib._bootstrap_external>", line 883, in exec_module
  File "<frozen importlib._bootstrap>", line 241, in _call_with_frames_removed
  File "/opt/airflow/dags/transform_dim_circuits.py", line 3, in <module>
    from dags.extract_data import base_path
  File "/opt/airflow/dags/extract_data.py", line 2, in <module>
    import kagglehub
ModuleNotFoundError: No module named 'kagglehub'
[2025-04-02T14:43:56.502+0000] {processor.py:842} WARNING - No viable dags retrieved from /opt/airflow/dags/transform_dim_circuits.py
[2025-04-02T14:43:56.538+0000] {processor.py:183} INFO - Processing /opt/airflow/dags/transform_dim_circuits.py took 0.100 seconds
[2025-04-02T14:44:26.932+0000] {processor.py:161} INFO - Started process (PID=276) to work on /opt/airflow/dags/transform_dim_circuits.py
[2025-04-02T14:44:26.933+0000] {processor.py:830} INFO - Processing file /opt/airflow/dags/transform_dim_circuits.py for tasks to queue
[2025-04-02T14:44:26.936+0000] {logging_mixin.py:188} INFO - [2025-04-02T14:44:26.935+0000] {dagbag.py:545} INFO - Filling up the DagBag from /opt/airflow/dags/transform_dim_circuits.py
[2025-04-02T14:44:26.972+0000] {logging_mixin.py:188} INFO - [2025-04-02T14:44:26.964+0000] {dagbag.py:355} ERROR - Failed to import: /opt/airflow/dags/transform_dim_circuits.py
Traceback (most recent call last):
  File "/home/airflow/.local/lib/python3.10/site-packages/airflow/models/dagbag.py", line 351, in parse
    loader.exec_module(new_module)
  File "<frozen importlib._bootstrap_external>", line 883, in exec_module
  File "<frozen importlib._bootstrap>", line 241, in _call_with_frames_removed
  File "/opt/airflow/dags/transform_dim_circuits.py", line 3, in <module>
    from dags.extract_data import base_path
  File "/opt/airflow/dags/extract_data.py", line 2, in <module>
    import kagglehub
ModuleNotFoundError: No module named 'kagglehub'
[2025-04-02T14:44:26.974+0000] {processor.py:842} WARNING - No viable dags retrieved from /opt/airflow/dags/transform_dim_circuits.py
[2025-04-02T14:44:27.005+0000] {processor.py:183} INFO - Processing /opt/airflow/dags/transform_dim_circuits.py took 0.081 seconds
[2025-04-02T14:44:57.409+0000] {processor.py:161} INFO - Started process (PID=302) to work on /opt/airflow/dags/transform_dim_circuits.py
[2025-04-02T14:44:57.410+0000] {processor.py:830} INFO - Processing file /opt/airflow/dags/transform_dim_circuits.py for tasks to queue
[2025-04-02T14:44:57.413+0000] {logging_mixin.py:188} INFO - [2025-04-02T14:44:57.412+0000] {dagbag.py:545} INFO - Filling up the DagBag from /opt/airflow/dags/transform_dim_circuits.py
[2025-04-02T14:44:57.448+0000] {logging_mixin.py:188} INFO - [2025-04-02T14:44:57.440+0000] {dagbag.py:355} ERROR - Failed to import: /opt/airflow/dags/transform_dim_circuits.py
Traceback (most recent call last):
  File "/home/airflow/.local/lib/python3.10/site-packages/airflow/models/dagbag.py", line 351, in parse
    loader.exec_module(new_module)
  File "<frozen importlib._bootstrap_external>", line 883, in exec_module
  File "<frozen importlib._bootstrap>", line 241, in _call_with_frames_removed
  File "/opt/airflow/dags/transform_dim_circuits.py", line 3, in <module>
    from dags.extract_data import base_path
  File "/opt/airflow/dags/extract_data.py", line 2, in <module>
    import kagglehub
ModuleNotFoundError: No module named 'kagglehub'
[2025-04-02T14:44:57.451+0000] {processor.py:842} WARNING - No viable dags retrieved from /opt/airflow/dags/transform_dim_circuits.py
[2025-04-02T14:44:57.481+0000] {processor.py:183} INFO - Processing /opt/airflow/dags/transform_dim_circuits.py took 0.081 seconds
[2025-04-02T14:45:27.925+0000] {processor.py:161} INFO - Started process (PID=328) to work on /opt/airflow/dags/transform_dim_circuits.py
[2025-04-02T14:45:27.926+0000] {processor.py:830} INFO - Processing file /opt/airflow/dags/transform_dim_circuits.py for tasks to queue
[2025-04-02T14:45:27.928+0000] {logging_mixin.py:188} INFO - [2025-04-02T14:45:27.928+0000] {dagbag.py:545} INFO - Filling up the DagBag from /opt/airflow/dags/transform_dim_circuits.py
[2025-04-02T14:45:27.959+0000] {logging_mixin.py:188} INFO - [2025-04-02T14:45:27.951+0000] {dagbag.py:355} ERROR - Failed to import: /opt/airflow/dags/transform_dim_circuits.py
Traceback (most recent call last):
  File "/home/airflow/.local/lib/python3.10/site-packages/airflow/models/dagbag.py", line 351, in parse
    loader.exec_module(new_module)
  File "<frozen importlib._bootstrap_external>", line 883, in exec_module
  File "<frozen importlib._bootstrap>", line 241, in _call_with_frames_removed
  File "/opt/airflow/dags/transform_dim_circuits.py", line 3, in <module>
    from dags.extract_data import base_path
  File "/opt/airflow/dags/extract_data.py", line 2, in <module>
    import kagglehub
ModuleNotFoundError: No module named 'kagglehub'
[2025-04-02T14:45:27.961+0000] {processor.py:842} WARNING - No viable dags retrieved from /opt/airflow/dags/transform_dim_circuits.py
[2025-04-02T14:45:27.993+0000] {processor.py:183} INFO - Processing /opt/airflow/dags/transform_dim_circuits.py took 0.078 seconds
[2025-04-02T14:45:58.407+0000] {processor.py:161} INFO - Started process (PID=354) to work on /opt/airflow/dags/transform_dim_circuits.py
[2025-04-02T14:45:58.409+0000] {processor.py:830} INFO - Processing file /opt/airflow/dags/transform_dim_circuits.py for tasks to queue
[2025-04-02T14:45:58.412+0000] {logging_mixin.py:188} INFO - [2025-04-02T14:45:58.412+0000] {dagbag.py:545} INFO - Filling up the DagBag from /opt/airflow/dags/transform_dim_circuits.py
[2025-04-02T14:45:58.450+0000] {logging_mixin.py:188} INFO - [2025-04-02T14:45:58.443+0000] {dagbag.py:355} ERROR - Failed to import: /opt/airflow/dags/transform_dim_circuits.py
Traceback (most recent call last):
  File "/home/airflow/.local/lib/python3.10/site-packages/airflow/models/dagbag.py", line 351, in parse
    loader.exec_module(new_module)
  File "<frozen importlib._bootstrap_external>", line 883, in exec_module
  File "<frozen importlib._bootstrap>", line 241, in _call_with_frames_removed
  File "/opt/airflow/dags/transform_dim_circuits.py", line 3, in <module>
    from dags.extract_data import base_path
  File "/opt/airflow/dags/extract_data.py", line 2, in <module>
    import kagglehub
ModuleNotFoundError: No module named 'kagglehub'
[2025-04-02T14:45:58.453+0000] {processor.py:842} WARNING - No viable dags retrieved from /opt/airflow/dags/transform_dim_circuits.py
[2025-04-02T14:45:58.489+0000] {processor.py:183} INFO - Processing /opt/airflow/dags/transform_dim_circuits.py took 0.096 seconds
[2025-04-02T14:46:29.050+0000] {processor.py:161} INFO - Started process (PID=386) to work on /opt/airflow/dags/transform_dim_circuits.py
[2025-04-02T14:46:29.051+0000] {processor.py:830} INFO - Processing file /opt/airflow/dags/transform_dim_circuits.py for tasks to queue
[2025-04-02T14:46:29.054+0000] {logging_mixin.py:188} INFO - [2025-04-02T14:46:29.054+0000] {dagbag.py:545} INFO - Filling up the DagBag from /opt/airflow/dags/transform_dim_circuits.py
[2025-04-02T14:46:29.089+0000] {logging_mixin.py:188} INFO - [2025-04-02T14:46:29.080+0000] {dagbag.py:355} ERROR - Failed to import: /opt/airflow/dags/transform_dim_circuits.py
Traceback (most recent call last):
  File "/home/airflow/.local/lib/python3.10/site-packages/airflow/models/dagbag.py", line 351, in parse
    loader.exec_module(new_module)
  File "<frozen importlib._bootstrap_external>", line 883, in exec_module
  File "<frozen importlib._bootstrap>", line 241, in _call_with_frames_removed
  File "/opt/airflow/dags/transform_dim_circuits.py", line 3, in <module>
    from dags.extract_data import base_path
  File "/opt/airflow/dags/extract_data.py", line 2, in <module>
    import kagglehub
ModuleNotFoundError: No module named 'kagglehub'
[2025-04-02T14:46:29.093+0000] {processor.py:842} WARNING - No viable dags retrieved from /opt/airflow/dags/transform_dim_circuits.py
[2025-04-02T14:46:29.124+0000] {processor.py:183} INFO - Processing /opt/airflow/dags/transform_dim_circuits.py took 0.082 seconds
[2025-04-02T14:46:59.556+0000] {processor.py:161} INFO - Started process (PID=412) to work on /opt/airflow/dags/transform_dim_circuits.py
[2025-04-02T14:46:59.557+0000] {processor.py:830} INFO - Processing file /opt/airflow/dags/transform_dim_circuits.py for tasks to queue
[2025-04-02T14:46:59.560+0000] {logging_mixin.py:188} INFO - [2025-04-02T14:46:59.559+0000] {dagbag.py:545} INFO - Filling up the DagBag from /opt/airflow/dags/transform_dim_circuits.py
[2025-04-02T14:46:59.594+0000] {logging_mixin.py:188} INFO - [2025-04-02T14:46:59.586+0000] {dagbag.py:355} ERROR - Failed to import: /opt/airflow/dags/transform_dim_circuits.py
Traceback (most recent call last):
  File "/home/airflow/.local/lib/python3.10/site-packages/airflow/models/dagbag.py", line 351, in parse
    loader.exec_module(new_module)
  File "<frozen importlib._bootstrap_external>", line 883, in exec_module
  File "<frozen importlib._bootstrap>", line 241, in _call_with_frames_removed
  File "/opt/airflow/dags/transform_dim_circuits.py", line 3, in <module>
    from dags.extract_data import base_path
  File "/opt/airflow/dags/extract_data.py", line 2, in <module>
    import kagglehub
ModuleNotFoundError: No module named 'kagglehub'
[2025-04-02T14:46:59.596+0000] {processor.py:842} WARNING - No viable dags retrieved from /opt/airflow/dags/transform_dim_circuits.py
[2025-04-02T14:46:59.631+0000] {processor.py:183} INFO - Processing /opt/airflow/dags/transform_dim_circuits.py took 0.085 seconds
[2025-04-02T14:47:30.068+0000] {processor.py:161} INFO - Started process (PID=438) to work on /opt/airflow/dags/transform_dim_circuits.py
[2025-04-02T14:47:30.070+0000] {processor.py:830} INFO - Processing file /opt/airflow/dags/transform_dim_circuits.py for tasks to queue
[2025-04-02T14:47:30.075+0000] {logging_mixin.py:188} INFO - [2025-04-02T14:47:30.074+0000] {dagbag.py:545} INFO - Filling up the DagBag from /opt/airflow/dags/transform_dim_circuits.py
[2025-04-02T14:47:30.122+0000] {logging_mixin.py:188} INFO - [2025-04-02T14:47:30.112+0000] {dagbag.py:355} ERROR - Failed to import: /opt/airflow/dags/transform_dim_circuits.py
Traceback (most recent call last):
  File "/home/airflow/.local/lib/python3.10/site-packages/airflow/models/dagbag.py", line 351, in parse
    loader.exec_module(new_module)
  File "<frozen importlib._bootstrap_external>", line 883, in exec_module
  File "<frozen importlib._bootstrap>", line 241, in _call_with_frames_removed
  File "/opt/airflow/dags/transform_dim_circuits.py", line 3, in <module>
    from dags.extract_data import base_path
  File "/opt/airflow/dags/extract_data.py", line 2, in <module>
    import kagglehub
ModuleNotFoundError: No module named 'kagglehub'
[2025-04-02T14:47:30.125+0000] {processor.py:842} WARNING - No viable dags retrieved from /opt/airflow/dags/transform_dim_circuits.py
[2025-04-02T14:47:30.161+0000] {processor.py:183} INFO - Processing /opt/airflow/dags/transform_dim_circuits.py took 0.109 seconds
[2025-04-02T14:48:00.808+0000] {processor.py:161} INFO - Started process (PID=464) to work on /opt/airflow/dags/transform_dim_circuits.py
[2025-04-02T14:48:00.809+0000] {processor.py:830} INFO - Processing file /opt/airflow/dags/transform_dim_circuits.py for tasks to queue
[2025-04-02T14:48:00.812+0000] {logging_mixin.py:188} INFO - [2025-04-02T14:48:00.811+0000] {dagbag.py:545} INFO - Filling up the DagBag from /opt/airflow/dags/transform_dim_circuits.py
[2025-04-02T14:48:00.845+0000] {logging_mixin.py:188} INFO - [2025-04-02T14:48:00.837+0000] {dagbag.py:355} ERROR - Failed to import: /opt/airflow/dags/transform_dim_circuits.py
Traceback (most recent call last):
  File "/home/airflow/.local/lib/python3.10/site-packages/airflow/models/dagbag.py", line 351, in parse
    loader.exec_module(new_module)
  File "<frozen importlib._bootstrap_external>", line 883, in exec_module
  File "<frozen importlib._bootstrap>", line 241, in _call_with_frames_removed
  File "/opt/airflow/dags/transform_dim_circuits.py", line 3, in <module>
    from dags.extract_data import base_path
  File "/opt/airflow/dags/extract_data.py", line 2, in <module>
    import kagglehub
ModuleNotFoundError: No module named 'kagglehub'
[2025-04-02T14:48:00.847+0000] {processor.py:842} WARNING - No viable dags retrieved from /opt/airflow/dags/transform_dim_circuits.py
[2025-04-02T14:48:00.883+0000] {processor.py:183} INFO - Processing /opt/airflow/dags/transform_dim_circuits.py took 0.083 seconds
[2025-04-02T14:48:31.270+0000] {processor.py:161} INFO - Started process (PID=490) to work on /opt/airflow/dags/transform_dim_circuits.py
[2025-04-02T14:48:31.271+0000] {processor.py:830} INFO - Processing file /opt/airflow/dags/transform_dim_circuits.py for tasks to queue
[2025-04-02T14:48:31.274+0000] {logging_mixin.py:188} INFO - [2025-04-02T14:48:31.274+0000] {dagbag.py:545} INFO - Filling up the DagBag from /opt/airflow/dags/transform_dim_circuits.py
[2025-04-02T14:48:31.310+0000] {logging_mixin.py:188} INFO - [2025-04-02T14:48:31.301+0000] {dagbag.py:355} ERROR - Failed to import: /opt/airflow/dags/transform_dim_circuits.py
Traceback (most recent call last):
  File "/home/airflow/.local/lib/python3.10/site-packages/airflow/models/dagbag.py", line 351, in parse
    loader.exec_module(new_module)
  File "<frozen importlib._bootstrap_external>", line 883, in exec_module
  File "<frozen importlib._bootstrap>", line 241, in _call_with_frames_removed
  File "/opt/airflow/dags/transform_dim_circuits.py", line 3, in <module>
    from dags.extract_data import base_path
  File "/opt/airflow/dags/extract_data.py", line 2, in <module>
    import kagglehub
ModuleNotFoundError: No module named 'kagglehub'
[2025-04-02T14:48:31.312+0000] {processor.py:842} WARNING - No viable dags retrieved from /opt/airflow/dags/transform_dim_circuits.py
[2025-04-02T14:48:31.340+0000] {processor.py:183} INFO - Processing /opt/airflow/dags/transform_dim_circuits.py took 0.078 seconds
[2025-04-02T14:50:22.958+0000] {processor.py:161} INFO - Started process (PID=198) to work on /opt/airflow/dags/transform_dim_circuits.py
[2025-04-02T14:50:22.960+0000] {processor.py:830} INFO - Processing file /opt/airflow/dags/transform_dim_circuits.py for tasks to queue
[2025-04-02T14:50:22.964+0000] {logging_mixin.py:188} INFO - [2025-04-02T14:50:22.963+0000] {dagbag.py:545} INFO - Filling up the DagBag from /opt/airflow/dags/transform_dim_circuits.py
[2025-04-02T14:50:23.006+0000] {logging_mixin.py:188} INFO - [2025-04-02T14:50:22.996+0000] {dagbag.py:355} ERROR - Failed to import: /opt/airflow/dags/transform_dim_circuits.py
Traceback (most recent call last):
  File "/home/airflow/.local/lib/python3.10/site-packages/airflow/models/dagbag.py", line 351, in parse
    loader.exec_module(new_module)
  File "<frozen importlib._bootstrap_external>", line 883, in exec_module
  File "<frozen importlib._bootstrap>", line 241, in _call_with_frames_removed
  File "/opt/airflow/dags/transform_dim_circuits.py", line 3, in <module>
    from dags.extract_data import base_path
  File "/opt/airflow/dags/extract_data.py", line 2, in <module>
    import kagglehub
ModuleNotFoundError: No module named 'kagglehub'
[2025-04-02T14:50:23.009+0000] {processor.py:842} WARNING - No viable dags retrieved from /opt/airflow/dags/transform_dim_circuits.py
[2025-04-02T14:50:23.042+0000] {processor.py:183} INFO - Processing /opt/airflow/dags/transform_dim_circuits.py took 0.097 seconds
[2025-04-02T14:50:53.452+0000] {processor.py:161} INFO - Started process (PID=224) to work on /opt/airflow/dags/transform_dim_circuits.py
[2025-04-02T14:50:53.454+0000] {processor.py:830} INFO - Processing file /opt/airflow/dags/transform_dim_circuits.py for tasks to queue
[2025-04-02T14:50:53.458+0000] {logging_mixin.py:188} INFO - [2025-04-02T14:50:53.457+0000] {dagbag.py:545} INFO - Filling up the DagBag from /opt/airflow/dags/transform_dim_circuits.py
[2025-04-02T14:50:53.494+0000] {logging_mixin.py:188} INFO - [2025-04-02T14:50:53.485+0000] {dagbag.py:355} ERROR - Failed to import: /opt/airflow/dags/transform_dim_circuits.py
Traceback (most recent call last):
  File "/home/airflow/.local/lib/python3.10/site-packages/airflow/models/dagbag.py", line 351, in parse
    loader.exec_module(new_module)
  File "<frozen importlib._bootstrap_external>", line 883, in exec_module
  File "<frozen importlib._bootstrap>", line 241, in _call_with_frames_removed
  File "/opt/airflow/dags/transform_dim_circuits.py", line 3, in <module>
    from dags.extract_data import base_path
  File "/opt/airflow/dags/extract_data.py", line 2, in <module>
    import kagglehub
ModuleNotFoundError: No module named 'kagglehub'
[2025-04-02T14:50:53.497+0000] {processor.py:842} WARNING - No viable dags retrieved from /opt/airflow/dags/transform_dim_circuits.py
[2025-04-02T14:50:53.535+0000] {processor.py:183} INFO - Processing /opt/airflow/dags/transform_dim_circuits.py took 0.094 seconds
[2025-04-02T14:51:23.942+0000] {processor.py:161} INFO - Started process (PID=250) to work on /opt/airflow/dags/transform_dim_circuits.py
[2025-04-02T14:51:23.943+0000] {processor.py:830} INFO - Processing file /opt/airflow/dags/transform_dim_circuits.py for tasks to queue
[2025-04-02T14:51:23.947+0000] {logging_mixin.py:188} INFO - [2025-04-02T14:51:23.946+0000] {dagbag.py:545} INFO - Filling up the DagBag from /opt/airflow/dags/transform_dim_circuits.py
[2025-04-02T14:51:23.983+0000] {logging_mixin.py:188} INFO - [2025-04-02T14:51:23.975+0000] {dagbag.py:355} ERROR - Failed to import: /opt/airflow/dags/transform_dim_circuits.py
Traceback (most recent call last):
  File "/home/airflow/.local/lib/python3.10/site-packages/airflow/models/dagbag.py", line 351, in parse
    loader.exec_module(new_module)
  File "<frozen importlib._bootstrap_external>", line 883, in exec_module
  File "<frozen importlib._bootstrap>", line 241, in _call_with_frames_removed
  File "/opt/airflow/dags/transform_dim_circuits.py", line 3, in <module>
    from dags.extract_data import base_path
  File "/opt/airflow/dags/extract_data.py", line 2, in <module>
    import kagglehub
ModuleNotFoundError: No module named 'kagglehub'
[2025-04-02T14:51:23.985+0000] {processor.py:842} WARNING - No viable dags retrieved from /opt/airflow/dags/transform_dim_circuits.py
[2025-04-02T14:51:24.020+0000] {processor.py:183} INFO - Processing /opt/airflow/dags/transform_dim_circuits.py took 0.088 seconds
[2025-04-02T14:51:54.409+0000] {processor.py:161} INFO - Started process (PID=276) to work on /opt/airflow/dags/transform_dim_circuits.py
[2025-04-02T14:51:54.410+0000] {processor.py:830} INFO - Processing file /opt/airflow/dags/transform_dim_circuits.py for tasks to queue
[2025-04-02T14:51:54.414+0000] {logging_mixin.py:188} INFO - [2025-04-02T14:51:54.413+0000] {dagbag.py:545} INFO - Filling up the DagBag from /opt/airflow/dags/transform_dim_circuits.py
[2025-04-02T14:51:54.450+0000] {logging_mixin.py:188} INFO - [2025-04-02T14:51:54.442+0000] {dagbag.py:355} ERROR - Failed to import: /opt/airflow/dags/transform_dim_circuits.py
Traceback (most recent call last):
  File "/home/airflow/.local/lib/python3.10/site-packages/airflow/models/dagbag.py", line 351, in parse
    loader.exec_module(new_module)
  File "<frozen importlib._bootstrap_external>", line 883, in exec_module
  File "<frozen importlib._bootstrap>", line 241, in _call_with_frames_removed
  File "/opt/airflow/dags/transform_dim_circuits.py", line 3, in <module>
    from dags.extract_data import base_path
  File "/opt/airflow/dags/extract_data.py", line 2, in <module>
    import kagglehub
ModuleNotFoundError: No module named 'kagglehub'
[2025-04-02T14:51:54.453+0000] {processor.py:842} WARNING - No viable dags retrieved from /opt/airflow/dags/transform_dim_circuits.py
[2025-04-02T14:51:54.487+0000] {processor.py:183} INFO - Processing /opt/airflow/dags/transform_dim_circuits.py took 0.090 seconds
[2025-04-02T14:52:25.056+0000] {processor.py:161} INFO - Started process (PID=302) to work on /opt/airflow/dags/transform_dim_circuits.py
[2025-04-02T14:52:25.057+0000] {processor.py:830} INFO - Processing file /opt/airflow/dags/transform_dim_circuits.py for tasks to queue
[2025-04-02T14:52:25.061+0000] {logging_mixin.py:188} INFO - [2025-04-02T14:52:25.060+0000] {dagbag.py:545} INFO - Filling up the DagBag from /opt/airflow/dags/transform_dim_circuits.py
[2025-04-02T14:52:25.098+0000] {logging_mixin.py:188} INFO - [2025-04-02T14:52:25.089+0000] {dagbag.py:355} ERROR - Failed to import: /opt/airflow/dags/transform_dim_circuits.py
Traceback (most recent call last):
  File "/home/airflow/.local/lib/python3.10/site-packages/airflow/models/dagbag.py", line 351, in parse
    loader.exec_module(new_module)
  File "<frozen importlib._bootstrap_external>", line 883, in exec_module
  File "<frozen importlib._bootstrap>", line 241, in _call_with_frames_removed
  File "/opt/airflow/dags/transform_dim_circuits.py", line 3, in <module>
    from dags.extract_data import base_path
  File "/opt/airflow/dags/extract_data.py", line 2, in <module>
    import kagglehub
ModuleNotFoundError: No module named 'kagglehub'
[2025-04-02T14:52:25.100+0000] {processor.py:842} WARNING - No viable dags retrieved from /opt/airflow/dags/transform_dim_circuits.py
[2025-04-02T14:52:25.130+0000] {processor.py:183} INFO - Processing /opt/airflow/dags/transform_dim_circuits.py took 0.084 seconds
[2025-04-02T14:52:55.550+0000] {processor.py:161} INFO - Started process (PID=328) to work on /opt/airflow/dags/transform_dim_circuits.py
[2025-04-02T14:52:55.551+0000] {processor.py:830} INFO - Processing file /opt/airflow/dags/transform_dim_circuits.py for tasks to queue
[2025-04-02T14:52:55.554+0000] {logging_mixin.py:188} INFO - [2025-04-02T14:52:55.553+0000] {dagbag.py:545} INFO - Filling up the DagBag from /opt/airflow/dags/transform_dim_circuits.py
[2025-04-02T14:52:55.591+0000] {logging_mixin.py:188} INFO - [2025-04-02T14:52:55.582+0000] {dagbag.py:355} ERROR - Failed to import: /opt/airflow/dags/transform_dim_circuits.py
Traceback (most recent call last):
  File "/home/airflow/.local/lib/python3.10/site-packages/airflow/models/dagbag.py", line 351, in parse
    loader.exec_module(new_module)
  File "<frozen importlib._bootstrap_external>", line 883, in exec_module
  File "<frozen importlib._bootstrap>", line 241, in _call_with_frames_removed
  File "/opt/airflow/dags/transform_dim_circuits.py", line 3, in <module>
    from dags.extract_data import base_path
  File "/opt/airflow/dags/extract_data.py", line 2, in <module>
    import kagglehub
ModuleNotFoundError: No module named 'kagglehub'
[2025-04-02T14:52:55.593+0000] {processor.py:842} WARNING - No viable dags retrieved from /opt/airflow/dags/transform_dim_circuits.py
[2025-04-02T14:52:55.630+0000] {processor.py:183} INFO - Processing /opt/airflow/dags/transform_dim_circuits.py took 0.092 seconds
[2025-04-02T17:02:16.203+0000] {processor.py:161} INFO - Started process (PID=186) to work on /opt/airflow/dags/transform_dim_circuits.py
[2025-04-02T17:02:16.204+0000] {processor.py:830} INFO - Processing file /opt/airflow/dags/transform_dim_circuits.py for tasks to queue
[2025-04-02T17:02:16.206+0000] {logging_mixin.py:188} INFO - [2025-04-02T17:02:16.205+0000] {dagbag.py:545} INFO - Filling up the DagBag from /opt/airflow/dags/transform_dim_circuits.py
[2025-04-02T17:02:16.242+0000] {processor.py:842} WARNING - No viable dags retrieved from /opt/airflow/dags/transform_dim_circuits.py
[2025-04-02T17:02:16.257+0000] {processor.py:183} INFO - Processing /opt/airflow/dags/transform_dim_circuits.py took 0.060 seconds
[2025-04-02T17:02:46.298+0000] {processor.py:161} INFO - Started process (PID=209) to work on /opt/airflow/dags/transform_dim_circuits.py
[2025-04-02T17:02:46.299+0000] {processor.py:830} INFO - Processing file /opt/airflow/dags/transform_dim_circuits.py for tasks to queue
[2025-04-02T17:02:46.300+0000] {logging_mixin.py:188} INFO - [2025-04-02T17:02:46.300+0000] {dagbag.py:545} INFO - Filling up the DagBag from /opt/airflow/dags/transform_dim_circuits.py
[2025-04-02T17:02:46.335+0000] {processor.py:842} WARNING - No viable dags retrieved from /opt/airflow/dags/transform_dim_circuits.py
[2025-04-02T17:02:46.348+0000] {processor.py:183} INFO - Processing /opt/airflow/dags/transform_dim_circuits.py took 0.055 seconds
[2025-04-02T17:03:16.698+0000] {processor.py:161} INFO - Started process (PID=250) to work on /opt/airflow/dags/transform_dim_circuits.py
[2025-04-02T17:03:16.698+0000] {processor.py:830} INFO - Processing file /opt/airflow/dags/transform_dim_circuits.py for tasks to queue
[2025-04-02T17:03:16.700+0000] {logging_mixin.py:188} INFO - [2025-04-02T17:03:16.700+0000] {dagbag.py:545} INFO - Filling up the DagBag from /opt/airflow/dags/transform_dim_circuits.py
[2025-04-02T17:03:16.734+0000] {processor.py:842} WARNING - No viable dags retrieved from /opt/airflow/dags/transform_dim_circuits.py
[2025-04-02T17:03:16.744+0000] {processor.py:183} INFO - Processing /opt/airflow/dags/transform_dim_circuits.py took 0.050 seconds
[2025-04-02T17:03:47.109+0000] {processor.py:161} INFO - Started process (PID=276) to work on /opt/airflow/dags/transform_dim_circuits.py
[2025-04-02T17:03:47.110+0000] {processor.py:830} INFO - Processing file /opt/airflow/dags/transform_dim_circuits.py for tasks to queue
[2025-04-02T17:03:47.112+0000] {logging_mixin.py:188} INFO - [2025-04-02T17:03:47.111+0000] {dagbag.py:545} INFO - Filling up the DagBag from /opt/airflow/dags/transform_dim_circuits.py
[2025-04-02T17:03:47.144+0000] {processor.py:842} WARNING - No viable dags retrieved from /opt/airflow/dags/transform_dim_circuits.py
[2025-04-02T17:03:47.156+0000] {processor.py:183} INFO - Processing /opt/airflow/dags/transform_dim_circuits.py took 0.051 seconds
[2025-04-02T17:04:17.525+0000] {processor.py:161} INFO - Started process (PID=302) to work on /opt/airflow/dags/transform_dim_circuits.py
[2025-04-02T17:04:17.526+0000] {processor.py:830} INFO - Processing file /opt/airflow/dags/transform_dim_circuits.py for tasks to queue
[2025-04-02T17:04:17.528+0000] {logging_mixin.py:188} INFO - [2025-04-02T17:04:17.528+0000] {dagbag.py:545} INFO - Filling up the DagBag from /opt/airflow/dags/transform_dim_circuits.py
[2025-04-02T17:04:17.563+0000] {processor.py:842} WARNING - No viable dags retrieved from /opt/airflow/dags/transform_dim_circuits.py
[2025-04-02T17:04:17.575+0000] {processor.py:183} INFO - Processing /opt/airflow/dags/transform_dim_circuits.py took 0.054 seconds
[2025-04-02T17:04:47.971+0000] {processor.py:161} INFO - Started process (PID=328) to work on /opt/airflow/dags/transform_dim_circuits.py
[2025-04-02T17:04:47.971+0000] {processor.py:830} INFO - Processing file /opt/airflow/dags/transform_dim_circuits.py for tasks to queue
[2025-04-02T17:04:47.973+0000] {logging_mixin.py:188} INFO - [2025-04-02T17:04:47.973+0000] {dagbag.py:545} INFO - Filling up the DagBag from /opt/airflow/dags/transform_dim_circuits.py
[2025-04-02T17:04:48.008+0000] {processor.py:842} WARNING - No viable dags retrieved from /opt/airflow/dags/transform_dim_circuits.py
[2025-04-02T17:04:48.019+0000] {processor.py:183} INFO - Processing /opt/airflow/dags/transform_dim_circuits.py took 0.053 seconds
