[2025-04-08T09:27:32.945+0000] {local_task_job_runner.py:120} INFO - ::group::Pre task execution logs
[2025-04-08T09:27:33.057+0000] {taskinstance.py:2076} INFO - Dependencies all met for dep_context=non-requeueable deps ti=<TaskInstance: formula1-etl-pipeline.transform.transform_dim_drivers scheduled__2025-03-30T00:00:00+00:00 [queued]>
[2025-04-08T09:27:33.084+0000] {taskinstance.py:2076} INFO - Dependencies all met for dep_context=requeueable deps ti=<TaskInstance: formula1-etl-pipeline.transform.transform_dim_drivers scheduled__2025-03-30T00:00:00+00:00 [queued]>
[2025-04-08T09:27:33.094+0000] {taskinstance.py:2306} INFO - Starting attempt 1 of 1
[2025-04-08T09:27:33.147+0000] {taskinstance.py:2330} INFO - Executing <Task(PythonOperator): transform.transform_dim_drivers> on 2025-03-30 00:00:00+00:00
[2025-04-08T09:27:33.186+0000] {logging_mixin.py:188} WARNING - /home/***/.local/lib/python3.12/site-packages/***/task/task_runner/standard_task_runner.py:61 DeprecationWarning: This process (pid=608) is multi-threaded, use of fork() may lead to deadlocks in the child.
[2025-04-08T09:27:33.190+0000] {standard_task_runner.py:63} INFO - Started process 648 to run task
[2025-04-08T09:27:33.184+0000] {standard_task_runner.py:90} INFO - Running: ['***', 'tasks', 'run', 'formula1-etl-pipeline', 'transform.transform_dim_drivers', 'scheduled__2025-03-30T00:00:00+00:00', '--job-id', '23', '--raw', '--subdir', 'DAGS_FOLDER/ETL_dag.py', '--cfg-path', '/tmp/tmpkdx53qc8']
[2025-04-08T09:27:33.216+0000] {standard_task_runner.py:91} INFO - Job 23: Subtask transform.transform_dim_drivers
[2025-04-08T09:27:33.388+0000] {task_command.py:426} INFO - Running <TaskInstance: formula1-etl-pipeline.transform.transform_dim_drivers scheduled__2025-03-30T00:00:00+00:00 [running]> on host 1c2d39091a25
[2025-04-08T09:27:33.646+0000] {taskinstance.py:2648} INFO - Exporting env vars: AIRFLOW_CTX_DAG_OWNER='***' AIRFLOW_CTX_DAG_ID='formula1-etl-pipeline' AIRFLOW_CTX_TASK_ID='transform.transform_dim_drivers' AIRFLOW_CTX_EXECUTION_DATE='2025-03-30T00:00:00+00:00' AIRFLOW_CTX_TRY_NUMBER='1' AIRFLOW_CTX_DAG_RUN_ID='scheduled__2025-03-30T00:00:00+00:00'
[2025-04-08T09:27:33.656+0000] {taskinstance.py:430} INFO - ::endgroup::
[2025-04-08T09:27:33.778+0000] {base.py:84} INFO - Using connection ID 'postgres_default' for task execution.
[2025-04-08T09:27:33.795+0000] {logging_mixin.py:188} INFO - Đã tạo bảng thành công.
[2025-04-08T09:27:33.810+0000] {base.py:84} INFO - Using connection ID 'postgres_default' for task execution.
[2025-04-08T09:27:33.939+0000] {logging_mixin.py:188} INFO - Lỗi khi insert dữ liệu: duplicate key value violates unique constraint "dim_drivers_pkey"
DETAIL:  Key (driverid)=(1) already exists.
[2025-04-08T09:27:33.941+0000] {taskinstance.py:441} INFO - ::group::Post task execution logs
[2025-04-08T09:27:33.946+0000] {taskinstance.py:2905} ERROR - Task failed with exception
Traceback (most recent call last):
  File "/home/airflow/.local/lib/python3.12/site-packages/airflow/models/taskinstance.py", line 465, in _execute_task
    result = _execute_callable(context=context, **execute_callable_kwargs)
             ^^^^^^^^^^^^^^^^^^^^^^^^^^^^^^^^^^^^^^^^^^^^^^^^^^^^^^^^^^^^^
  File "/home/airflow/.local/lib/python3.12/site-packages/airflow/models/taskinstance.py", line 432, in _execute_callable
    return execute_callable(context=context, **execute_callable_kwargs)
           ^^^^^^^^^^^^^^^^^^^^^^^^^^^^^^^^^^^^^^^^^^^^^^^^^^^^^^^^^^^^
  File "/home/airflow/.local/lib/python3.12/site-packages/airflow/models/baseoperator.py", line 401, in wrapper
    return func(self, *args, **kwargs)
           ^^^^^^^^^^^^^^^^^^^^^^^^^^^
  File "/home/airflow/.local/lib/python3.12/site-packages/airflow/operators/python.py", line 235, in execute
    return_value = self.execute_callable()
                   ^^^^^^^^^^^^^^^^^^^^^^^
  File "/home/airflow/.local/lib/python3.12/site-packages/airflow/operators/python.py", line 252, in execute_callable
    return self.python_callable(*self.op_args, **self.op_kwargs)
           ^^^^^^^^^^^^^^^^^^^^^^^^^^^^^^^^^^^^^^^^^^^^^^^^^^^^^
  File "/opt/airflow/dags/transform_dim_drivers.py", line 46, in transform_dim_drivers
    warehouse_operator.insert_table(insert_table_querry, dim_drivers_df)
  File "/opt/airflow/dags/postgresql_operator.py", line 35, in insert_table
    cursor.executemany(query, values)
psycopg2.errors.UniqueViolation: duplicate key value violates unique constraint "dim_drivers_pkey"
DETAIL:  Key (driverid)=(1) already exists.

[2025-04-08T09:27:34.016+0000] {taskinstance.py:1206} INFO - Marking task as FAILED. dag_id=formula1-etl-pipeline, task_id=transform.transform_dim_drivers, run_id=scheduled__2025-03-30T00:00:00+00:00, execution_date=20250330T000000, start_date=20250408T092733, end_date=20250408T092734
[2025-04-08T09:27:34.040+0000] {standard_task_runner.py:110} ERROR - Failed to execute job 23 for task transform.transform_dim_drivers (duplicate key value violates unique constraint "dim_drivers_pkey"
DETAIL:  Key (driverid)=(1) already exists.
; 648)
[2025-04-08T09:27:34.107+0000] {local_task_job_runner.py:240} INFO - Task exited with return code 1
[2025-04-08T09:27:34.165+0000] {taskinstance.py:3503} INFO - 0 downstream tasks scheduled from follow-on schedule check
[2025-04-08T09:27:34.177+0000] {local_task_job_runner.py:222} INFO - ::endgroup::
[2025-04-08T09:59:49.236+0000] {local_task_job_runner.py:120} INFO - ::group::Pre task execution logs
[2025-04-08T09:59:49.266+0000] {taskinstance.py:2076} INFO - Dependencies all met for dep_context=non-requeueable deps ti=<TaskInstance: formula1-etl-pipeline.transform.transform_dim_drivers scheduled__2025-03-30T00:00:00+00:00 [queued]>
[2025-04-08T09:59:49.277+0000] {taskinstance.py:2076} INFO - Dependencies all met for dep_context=requeueable deps ti=<TaskInstance: formula1-etl-pipeline.transform.transform_dim_drivers scheduled__2025-03-30T00:00:00+00:00 [queued]>
[2025-04-08T09:59:49.278+0000] {taskinstance.py:2306} INFO - Starting attempt 1 of 1
[2025-04-08T09:59:49.292+0000] {taskinstance.py:2330} INFO - Executing <Task(PythonOperator): transform.transform_dim_drivers> on 2025-03-30 00:00:00+00:00
[2025-04-08T09:59:49.303+0000] {standard_task_runner.py:90} INFO - Running: ['***', 'tasks', 'run', 'formula1-etl-pipeline', 'transform.transform_dim_drivers', 'scheduled__2025-03-30T00:00:00+00:00', '--job-id', '18', '--raw', '--subdir', 'DAGS_FOLDER/ETL_dag.py', '--cfg-path', '/tmp/tmp6b0h_n41']
[2025-04-08T09:59:49.306+0000] {standard_task_runner.py:91} INFO - Job 18: Subtask transform.transform_dim_drivers
[2025-04-08T09:59:49.307+0000] {logging_mixin.py:188} WARNING - /home/***/.local/lib/python3.12/site-packages/***/task/task_runner/standard_task_runner.py:61 DeprecationWarning: This process (pid=468) is multi-threaded, use of fork() may lead to deadlocks in the child.
[2025-04-08T09:59:49.310+0000] {standard_task_runner.py:63} INFO - Started process 480 to run task
[2025-04-08T09:59:49.350+0000] {task_command.py:426} INFO - Running <TaskInstance: formula1-etl-pipeline.transform.transform_dim_drivers scheduled__2025-03-30T00:00:00+00:00 [running]> on host a06a1ce74445
[2025-04-08T09:59:49.431+0000] {taskinstance.py:2648} INFO - Exporting env vars: AIRFLOW_CTX_DAG_OWNER='***' AIRFLOW_CTX_DAG_ID='formula1-etl-pipeline' AIRFLOW_CTX_TASK_ID='transform.transform_dim_drivers' AIRFLOW_CTX_EXECUTION_DATE='2025-03-30T00:00:00+00:00' AIRFLOW_CTX_TRY_NUMBER='1' AIRFLOW_CTX_DAG_RUN_ID='scheduled__2025-03-30T00:00:00+00:00'
[2025-04-08T09:59:49.433+0000] {taskinstance.py:430} INFO - ::endgroup::
[2025-04-08T09:59:49.474+0000] {base.py:84} INFO - Using connection ID 'postgres_default' for task execution.
[2025-04-08T09:59:49.487+0000] {logging_mixin.py:188} INFO - Đã tạo bảng thành công.
[2025-04-08T09:59:49.552+0000] {base.py:84} INFO - Using connection ID 'postgres_default' for task execution.
[2025-04-08T09:59:49.762+0000] {logging_mixin.py:188} INFO - Đã transform và lưu dữ liệu vào bảng.
[2025-04-08T09:59:49.763+0000] {python.py:237} INFO - Done. Returned value was: None
[2025-04-08T09:59:49.763+0000] {taskinstance.py:441} INFO - ::group::Post task execution logs
[2025-04-08T09:59:49.771+0000] {taskinstance.py:1206} INFO - Marking task as SUCCESS. dag_id=formula1-etl-pipeline, task_id=transform.transform_dim_drivers, run_id=scheduled__2025-03-30T00:00:00+00:00, execution_date=20250330T000000, start_date=20250408T095949, end_date=20250408T095949
[2025-04-08T09:59:49.806+0000] {local_task_job_runner.py:240} INFO - Task exited with return code 0
[2025-04-08T09:59:49.829+0000] {taskinstance.py:3503} INFO - 1 downstream tasks scheduled from follow-on schedule check
[2025-04-08T09:59:49.831+0000] {local_task_job_runner.py:222} INFO - ::endgroup::
[2025-04-08T10:49:03.491+0000] {local_task_job_runner.py:120} INFO - ::group::Pre task execution logs
[2025-04-08T10:49:03.528+0000] {taskinstance.py:2076} INFO - Dependencies all met for dep_context=non-requeueable deps ti=<TaskInstance: formula1-etl-pipeline.transform.transform_dim_drivers scheduled__2025-03-30T00:00:00+00:00 [queued]>
[2025-04-08T10:49:03.546+0000] {taskinstance.py:2076} INFO - Dependencies all met for dep_context=requeueable deps ti=<TaskInstance: formula1-etl-pipeline.transform.transform_dim_drivers scheduled__2025-03-30T00:00:00+00:00 [queued]>
[2025-04-08T10:49:03.548+0000] {taskinstance.py:2306} INFO - Starting attempt 1 of 1
[2025-04-08T10:49:03.573+0000] {taskinstance.py:2330} INFO - Executing <Task(PythonOperator): transform.transform_dim_drivers> on 2025-03-30 00:00:00+00:00
[2025-04-08T10:49:03.586+0000] {standard_task_runner.py:90} INFO - Running: ['***', 'tasks', 'run', 'formula1-etl-pipeline', 'transform.transform_dim_drivers', 'scheduled__2025-03-30T00:00:00+00:00', '--job-id', '17', '--raw', '--subdir', 'DAGS_FOLDER/ETL_dag.py', '--cfg-path', '/tmp/tmprohn3ajk']
[2025-04-08T10:49:03.589+0000] {standard_task_runner.py:91} INFO - Job 17: Subtask transform.transform_dim_drivers
[2025-04-08T10:49:03.597+0000] {logging_mixin.py:188} WARNING - /home/***/.local/lib/python3.12/site-packages/***/task/task_runner/standard_task_runner.py:61 DeprecationWarning: This process (pid=315) is multi-threaded, use of fork() may lead to deadlocks in the child.
[2025-04-08T10:49:03.599+0000] {standard_task_runner.py:63} INFO - Started process 327 to run task
[2025-04-08T10:49:03.659+0000] {task_command.py:426} INFO - Running <TaskInstance: formula1-etl-pipeline.transform.transform_dim_drivers scheduled__2025-03-30T00:00:00+00:00 [running]> on host 4e9e6de312e9
[2025-04-08T10:49:03.781+0000] {taskinstance.py:2648} INFO - Exporting env vars: AIRFLOW_CTX_DAG_OWNER='***' AIRFLOW_CTX_DAG_ID='formula1-etl-pipeline' AIRFLOW_CTX_TASK_ID='transform.transform_dim_drivers' AIRFLOW_CTX_EXECUTION_DATE='2025-03-30T00:00:00+00:00' AIRFLOW_CTX_TRY_NUMBER='1' AIRFLOW_CTX_DAG_RUN_ID='scheduled__2025-03-30T00:00:00+00:00'
[2025-04-08T10:49:03.783+0000] {taskinstance.py:430} INFO - ::endgroup::
[2025-04-08T10:49:03.854+0000] {base.py:84} INFO - Using connection ID 'postgres_default' for task execution.
[2025-04-08T10:49:03.874+0000] {logging_mixin.py:188} INFO - Đã tạo bảng thành công.
[2025-04-08T10:49:03.956+0000] {base.py:84} INFO - Using connection ID 'postgres_default' for task execution.
[2025-04-08T10:49:04.148+0000] {logging_mixin.py:188} INFO - Đã transform và lưu dữ liệu vào bảng.
[2025-04-08T10:49:04.149+0000] {python.py:237} INFO - Done. Returned value was: None
[2025-04-08T10:49:04.149+0000] {taskinstance.py:441} INFO - ::group::Post task execution logs
[2025-04-08T10:49:04.157+0000] {taskinstance.py:1206} INFO - Marking task as SUCCESS. dag_id=formula1-etl-pipeline, task_id=transform.transform_dim_drivers, run_id=scheduled__2025-03-30T00:00:00+00:00, execution_date=20250330T000000, start_date=20250408T104903, end_date=20250408T104904
[2025-04-08T10:49:04.178+0000] {local_task_job_runner.py:240} INFO - Task exited with return code 0
[2025-04-08T10:49:04.197+0000] {taskinstance.py:3503} INFO - 1 downstream tasks scheduled from follow-on schedule check
[2025-04-08T10:49:04.198+0000] {local_task_job_runner.py:222} INFO - ::endgroup::
[2025-04-15T07:09:07.137+0000] {local_task_job_runner.py:120} INFO - ::group::Pre task execution logs
[2025-04-15T07:09:07.174+0000] {taskinstance.py:2076} INFO - Dependencies all met for dep_context=non-requeueable deps ti=<TaskInstance: formula1-etl-pipeline.transform.transform_dim_drivers scheduled__2025-03-30T00:00:00+00:00 [queued]>
[2025-04-15T07:09:07.190+0000] {taskinstance.py:2076} INFO - Dependencies all met for dep_context=requeueable deps ti=<TaskInstance: formula1-etl-pipeline.transform.transform_dim_drivers scheduled__2025-03-30T00:00:00+00:00 [queued]>
[2025-04-15T07:09:07.190+0000] {taskinstance.py:2306} INFO - Starting attempt 1 of 1
[2025-04-15T07:09:07.206+0000] {taskinstance.py:2330} INFO - Executing <Task(PythonOperator): transform.transform_dim_drivers> on 2025-03-30 00:00:00+00:00
[2025-04-15T07:09:07.216+0000] {standard_task_runner.py:90} INFO - Running: ['***', 'tasks', 'run', 'formula1-etl-pipeline', 'transform.transform_dim_drivers', 'scheduled__2025-03-30T00:00:00+00:00', '--job-id', '22', '--raw', '--subdir', 'DAGS_FOLDER/ETL_dag.py', '--cfg-path', '/tmp/tmpbpi93nka']
[2025-04-15T07:09:07.219+0000] {standard_task_runner.py:91} INFO - Job 22: Subtask transform.transform_dim_drivers
[2025-04-15T07:09:07.220+0000] {logging_mixin.py:188} WARNING - /home/***/.local/lib/python3.12/site-packages/***/task/task_runner/standard_task_runner.py:61 DeprecationWarning: This process (pid=480) is multi-threaded, use of fork() may lead to deadlocks in the child.
[2025-04-15T07:09:07.222+0000] {standard_task_runner.py:63} INFO - Started process 493 to run task
[2025-04-15T07:09:07.271+0000] {task_command.py:426} INFO - Running <TaskInstance: formula1-etl-pipeline.transform.transform_dim_drivers scheduled__2025-03-30T00:00:00+00:00 [running]> on host e24a12ae0bf8
[2025-04-15T07:09:07.383+0000] {taskinstance.py:2648} INFO - Exporting env vars: AIRFLOW_CTX_DAG_OWNER='***' AIRFLOW_CTX_DAG_ID='formula1-etl-pipeline' AIRFLOW_CTX_TASK_ID='transform.transform_dim_drivers' AIRFLOW_CTX_EXECUTION_DATE='2025-03-30T00:00:00+00:00' AIRFLOW_CTX_TRY_NUMBER='1' AIRFLOW_CTX_DAG_RUN_ID='scheduled__2025-03-30T00:00:00+00:00'
[2025-04-15T07:09:07.385+0000] {taskinstance.py:430} INFO - ::endgroup::
[2025-04-15T07:09:07.451+0000] {base.py:84} INFO - Using connection ID 'postgres_default' for task execution.
[2025-04-15T07:09:07.466+0000] {logging_mixin.py:188} INFO - Đã tạo bảng thành công.
[2025-04-15T07:09:07.552+0000] {base.py:84} INFO - Using connection ID 'postgres_default' for task execution.
[2025-04-15T07:09:07.772+0000] {logging_mixin.py:188} INFO - Đã transform và lưu dữ liệu vào bảng.
[2025-04-15T07:09:07.773+0000] {python.py:237} INFO - Done. Returned value was: None
[2025-04-15T07:09:07.774+0000] {taskinstance.py:441} INFO - ::group::Post task execution logs
[2025-04-15T07:09:07.781+0000] {taskinstance.py:1206} INFO - Marking task as SUCCESS. dag_id=formula1-etl-pipeline, task_id=transform.transform_dim_drivers, run_id=scheduled__2025-03-30T00:00:00+00:00, execution_date=20250330T000000, start_date=20250415T070907, end_date=20250415T070907
[2025-04-15T07:09:07.801+0000] {local_task_job_runner.py:240} INFO - Task exited with return code 0
[2025-04-15T07:09:07.821+0000] {taskinstance.py:3503} INFO - 1 downstream tasks scheduled from follow-on schedule check
[2025-04-15T07:09:07.822+0000] {local_task_job_runner.py:222} INFO - ::endgroup::
