[2025-04-08T09:27:33.500+0000] {local_task_job_runner.py:120} INFO - ::group::Pre task execution logs
[2025-04-08T09:27:33.664+0000] {taskinstance.py:2076} INFO - Dependencies all met for dep_context=non-requeueable deps ti=<TaskInstance: formula1-etl-pipeline.transform.transform_dim_races scheduled__2025-03-30T00:00:00+00:00 [queued]>
[2025-04-08T09:27:33.690+0000] {taskinstance.py:2076} INFO - Dependencies all met for dep_context=requeueable deps ti=<TaskInstance: formula1-etl-pipeline.transform.transform_dim_races scheduled__2025-03-30T00:00:00+00:00 [queued]>
[2025-04-08T09:27:33.692+0000] {taskinstance.py:2306} INFO - Starting attempt 1 of 1
[2025-04-08T09:27:33.736+0000] {taskinstance.py:2330} INFO - Executing <Task(PythonOperator): transform.transform_dim_races> on 2025-03-30 00:00:00+00:00
[2025-04-08T09:27:33.768+0000] {logging_mixin.py:188} WARNING - /home/***/.local/lib/python3.12/site-packages/***/task/task_runner/standard_task_runner.py:61 DeprecationWarning: This process (pid=620) is multi-threaded, use of fork() may lead to deadlocks in the child.
[2025-04-08T09:27:33.769+0000] {standard_task_runner.py:63} INFO - Started process 663 to run task
[2025-04-08T09:27:33.816+0000] {standard_task_runner.py:90} INFO - Running: ['***', 'tasks', 'run', 'formula1-etl-pipeline', 'transform.transform_dim_races', 'scheduled__2025-03-30T00:00:00+00:00', '--job-id', '26', '--raw', '--subdir', 'DAGS_FOLDER/ETL_dag.py', '--cfg-path', '/tmp/tmpyybgv8tq']
[2025-04-08T09:27:33.822+0000] {standard_task_runner.py:91} INFO - Job 26: Subtask transform.transform_dim_races
[2025-04-08T09:27:33.951+0000] {task_command.py:426} INFO - Running <TaskInstance: formula1-etl-pipeline.transform.transform_dim_races scheduled__2025-03-30T00:00:00+00:00 [running]> on host 1c2d39091a25
[2025-04-08T09:27:34.185+0000] {taskinstance.py:2648} INFO - Exporting env vars: AIRFLOW_CTX_DAG_OWNER='***' AIRFLOW_CTX_DAG_ID='formula1-etl-pipeline' AIRFLOW_CTX_TASK_ID='transform.transform_dim_races' AIRFLOW_CTX_EXECUTION_DATE='2025-03-30T00:00:00+00:00' AIRFLOW_CTX_TRY_NUMBER='1' AIRFLOW_CTX_DAG_RUN_ID='scheduled__2025-03-30T00:00:00+00:00'
[2025-04-08T09:27:34.199+0000] {taskinstance.py:430} INFO - ::endgroup::
[2025-04-08T09:27:34.312+0000] {base.py:84} INFO - Using connection ID 'postgres_default' for task execution.
[2025-04-08T09:27:34.334+0000] {logging_mixin.py:188} INFO - Đã tạo bảng thành công.
[2025-04-08T09:27:34.362+0000] {base.py:84} INFO - Using connection ID 'postgres_default' for task execution.
[2025-04-08T09:27:34.563+0000] {logging_mixin.py:188} INFO - Lỗi khi insert dữ liệu: duplicate key value violates unique constraint "dim_races_pkey"
DETAIL:  Key (raceid)=(1) already exists.
[2025-04-08T09:27:34.566+0000] {taskinstance.py:441} INFO - ::group::Post task execution logs
[2025-04-08T09:27:34.568+0000] {taskinstance.py:2905} ERROR - Task failed with exception
Traceback (most recent call last):
  File "/home/airflow/.local/lib/python3.12/site-packages/airflow/models/taskinstance.py", line 465, in _execute_task
    result = _execute_callable(context=context, **execute_callable_kwargs)
             ^^^^^^^^^^^^^^^^^^^^^^^^^^^^^^^^^^^^^^^^^^^^^^^^^^^^^^^^^^^^^
  File "/home/airflow/.local/lib/python3.12/site-packages/airflow/models/taskinstance.py", line 432, in _execute_callable
    return execute_callable(context=context, **execute_callable_kwargs)
           ^^^^^^^^^^^^^^^^^^^^^^^^^^^^^^^^^^^^^^^^^^^^^^^^^^^^^^^^^^^^
  File "/home/airflow/.local/lib/python3.12/site-packages/airflow/models/baseoperator.py", line 401, in wrapper
    return func(self, *args, **kwargs)
           ^^^^^^^^^^^^^^^^^^^^^^^^^^^
  File "/home/airflow/.local/lib/python3.12/site-packages/airflow/operators/python.py", line 235, in execute
    return_value = self.execute_callable()
                   ^^^^^^^^^^^^^^^^^^^^^^^
  File "/home/airflow/.local/lib/python3.12/site-packages/airflow/operators/python.py", line 252, in execute_callable
    return self.python_callable(*self.op_args, **self.op_kwargs)
           ^^^^^^^^^^^^^^^^^^^^^^^^^^^^^^^^^^^^^^^^^^^^^^^^^^^^^
  File "/opt/airflow/dags/transform_dim_races.py", line 45, in transform_dim_races
    warehouse_operator.insert_table(insert_table_querry, dim_races_df)
  File "/opt/airflow/dags/postgresql_operator.py", line 35, in insert_table
    cursor.executemany(query, values)
psycopg2.errors.UniqueViolation: duplicate key value violates unique constraint "dim_races_pkey"
DETAIL:  Key (raceid)=(1) already exists.

[2025-04-08T09:27:34.615+0000] {taskinstance.py:1206} INFO - Marking task as FAILED. dag_id=formula1-etl-pipeline, task_id=transform.transform_dim_races, run_id=scheduled__2025-03-30T00:00:00+00:00, execution_date=20250330T000000, start_date=20250408T092733, end_date=20250408T092734
[2025-04-08T09:27:34.674+0000] {standard_task_runner.py:110} ERROR - Failed to execute job 26 for task transform.transform_dim_races (duplicate key value violates unique constraint "dim_races_pkey"
DETAIL:  Key (raceid)=(1) already exists.
; 663)
[2025-04-08T09:27:34.719+0000] {local_task_job_runner.py:240} INFO - Task exited with return code 1
[2025-04-08T09:27:34.739+0000] {local_task_job_runner.py:222} INFO - ::endgroup::
[2025-04-08T09:59:49.214+0000] {local_task_job_runner.py:120} INFO - ::group::Pre task execution logs
[2025-04-08T09:59:49.246+0000] {taskinstance.py:2076} INFO - Dependencies all met for dep_context=non-requeueable deps ti=<TaskInstance: formula1-etl-pipeline.transform.transform_dim_races scheduled__2025-03-30T00:00:00+00:00 [queued]>
[2025-04-08T09:59:49.254+0000] {taskinstance.py:2076} INFO - Dependencies all met for dep_context=requeueable deps ti=<TaskInstance: formula1-etl-pipeline.transform.transform_dim_races scheduled__2025-03-30T00:00:00+00:00 [queued]>
[2025-04-08T09:59:49.254+0000] {taskinstance.py:2306} INFO - Starting attempt 1 of 1
[2025-04-08T09:59:49.266+0000] {taskinstance.py:2330} INFO - Executing <Task(PythonOperator): transform.transform_dim_races> on 2025-03-30 00:00:00+00:00
[2025-04-08T09:59:49.279+0000] {logging_mixin.py:188} WARNING - /home/***/.local/lib/python3.12/site-packages/***/task/task_runner/standard_task_runner.py:61 DeprecationWarning: This process (pid=465) is multi-threaded, use of fork() may lead to deadlocks in the child.
[2025-04-08T09:59:49.280+0000] {standard_task_runner.py:63} INFO - Started process 475 to run task
[2025-04-08T09:59:49.279+0000] {standard_task_runner.py:90} INFO - Running: ['***', 'tasks', 'run', 'formula1-etl-pipeline', 'transform.transform_dim_races', 'scheduled__2025-03-30T00:00:00+00:00', '--job-id', '13', '--raw', '--subdir', 'DAGS_FOLDER/ETL_dag.py', '--cfg-path', '/tmp/tmppt3jbnao']
[2025-04-08T09:59:49.281+0000] {standard_task_runner.py:91} INFO - Job 13: Subtask transform.transform_dim_races
[2025-04-08T09:59:49.327+0000] {task_command.py:426} INFO - Running <TaskInstance: formula1-etl-pipeline.transform.transform_dim_races scheduled__2025-03-30T00:00:00+00:00 [running]> on host a06a1ce74445
[2025-04-08T09:59:49.402+0000] {taskinstance.py:2648} INFO - Exporting env vars: AIRFLOW_CTX_DAG_OWNER='***' AIRFLOW_CTX_DAG_ID='formula1-etl-pipeline' AIRFLOW_CTX_TASK_ID='transform.transform_dim_races' AIRFLOW_CTX_EXECUTION_DATE='2025-03-30T00:00:00+00:00' AIRFLOW_CTX_TRY_NUMBER='1' AIRFLOW_CTX_DAG_RUN_ID='scheduled__2025-03-30T00:00:00+00:00'
[2025-04-08T09:59:49.403+0000] {taskinstance.py:430} INFO - ::endgroup::
[2025-04-08T09:59:49.444+0000] {base.py:84} INFO - Using connection ID 'postgres_default' for task execution.
[2025-04-08T09:59:49.454+0000] {logging_mixin.py:188} INFO - Đã tạo bảng thành công.
[2025-04-08T09:59:49.528+0000] {base.py:84} INFO - Using connection ID 'postgres_default' for task execution.
[2025-04-08T09:59:49.784+0000] {logging_mixin.py:188} INFO - Đã transform và lưu dữ liệu vào bảng.
[2025-04-08T09:59:49.784+0000] {python.py:237} INFO - Done. Returned value was: None
[2025-04-08T09:59:49.785+0000] {taskinstance.py:441} INFO - ::group::Post task execution logs
[2025-04-08T09:59:49.793+0000] {taskinstance.py:1206} INFO - Marking task as SUCCESS. dag_id=formula1-etl-pipeline, task_id=transform.transform_dim_races, run_id=scheduled__2025-03-30T00:00:00+00:00, execution_date=20250330T000000, start_date=20250408T095949, end_date=20250408T095949
[2025-04-08T09:59:49.816+0000] {local_task_job_runner.py:240} INFO - Task exited with return code 0
[2025-04-08T09:59:49.826+0000] {local_task_job_runner.py:222} INFO - ::endgroup::
[2025-04-08T10:49:03.464+0000] {local_task_job_runner.py:120} INFO - ::group::Pre task execution logs
[2025-04-08T10:49:03.503+0000] {taskinstance.py:2076} INFO - Dependencies all met for dep_context=non-requeueable deps ti=<TaskInstance: formula1-etl-pipeline.transform.transform_dim_races scheduled__2025-03-30T00:00:00+00:00 [queued]>
[2025-04-08T10:49:03.513+0000] {taskinstance.py:2076} INFO - Dependencies all met for dep_context=requeueable deps ti=<TaskInstance: formula1-etl-pipeline.transform.transform_dim_races scheduled__2025-03-30T00:00:00+00:00 [queued]>
[2025-04-08T10:49:03.513+0000] {taskinstance.py:2306} INFO - Starting attempt 1 of 1
[2025-04-08T10:49:03.529+0000] {taskinstance.py:2330} INFO - Executing <Task(PythonOperator): transform.transform_dim_races> on 2025-03-30 00:00:00+00:00
[2025-04-08T10:49:03.553+0000] {logging_mixin.py:188} WARNING - /home/***/.local/lib/python3.12/site-packages/***/task/task_runner/standard_task_runner.py:61 DeprecationWarning: This process (pid=316) is multi-threaded, use of fork() may lead to deadlocks in the child.
[2025-04-08T10:49:03.548+0000] {standard_task_runner.py:90} INFO - Running: ['***', 'tasks', 'run', 'formula1-etl-pipeline', 'transform.transform_dim_races', 'scheduled__2025-03-30T00:00:00+00:00', '--job-id', '13', '--raw', '--subdir', 'DAGS_FOLDER/ETL_dag.py', '--cfg-path', '/tmp/tmp35nrt_u1']
[2025-04-08T10:49:03.554+0000] {standard_task_runner.py:63} INFO - Started process 323 to run task
[2025-04-08T10:49:03.555+0000] {standard_task_runner.py:91} INFO - Job 13: Subtask transform.transform_dim_races
[2025-04-08T10:49:03.626+0000] {task_command.py:426} INFO - Running <TaskInstance: formula1-etl-pipeline.transform.transform_dim_races scheduled__2025-03-30T00:00:00+00:00 [running]> on host 4e9e6de312e9
[2025-04-08T10:49:03.750+0000] {taskinstance.py:2648} INFO - Exporting env vars: AIRFLOW_CTX_DAG_OWNER='***' AIRFLOW_CTX_DAG_ID='formula1-etl-pipeline' AIRFLOW_CTX_TASK_ID='transform.transform_dim_races' AIRFLOW_CTX_EXECUTION_DATE='2025-03-30T00:00:00+00:00' AIRFLOW_CTX_TRY_NUMBER='1' AIRFLOW_CTX_DAG_RUN_ID='scheduled__2025-03-30T00:00:00+00:00'
[2025-04-08T10:49:03.751+0000] {taskinstance.py:430} INFO - ::endgroup::
[2025-04-08T10:49:03.826+0000] {base.py:84} INFO - Using connection ID 'postgres_default' for task execution.
[2025-04-08T10:49:03.842+0000] {logging_mixin.py:188} INFO - Đã tạo bảng thành công.
[2025-04-08T10:49:03.933+0000] {base.py:84} INFO - Using connection ID 'postgres_default' for task execution.
[2025-04-08T10:49:04.158+0000] {logging_mixin.py:188} INFO - Đã transform và lưu dữ liệu vào bảng.
[2025-04-08T10:49:04.159+0000] {python.py:237} INFO - Done. Returned value was: None
[2025-04-08T10:49:04.159+0000] {taskinstance.py:441} INFO - ::group::Post task execution logs
[2025-04-08T10:49:04.167+0000] {taskinstance.py:1206} INFO - Marking task as SUCCESS. dag_id=formula1-etl-pipeline, task_id=transform.transform_dim_races, run_id=scheduled__2025-03-30T00:00:00+00:00, execution_date=20250330T000000, start_date=20250408T104903, end_date=20250408T104904
[2025-04-08T10:49:04.211+0000] {local_task_job_runner.py:240} INFO - Task exited with return code 0
[2025-04-08T10:49:04.227+0000] {taskinstance.py:3503} INFO - 0 downstream tasks scheduled from follow-on schedule check
[2025-04-08T10:49:04.228+0000] {local_task_job_runner.py:222} INFO - ::endgroup::
[2025-04-15T07:09:07.108+0000] {local_task_job_runner.py:120} INFO - ::group::Pre task execution logs
[2025-04-15T07:09:07.146+0000] {taskinstance.py:2076} INFO - Dependencies all met for dep_context=non-requeueable deps ti=<TaskInstance: formula1-etl-pipeline.transform.transform_dim_races scheduled__2025-03-30T00:00:00+00:00 [queued]>
[2025-04-15T07:09:07.156+0000] {taskinstance.py:2076} INFO - Dependencies all met for dep_context=requeueable deps ti=<TaskInstance: formula1-etl-pipeline.transform.transform_dim_races scheduled__2025-03-30T00:00:00+00:00 [queued]>
[2025-04-15T07:09:07.157+0000] {taskinstance.py:2306} INFO - Starting attempt 1 of 1
[2025-04-15T07:09:07.170+0000] {taskinstance.py:2330} INFO - Executing <Task(PythonOperator): transform.transform_dim_races> on 2025-03-30 00:00:00+00:00
[2025-04-15T07:09:07.181+0000] {standard_task_runner.py:90} INFO - Running: ['***', 'tasks', 'run', 'formula1-etl-pipeline', 'transform.transform_dim_races', 'scheduled__2025-03-30T00:00:00+00:00', '--job-id', '21', '--raw', '--subdir', 'DAGS_FOLDER/ETL_dag.py', '--cfg-path', '/tmp/tmpre3msjtb']
[2025-04-15T07:09:07.184+0000] {standard_task_runner.py:91} INFO - Job 21: Subtask transform.transform_dim_races
[2025-04-15T07:09:07.185+0000] {logging_mixin.py:188} WARNING - /home/***/.local/lib/python3.12/site-packages/***/task/task_runner/standard_task_runner.py:61 DeprecationWarning: This process (pid=477) is multi-threaded, use of fork() may lead to deadlocks in the child.
[2025-04-15T07:09:07.186+0000] {standard_task_runner.py:63} INFO - Started process 489 to run task
[2025-04-15T07:09:07.240+0000] {task_command.py:426} INFO - Running <TaskInstance: formula1-etl-pipeline.transform.transform_dim_races scheduled__2025-03-30T00:00:00+00:00 [running]> on host e24a12ae0bf8
[2025-04-15T07:09:07.346+0000] {taskinstance.py:2648} INFO - Exporting env vars: AIRFLOW_CTX_DAG_OWNER='***' AIRFLOW_CTX_DAG_ID='formula1-etl-pipeline' AIRFLOW_CTX_TASK_ID='transform.transform_dim_races' AIRFLOW_CTX_EXECUTION_DATE='2025-03-30T00:00:00+00:00' AIRFLOW_CTX_TRY_NUMBER='1' AIRFLOW_CTX_DAG_RUN_ID='scheduled__2025-03-30T00:00:00+00:00'
[2025-04-15T07:09:07.350+0000] {taskinstance.py:430} INFO - ::endgroup::
[2025-04-15T07:09:07.425+0000] {base.py:84} INFO - Using connection ID 'postgres_default' for task execution.
[2025-04-15T07:09:07.447+0000] {logging_mixin.py:188} INFO - Đã tạo bảng thành công.
[2025-04-15T07:09:07.539+0000] {base.py:84} INFO - Using connection ID 'postgres_default' for task execution.
[2025-04-15T07:09:07.789+0000] {logging_mixin.py:188} INFO - Đã transform và lưu dữ liệu vào bảng.
[2025-04-15T07:09:07.790+0000] {python.py:237} INFO - Done. Returned value was: None
[2025-04-15T07:09:07.790+0000] {taskinstance.py:441} INFO - ::group::Post task execution logs
[2025-04-15T07:09:07.799+0000] {taskinstance.py:1206} INFO - Marking task as SUCCESS. dag_id=formula1-etl-pipeline, task_id=transform.transform_dim_races, run_id=scheduled__2025-03-30T00:00:00+00:00, execution_date=20250330T000000, start_date=20250415T070907, end_date=20250415T070907
[2025-04-15T07:09:07.843+0000] {local_task_job_runner.py:240} INFO - Task exited with return code 0
[2025-04-15T07:09:07.859+0000] {taskinstance.py:3503} INFO - 0 downstream tasks scheduled from follow-on schedule check
[2025-04-15T07:09:07.860+0000] {local_task_job_runner.py:222} INFO - ::endgroup::
