[2025-04-08T09:27:31.802+0000] {local_task_job_runner.py:120} INFO - ::group::Pre task execution logs
[2025-04-08T09:27:31.895+0000] {taskinstance.py:2076} INFO - Dependencies all met for dep_context=non-requeueable deps ti=<TaskInstance: formula1-etl-pipeline.transform.transform_dim_circuits scheduled__2025-03-29T00:00:00+00:00 [queued]>
[2025-04-08T09:27:31.911+0000] {taskinstance.py:2076} INFO - Dependencies all met for dep_context=requeueable deps ti=<TaskInstance: formula1-etl-pipeline.transform.transform_dim_circuits scheduled__2025-03-29T00:00:00+00:00 [queued]>
[2025-04-08T09:27:31.913+0000] {taskinstance.py:2306} INFO - Starting attempt 1 of 1
[2025-04-08T09:27:31.979+0000] {taskinstance.py:2330} INFO - Executing <Task(PythonOperator): transform.transform_dim_circuits> on 2025-03-29 00:00:00+00:00
[2025-04-08T09:27:32.007+0000] {standard_task_runner.py:90} INFO - Running: ['***', 'tasks', 'run', 'formula1-etl-pipeline', 'transform.transform_dim_circuits', 'scheduled__2025-03-29T00:00:00+00:00', '--job-id', '14', '--raw', '--subdir', 'DAGS_FOLDER/ETL_dag.py', '--cfg-path', '/tmp/tmpshlybtaz']
[2025-04-08T09:27:32.014+0000] {standard_task_runner.py:91} INFO - Job 14: Subtask transform.transform_dim_circuits
[2025-04-08T09:27:32.009+0000] {logging_mixin.py:188} WARNING - /home/***/.local/lib/python3.12/site-packages/***/task/task_runner/standard_task_runner.py:61 DeprecationWarning: This process (pid=592) is multi-threaded, use of fork() may lead to deadlocks in the child.
[2025-04-08T09:27:32.025+0000] {standard_task_runner.py:63} INFO - Started process 632 to run task
[2025-04-08T09:27:32.242+0000] {task_command.py:426} INFO - Running <TaskInstance: formula1-etl-pipeline.transform.transform_dim_circuits scheduled__2025-03-29T00:00:00+00:00 [running]> on host 1c2d39091a25
[2025-04-08T09:27:32.601+0000] {taskinstance.py:2648} INFO - Exporting env vars: AIRFLOW_CTX_DAG_OWNER='***' AIRFLOW_CTX_DAG_ID='formula1-etl-pipeline' AIRFLOW_CTX_TASK_ID='transform.transform_dim_circuits' AIRFLOW_CTX_EXECUTION_DATE='2025-03-29T00:00:00+00:00' AIRFLOW_CTX_TRY_NUMBER='1' AIRFLOW_CTX_DAG_RUN_ID='scheduled__2025-03-29T00:00:00+00:00'
[2025-04-08T09:27:32.606+0000] {taskinstance.py:430} INFO - ::endgroup::
[2025-04-08T09:27:32.633+0000] {logging_mixin.py:188} INFO - /opt/***/dataset
[2025-04-08T09:27:32.838+0000] {base.py:84} INFO - Using connection ID 'postgres_default' for task execution.
[2025-04-08T09:27:32.879+0000] {logging_mixin.py:188} INFO - Đã tạo bảng thành công.
[2025-04-08T09:27:32.901+0000] {base.py:84} INFO - Using connection ID 'postgres_default' for task execution.
[2025-04-08T09:27:32.952+0000] {logging_mixin.py:188} INFO - Đã transform và lưu dữ liệu vào bảng.
[2025-04-08T09:27:32.956+0000] {python.py:237} INFO - Done. Returned value was: None
[2025-04-08T09:27:32.957+0000] {taskinstance.py:441} INFO - ::group::Post task execution logs
[2025-04-08T09:27:32.980+0000] {taskinstance.py:1206} INFO - Marking task as SUCCESS. dag_id=formula1-etl-pipeline, task_id=transform.transform_dim_circuits, run_id=scheduled__2025-03-29T00:00:00+00:00, execution_date=20250329T000000, start_date=20250408T092731, end_date=20250408T092732
[2025-04-08T09:27:33.097+0000] {local_task_job_runner.py:240} INFO - Task exited with return code 0
[2025-04-08T09:27:33.157+0000] {local_task_job_runner.py:222} INFO - ::endgroup::
