[2025-04-08T09:10:05.404+0000] {local_task_job_runner.py:120} INFO - ::group::Pre task execution logs
[2025-04-08T09:10:05.441+0000] {taskinstance.py:2076} INFO - Dependencies all met for dep_context=non-requeueable deps ti=<TaskInstance: formula1-etl-pipeline.transform.transform_dim_constructors manual__2025-04-08T09:09:59.472560+00:00 [queued]>
[2025-04-08T09:10:05.450+0000] {taskinstance.py:2076} INFO - Dependencies all met for dep_context=requeueable deps ti=<TaskInstance: formula1-etl-pipeline.transform.transform_dim_constructors manual__2025-04-08T09:09:59.472560+00:00 [queued]>
[2025-04-08T09:10:05.451+0000] {taskinstance.py:2306} INFO - Starting attempt 1 of 1
[2025-04-08T09:10:05.463+0000] {taskinstance.py:2330} INFO - Executing <Task(PythonOperator): transform.transform_dim_constructors> on 2025-04-08 09:09:59.472560+00:00
[2025-04-08T09:10:05.472+0000] {standard_task_runner.py:90} INFO - Running: ['***', 'tasks', 'run', 'formula1-etl-pipeline', 'transform.transform_dim_constructors', 'manual__2025-04-08T09:09:59.472560+00:00', '--job-id', '14', '--raw', '--subdir', 'DAGS_FOLDER/ETL_dag.py', '--cfg-path', '/tmp/tmpoc4q5bmh']
[2025-04-08T09:10:05.475+0000] {standard_task_runner.py:91} INFO - Job 14: Subtask transform.transform_dim_constructors
[2025-04-08T09:10:05.477+0000] {logging_mixin.py:188} WARNING - /home/***/.local/lib/python3.12/site-packages/***/task/task_runner/standard_task_runner.py:61 DeprecationWarning: This process (pid=766) is multi-threaded, use of fork() may lead to deadlocks in the child.
[2025-04-08T09:10:05.478+0000] {standard_task_runner.py:63} INFO - Started process 773 to run task
[2025-04-08T09:10:05.525+0000] {task_command.py:426} INFO - Running <TaskInstance: formula1-etl-pipeline.transform.transform_dim_constructors manual__2025-04-08T09:09:59.472560+00:00 [running]> on host bbffae879616
[2025-04-08T09:10:05.611+0000] {taskinstance.py:2648} INFO - Exporting env vars: AIRFLOW_CTX_DAG_OWNER='***' AIRFLOW_CTX_DAG_ID='formula1-etl-pipeline' AIRFLOW_CTX_TASK_ID='transform.transform_dim_constructors' AIRFLOW_CTX_EXECUTION_DATE='2025-04-08T09:09:59.472560+00:00' AIRFLOW_CTX_TRY_NUMBER='1' AIRFLOW_CTX_DAG_RUN_ID='manual__2025-04-08T09:09:59.472560+00:00'
[2025-04-08T09:10:05.613+0000] {taskinstance.py:430} INFO - ::endgroup::
[2025-04-08T09:10:05.661+0000] {base.py:84} INFO - Using connection ID 'postgres_default' for task execution.
[2025-04-08T09:10:05.677+0000] {logging_mixin.py:188} INFO - Đã transform và lưu dữ liệu vào bảng.
[2025-04-08T09:10:05.687+0000] {base.py:84} INFO - Using connection ID 'postgres_default' for task execution.
[2025-04-08T09:10:05.755+0000] {logging_mixin.py:188} INFO - Đã transform và lưu dữ liệu vào dim_constructors
[2025-04-08T09:10:05.756+0000] {python.py:237} INFO - Done. Returned value was: None
[2025-04-08T09:10:05.757+0000] {taskinstance.py:441} INFO - ::group::Post task execution logs
[2025-04-08T09:10:05.767+0000] {taskinstance.py:1206} INFO - Marking task as SUCCESS. dag_id=formula1-etl-pipeline, task_id=transform.transform_dim_constructors, run_id=manual__2025-04-08T09:09:59.472560+00:00, execution_date=20250408T090959, start_date=20250408T091005, end_date=20250408T091005
[2025-04-08T09:10:05.813+0000] {local_task_job_runner.py:240} INFO - Task exited with return code 0
[2025-04-08T09:10:05.846+0000] {taskinstance.py:3503} INFO - 0 downstream tasks scheduled from follow-on schedule check
[2025-04-08T09:10:05.848+0000] {local_task_job_runner.py:222} INFO - ::endgroup::
