[2025-04-15T07:09:13.918+0000] {local_task_job_runner.py:120} INFO - ::group::Pre task execution logs
[2025-04-15T07:09:13.946+0000] {taskinstance.py:2076} INFO - Dependencies all met for dep_context=non-requeueable deps ti=<TaskInstance: formula1-etl-pipeline.load.transform_fact_race_results scheduled__2025-04-14T00:00:00+00:00 [queued]>
[2025-04-15T07:09:13.954+0000] {taskinstance.py:2076} INFO - Dependencies all met for dep_context=requeueable deps ti=<TaskInstance: formula1-etl-pipeline.load.transform_fact_race_results scheduled__2025-04-14T00:00:00+00:00 [queued]>
[2025-04-15T07:09:13.954+0000] {taskinstance.py:2306} INFO - Starting attempt 1 of 1
[2025-04-15T07:09:13.964+0000] {taskinstance.py:2330} INFO - Executing <Task(PythonOperator): load.transform_fact_race_results> on 2025-04-14 00:00:00+00:00
[2025-04-15T07:09:13.973+0000] {logging_mixin.py:188} WARNING - /home/***/.local/lib/python3.12/site-packages/***/task/task_runner/standard_task_runner.py:61 DeprecationWarning: This process (pid=546) is multi-threaded, use of fork() may lead to deadlocks in the child.
[2025-04-15T07:09:13.974+0000] {standard_task_runner.py:63} INFO - Started process 548 to run task
[2025-04-15T07:09:13.973+0000] {standard_task_runner.py:90} INFO - Running: ['***', 'tasks', 'run', 'formula1-etl-pipeline', 'load.transform_fact_race_results', 'scheduled__2025-04-14T00:00:00+00:00', '--job-id', '39', '--raw', '--subdir', 'DAGS_FOLDER/ETL_dag.py', '--cfg-path', '/tmp/tmppb2popud']
[2025-04-15T07:09:13.975+0000] {standard_task_runner.py:91} INFO - Job 39: Subtask load.transform_fact_race_results
[2025-04-15T07:09:14.010+0000] {task_command.py:426} INFO - Running <TaskInstance: formula1-etl-pipeline.load.transform_fact_race_results scheduled__2025-04-14T00:00:00+00:00 [running]> on host e24a12ae0bf8
[2025-04-15T07:09:14.074+0000] {taskinstance.py:2648} INFO - Exporting env vars: AIRFLOW_CTX_DAG_OWNER='***' AIRFLOW_CTX_DAG_ID='formula1-etl-pipeline' AIRFLOW_CTX_TASK_ID='load.transform_fact_race_results' AIRFLOW_CTX_EXECUTION_DATE='2025-04-14T00:00:00+00:00' AIRFLOW_CTX_TRY_NUMBER='1' AIRFLOW_CTX_DAG_RUN_ID='scheduled__2025-04-14T00:00:00+00:00'
[2025-04-15T07:09:14.075+0000] {taskinstance.py:430} INFO - ::endgroup::
[2025-04-15T07:09:14.159+0000] {logging_mixin.py:188} INFO - Các cột trong DataFrame sau khi merge:
[2025-04-15T07:09:14.160+0000] {logging_mixin.py:188} INFO - Index(['resultId', 'raceId', 'driverId', 'constructorId', 'number', 'grid',
       'position', 'positionText', 'positionOrder', 'points', 'laps', 'time_x',
       'milliseconds', 'fastestLap', 'rank', 'fastestLapTime',
       'fastestLapSpeed', 'statusId', 'year', 'round', 'circuitId', 'name',
       'date', 'time_y', 'url', 'fp1_date', 'fp1_time', 'fp2_date', 'fp2_time',
       'fp3_date', 'fp3_time', 'quali_date', 'quali_time', 'sprint_date',
       'sprint_time'],
      dtype='object')
[2025-04-15T07:09:14.239+0000] {base.py:84} INFO - Using connection ID 'postgres_default' for task execution.
[2025-04-15T07:09:14.243+0000] {logging_mixin.py:188} INFO - Đã tạo bảng thành công.
[2025-04-15T07:09:15.669+0000] {base.py:84} INFO - Using connection ID 'postgres_default' for task execution.
[2025-04-15T07:09:26.428+0000] {logging_mixin.py:188} INFO - Đã transform và lưu dữ liệu vào bảng.
[2025-04-15T07:09:26.438+0000] {python.py:237} INFO - Done. Returned value was: None
[2025-04-15T07:09:26.438+0000] {taskinstance.py:441} INFO - ::group::Post task execution logs
[2025-04-15T07:09:26.448+0000] {taskinstance.py:1206} INFO - Marking task as SUCCESS. dag_id=formula1-etl-pipeline, task_id=load.transform_fact_race_results, run_id=scheduled__2025-04-14T00:00:00+00:00, execution_date=20250414T000000, start_date=20250415T070913, end_date=20250415T070926
[2025-04-15T07:09:26.483+0000] {local_task_job_runner.py:240} INFO - Task exited with return code 0
[2025-04-15T07:09:26.496+0000] {taskinstance.py:3503} INFO - 0 downstream tasks scheduled from follow-on schedule check
[2025-04-15T07:09:26.497+0000] {local_task_job_runner.py:222} INFO - ::endgroup::
