[2025-04-01T14:29:46.265+0000] {local_task_job_runner.py:120} INFO - ::group::Pre task execution logs
[2025-04-01T14:29:46.326+0000] {taskinstance.py:2076} INFO - Dependencies all met for dep_context=non-requeueable deps ti=<TaskInstance: e_commerce_dw_etl.extract.extract_and_load_to_staging scheduled__2025-03-30T00:00:00+00:00 [queued]>
[2025-04-01T14:29:46.343+0000] {taskinstance.py:2076} INFO - Dependencies all met for dep_context=requeueable deps ti=<TaskInstance: e_commerce_dw_etl.extract.extract_and_load_to_staging scheduled__2025-03-30T00:00:00+00:00 [queued]>
[2025-04-01T14:29:46.345+0000] {taskinstance.py:2306} INFO - Starting attempt 1 of 1
[2025-04-01T14:29:46.376+0000] {taskinstance.py:2330} INFO - Executing <Task(PythonOperator): extract.extract_and_load_to_staging> on 2025-03-30 00:00:00+00:00
[2025-04-01T14:29:46.386+0000] {standard_task_runner.py:63} INFO - Started process 241 to run task
[2025-04-01T14:29:46.392+0000] {standard_task_runner.py:90} INFO - Running: ['***', 'tasks', 'run', 'e_commerce_dw_etl', 'extract.extract_and_load_to_staging', 'scheduled__2025-03-30T00:00:00+00:00', '--job-id', '14', '--raw', '--subdir', 'DAGS_FOLDER/ETL_dag.py', '--cfg-path', '/tmp/tmp1v3cgmrv']
[2025-04-01T14:29:46.397+0000] {standard_task_runner.py:91} INFO - Job 14: Subtask extract.extract_and_load_to_staging
[2025-04-01T14:29:46.519+0000] {task_command.py:426} INFO - Running <TaskInstance: e_commerce_dw_etl.extract.extract_and_load_to_staging scheduled__2025-03-30T00:00:00+00:00 [running]> on host 320a2d72aabf
[2025-04-01T14:29:46.709+0000] {taskinstance.py:2648} INFO - Exporting env vars: AIRFLOW_CTX_DAG_OWNER='***' AIRFLOW_CTX_DAG_ID='e_commerce_dw_etl' AIRFLOW_CTX_TASK_ID='extract.extract_and_load_to_staging' AIRFLOW_CTX_EXECUTION_DATE='2025-03-30T00:00:00+00:00' AIRFLOW_CTX_TRY_NUMBER='1' AIRFLOW_CTX_DAG_RUN_ID='scheduled__2025-03-30T00:00:00+00:00'
[2025-04-01T14:29:46.712+0000] {taskinstance.py:430} INFO - ::endgroup::
[2025-04-01T14:29:46.757+0000] {mysql_operator.py:14} ERROR - Can't connect to mysql database
[2025-04-01T14:29:46.770+0000] {taskinstance.py:441} INFO - ::group::Post task execution logs
[2025-04-01T14:29:46.789+0000] {taskinstance.py:2905} ERROR - Task failed with exception
Traceback (most recent call last):
  File "/home/airflow/.local/lib/python3.10/site-packages/airflow/models/taskinstance.py", line 465, in _execute_task
    result = _execute_callable(context=context, **execute_callable_kwargs)
  File "/home/airflow/.local/lib/python3.10/site-packages/airflow/models/taskinstance.py", line 432, in _execute_callable
    return execute_callable(context=context, **execute_callable_kwargs)
  File "/home/airflow/.local/lib/python3.10/site-packages/airflow/models/baseoperator.py", line 401, in wrapper
    return func(self, *args, **kwargs)
  File "/home/airflow/.local/lib/python3.10/site-packages/airflow/operators/python.py", line 235, in execute
    return_value = self.execute_callable()
  File "/home/airflow/.local/lib/python3.10/site-packages/airflow/operators/python.py", line 252, in execute_callable
    return self.python_callable(*self.op_args, **self.op_kwargs)
  File "/opt/airflow/dags/extract_data.py", line 37, in extract_and_load_to_staging
    df = source_operator.get_data_to_pd(f"SELECT * FROM {table}")
  File "/opt/airflow/plugins/mysql_operator.py", line 17, in get_data_to_pd
    return self.mysqlhook.get_pandas_df(query) #Chạy câu SQL và trả kết quả dưới dạng DataFrame (dùng cho phân tích dữ liệu).
  File "/home/airflow/.local/lib/python3.10/site-packages/airflow/providers/common/sql/hooks/sql.py", line 262, in get_pandas_df
    with closing(self.get_conn()) as conn:
  File "/home/airflow/.local/lib/python3.10/site-packages/airflow/providers/mysql/hooks/mysql.py", line 188, in get_conn
    conn = self.connection or self.get_connection(getattr(self, self.conn_name_attr))
  File "/home/airflow/.local/lib/python3.10/site-packages/airflow/hooks/base.py", line 83, in get_connection
    conn = Connection.get_connection_from_secrets(conn_id)
  File "/home/airflow/.local/lib/python3.10/site-packages/airflow/models/connection.py", line 519, in get_connection_from_secrets
    raise AirflowNotFoundException(f"The conn_id `{conn_id}` isn't defined")
airflow.exceptions.AirflowNotFoundException: The conn_id `mysql` isn't defined
[2025-04-01T14:29:46.805+0000] {taskinstance.py:1206} INFO - Marking task as FAILED. dag_id=e_commerce_dw_etl, task_id=extract.extract_and_load_to_staging, run_id=scheduled__2025-03-30T00:00:00+00:00, execution_date=20250330T000000, start_date=20250401T142946, end_date=20250401T142946
[2025-04-01T14:29:46.824+0000] {standard_task_runner.py:110} ERROR - Failed to execute job 14 for task extract.extract_and_load_to_staging (The conn_id `mysql` isn't defined; 241)
[2025-04-01T14:29:46.848+0000] {local_task_job_runner.py:240} INFO - Task exited with return code 1
[2025-04-01T14:29:46.900+0000] {taskinstance.py:3503} INFO - 0 downstream tasks scheduled from follow-on schedule check
[2025-04-01T14:29:46.911+0000] {local_task_job_runner.py:222} INFO - ::endgroup::
[2025-04-02T17:02:51.424+0000] {local_task_job_runner.py:120} INFO - ::group::Pre task execution logs
[2025-04-02T17:02:51.462+0000] {taskinstance.py:2076} INFO - Dependencies all met for dep_context=non-requeueable deps ti=<TaskInstance: e_commerce_dw_etl.extract.extract_and_load_to_staging scheduled__2025-03-30T00:00:00+00:00 [queued]>
[2025-04-02T17:02:51.472+0000] {taskinstance.py:2076} INFO - Dependencies all met for dep_context=requeueable deps ti=<TaskInstance: e_commerce_dw_etl.extract.extract_and_load_to_staging scheduled__2025-03-30T00:00:00+00:00 [queued]>
[2025-04-02T17:02:51.473+0000] {taskinstance.py:2306} INFO - Starting attempt 1 of 1
[2025-04-02T17:02:51.488+0000] {taskinstance.py:2330} INFO - Executing <Task(PythonOperator): extract.extract_and_load_to_staging> on 2025-03-30 00:00:00+00:00
[2025-04-02T17:02:51.499+0000] {standard_task_runner.py:90} INFO - Running: ['***', 'tasks', 'run', 'e_commerce_dw_etl', 'extract.extract_and_load_to_staging', 'scheduled__2025-03-30T00:00:00+00:00', '--job-id', '4', '--raw', '--subdir', 'DAGS_FOLDER/ETL_dag.py', '--cfg-path', '/tmp/tmpons6z9bt']
[2025-04-02T17:02:51.503+0000] {standard_task_runner.py:91} INFO - Job 4: Subtask extract.extract_and_load_to_staging
[2025-04-02T17:02:51.505+0000] {logging_mixin.py:188} WARNING - /home/***/.local/lib/python3.12/site-packages/***/task/task_runner/standard_task_runner.py:61 DeprecationWarning: This process (pid=237) is multi-threaded, use of fork() may lead to deadlocks in the child.
[2025-04-02T17:02:51.506+0000] {standard_task_runner.py:63} INFO - Started process 242 to run task
[2025-04-02T17:02:51.558+0000] {task_command.py:426} INFO - Running <TaskInstance: e_commerce_dw_etl.extract.extract_and_load_to_staging scheduled__2025-03-30T00:00:00+00:00 [running]> on host f5ed653a8da3
[2025-04-02T17:02:51.651+0000] {taskinstance.py:2648} INFO - Exporting env vars: AIRFLOW_CTX_DAG_OWNER='***' AIRFLOW_CTX_DAG_ID='e_commerce_dw_etl' AIRFLOW_CTX_TASK_ID='extract.extract_and_load_to_staging' AIRFLOW_CTX_EXECUTION_DATE='2025-03-30T00:00:00+00:00' AIRFLOW_CTX_TRY_NUMBER='1' AIRFLOW_CTX_DAG_RUN_ID='scheduled__2025-03-30T00:00:00+00:00'
[2025-04-02T17:02:51.652+0000] {taskinstance.py:430} INFO - ::endgroup::
[2025-04-02T17:02:54.120+0000] {logging_mixin.py:188} WARNING -   0%|          | 0.00/6.28M [00:00<?, ?B/s]
[2025-04-02T17:02:55.135+0000] {logging_mixin.py:188} WARNING -  16%|#5        | 1.00M/6.28M [00:01<00:05, 1.03MB/s]
[2025-04-02T17:02:55.309+0000] {logging_mixin.py:188} WARNING -  32%|###1      | 2.00M/6.28M [00:01<00:02, 2.02MB/s]
[2025-04-02T17:02:55.453+0000] {logging_mixin.py:188} WARNING -  64%|######3   | 4.00M/6.28M [00:01<00:00, 4.39MB/s]
[2025-04-02T17:02:55.618+0000] {logging_mixin.py:188} WARNING -  80%|#######9  | 5.00M/6.28M [00:01<00:00, 4.85MB/s]
[2025-04-02T17:02:55.680+0000] {logging_mixin.py:188} WARNING - 100%|##########| 6.28M/6.28M [00:01<00:00, 4.23MB/s]
[2025-04-02T17:02:55.687+0000] {taskinstance.py:441} INFO - ::group::Post task execution logs
[2025-04-02T17:02:55.690+0000] {taskinstance.py:2905} ERROR - Task failed with exception
Traceback (most recent call last):
  File "/home/airflow/.local/lib/python3.12/site-packages/airflow/models/taskinstance.py", line 465, in _execute_task
    result = _execute_callable(context=context, **execute_callable_kwargs)
             ^^^^^^^^^^^^^^^^^^^^^^^^^^^^^^^^^^^^^^^^^^^^^^^^^^^^^^^^^^^^^
  File "/home/airflow/.local/lib/python3.12/site-packages/airflow/models/taskinstance.py", line 432, in _execute_callable
    return execute_callable(context=context, **execute_callable_kwargs)
           ^^^^^^^^^^^^^^^^^^^^^^^^^^^^^^^^^^^^^^^^^^^^^^^^^^^^^^^^^^^^
  File "/home/airflow/.local/lib/python3.12/site-packages/airflow/models/baseoperator.py", line 401, in wrapper
    return func(self, *args, **kwargs)
           ^^^^^^^^^^^^^^^^^^^^^^^^^^^
  File "/home/airflow/.local/lib/python3.12/site-packages/airflow/operators/python.py", line 235, in execute
    return_value = self.execute_callable()
                   ^^^^^^^^^^^^^^^^^^^^^^^
  File "/home/airflow/.local/lib/python3.12/site-packages/airflow/operators/python.py", line 252, in execute_callable
    return self.python_callable(*self.op_args, **self.op_kwargs)
           ^^^^^^^^^^^^^^^^^^^^^^^^^^^^^^^^^^^^^^^^^^^^^^^^^^^^^
  File "/opt/airflow/dags/extract_data.py", line 13, in extract_and_load_to_staging
    dataset_path = kagglehub.dataset_download("rohanrao/formula-1-world-championship-1950-2020")
                   ^^^^^^^^^^^^^^^^^^^^^^^^^^^^^^^^^^^^^^^^^^^^^^^^^^^^^^^^^^^^^^^^^^^^^^^^^^^^^
  File "/home/airflow/.local/lib/python3.12/site-packages/kagglehub/datasets.py", line 35, in dataset_download
    path, _ = registry.dataset_resolver(h, path, force_download=force_download)
              ^^^^^^^^^^^^^^^^^^^^^^^^^^^^^^^^^^^^^^^^^^^^^^^^^^^^^^^^^^^^^^^^^
  File "/home/airflow/.local/lib/python3.12/site-packages/kagglehub/registry.py", line 28, in __call__
    return impl(*args, **kwargs)
           ^^^^^^^^^^^^^^^^^^^^^
  File "/home/airflow/.local/lib/python3.12/site-packages/kagglehub/resolver.py", line 29, in __call__
    path, version = self._resolve(handle, path, force_download=force_download)
                    ^^^^^^^^^^^^^^^^^^^^^^^^^^^^^^^^^^^^^^^^^^^^^^^^^^^^^^^^^^
  File "/home/airflow/.local/lib/python3.12/site-packages/kagglehub/http_resolver.py", line 132, in _resolve
    _extract_archive(archive_path, out_path)
  File "/home/airflow/.local/lib/python3.12/site-packages/kagglehub/http_resolver.py", line 264, in _extract_archive
    if tarfile.is_tarfile(archive_path):
       ^^^^^^^^^^^^^^^^^^^^^^^^^^^^^^^^
  File "/usr/local/lib/python3.12/tarfile.py", line 2795, in is_tarfile
    t = open(name)
        ^^^^^^^^^^
  File "/usr/local/lib/python3.12/tarfile.py", line 1802, in open
    return func(name, "r", fileobj, **kwargs)
           ^^^^^^^^^^^^^^^^^^^^^^^^^^^^^^^^^^
  File "/usr/local/lib/python3.12/tarfile.py", line 1870, in gzopen
    fileobj = GzipFile(name, mode + "b", compresslevel, fileobj)
              ^^^^^^^^^^^^^^^^^^^^^^^^^^^^^^^^^^^^^^^^^^^^^^^^^^
  File "/usr/local/lib/python3.12/gzip.py", line 192, in __init__
    fileobj = self.myfileobj = builtins.open(filename, mode or 'rb')
                               ^^^^^^^^^^^^^^^^^^^^^^^^^^^^^^^^^^^^^
FileNotFoundError: [Errno 2] No such file or directory: '/opt/airflow/dataset/datasets/rohanrao/formula-1-world-championship-1950-2020/24.archive'
[2025-04-02T17:02:55.702+0000] {taskinstance.py:1206} INFO - Marking task as FAILED. dag_id=e_commerce_dw_etl, task_id=extract.extract_and_load_to_staging, run_id=scheduled__2025-03-30T00:00:00+00:00, execution_date=20250330T000000, start_date=20250402T170251, end_date=20250402T170255
[2025-04-02T17:02:55.715+0000] {standard_task_runner.py:110} ERROR - Failed to execute job 4 for task extract.extract_and_load_to_staging ([Errno 2] No such file or directory: '/opt/airflow/dataset/datasets/rohanrao/formula-1-world-championship-1950-2020/24.archive'; 242)
[2025-04-02T17:02:55.734+0000] {local_task_job_runner.py:240} INFO - Task exited with return code 1
[2025-04-02T17:02:55.745+0000] {local_task_job_runner.py:222} INFO - ::endgroup::
[2025-04-03T11:46:47.774+0000] {local_task_job_runner.py:120} INFO - ::group::Pre task execution logs
[2025-04-03T11:46:47.831+0000] {taskinstance.py:2076} INFO - Dependencies all met for dep_context=non-requeueable deps ti=<TaskInstance: e_commerce_dw_etl.extract.extract_and_load_to_staging scheduled__2025-03-30T00:00:00+00:00 [queued]>
[2025-04-03T11:46:47.847+0000] {taskinstance.py:2076} INFO - Dependencies all met for dep_context=requeueable deps ti=<TaskInstance: e_commerce_dw_etl.extract.extract_and_load_to_staging scheduled__2025-03-30T00:00:00+00:00 [queued]>
[2025-04-03T11:46:47.848+0000] {taskinstance.py:2306} INFO - Starting attempt 1 of 1
[2025-04-03T11:46:47.870+0000] {taskinstance.py:2330} INFO - Executing <Task(PythonOperator): extract.extract_and_load_to_staging> on 2025-03-30 00:00:00+00:00
[2025-04-03T11:46:47.895+0000] {logging_mixin.py:188} WARNING - /home/***/.local/lib/python3.12/site-packages/***/task/task_runner/standard_task_runner.py:61 DeprecationWarning: This process (pid=303) is multi-threaded, use of fork() may lead to deadlocks in the child.
[2025-04-03T11:46:47.898+0000] {standard_task_runner.py:63} INFO - Started process 327 to run task
[2025-04-03T11:46:47.898+0000] {standard_task_runner.py:90} INFO - Running: ['***', 'tasks', 'run', 'e_commerce_dw_etl', 'extract.extract_and_load_to_staging', 'scheduled__2025-03-30T00:00:00+00:00', '--job-id', '7', '--raw', '--subdir', 'DAGS_FOLDER/ETL_dag.py', '--cfg-path', '/tmp/tmpacai088a']
[2025-04-03T11:46:47.905+0000] {standard_task_runner.py:91} INFO - Job 7: Subtask extract.extract_and_load_to_staging
[2025-04-03T11:46:48.011+0000] {task_command.py:426} INFO - Running <TaskInstance: e_commerce_dw_etl.extract.extract_and_load_to_staging scheduled__2025-03-30T00:00:00+00:00 [running]> on host 58c1cfc89c0d
[2025-04-03T11:46:48.157+0000] {taskinstance.py:2648} INFO - Exporting env vars: AIRFLOW_CTX_DAG_OWNER='***' AIRFLOW_CTX_DAG_ID='e_commerce_dw_etl' AIRFLOW_CTX_TASK_ID='extract.extract_and_load_to_staging' AIRFLOW_CTX_EXECUTION_DATE='2025-03-30T00:00:00+00:00' AIRFLOW_CTX_TRY_NUMBER='1' AIRFLOW_CTX_DAG_RUN_ID='scheduled__2025-03-30T00:00:00+00:00'
[2025-04-03T11:46:48.163+0000] {taskinstance.py:430} INFO - ::endgroup::
[2025-04-03T11:46:49.346+0000] {logging_mixin.py:188} INFO - ✅ Dataset đã được tải về: /opt/***/dataset/datasets/rohanrao/formula-1-world-championship-1950-2020/versions/24
[2025-04-03T11:46:49.350+0000] {logging_mixin.py:188} INFO - /opt/***/dataset/datasets/rohanrao/formula-1-world-championship-1950-2020/versions/24
[2025-04-03T11:46:49.350+0000] {logging_mixin.py:188} INFO - []
[2025-04-03T11:46:49.350+0000] {python.py:237} INFO - Done. Returned value was: None
[2025-04-03T11:46:49.351+0000] {taskinstance.py:441} INFO - ::group::Post task execution logs
[2025-04-03T11:46:49.360+0000] {taskinstance.py:1206} INFO - Marking task as SUCCESS. dag_id=e_commerce_dw_etl, task_id=extract.extract_and_load_to_staging, run_id=scheduled__2025-03-30T00:00:00+00:00, execution_date=20250330T000000, start_date=20250403T114647, end_date=20250403T114649
[2025-04-03T11:46:49.447+0000] {local_task_job_runner.py:240} INFO - Task exited with return code 0
[2025-04-03T11:46:49.464+0000] {taskinstance.py:3503} INFO - 0 downstream tasks scheduled from follow-on schedule check
[2025-04-03T11:46:49.466+0000] {local_task_job_runner.py:222} INFO - ::endgroup::
[2025-04-03T14:33:31.925+0000] {local_task_job_runner.py:120} INFO - ::group::Pre task execution logs
[2025-04-03T14:33:32.011+0000] {taskinstance.py:2076} INFO - Dependencies all met for dep_context=non-requeueable deps ti=<TaskInstance: e_commerce_dw_etl.extract.extract_and_load_to_staging scheduled__2025-03-30T00:00:00+00:00 [queued]>
[2025-04-03T14:33:32.024+0000] {taskinstance.py:2076} INFO - Dependencies all met for dep_context=requeueable deps ti=<TaskInstance: e_commerce_dw_etl.extract.extract_and_load_to_staging scheduled__2025-03-30T00:00:00+00:00 [queued]>
[2025-04-03T14:33:32.025+0000] {taskinstance.py:2306} INFO - Starting attempt 1 of 1
[2025-04-03T14:33:32.060+0000] {taskinstance.py:2330} INFO - Executing <Task(PythonOperator): extract.extract_and_load_to_staging> on 2025-03-30 00:00:00+00:00
[2025-04-03T14:33:32.082+0000] {logging_mixin.py:188} WARNING - /home/***/.local/lib/python3.12/site-packages/***/task/task_runner/standard_task_runner.py:61 DeprecationWarning: This process (pid=257) is multi-threaded, use of fork() may lead to deadlocks in the child.
[2025-04-03T14:33:32.083+0000] {standard_task_runner.py:63} INFO - Started process 294 to run task
[2025-04-03T14:33:32.077+0000] {standard_task_runner.py:90} INFO - Running: ['***', 'tasks', 'run', 'e_commerce_dw_etl', 'extract.extract_and_load_to_staging', 'scheduled__2025-03-30T00:00:00+00:00', '--job-id', '6', '--raw', '--subdir', 'DAGS_FOLDER/ETL_dag.py', '--cfg-path', '/tmp/tmp4f2uwl_y']
[2025-04-03T14:33:32.096+0000] {standard_task_runner.py:91} INFO - Job 6: Subtask extract.extract_and_load_to_staging
[2025-04-03T14:33:32.242+0000] {task_command.py:426} INFO - Running <TaskInstance: e_commerce_dw_etl.extract.extract_and_load_to_staging scheduled__2025-03-30T00:00:00+00:00 [running]> on host 4817eee54a38
[2025-04-03T14:33:32.419+0000] {taskinstance.py:2648} INFO - Exporting env vars: AIRFLOW_CTX_DAG_OWNER='***' AIRFLOW_CTX_DAG_ID='e_commerce_dw_etl' AIRFLOW_CTX_TASK_ID='extract.extract_and_load_to_staging' AIRFLOW_CTX_EXECUTION_DATE='2025-03-30T00:00:00+00:00' AIRFLOW_CTX_TRY_NUMBER='1' AIRFLOW_CTX_DAG_RUN_ID='scheduled__2025-03-30T00:00:00+00:00'
[2025-04-03T14:33:32.422+0000] {taskinstance.py:430} INFO - ::endgroup::
[2025-04-03T14:33:33.515+0000] {python.py:237} INFO - Done. Returned value was: None
[2025-04-03T14:33:33.515+0000] {taskinstance.py:441} INFO - ::group::Post task execution logs
[2025-04-03T14:33:33.527+0000] {taskinstance.py:1206} INFO - Marking task as SUCCESS. dag_id=e_commerce_dw_etl, task_id=extract.extract_and_load_to_staging, run_id=scheduled__2025-03-30T00:00:00+00:00, execution_date=20250330T000000, start_date=20250403T143332, end_date=20250403T143333
[2025-04-03T14:33:33.562+0000] {local_task_job_runner.py:240} INFO - Task exited with return code 0
[2025-04-03T14:33:33.582+0000] {taskinstance.py:3503} INFO - 0 downstream tasks scheduled from follow-on schedule check
[2025-04-03T14:33:33.583+0000] {local_task_job_runner.py:222} INFO - ::endgroup::
[2025-04-04T15:42:33.788+0000] {local_task_job_runner.py:120} INFO - ::group::Pre task execution logs
[2025-04-04T15:42:33.833+0000] {taskinstance.py:2076} INFO - Dependencies all met for dep_context=non-requeueable deps ti=<TaskInstance: e_commerce_dw_etl.extract.extract_and_load_to_staging scheduled__2025-03-30T00:00:00+00:00 [queued]>
[2025-04-04T15:42:33.847+0000] {taskinstance.py:2076} INFO - Dependencies all met for dep_context=requeueable deps ti=<TaskInstance: e_commerce_dw_etl.extract.extract_and_load_to_staging scheduled__2025-03-30T00:00:00+00:00 [queued]>
[2025-04-04T15:42:33.848+0000] {taskinstance.py:2306} INFO - Starting attempt 1 of 1
[2025-04-04T15:42:33.866+0000] {taskinstance.py:2330} INFO - Executing <Task(PythonOperator): extract.extract_and_load_to_staging> on 2025-03-30 00:00:00+00:00
[2025-04-04T15:42:33.877+0000] {standard_task_runner.py:90} INFO - Running: ['***', 'tasks', 'run', 'e_commerce_dw_etl', 'extract.extract_and_load_to_staging', 'scheduled__2025-03-30T00:00:00+00:00', '--job-id', '6', '--raw', '--subdir', 'DAGS_FOLDER/ETL_dag.py', '--cfg-path', '/tmp/tmpmb7oz6u7']
[2025-04-04T15:42:33.881+0000] {standard_task_runner.py:91} INFO - Job 6: Subtask extract.extract_and_load_to_staging
[2025-04-04T15:42:33.885+0000] {logging_mixin.py:188} WARNING - /home/***/.local/lib/python3.12/site-packages/***/task/task_runner/standard_task_runner.py:61 DeprecationWarning: This process (pid=440) is multi-threaded, use of fork() may lead to deadlocks in the child.
[2025-04-04T15:42:33.886+0000] {standard_task_runner.py:63} INFO - Started process 454 to run task
[2025-04-04T15:42:33.979+0000] {task_command.py:426} INFO - Running <TaskInstance: e_commerce_dw_etl.extract.extract_and_load_to_staging scheduled__2025-03-30T00:00:00+00:00 [running]> on host 662eee222047
[2025-04-04T15:42:34.104+0000] {taskinstance.py:2648} INFO - Exporting env vars: AIRFLOW_CTX_DAG_OWNER='***' AIRFLOW_CTX_DAG_ID='e_commerce_dw_etl' AIRFLOW_CTX_TASK_ID='extract.extract_and_load_to_staging' AIRFLOW_CTX_EXECUTION_DATE='2025-03-30T00:00:00+00:00' AIRFLOW_CTX_TRY_NUMBER='1' AIRFLOW_CTX_DAG_RUN_ID='scheduled__2025-03-30T00:00:00+00:00'
[2025-04-04T15:42:34.106+0000] {taskinstance.py:430} INFO - ::endgroup::
[2025-04-04T15:42:35.859+0000] {logging_mixin.py:188} WARNING -   0%|          | 0.00/6.28M [00:00<?, ?B/s]
[2025-04-04T15:42:36.802+0000] {logging_mixin.py:188} WARNING -  16%|#5        | 1.00M/6.28M [00:00<00:04, 1.11MB/s]
[2025-04-04T15:42:36.938+0000] {logging_mixin.py:188} WARNING -  32%|###1      | 2.00M/6.28M [00:01<00:02, 2.24MB/s]
[2025-04-04T15:42:37.076+0000] {logging_mixin.py:188} WARNING -  64%|######3   | 4.00M/6.28M [00:01<00:00, 4.81MB/s]
[2025-04-04T15:42:37.163+0000] {logging_mixin.py:188} WARNING - 100%|##########| 6.28M/6.28M [00:01<00:00, 5.05MB/s]
[2025-04-04T15:42:37.883+0000] {taskinstance.py:441} INFO - ::group::Post task execution logs
[2025-04-04T15:42:37.883+0000] {taskinstance.py:2905} ERROR - Task failed with exception
Traceback (most recent call last):
  File "/home/airflow/.local/lib/python3.12/site-packages/airflow/models/taskinstance.py", line 465, in _execute_task
    result = _execute_callable(context=context, **execute_callable_kwargs)
             ^^^^^^^^^^^^^^^^^^^^^^^^^^^^^^^^^^^^^^^^^^^^^^^^^^^^^^^^^^^^^
  File "/home/airflow/.local/lib/python3.12/site-packages/airflow/models/taskinstance.py", line 432, in _execute_callable
    return execute_callable(context=context, **execute_callable_kwargs)
           ^^^^^^^^^^^^^^^^^^^^^^^^^^^^^^^^^^^^^^^^^^^^^^^^^^^^^^^^^^^^
  File "/home/airflow/.local/lib/python3.12/site-packages/airflow/models/baseoperator.py", line 401, in wrapper
    return func(self, *args, **kwargs)
           ^^^^^^^^^^^^^^^^^^^^^^^^^^^
  File "/home/airflow/.local/lib/python3.12/site-packages/airflow/operators/python.py", line 235, in execute
    return_value = self.execute_callable()
                   ^^^^^^^^^^^^^^^^^^^^^^^
  File "/home/airflow/.local/lib/python3.12/site-packages/airflow/operators/python.py", line 252, in execute_callable
    return self.python_callable(*self.op_args, **self.op_kwargs)
           ^^^^^^^^^^^^^^^^^^^^^^^^^^^^^^^^^^^^^^^^^^^^^^^^^^^^^
  File "/opt/airflow/dags/extract_data.py", line 13, in extract_and_load_to_staging
    dataset_path = kagglehub.dataset_download("rohanrao/formula-1-world-championship-1950-2020")
                   ^^^^^^^^^^^^^^^^^^^^^^^^^^^^^^^^^^^^^^^^^^^^^^^^^^^^^^^^^^^^^^^^^^^^^^^^^^^^^
  File "/home/airflow/.local/lib/python3.12/site-packages/kagglehub/datasets.py", line 35, in dataset_download
    path, _ = registry.dataset_resolver(h, path, force_download=force_download)
              ^^^^^^^^^^^^^^^^^^^^^^^^^^^^^^^^^^^^^^^^^^^^^^^^^^^^^^^^^^^^^^^^^
  File "/home/airflow/.local/lib/python3.12/site-packages/kagglehub/registry.py", line 28, in __call__
    return impl(*args, **kwargs)
           ^^^^^^^^^^^^^^^^^^^^^
  File "/home/airflow/.local/lib/python3.12/site-packages/kagglehub/resolver.py", line 29, in __call__
    path, version = self._resolve(handle, path, force_download=force_download)
                    ^^^^^^^^^^^^^^^^^^^^^^^^^^^^^^^^^^^^^^^^^^^^^^^^^^^^^^^^^^
  File "/home/airflow/.local/lib/python3.12/site-packages/kagglehub/http_resolver.py", line 132, in _resolve
    _extract_archive(archive_path, out_path)
  File "/home/airflow/.local/lib/python3.12/site-packages/kagglehub/http_resolver.py", line 265, in _extract_archive
    with tarfile.open(archive_path) as f:
         ^^^^^^^^^^^^^^^^^^^^^^^^^^
  File "/usr/local/lib/python3.12/tarfile.py", line 1809, in open
    raise ReadError(f"file could not be opened successfully:\n{error_msgs_summary}")
tarfile.ReadError: file could not be opened successfully:
- method gz: ReadError('not a gzip file')
- method bz2: ReadError('not a bzip2 file')
- method xz: ReadError('not an lzma file')
- method tar: ReadError('invalid header')
[2025-04-04T15:42:37.895+0000] {taskinstance.py:1206} INFO - Marking task as FAILED. dag_id=e_commerce_dw_etl, task_id=extract.extract_and_load_to_staging, run_id=scheduled__2025-03-30T00:00:00+00:00, execution_date=20250330T000000, start_date=20250404T154233, end_date=20250404T154237
[2025-04-04T15:42:37.911+0000] {standard_task_runner.py:110} ERROR - Failed to execute job 6 for task extract.extract_and_load_to_staging (file could not be opened successfully:
- method gz: ReadError('not a gzip file')
- method bz2: ReadError('not a bzip2 file')
- method xz: ReadError('not an lzma file')
- method tar: ReadError('invalid header'); 454)
[2025-04-04T15:42:37.953+0000] {local_task_job_runner.py:240} INFO - Task exited with return code 1
[2025-04-04T15:42:37.969+0000] {local_task_job_runner.py:222} INFO - ::endgroup::
[2025-04-04T15:52:03.736+0000] {local_task_job_runner.py:120} INFO - ::group::Pre task execution logs
[2025-04-04T15:52:03.784+0000] {taskinstance.py:2076} INFO - Dependencies all met for dep_context=non-requeueable deps ti=<TaskInstance: e_commerce_dw_etl.extract.extract_and_load_to_staging scheduled__2025-03-30T00:00:00+00:00 [queued]>
[2025-04-04T15:52:03.797+0000] {taskinstance.py:2076} INFO - Dependencies all met for dep_context=requeueable deps ti=<TaskInstance: e_commerce_dw_etl.extract.extract_and_load_to_staging scheduled__2025-03-30T00:00:00+00:00 [queued]>
[2025-04-04T15:52:03.798+0000] {taskinstance.py:2306} INFO - Starting attempt 1 of 1
[2025-04-04T15:52:03.818+0000] {taskinstance.py:2330} INFO - Executing <Task(PythonOperator): extract.extract_and_load_to_staging> on 2025-03-30 00:00:00+00:00
[2025-04-04T15:52:03.830+0000] {standard_task_runner.py:90} INFO - Running: ['***', 'tasks', 'run', 'e_commerce_dw_etl', 'extract.extract_and_load_to_staging', 'scheduled__2025-03-30T00:00:00+00:00', '--job-id', '4', '--raw', '--subdir', 'DAGS_FOLDER/ETL_dag.py', '--cfg-path', '/tmp/tmpbwf765si']
[2025-04-04T15:52:03.833+0000] {standard_task_runner.py:91} INFO - Job 4: Subtask extract.extract_and_load_to_staging
[2025-04-04T15:52:03.835+0000] {logging_mixin.py:188} WARNING - /home/***/.local/lib/python3.12/site-packages/***/task/task_runner/standard_task_runner.py:61 DeprecationWarning: This process (pid=440) is multi-threaded, use of fork() may lead to deadlocks in the child.
[2025-04-04T15:52:03.836+0000] {standard_task_runner.py:63} INFO - Started process 454 to run task
[2025-04-04T15:52:03.901+0000] {task_command.py:426} INFO - Running <TaskInstance: e_commerce_dw_etl.extract.extract_and_load_to_staging scheduled__2025-03-30T00:00:00+00:00 [running]> on host bf2b06959860
[2025-04-04T15:52:04.018+0000] {taskinstance.py:2648} INFO - Exporting env vars: AIRFLOW_CTX_DAG_OWNER='***' AIRFLOW_CTX_DAG_ID='e_commerce_dw_etl' AIRFLOW_CTX_TASK_ID='extract.extract_and_load_to_staging' AIRFLOW_CTX_EXECUTION_DATE='2025-03-30T00:00:00+00:00' AIRFLOW_CTX_TRY_NUMBER='1' AIRFLOW_CTX_DAG_RUN_ID='scheduled__2025-03-30T00:00:00+00:00'
[2025-04-04T15:52:04.020+0000] {taskinstance.py:430} INFO - ::endgroup::
[2025-04-04T15:52:07.144+0000] {logging_mixin.py:188} WARNING -  16%|#5        | 1.00M/6.28M [00:00<?, ?B/s]
[2025-04-04T15:52:08.095+0000] {logging_mixin.py:188} WARNING -  32%|###1      | 2.00M/6.28M [00:00<00:04, 1.10MB/s]
[2025-04-04T15:52:08.237+0000] {logging_mixin.py:188} WARNING -  48%|####7     | 3.00M/6.28M [00:01<00:01, 2.21MB/s]
[2025-04-04T15:52:08.419+0000] {logging_mixin.py:188} WARNING -  80%|#######9  | 5.00M/6.28M [00:01<00:00, 4.48MB/s]
[2025-04-04T15:52:08.527+0000] {logging_mixin.py:188} WARNING - 100%|##########| 6.28M/6.28M [00:01<00:00, 5.84MB/s]
[2025-04-04T15:52:08.537+0000] {logging_mixin.py:188} WARNING - 100%|##########| 6.28M/6.28M [00:01<00:00, 4.00MB/s]
[2025-04-04T15:52:08.579+0000] {taskinstance.py:441} INFO - ::group::Post task execution logs
[2025-04-04T15:52:08.590+0000] {taskinstance.py:2905} ERROR - Task failed with exception
Traceback (most recent call last):
  File "/home/airflow/.local/lib/python3.12/site-packages/airflow/models/taskinstance.py", line 465, in _execute_task
    result = _execute_callable(context=context, **execute_callable_kwargs)
             ^^^^^^^^^^^^^^^^^^^^^^^^^^^^^^^^^^^^^^^^^^^^^^^^^^^^^^^^^^^^^
  File "/home/airflow/.local/lib/python3.12/site-packages/airflow/models/taskinstance.py", line 432, in _execute_callable
    return execute_callable(context=context, **execute_callable_kwargs)
           ^^^^^^^^^^^^^^^^^^^^^^^^^^^^^^^^^^^^^^^^^^^^^^^^^^^^^^^^^^^^
  File "/home/airflow/.local/lib/python3.12/site-packages/airflow/models/baseoperator.py", line 401, in wrapper
    return func(self, *args, **kwargs)
           ^^^^^^^^^^^^^^^^^^^^^^^^^^^
  File "/home/airflow/.local/lib/python3.12/site-packages/airflow/operators/python.py", line 235, in execute
    return_value = self.execute_callable()
                   ^^^^^^^^^^^^^^^^^^^^^^^
  File "/home/airflow/.local/lib/python3.12/site-packages/airflow/operators/python.py", line 252, in execute_callable
    return self.python_callable(*self.op_args, **self.op_kwargs)
           ^^^^^^^^^^^^^^^^^^^^^^^^^^^^^^^^^^^^^^^^^^^^^^^^^^^^^
  File "/opt/airflow/dags/extract_data.py", line 13, in extract_and_load_to_staging
    dataset_path = kagglehub.dataset_download("rohanrao/formula-1-world-championship-1950-2020")
                   ^^^^^^^^^^^^^^^^^^^^^^^^^^^^^^^^^^^^^^^^^^^^^^^^^^^^^^^^^^^^^^^^^^^^^^^^^^^^^
  File "/home/airflow/.local/lib/python3.12/site-packages/kagglehub/datasets.py", line 35, in dataset_download
    path, _ = registry.dataset_resolver(h, path, force_download=force_download)
              ^^^^^^^^^^^^^^^^^^^^^^^^^^^^^^^^^^^^^^^^^^^^^^^^^^^^^^^^^^^^^^^^^
  File "/home/airflow/.local/lib/python3.12/site-packages/kagglehub/registry.py", line 28, in __call__
    return impl(*args, **kwargs)
           ^^^^^^^^^^^^^^^^^^^^^
  File "/home/airflow/.local/lib/python3.12/site-packages/kagglehub/resolver.py", line 29, in __call__
    path, version = self._resolve(handle, path, force_download=force_download)
                    ^^^^^^^^^^^^^^^^^^^^^^^^^^^^^^^^^^^^^^^^^^^^^^^^^^^^^^^^^^
  File "/home/airflow/.local/lib/python3.12/site-packages/kagglehub/http_resolver.py", line 132, in _resolve
    _extract_archive(archive_path, out_path)
  File "/home/airflow/.local/lib/python3.12/site-packages/kagglehub/http_resolver.py", line 264, in _extract_archive
    if tarfile.is_tarfile(archive_path):
       ^^^^^^^^^^^^^^^^^^^^^^^^^^^^^^^^
  File "/usr/local/lib/python3.12/tarfile.py", line 2795, in is_tarfile
    t = open(name)
        ^^^^^^^^^^
  File "/usr/local/lib/python3.12/tarfile.py", line 1802, in open
    return func(name, "r", fileobj, **kwargs)
           ^^^^^^^^^^^^^^^^^^^^^^^^^^^^^^^^^^
  File "/usr/local/lib/python3.12/tarfile.py", line 1870, in gzopen
    fileobj = GzipFile(name, mode + "b", compresslevel, fileobj)
              ^^^^^^^^^^^^^^^^^^^^^^^^^^^^^^^^^^^^^^^^^^^^^^^^^^
  File "/usr/local/lib/python3.12/gzip.py", line 192, in __init__
    fileobj = self.myfileobj = builtins.open(filename, mode or 'rb')
                               ^^^^^^^^^^^^^^^^^^^^^^^^^^^^^^^^^^^^^
FileNotFoundError: [Errno 2] No such file or directory: '/opt/airflow/dataset/datasets/rohanrao/formula-1-world-championship-1950-2020/24.archive'
[2025-04-04T15:52:08.612+0000] {taskinstance.py:1206} INFO - Marking task as FAILED. dag_id=e_commerce_dw_etl, task_id=extract.extract_and_load_to_staging, run_id=scheduled__2025-03-30T00:00:00+00:00, execution_date=20250330T000000, start_date=20250404T155203, end_date=20250404T155208
[2025-04-04T15:52:08.627+0000] {standard_task_runner.py:110} ERROR - Failed to execute job 4 for task extract.extract_and_load_to_staging ([Errno 2] No such file or directory: '/opt/airflow/dataset/datasets/rohanrao/formula-1-world-championship-1950-2020/24.archive'; 454)
[2025-04-04T15:52:08.670+0000] {local_task_job_runner.py:240} INFO - Task exited with return code 1
[2025-04-04T15:52:08.697+0000] {taskinstance.py:3503} INFO - 0 downstream tasks scheduled from follow-on schedule check
[2025-04-04T15:52:08.701+0000] {local_task_job_runner.py:222} INFO - ::endgroup::
[2025-04-04T16:31:56.344+0000] {local_task_job_runner.py:120} INFO - ::group::Pre task execution logs
[2025-04-04T16:31:56.384+0000] {taskinstance.py:2076} INFO - Dependencies all met for dep_context=non-requeueable deps ti=<TaskInstance: e_commerce_dw_etl.extract.extract_and_load_to_staging scheduled__2025-03-30T00:00:00+00:00 [queued]>
[2025-04-04T16:31:56.394+0000] {taskinstance.py:2076} INFO - Dependencies all met for dep_context=requeueable deps ti=<TaskInstance: e_commerce_dw_etl.extract.extract_and_load_to_staging scheduled__2025-03-30T00:00:00+00:00 [queued]>
[2025-04-04T16:31:56.395+0000] {taskinstance.py:2306} INFO - Starting attempt 1 of 1
[2025-04-04T16:31:56.411+0000] {taskinstance.py:2330} INFO - Executing <Task(PythonOperator): extract.extract_and_load_to_staging> on 2025-03-30 00:00:00+00:00
[2025-04-04T16:31:56.428+0000] {standard_task_runner.py:90} INFO - Running: ['***', 'tasks', 'run', 'e_commerce_dw_etl', 'extract.extract_and_load_to_staging', 'scheduled__2025-03-30T00:00:00+00:00', '--job-id', '4', '--raw', '--subdir', 'DAGS_FOLDER/ETL_dag.py', '--cfg-path', '/tmp/tmpcvr8075b']
[2025-04-04T16:31:56.432+0000] {standard_task_runner.py:91} INFO - Job 4: Subtask extract.extract_and_load_to_staging
[2025-04-04T16:31:56.434+0000] {logging_mixin.py:188} WARNING - /home/***/.local/lib/python3.12/site-packages/***/task/task_runner/standard_task_runner.py:61 DeprecationWarning: This process (pid=312) is multi-threaded, use of fork() may lead to deadlocks in the child.
[2025-04-04T16:31:56.435+0000] {standard_task_runner.py:63} INFO - Started process 326 to run task
[2025-04-04T16:31:56.499+0000] {task_command.py:426} INFO - Running <TaskInstance: e_commerce_dw_etl.extract.extract_and_load_to_staging scheduled__2025-03-30T00:00:00+00:00 [running]> on host 3c57b6927613
[2025-04-04T16:31:56.618+0000] {taskinstance.py:2648} INFO - Exporting env vars: AIRFLOW_CTX_DAG_OWNER='***' AIRFLOW_CTX_DAG_ID='e_commerce_dw_etl' AIRFLOW_CTX_TASK_ID='extract.extract_and_load_to_staging' AIRFLOW_CTX_EXECUTION_DATE='2025-03-30T00:00:00+00:00' AIRFLOW_CTX_TRY_NUMBER='1' AIRFLOW_CTX_DAG_RUN_ID='scheduled__2025-03-30T00:00:00+00:00'
[2025-04-04T16:31:56.619+0000] {taskinstance.py:430} INFO - ::endgroup::
[2025-04-04T16:31:57.772+0000] {logging_mixin.py:188} INFO - Tệp pit_stops.csv đã tồn tại tại /opt/***/dataset, không di chuyển.
[2025-04-04T16:31:57.773+0000] {logging_mixin.py:188} INFO - Tệp qualifying.csv đã tồn tại tại /opt/***/dataset, không di chuyển.
[2025-04-04T16:31:57.774+0000] {logging_mixin.py:188} INFO - Tệp races.csv đã tồn tại tại /opt/***/dataset, không di chuyển.
[2025-04-04T16:31:57.775+0000] {logging_mixin.py:188} INFO - Tệp results.csv đã tồn tại tại /opt/***/dataset, không di chuyển.
[2025-04-04T16:31:57.776+0000] {logging_mixin.py:188} INFO - Tệp seasons.csv đã tồn tại tại /opt/***/dataset, không di chuyển.
[2025-04-04T16:31:57.777+0000] {logging_mixin.py:188} INFO - Tệp sprint_results.csv đã tồn tại tại /opt/***/dataset, không di chuyển.
[2025-04-04T16:31:57.778+0000] {logging_mixin.py:188} INFO - Tệp status.csv đã tồn tại tại /opt/***/dataset, không di chuyển.
[2025-04-04T16:31:57.779+0000] {python.py:237} INFO - Done. Returned value was: None
[2025-04-04T16:31:57.780+0000] {taskinstance.py:441} INFO - ::group::Post task execution logs
[2025-04-04T16:31:57.790+0000] {taskinstance.py:1206} INFO - Marking task as SUCCESS. dag_id=e_commerce_dw_etl, task_id=extract.extract_and_load_to_staging, run_id=scheduled__2025-03-30T00:00:00+00:00, execution_date=20250330T000000, start_date=20250404T163156, end_date=20250404T163157
[2025-04-04T16:31:57.853+0000] {local_task_job_runner.py:240} INFO - Task exited with return code 0
[2025-04-04T16:31:57.873+0000] {taskinstance.py:3503} INFO - 1 downstream tasks scheduled from follow-on schedule check
[2025-04-04T16:31:57.875+0000] {local_task_job_runner.py:222} INFO - ::endgroup::
[2025-04-04T18:20:52.685+0000] {local_task_job_runner.py:120} INFO - ::group::Pre task execution logs
[2025-04-04T18:20:52.732+0000] {taskinstance.py:2076} INFO - Dependencies all met for dep_context=non-requeueable deps ti=<TaskInstance: e_commerce_dw_etl.extract.extract_and_load_to_staging scheduled__2025-03-30T00:00:00+00:00 [queued]>
[2025-04-04T18:20:52.742+0000] {taskinstance.py:2076} INFO - Dependencies all met for dep_context=requeueable deps ti=<TaskInstance: e_commerce_dw_etl.extract.extract_and_load_to_staging scheduled__2025-03-30T00:00:00+00:00 [queued]>
[2025-04-04T18:20:52.743+0000] {taskinstance.py:2306} INFO - Starting attempt 1 of 1
[2025-04-04T18:20:52.759+0000] {taskinstance.py:2330} INFO - Executing <Task(PythonOperator): extract.extract_and_load_to_staging> on 2025-03-30 00:00:00+00:00
[2025-04-04T18:20:52.771+0000] {standard_task_runner.py:90} INFO - Running: ['***', 'tasks', 'run', 'e_commerce_dw_etl', 'extract.extract_and_load_to_staging', 'scheduled__2025-03-30T00:00:00+00:00', '--job-id', '4', '--raw', '--subdir', 'DAGS_FOLDER/ETL_dag.py', '--cfg-path', '/tmp/tmpepq0y97_']
[2025-04-04T18:20:52.775+0000] {standard_task_runner.py:91} INFO - Job 4: Subtask extract.extract_and_load_to_staging
[2025-04-04T18:20:52.777+0000] {logging_mixin.py:188} WARNING - /home/***/.local/lib/python3.12/site-packages/***/task/task_runner/standard_task_runner.py:61 DeprecationWarning: This process (pid=438) is multi-threaded, use of fork() may lead to deadlocks in the child.
[2025-04-04T18:20:52.778+0000] {standard_task_runner.py:63} INFO - Started process 454 to run task
[2025-04-04T18:20:52.833+0000] {task_command.py:426} INFO - Running <TaskInstance: e_commerce_dw_etl.extract.extract_and_load_to_staging scheduled__2025-03-30T00:00:00+00:00 [running]> on host 729d59a438a8
[2025-04-04T18:20:52.931+0000] {taskinstance.py:2648} INFO - Exporting env vars: AIRFLOW_CTX_DAG_OWNER='***' AIRFLOW_CTX_DAG_ID='e_commerce_dw_etl' AIRFLOW_CTX_TASK_ID='extract.extract_and_load_to_staging' AIRFLOW_CTX_EXECUTION_DATE='2025-03-30T00:00:00+00:00' AIRFLOW_CTX_TRY_NUMBER='1' AIRFLOW_CTX_DAG_RUN_ID='scheduled__2025-03-30T00:00:00+00:00'
[2025-04-04T18:20:52.933+0000] {taskinstance.py:430} INFO - ::endgroup::
[2025-04-04T18:20:54.126+0000] {logging_mixin.py:188} INFO - Tệp pit_stops.csv đã tồn tại tại /opt/***/dataset, không di chuyển.
[2025-04-04T18:20:54.128+0000] {logging_mixin.py:188} INFO - Tệp qualifying.csv đã tồn tại tại /opt/***/dataset, không di chuyển.
[2025-04-04T18:20:54.130+0000] {logging_mixin.py:188} INFO - Tệp races.csv đã tồn tại tại /opt/***/dataset, không di chuyển.
[2025-04-04T18:20:54.131+0000] {logging_mixin.py:188} INFO - Tệp results.csv đã tồn tại tại /opt/***/dataset, không di chuyển.
[2025-04-04T18:20:54.133+0000] {logging_mixin.py:188} INFO - Tệp seasons.csv đã tồn tại tại /opt/***/dataset, không di chuyển.
[2025-04-04T18:20:54.134+0000] {logging_mixin.py:188} INFO - Tệp sprint_results.csv đã tồn tại tại /opt/***/dataset, không di chuyển.
[2025-04-04T18:20:54.137+0000] {logging_mixin.py:188} INFO - Tệp status.csv đã tồn tại tại /opt/***/dataset, không di chuyển.
[2025-04-04T18:20:54.137+0000] {python.py:237} INFO - Done. Returned value was: None
[2025-04-04T18:20:54.139+0000] {taskinstance.py:441} INFO - ::group::Post task execution logs
[2025-04-04T18:20:54.150+0000] {taskinstance.py:1206} INFO - Marking task as SUCCESS. dag_id=e_commerce_dw_etl, task_id=extract.extract_and_load_to_staging, run_id=scheduled__2025-03-30T00:00:00+00:00, execution_date=20250330T000000, start_date=20250404T182052, end_date=20250404T182054
[2025-04-04T18:20:54.197+0000] {local_task_job_runner.py:240} INFO - Task exited with return code 0
[2025-04-04T18:20:54.214+0000] {taskinstance.py:3503} INFO - 1 downstream tasks scheduled from follow-on schedule check
[2025-04-04T18:20:54.216+0000] {local_task_job_runner.py:222} INFO - ::endgroup::
[2025-04-05T04:34:44.003+0000] {local_task_job_runner.py:120} INFO - ::group::Pre task execution logs
[2025-04-05T04:34:44.043+0000] {taskinstance.py:2076} INFO - Dependencies all met for dep_context=non-requeueable deps ti=<TaskInstance: e_commerce_dw_etl.extract.extract_and_load_to_staging scheduled__2025-03-30T00:00:00+00:00 [queued]>
[2025-04-05T04:34:44.054+0000] {taskinstance.py:2076} INFO - Dependencies all met for dep_context=requeueable deps ti=<TaskInstance: e_commerce_dw_etl.extract.extract_and_load_to_staging scheduled__2025-03-30T00:00:00+00:00 [queued]>
[2025-04-05T04:34:44.054+0000] {taskinstance.py:2306} INFO - Starting attempt 1 of 1
[2025-04-05T04:34:44.069+0000] {taskinstance.py:2330} INFO - Executing <Task(PythonOperator): extract.extract_and_load_to_staging> on 2025-03-30 00:00:00+00:00
[2025-04-05T04:34:44.082+0000] {standard_task_runner.py:90} INFO - Running: ['***', 'tasks', 'run', 'e_commerce_dw_etl', 'extract.extract_and_load_to_staging', 'scheduled__2025-03-30T00:00:00+00:00', '--job-id', '7', '--raw', '--subdir', 'DAGS_FOLDER/ETL_dag.py', '--cfg-path', '/tmp/tmp3rqglr33']
[2025-04-05T04:34:44.086+0000] {standard_task_runner.py:91} INFO - Job 7: Subtask extract.extract_and_load_to_staging
[2025-04-05T04:34:44.088+0000] {logging_mixin.py:188} WARNING - /home/***/.local/lib/python3.12/site-packages/***/task/task_runner/standard_task_runner.py:61 DeprecationWarning: This process (pid=312) is multi-threaded, use of fork() may lead to deadlocks in the child.
[2025-04-05T04:34:44.089+0000] {standard_task_runner.py:63} INFO - Started process 328 to run task
[2025-04-05T04:34:44.143+0000] {task_command.py:426} INFO - Running <TaskInstance: e_commerce_dw_etl.extract.extract_and_load_to_staging scheduled__2025-03-30T00:00:00+00:00 [running]> on host 0076f80062a6
[2025-04-05T04:34:44.245+0000] {taskinstance.py:2648} INFO - Exporting env vars: AIRFLOW_CTX_DAG_OWNER='***' AIRFLOW_CTX_DAG_ID='e_commerce_dw_etl' AIRFLOW_CTX_TASK_ID='extract.extract_and_load_to_staging' AIRFLOW_CTX_EXECUTION_DATE='2025-03-30T00:00:00+00:00' AIRFLOW_CTX_TRY_NUMBER='1' AIRFLOW_CTX_DAG_RUN_ID='scheduled__2025-03-30T00:00:00+00:00'
[2025-04-05T04:34:44.246+0000] {taskinstance.py:430} INFO - ::endgroup::
[2025-04-05T04:34:45.049+0000] {logging_mixin.py:188} INFO - Tệp pit_stops.csv đã tồn tại tại /opt/***/dataset, không di chuyển.
[2025-04-05T04:34:45.050+0000] {logging_mixin.py:188} INFO - Tệp qualifying.csv đã tồn tại tại /opt/***/dataset, không di chuyển.
[2025-04-05T04:34:45.050+0000] {logging_mixin.py:188} INFO - Tệp races.csv đã tồn tại tại /opt/***/dataset, không di chuyển.
[2025-04-05T04:34:45.051+0000] {logging_mixin.py:188} INFO - Tệp results.csv đã tồn tại tại /opt/***/dataset, không di chuyển.
[2025-04-05T04:34:45.052+0000] {logging_mixin.py:188} INFO - Tệp seasons.csv đã tồn tại tại /opt/***/dataset, không di chuyển.
[2025-04-05T04:34:45.053+0000] {logging_mixin.py:188} INFO - Tệp sprint_results.csv đã tồn tại tại /opt/***/dataset, không di chuyển.
[2025-04-05T04:34:45.053+0000] {logging_mixin.py:188} INFO - Tệp status.csv đã tồn tại tại /opt/***/dataset, không di chuyển.
[2025-04-05T04:34:45.054+0000] {python.py:237} INFO - Done. Returned value was: None
[2025-04-05T04:34:45.054+0000] {taskinstance.py:441} INFO - ::group::Post task execution logs
[2025-04-05T04:34:45.062+0000] {taskinstance.py:1206} INFO - Marking task as SUCCESS. dag_id=e_commerce_dw_etl, task_id=extract.extract_and_load_to_staging, run_id=scheduled__2025-03-30T00:00:00+00:00, execution_date=20250330T000000, start_date=20250405T043444, end_date=20250405T043445
[2025-04-05T04:34:45.106+0000] {local_task_job_runner.py:240} INFO - Task exited with return code 0
[2025-04-05T04:34:45.123+0000] {taskinstance.py:3503} INFO - 1 downstream tasks scheduled from follow-on schedule check
[2025-04-05T04:34:45.124+0000] {local_task_job_runner.py:222} INFO - ::endgroup::
[2025-04-05T04:49:52.889+0000] {local_task_job_runner.py:120} INFO - ::group::Pre task execution logs
[2025-04-05T04:49:52.942+0000] {taskinstance.py:2076} INFO - Dependencies all met for dep_context=non-requeueable deps ti=<TaskInstance: e_commerce_dw_etl.extract.extract_and_load_to_staging scheduled__2025-03-30T00:00:00+00:00 [queued]>
[2025-04-05T04:49:52.956+0000] {taskinstance.py:2076} INFO - Dependencies all met for dep_context=requeueable deps ti=<TaskInstance: e_commerce_dw_etl.extract.extract_and_load_to_staging scheduled__2025-03-30T00:00:00+00:00 [queued]>
[2025-04-05T04:49:52.957+0000] {taskinstance.py:2306} INFO - Starting attempt 1 of 1
[2025-04-05T04:49:52.978+0000] {taskinstance.py:2330} INFO - Executing <Task(PythonOperator): extract.extract_and_load_to_staging> on 2025-03-30 00:00:00+00:00
[2025-04-05T04:49:52.990+0000] {standard_task_runner.py:90} INFO - Running: ['***', 'tasks', 'run', 'e_commerce_dw_etl', 'extract.extract_and_load_to_staging', 'scheduled__2025-03-30T00:00:00+00:00', '--job-id', '4', '--raw', '--subdir', 'DAGS_FOLDER/ETL_dag.py', '--cfg-path', '/tmp/tmposi_yqoz']
[2025-04-05T04:49:52.994+0000] {standard_task_runner.py:91} INFO - Job 4: Subtask extract.extract_and_load_to_staging
[2025-04-05T04:49:52.995+0000] {logging_mixin.py:188} WARNING - /home/***/.local/lib/python3.12/site-packages/***/task/task_runner/standard_task_runner.py:61 DeprecationWarning: This process (pid=376) is multi-threaded, use of fork() may lead to deadlocks in the child.
[2025-04-05T04:49:52.996+0000] {standard_task_runner.py:63} INFO - Started process 392 to run task
[2025-04-05T04:49:53.056+0000] {task_command.py:426} INFO - Running <TaskInstance: e_commerce_dw_etl.extract.extract_and_load_to_staging scheduled__2025-03-30T00:00:00+00:00 [running]> on host 7b82c2aa8826
[2025-04-05T04:49:53.172+0000] {taskinstance.py:2648} INFO - Exporting env vars: AIRFLOW_CTX_DAG_OWNER='***' AIRFLOW_CTX_DAG_ID='e_commerce_dw_etl' AIRFLOW_CTX_TASK_ID='extract.extract_and_load_to_staging' AIRFLOW_CTX_EXECUTION_DATE='2025-03-30T00:00:00+00:00' AIRFLOW_CTX_TRY_NUMBER='1' AIRFLOW_CTX_DAG_RUN_ID='scheduled__2025-03-30T00:00:00+00:00'
[2025-04-05T04:49:53.173+0000] {taskinstance.py:430} INFO - ::endgroup::
[2025-04-05T04:49:54.281+0000] {logging_mixin.py:188} INFO - Tệp pit_stops.csv đã tồn tại tại /opt/***/dataset, không di chuyển.
[2025-04-05T04:49:54.283+0000] {logging_mixin.py:188} INFO - Tệp qualifying.csv đã tồn tại tại /opt/***/dataset, không di chuyển.
[2025-04-05T04:49:54.283+0000] {logging_mixin.py:188} INFO - Tệp races.csv đã tồn tại tại /opt/***/dataset, không di chuyển.
[2025-04-05T04:49:54.284+0000] {logging_mixin.py:188} INFO - Tệp results.csv đã tồn tại tại /opt/***/dataset, không di chuyển.
[2025-04-05T04:49:54.285+0000] {logging_mixin.py:188} INFO - Tệp seasons.csv đã tồn tại tại /opt/***/dataset, không di chuyển.
[2025-04-05T04:49:54.286+0000] {logging_mixin.py:188} INFO - Tệp sprint_results.csv đã tồn tại tại /opt/***/dataset, không di chuyển.
[2025-04-05T04:49:54.287+0000] {logging_mixin.py:188} INFO - Tệp status.csv đã tồn tại tại /opt/***/dataset, không di chuyển.
[2025-04-05T04:49:54.287+0000] {python.py:237} INFO - Done. Returned value was: None
[2025-04-05T04:49:54.287+0000] {taskinstance.py:441} INFO - ::group::Post task execution logs
[2025-04-05T04:49:54.297+0000] {taskinstance.py:1206} INFO - Marking task as SUCCESS. dag_id=e_commerce_dw_etl, task_id=extract.extract_and_load_to_staging, run_id=scheduled__2025-03-30T00:00:00+00:00, execution_date=20250330T000000, start_date=20250405T044952, end_date=20250405T044954
[2025-04-05T04:49:54.334+0000] {local_task_job_runner.py:240} INFO - Task exited with return code 0
[2025-04-05T04:49:54.365+0000] {taskinstance.py:3503} INFO - 6 downstream tasks scheduled from follow-on schedule check
[2025-04-05T04:49:54.367+0000] {local_task_job_runner.py:222} INFO - ::endgroup::
[2025-04-05T04:53:56.979+0000] {local_task_job_runner.py:120} INFO - ::group::Pre task execution logs
[2025-04-05T04:53:57.044+0000] {taskinstance.py:2076} INFO - Dependencies all met for dep_context=non-requeueable deps ti=<TaskInstance: e_commerce_dw_etl.extract.extract_and_load_to_staging scheduled__2025-03-30T00:00:00+00:00 [queued]>
[2025-04-05T04:53:57.057+0000] {taskinstance.py:2076} INFO - Dependencies all met for dep_context=requeueable deps ti=<TaskInstance: e_commerce_dw_etl.extract.extract_and_load_to_staging scheduled__2025-03-30T00:00:00+00:00 [queued]>
[2025-04-05T04:53:57.058+0000] {taskinstance.py:2306} INFO - Starting attempt 1 of 1
[2025-04-05T04:53:57.076+0000] {taskinstance.py:2330} INFO - Executing <Task(PythonOperator): extract.extract_and_load_to_staging> on 2025-03-30 00:00:00+00:00
[2025-04-05T04:53:57.087+0000] {standard_task_runner.py:90} INFO - Running: ['***', 'tasks', 'run', 'e_commerce_dw_etl', 'extract.extract_and_load_to_staging', 'scheduled__2025-03-30T00:00:00+00:00', '--job-id', '4', '--raw', '--subdir', 'DAGS_FOLDER/ETL_dag.py', '--cfg-path', '/tmp/tmpip5ip7vm']
[2025-04-05T04:53:57.092+0000] {standard_task_runner.py:91} INFO - Job 4: Subtask extract.extract_and_load_to_staging
[2025-04-05T04:53:57.092+0000] {logging_mixin.py:188} WARNING - /home/***/.local/lib/python3.12/site-packages/***/task/task_runner/standard_task_runner.py:61 DeprecationWarning: This process (pid=313) is multi-threaded, use of fork() may lead to deadlocks in the child.
[2025-04-05T04:53:57.093+0000] {standard_task_runner.py:63} INFO - Started process 329 to run task
[2025-04-05T04:53:57.147+0000] {task_command.py:426} INFO - Running <TaskInstance: e_commerce_dw_etl.extract.extract_and_load_to_staging scheduled__2025-03-30T00:00:00+00:00 [running]> on host 4766eee3ca7d
[2025-04-05T04:53:57.248+0000] {taskinstance.py:2648} INFO - Exporting env vars: AIRFLOW_CTX_DAG_OWNER='***' AIRFLOW_CTX_DAG_ID='e_commerce_dw_etl' AIRFLOW_CTX_TASK_ID='extract.extract_and_load_to_staging' AIRFLOW_CTX_EXECUTION_DATE='2025-03-30T00:00:00+00:00' AIRFLOW_CTX_TRY_NUMBER='1' AIRFLOW_CTX_DAG_RUN_ID='scheduled__2025-03-30T00:00:00+00:00'
[2025-04-05T04:53:57.250+0000] {taskinstance.py:430} INFO - ::endgroup::
[2025-04-05T04:53:58.600+0000] {logging_mixin.py:188} INFO - Tệp pit_stops.csv đã tồn tại tại /opt/***/dataset, không di chuyển.
[2025-04-05T04:53:58.602+0000] {logging_mixin.py:188} INFO - Tệp qualifying.csv đã tồn tại tại /opt/***/dataset, không di chuyển.
[2025-04-05T04:53:58.613+0000] {logging_mixin.py:188} INFO - Tệp races.csv đã tồn tại tại /opt/***/dataset, không di chuyển.
[2025-04-05T04:53:58.625+0000] {logging_mixin.py:188} INFO - Tệp results.csv đã tồn tại tại /opt/***/dataset, không di chuyển.
[2025-04-05T04:53:58.627+0000] {logging_mixin.py:188} INFO - Tệp seasons.csv đã tồn tại tại /opt/***/dataset, không di chuyển.
[2025-04-05T04:53:58.629+0000] {logging_mixin.py:188} INFO - Tệp sprint_results.csv đã tồn tại tại /opt/***/dataset, không di chuyển.
[2025-04-05T04:53:58.633+0000] {logging_mixin.py:188} INFO - Tệp status.csv đã tồn tại tại /opt/***/dataset, không di chuyển.
[2025-04-05T04:53:58.635+0000] {python.py:237} INFO - Done. Returned value was: None
[2025-04-05T04:53:58.636+0000] {taskinstance.py:441} INFO - ::group::Post task execution logs
[2025-04-05T04:53:58.658+0000] {taskinstance.py:1206} INFO - Marking task as SUCCESS. dag_id=e_commerce_dw_etl, task_id=extract.extract_and_load_to_staging, run_id=scheduled__2025-03-30T00:00:00+00:00, execution_date=20250330T000000, start_date=20250405T045357, end_date=20250405T045358
[2025-04-05T04:53:58.875+0000] {local_task_job_runner.py:240} INFO - Task exited with return code 0
[2025-04-05T04:53:58.913+0000] {taskinstance.py:3503} INFO - 6 downstream tasks scheduled from follow-on schedule check
[2025-04-05T04:53:58.922+0000] {local_task_job_runner.py:222} INFO - ::endgroup::
