[2025-04-15T07:02:23.515+0000] {processor.py:161} INFO - Started process (PID=182) to work on /opt/airflow/dags/ETL_dag.py
[2025-04-15T07:02:23.516+0000] {processor.py:830} INFO - Processing file /opt/airflow/dags/ETL_dag.py for tasks to queue
[2025-04-15T07:02:23.518+0000] {logging_mixin.py:188} INFO - [2025-04-15T07:02:23.517+0000] {dagbag.py:545} INFO - Filling up the DagBag from /opt/airflow/dags/ETL_dag.py
[2025-04-15T07:02:24.368+0000] {processor.py:840} INFO - DAG(s) 'formula1-etl-pipeline' retrieved from /opt/airflow/dags/ETL_dag.py
[2025-04-15T07:02:24.652+0000] {logging_mixin.py:188} INFO - [2025-04-15T07:02:24.651+0000] {override.py:1829} INFO - Created Permission View: can edit on DAG:formula1-etl-pipeline
[2025-04-15T07:02:24.661+0000] {logging_mixin.py:188} INFO - [2025-04-15T07:02:24.660+0000] {override.py:1829} INFO - Created Permission View: can delete on DAG:formula1-etl-pipeline
[2025-04-15T07:02:24.666+0000] {logging_mixin.py:188} INFO - [2025-04-15T07:02:24.666+0000] {override.py:1829} INFO - Created Permission View: can read on DAG:formula1-etl-pipeline
[2025-04-15T07:02:24.667+0000] {logging_mixin.py:188} INFO - [2025-04-15T07:02:24.667+0000] {dag.py:3096} INFO - Sync 1 DAGs
[2025-04-15T07:02:24.677+0000] {logging_mixin.py:188} INFO - [2025-04-15T07:02:24.677+0000] {dag.py:3118} INFO - Creating ORM DAG for formula1-etl-pipeline
[2025-04-15T07:02:24.686+0000] {logging_mixin.py:188} INFO - [2025-04-15T07:02:24.686+0000] {dag.py:3954} INFO - Setting next_dagrun for formula1-etl-pipeline to 2025-03-29 00:00:00+00:00, run_after=2025-03-30 00:00:00+00:00
[2025-04-15T07:02:24.703+0000] {processor.py:183} INFO - Processing /opt/airflow/dags/ETL_dag.py took 1.197 seconds
[2025-04-15T07:02:54.856+0000] {processor.py:161} INFO - Started process (PID=204) to work on /opt/airflow/dags/ETL_dag.py
[2025-04-15T07:02:54.856+0000] {processor.py:830} INFO - Processing file /opt/airflow/dags/ETL_dag.py for tasks to queue
[2025-04-15T07:02:54.858+0000] {logging_mixin.py:188} INFO - [2025-04-15T07:02:54.858+0000] {dagbag.py:545} INFO - Filling up the DagBag from /opt/airflow/dags/ETL_dag.py
[2025-04-15T07:02:55.332+0000] {processor.py:840} INFO - DAG(s) 'formula1-etl-pipeline' retrieved from /opt/airflow/dags/ETL_dag.py
[2025-04-15T07:02:55.356+0000] {logging_mixin.py:188} INFO - [2025-04-15T07:02:55.356+0000] {dag.py:3096} INFO - Sync 1 DAGs
[2025-04-15T07:02:55.373+0000] {logging_mixin.py:188} INFO - [2025-04-15T07:02:55.373+0000] {dag.py:3954} INFO - Setting next_dagrun for formula1-etl-pipeline to 2025-03-29 00:00:00+00:00, run_after=2025-03-30 00:00:00+00:00
[2025-04-15T07:02:55.388+0000] {processor.py:183} INFO - Processing /opt/airflow/dags/ETL_dag.py took 0.536 seconds
[2025-04-15T07:03:26.057+0000] {processor.py:161} INFO - Started process (PID=221) to work on /opt/airflow/dags/ETL_dag.py
[2025-04-15T07:03:26.058+0000] {processor.py:830} INFO - Processing file /opt/airflow/dags/ETL_dag.py for tasks to queue
[2025-04-15T07:03:26.060+0000] {logging_mixin.py:188} INFO - [2025-04-15T07:03:26.059+0000] {dagbag.py:545} INFO - Filling up the DagBag from /opt/airflow/dags/ETL_dag.py
[2025-04-15T07:03:26.533+0000] {processor.py:840} INFO - DAG(s) 'formula1-etl-pipeline' retrieved from /opt/airflow/dags/ETL_dag.py
[2025-04-15T07:03:26.556+0000] {logging_mixin.py:188} INFO - [2025-04-15T07:03:26.556+0000] {dag.py:3096} INFO - Sync 1 DAGs
[2025-04-15T07:03:26.574+0000] {logging_mixin.py:188} INFO - [2025-04-15T07:03:26.574+0000] {dag.py:3954} INFO - Setting next_dagrun for formula1-etl-pipeline to 2025-03-29 00:00:00+00:00, run_after=2025-03-30 00:00:00+00:00
[2025-04-15T07:03:26.588+0000] {processor.py:183} INFO - Processing /opt/airflow/dags/ETL_dag.py took 0.535 seconds
[2025-04-15T07:03:57.341+0000] {processor.py:161} INFO - Started process (PID=244) to work on /opt/airflow/dags/ETL_dag.py
[2025-04-15T07:03:57.342+0000] {processor.py:830} INFO - Processing file /opt/airflow/dags/ETL_dag.py for tasks to queue
[2025-04-15T07:03:57.344+0000] {logging_mixin.py:188} INFO - [2025-04-15T07:03:57.343+0000] {dagbag.py:545} INFO - Filling up the DagBag from /opt/airflow/dags/ETL_dag.py
[2025-04-15T07:03:57.874+0000] {processor.py:840} INFO - DAG(s) 'formula1-etl-pipeline' retrieved from /opt/airflow/dags/ETL_dag.py
[2025-04-15T07:03:57.900+0000] {logging_mixin.py:188} INFO - [2025-04-15T07:03:57.899+0000] {dag.py:3096} INFO - Sync 1 DAGs
[2025-04-15T07:03:57.921+0000] {logging_mixin.py:188} INFO - [2025-04-15T07:03:57.921+0000] {dag.py:3954} INFO - Setting next_dagrun for formula1-etl-pipeline to 2025-03-29 00:00:00+00:00, run_after=2025-03-30 00:00:00+00:00
[2025-04-15T07:03:57.938+0000] {processor.py:183} INFO - Processing /opt/airflow/dags/ETL_dag.py took 0.601 seconds
[2025-04-15T07:04:28.646+0000] {processor.py:161} INFO - Started process (PID=261) to work on /opt/airflow/dags/ETL_dag.py
[2025-04-15T07:04:28.647+0000] {processor.py:830} INFO - Processing file /opt/airflow/dags/ETL_dag.py for tasks to queue
[2025-04-15T07:04:28.648+0000] {logging_mixin.py:188} INFO - [2025-04-15T07:04:28.648+0000] {dagbag.py:545} INFO - Filling up the DagBag from /opt/airflow/dags/ETL_dag.py
[2025-04-15T07:04:29.141+0000] {processor.py:840} INFO - DAG(s) 'formula1-etl-pipeline' retrieved from /opt/airflow/dags/ETL_dag.py
[2025-04-15T07:04:29.164+0000] {logging_mixin.py:188} INFO - [2025-04-15T07:04:29.163+0000] {dag.py:3096} INFO - Sync 1 DAGs
[2025-04-15T07:04:29.183+0000] {logging_mixin.py:188} INFO - [2025-04-15T07:04:29.183+0000] {dag.py:3954} INFO - Setting next_dagrun for formula1-etl-pipeline to 2025-03-29 00:00:00+00:00, run_after=2025-03-30 00:00:00+00:00
[2025-04-15T07:04:29.198+0000] {processor.py:183} INFO - Processing /opt/airflow/dags/ETL_dag.py took 0.556 seconds
[2025-04-15T07:04:59.935+0000] {processor.py:161} INFO - Started process (PID=278) to work on /opt/airflow/dags/ETL_dag.py
[2025-04-15T07:04:59.936+0000] {processor.py:830} INFO - Processing file /opt/airflow/dags/ETL_dag.py for tasks to queue
[2025-04-15T07:04:59.937+0000] {logging_mixin.py:188} INFO - [2025-04-15T07:04:59.937+0000] {dagbag.py:545} INFO - Filling up the DagBag from /opt/airflow/dags/ETL_dag.py
[2025-04-15T07:05:00.403+0000] {processor.py:840} INFO - DAG(s) 'formula1-etl-pipeline' retrieved from /opt/airflow/dags/ETL_dag.py
[2025-04-15T07:05:00.426+0000] {logging_mixin.py:188} INFO - [2025-04-15T07:05:00.426+0000] {dag.py:3096} INFO - Sync 1 DAGs
[2025-04-15T07:05:00.445+0000] {logging_mixin.py:188} INFO - [2025-04-15T07:05:00.445+0000] {dag.py:3954} INFO - Setting next_dagrun for formula1-etl-pipeline to 2025-03-29 00:00:00+00:00, run_after=2025-03-30 00:00:00+00:00
[2025-04-15T07:05:00.460+0000] {processor.py:183} INFO - Processing /opt/airflow/dags/ETL_dag.py took 0.529 seconds
[2025-04-15T07:05:31.218+0000] {processor.py:161} INFO - Started process (PID=295) to work on /opt/airflow/dags/ETL_dag.py
[2025-04-15T07:05:31.219+0000] {processor.py:830} INFO - Processing file /opt/airflow/dags/ETL_dag.py for tasks to queue
[2025-04-15T07:05:31.220+0000] {logging_mixin.py:188} INFO - [2025-04-15T07:05:31.220+0000] {dagbag.py:545} INFO - Filling up the DagBag from /opt/airflow/dags/ETL_dag.py
[2025-04-15T07:05:31.763+0000] {processor.py:840} INFO - DAG(s) 'formula1-etl-pipeline' retrieved from /opt/airflow/dags/ETL_dag.py
[2025-04-15T07:05:31.789+0000] {logging_mixin.py:188} INFO - [2025-04-15T07:05:31.788+0000] {dag.py:3096} INFO - Sync 1 DAGs
[2025-04-15T07:05:31.813+0000] {logging_mixin.py:188} INFO - [2025-04-15T07:05:31.813+0000] {dag.py:3954} INFO - Setting next_dagrun for formula1-etl-pipeline to 2025-03-29 00:00:00+00:00, run_after=2025-03-30 00:00:00+00:00
[2025-04-15T07:05:31.830+0000] {processor.py:183} INFO - Processing /opt/airflow/dags/ETL_dag.py took 0.616 seconds
[2025-04-15T07:06:02.502+0000] {processor.py:161} INFO - Started process (PID=312) to work on /opt/airflow/dags/ETL_dag.py
[2025-04-15T07:06:02.503+0000] {processor.py:830} INFO - Processing file /opt/airflow/dags/ETL_dag.py for tasks to queue
[2025-04-15T07:06:02.505+0000] {logging_mixin.py:188} INFO - [2025-04-15T07:06:02.505+0000] {dagbag.py:545} INFO - Filling up the DagBag from /opt/airflow/dags/ETL_dag.py
[2025-04-15T07:06:03.150+0000] {processor.py:840} INFO - DAG(s) 'formula1-etl-pipeline' retrieved from /opt/airflow/dags/ETL_dag.py
[2025-04-15T07:06:03.180+0000] {logging_mixin.py:188} INFO - [2025-04-15T07:06:03.179+0000] {dag.py:3096} INFO - Sync 1 DAGs
[2025-04-15T07:06:03.202+0000] {logging_mixin.py:188} INFO - [2025-04-15T07:06:03.202+0000] {dag.py:3954} INFO - Setting next_dagrun for formula1-etl-pipeline to 2025-03-29 00:00:00+00:00, run_after=2025-03-30 00:00:00+00:00
[2025-04-15T07:06:03.222+0000] {processor.py:183} INFO - Processing /opt/airflow/dags/ETL_dag.py took 0.725 seconds
[2025-04-15T07:06:33.811+0000] {processor.py:161} INFO - Started process (PID=329) to work on /opt/airflow/dags/ETL_dag.py
[2025-04-15T07:06:33.813+0000] {processor.py:830} INFO - Processing file /opt/airflow/dags/ETL_dag.py for tasks to queue
[2025-04-15T07:06:33.816+0000] {logging_mixin.py:188} INFO - [2025-04-15T07:06:33.815+0000] {dagbag.py:545} INFO - Filling up the DagBag from /opt/airflow/dags/ETL_dag.py
[2025-04-15T07:06:34.430+0000] {processor.py:840} INFO - DAG(s) 'formula1-etl-pipeline' retrieved from /opt/airflow/dags/ETL_dag.py
[2025-04-15T07:06:34.457+0000] {logging_mixin.py:188} INFO - [2025-04-15T07:06:34.457+0000] {dag.py:3096} INFO - Sync 1 DAGs
[2025-04-15T07:06:34.479+0000] {logging_mixin.py:188} INFO - [2025-04-15T07:06:34.479+0000] {dag.py:3954} INFO - Setting next_dagrun for formula1-etl-pipeline to 2025-03-29 00:00:00+00:00, run_after=2025-03-30 00:00:00+00:00
[2025-04-15T07:06:34.500+0000] {processor.py:183} INFO - Processing /opt/airflow/dags/ETL_dag.py took 0.696 seconds
[2025-04-15T07:07:05.108+0000] {processor.py:161} INFO - Started process (PID=346) to work on /opt/airflow/dags/ETL_dag.py
[2025-04-15T07:07:05.109+0000] {processor.py:830} INFO - Processing file /opt/airflow/dags/ETL_dag.py for tasks to queue
[2025-04-15T07:07:05.111+0000] {logging_mixin.py:188} INFO - [2025-04-15T07:07:05.110+0000] {dagbag.py:545} INFO - Filling up the DagBag from /opt/airflow/dags/ETL_dag.py
[2025-04-15T07:07:05.636+0000] {processor.py:840} INFO - DAG(s) 'formula1-etl-pipeline' retrieved from /opt/airflow/dags/ETL_dag.py
[2025-04-15T07:07:05.661+0000] {logging_mixin.py:188} INFO - [2025-04-15T07:07:05.660+0000] {dag.py:3096} INFO - Sync 1 DAGs
[2025-04-15T07:07:05.678+0000] {logging_mixin.py:188} INFO - [2025-04-15T07:07:05.678+0000] {dag.py:3954} INFO - Setting next_dagrun for formula1-etl-pipeline to 2025-03-29 00:00:00+00:00, run_after=2025-03-30 00:00:00+00:00
[2025-04-15T07:07:05.699+0000] {processor.py:183} INFO - Processing /opt/airflow/dags/ETL_dag.py took 0.597 seconds
[2025-04-15T07:07:36.549+0000] {processor.py:161} INFO - Started process (PID=363) to work on /opt/airflow/dags/ETL_dag.py
[2025-04-15T07:07:36.550+0000] {processor.py:830} INFO - Processing file /opt/airflow/dags/ETL_dag.py for tasks to queue
[2025-04-15T07:07:36.551+0000] {logging_mixin.py:188} INFO - [2025-04-15T07:07:36.551+0000] {dagbag.py:545} INFO - Filling up the DagBag from /opt/airflow/dags/ETL_dag.py
[2025-04-15T07:07:36.999+0000] {processor.py:840} INFO - DAG(s) 'formula1-etl-pipeline' retrieved from /opt/airflow/dags/ETL_dag.py
[2025-04-15T07:07:37.021+0000] {logging_mixin.py:188} INFO - [2025-04-15T07:07:37.020+0000] {dag.py:3096} INFO - Sync 1 DAGs
[2025-04-15T07:07:37.037+0000] {logging_mixin.py:188} INFO - [2025-04-15T07:07:37.037+0000] {dag.py:3954} INFO - Setting next_dagrun for formula1-etl-pipeline to 2025-03-29 00:00:00+00:00, run_after=2025-03-30 00:00:00+00:00
[2025-04-15T07:07:37.054+0000] {processor.py:183} INFO - Processing /opt/airflow/dags/ETL_dag.py took 0.509 seconds
[2025-04-15T07:08:07.846+0000] {processor.py:161} INFO - Started process (PID=380) to work on /opt/airflow/dags/ETL_dag.py
[2025-04-15T07:08:07.847+0000] {processor.py:830} INFO - Processing file /opt/airflow/dags/ETL_dag.py for tasks to queue
[2025-04-15T07:08:07.849+0000] {logging_mixin.py:188} INFO - [2025-04-15T07:08:07.848+0000] {dagbag.py:545} INFO - Filling up the DagBag from /opt/airflow/dags/ETL_dag.py
[2025-04-15T07:08:08.311+0000] {processor.py:840} INFO - DAG(s) 'formula1-etl-pipeline' retrieved from /opt/airflow/dags/ETL_dag.py
[2025-04-15T07:08:08.334+0000] {logging_mixin.py:188} INFO - [2025-04-15T07:08:08.333+0000] {dag.py:3096} INFO - Sync 1 DAGs
[2025-04-15T07:08:08.352+0000] {logging_mixin.py:188} INFO - [2025-04-15T07:08:08.352+0000] {dag.py:3954} INFO - Setting next_dagrun for formula1-etl-pipeline to 2025-03-29 00:00:00+00:00, run_after=2025-03-30 00:00:00+00:00
[2025-04-15T07:08:08.367+0000] {processor.py:183} INFO - Processing /opt/airflow/dags/ETL_dag.py took 0.525 seconds
[2025-04-15T07:08:39.173+0000] {processor.py:161} INFO - Started process (PID=397) to work on /opt/airflow/dags/ETL_dag.py
[2025-04-15T07:08:39.174+0000] {processor.py:830} INFO - Processing file /opt/airflow/dags/ETL_dag.py for tasks to queue
[2025-04-15T07:08:39.176+0000] {logging_mixin.py:188} INFO - [2025-04-15T07:08:39.176+0000] {dagbag.py:545} INFO - Filling up the DagBag from /opt/airflow/dags/ETL_dag.py
[2025-04-15T07:08:39.618+0000] {processor.py:840} INFO - DAG(s) 'formula1-etl-pipeline' retrieved from /opt/airflow/dags/ETL_dag.py
[2025-04-15T07:08:39.642+0000] {logging_mixin.py:188} INFO - [2025-04-15T07:08:39.642+0000] {dag.py:3096} INFO - Sync 1 DAGs
[2025-04-15T07:08:39.660+0000] {logging_mixin.py:188} INFO - [2025-04-15T07:08:39.660+0000] {dag.py:3954} INFO - Setting next_dagrun for formula1-etl-pipeline to 2025-03-29 00:00:00+00:00, run_after=2025-03-30 00:00:00+00:00
[2025-04-15T07:08:39.674+0000] {processor.py:183} INFO - Processing /opt/airflow/dags/ETL_dag.py took 0.505 seconds
[2025-04-15T07:09:10.497+0000] {processor.py:161} INFO - Started process (PID=504) to work on /opt/airflow/dags/ETL_dag.py
[2025-04-15T07:09:10.499+0000] {processor.py:830} INFO - Processing file /opt/airflow/dags/ETL_dag.py for tasks to queue
[2025-04-15T07:09:10.500+0000] {logging_mixin.py:188} INFO - [2025-04-15T07:09:10.500+0000] {dagbag.py:545} INFO - Filling up the DagBag from /opt/airflow/dags/ETL_dag.py
[2025-04-15T07:09:10.991+0000] {processor.py:840} INFO - DAG(s) 'formula1-etl-pipeline' retrieved from /opt/airflow/dags/ETL_dag.py
[2025-04-15T07:09:11.027+0000] {logging_mixin.py:188} INFO - [2025-04-15T07:09:11.026+0000] {dag.py:3096} INFO - Sync 1 DAGs
[2025-04-15T07:09:11.074+0000] {logging_mixin.py:188} INFO - [2025-04-15T07:09:11.073+0000] {dag.py:3954} INFO - Setting next_dagrun for formula1-etl-pipeline to 2025-04-15 00:00:00+00:00, run_after=2025-04-16 00:00:00+00:00
[2025-04-15T07:09:11.115+0000] {processor.py:183} INFO - Processing /opt/airflow/dags/ETL_dag.py took 0.623 seconds
[2025-04-15T07:09:41.778+0000] {processor.py:161} INFO - Started process (PID=563) to work on /opt/airflow/dags/ETL_dag.py
[2025-04-15T07:09:41.779+0000] {processor.py:830} INFO - Processing file /opt/airflow/dags/ETL_dag.py for tasks to queue
[2025-04-15T07:09:41.781+0000] {logging_mixin.py:188} INFO - [2025-04-15T07:09:41.781+0000] {dagbag.py:545} INFO - Filling up the DagBag from /opt/airflow/dags/ETL_dag.py
[2025-04-15T07:09:42.285+0000] {processor.py:840} INFO - DAG(s) 'formula1-etl-pipeline' retrieved from /opt/airflow/dags/ETL_dag.py
[2025-04-15T07:09:42.311+0000] {logging_mixin.py:188} INFO - [2025-04-15T07:09:42.311+0000] {dag.py:3096} INFO - Sync 1 DAGs
[2025-04-15T07:09:42.329+0000] {logging_mixin.py:188} INFO - [2025-04-15T07:09:42.329+0000] {dag.py:3954} INFO - Setting next_dagrun for formula1-etl-pipeline to 2025-04-15 00:00:00+00:00, run_after=2025-04-16 00:00:00+00:00
[2025-04-15T07:09:42.345+0000] {processor.py:183} INFO - Processing /opt/airflow/dags/ETL_dag.py took 0.572 seconds
[2025-04-15T07:10:13.066+0000] {processor.py:161} INFO - Started process (PID=580) to work on /opt/airflow/dags/ETL_dag.py
[2025-04-15T07:10:13.067+0000] {processor.py:830} INFO - Processing file /opt/airflow/dags/ETL_dag.py for tasks to queue
[2025-04-15T07:10:13.068+0000] {logging_mixin.py:188} INFO - [2025-04-15T07:10:13.068+0000] {dagbag.py:545} INFO - Filling up the DagBag from /opt/airflow/dags/ETL_dag.py
[2025-04-15T07:10:13.526+0000] {processor.py:840} INFO - DAG(s) 'formula1-etl-pipeline' retrieved from /opt/airflow/dags/ETL_dag.py
[2025-04-15T07:10:13.547+0000] {logging_mixin.py:188} INFO - [2025-04-15T07:10:13.547+0000] {dag.py:3096} INFO - Sync 1 DAGs
[2025-04-15T07:10:13.565+0000] {logging_mixin.py:188} INFO - [2025-04-15T07:10:13.565+0000] {dag.py:3954} INFO - Setting next_dagrun for formula1-etl-pipeline to 2025-04-15 00:00:00+00:00, run_after=2025-04-16 00:00:00+00:00
[2025-04-15T07:10:13.583+0000] {processor.py:183} INFO - Processing /opt/airflow/dags/ETL_dag.py took 0.521 seconds
[2025-04-15T07:10:44.359+0000] {processor.py:161} INFO - Started process (PID=597) to work on /opt/airflow/dags/ETL_dag.py
[2025-04-15T07:10:44.360+0000] {processor.py:830} INFO - Processing file /opt/airflow/dags/ETL_dag.py for tasks to queue
[2025-04-15T07:10:44.361+0000] {logging_mixin.py:188} INFO - [2025-04-15T07:10:44.361+0000] {dagbag.py:545} INFO - Filling up the DagBag from /opt/airflow/dags/ETL_dag.py
[2025-04-15T07:10:44.833+0000] {processor.py:840} INFO - DAG(s) 'formula1-etl-pipeline' retrieved from /opt/airflow/dags/ETL_dag.py
[2025-04-15T07:10:44.857+0000] {logging_mixin.py:188} INFO - [2025-04-15T07:10:44.857+0000] {dag.py:3096} INFO - Sync 1 DAGs
[2025-04-15T07:10:44.877+0000] {logging_mixin.py:188} INFO - [2025-04-15T07:10:44.877+0000] {dag.py:3954} INFO - Setting next_dagrun for formula1-etl-pipeline to 2025-04-15 00:00:00+00:00, run_after=2025-04-16 00:00:00+00:00
[2025-04-15T07:10:44.894+0000] {processor.py:183} INFO - Processing /opt/airflow/dags/ETL_dag.py took 0.540 seconds
[2025-04-15T07:11:15.646+0000] {processor.py:161} INFO - Started process (PID=614) to work on /opt/airflow/dags/ETL_dag.py
[2025-04-15T07:11:15.647+0000] {processor.py:830} INFO - Processing file /opt/airflow/dags/ETL_dag.py for tasks to queue
[2025-04-15T07:11:15.649+0000] {logging_mixin.py:188} INFO - [2025-04-15T07:11:15.649+0000] {dagbag.py:545} INFO - Filling up the DagBag from /opt/airflow/dags/ETL_dag.py
[2025-04-15T07:11:16.110+0000] {processor.py:840} INFO - DAG(s) 'formula1-etl-pipeline' retrieved from /opt/airflow/dags/ETL_dag.py
[2025-04-15T07:11:16.134+0000] {logging_mixin.py:188} INFO - [2025-04-15T07:11:16.133+0000] {dag.py:3096} INFO - Sync 1 DAGs
[2025-04-15T07:11:16.153+0000] {logging_mixin.py:188} INFO - [2025-04-15T07:11:16.153+0000] {dag.py:3954} INFO - Setting next_dagrun for formula1-etl-pipeline to 2025-04-15 00:00:00+00:00, run_after=2025-04-16 00:00:00+00:00
[2025-04-15T07:11:16.169+0000] {processor.py:183} INFO - Processing /opt/airflow/dags/ETL_dag.py took 0.527 seconds
[2025-04-15T07:11:46.924+0000] {processor.py:161} INFO - Started process (PID=631) to work on /opt/airflow/dags/ETL_dag.py
[2025-04-15T07:11:46.925+0000] {processor.py:830} INFO - Processing file /opt/airflow/dags/ETL_dag.py for tasks to queue
[2025-04-15T07:11:46.926+0000] {logging_mixin.py:188} INFO - [2025-04-15T07:11:46.926+0000] {dagbag.py:545} INFO - Filling up the DagBag from /opt/airflow/dags/ETL_dag.py
[2025-04-15T07:11:47.362+0000] {processor.py:840} INFO - DAG(s) 'formula1-etl-pipeline' retrieved from /opt/airflow/dags/ETL_dag.py
[2025-04-15T07:11:47.384+0000] {logging_mixin.py:188} INFO - [2025-04-15T07:11:47.384+0000] {dag.py:3096} INFO - Sync 1 DAGs
[2025-04-15T07:11:47.402+0000] {logging_mixin.py:188} INFO - [2025-04-15T07:11:47.402+0000] {dag.py:3954} INFO - Setting next_dagrun for formula1-etl-pipeline to 2025-04-15 00:00:00+00:00, run_after=2025-04-16 00:00:00+00:00
[2025-04-15T07:11:47.418+0000] {processor.py:183} INFO - Processing /opt/airflow/dags/ETL_dag.py took 0.497 seconds
[2025-04-15T07:12:18.239+0000] {processor.py:161} INFO - Started process (PID=648) to work on /opt/airflow/dags/ETL_dag.py
[2025-04-15T07:12:18.240+0000] {processor.py:830} INFO - Processing file /opt/airflow/dags/ETL_dag.py for tasks to queue
[2025-04-15T07:12:18.242+0000] {logging_mixin.py:188} INFO - [2025-04-15T07:12:18.242+0000] {dagbag.py:545} INFO - Filling up the DagBag from /opt/airflow/dags/ETL_dag.py
[2025-04-15T07:12:18.669+0000] {processor.py:840} INFO - DAG(s) 'formula1-etl-pipeline' retrieved from /opt/airflow/dags/ETL_dag.py
[2025-04-15T07:12:18.693+0000] {logging_mixin.py:188} INFO - [2025-04-15T07:12:18.693+0000] {dag.py:3096} INFO - Sync 1 DAGs
[2025-04-15T07:12:18.712+0000] {logging_mixin.py:188} INFO - [2025-04-15T07:12:18.712+0000] {dag.py:3954} INFO - Setting next_dagrun for formula1-etl-pipeline to 2025-04-15 00:00:00+00:00, run_after=2025-04-16 00:00:00+00:00
[2025-04-15T07:12:18.727+0000] {processor.py:183} INFO - Processing /opt/airflow/dags/ETL_dag.py took 0.492 seconds
[2025-04-15T07:12:49.649+0000] {processor.py:161} INFO - Started process (PID=665) to work on /opt/airflow/dags/ETL_dag.py
[2025-04-15T07:12:49.650+0000] {processor.py:830} INFO - Processing file /opt/airflow/dags/ETL_dag.py for tasks to queue
[2025-04-15T07:12:49.652+0000] {logging_mixin.py:188} INFO - [2025-04-15T07:12:49.651+0000] {dagbag.py:545} INFO - Filling up the DagBag from /opt/airflow/dags/ETL_dag.py
[2025-04-15T07:12:50.161+0000] {processor.py:840} INFO - DAG(s) 'formula1-etl-pipeline' retrieved from /opt/airflow/dags/ETL_dag.py
[2025-04-15T07:12:50.184+0000] {logging_mixin.py:188} INFO - [2025-04-15T07:12:50.184+0000] {dag.py:3096} INFO - Sync 1 DAGs
[2025-04-15T07:12:50.202+0000] {logging_mixin.py:188} INFO - [2025-04-15T07:12:50.202+0000] {dag.py:3954} INFO - Setting next_dagrun for formula1-etl-pipeline to 2025-04-15 00:00:00+00:00, run_after=2025-04-16 00:00:00+00:00
[2025-04-15T07:12:50.217+0000] {processor.py:183} INFO - Processing /opt/airflow/dags/ETL_dag.py took 0.572 seconds
[2025-04-15T07:13:20.935+0000] {processor.py:161} INFO - Started process (PID=682) to work on /opt/airflow/dags/ETL_dag.py
[2025-04-15T07:13:20.936+0000] {processor.py:830} INFO - Processing file /opt/airflow/dags/ETL_dag.py for tasks to queue
[2025-04-15T07:13:20.937+0000] {logging_mixin.py:188} INFO - [2025-04-15T07:13:20.937+0000] {dagbag.py:545} INFO - Filling up the DagBag from /opt/airflow/dags/ETL_dag.py
[2025-04-15T07:13:21.510+0000] {processor.py:840} INFO - DAG(s) 'formula1-etl-pipeline' retrieved from /opt/airflow/dags/ETL_dag.py
[2025-04-15T07:13:21.533+0000] {logging_mixin.py:188} INFO - [2025-04-15T07:13:21.533+0000] {dag.py:3096} INFO - Sync 1 DAGs
[2025-04-15T07:13:21.551+0000] {logging_mixin.py:188} INFO - [2025-04-15T07:13:21.551+0000] {dag.py:3954} INFO - Setting next_dagrun for formula1-etl-pipeline to 2025-04-15 00:00:00+00:00, run_after=2025-04-16 00:00:00+00:00
[2025-04-15T07:13:21.569+0000] {processor.py:183} INFO - Processing /opt/airflow/dags/ETL_dag.py took 0.639 seconds
[2025-04-15T07:13:52.266+0000] {processor.py:161} INFO - Started process (PID=699) to work on /opt/airflow/dags/ETL_dag.py
[2025-04-15T07:13:52.266+0000] {processor.py:830} INFO - Processing file /opt/airflow/dags/ETL_dag.py for tasks to queue
[2025-04-15T07:13:52.268+0000] {logging_mixin.py:188} INFO - [2025-04-15T07:13:52.268+0000] {dagbag.py:545} INFO - Filling up the DagBag from /opt/airflow/dags/ETL_dag.py
[2025-04-15T07:13:52.735+0000] {processor.py:840} INFO - DAG(s) 'formula1-etl-pipeline' retrieved from /opt/airflow/dags/ETL_dag.py
[2025-04-15T07:13:52.757+0000] {logging_mixin.py:188} INFO - [2025-04-15T07:13:52.757+0000] {dag.py:3096} INFO - Sync 1 DAGs
[2025-04-15T07:13:52.774+0000] {logging_mixin.py:188} INFO - [2025-04-15T07:13:52.774+0000] {dag.py:3954} INFO - Setting next_dagrun for formula1-etl-pipeline to 2025-04-15 00:00:00+00:00, run_after=2025-04-16 00:00:00+00:00
[2025-04-15T07:13:52.794+0000] {processor.py:183} INFO - Processing /opt/airflow/dags/ETL_dag.py took 0.533 seconds
[2025-04-15T07:14:23.564+0000] {processor.py:161} INFO - Started process (PID=716) to work on /opt/airflow/dags/ETL_dag.py
[2025-04-15T07:14:23.565+0000] {processor.py:830} INFO - Processing file /opt/airflow/dags/ETL_dag.py for tasks to queue
[2025-04-15T07:14:23.567+0000] {logging_mixin.py:188} INFO - [2025-04-15T07:14:23.566+0000] {dagbag.py:545} INFO - Filling up the DagBag from /opt/airflow/dags/ETL_dag.py
[2025-04-15T07:14:24.004+0000] {processor.py:840} INFO - DAG(s) 'formula1-etl-pipeline' retrieved from /opt/airflow/dags/ETL_dag.py
[2025-04-15T07:14:24.026+0000] {logging_mixin.py:188} INFO - [2025-04-15T07:14:24.026+0000] {dag.py:3096} INFO - Sync 1 DAGs
[2025-04-15T07:14:24.045+0000] {logging_mixin.py:188} INFO - [2025-04-15T07:14:24.045+0000] {dag.py:3954} INFO - Setting next_dagrun for formula1-etl-pipeline to 2025-04-15 00:00:00+00:00, run_after=2025-04-16 00:00:00+00:00
[2025-04-15T07:14:24.061+0000] {processor.py:183} INFO - Processing /opt/airflow/dags/ETL_dag.py took 0.501 seconds
[2025-04-15T07:14:54.824+0000] {processor.py:161} INFO - Started process (PID=733) to work on /opt/airflow/dags/ETL_dag.py
[2025-04-15T07:14:54.825+0000] {processor.py:830} INFO - Processing file /opt/airflow/dags/ETL_dag.py for tasks to queue
[2025-04-15T07:14:54.826+0000] {logging_mixin.py:188} INFO - [2025-04-15T07:14:54.826+0000] {dagbag.py:545} INFO - Filling up the DagBag from /opt/airflow/dags/ETL_dag.py
[2025-04-15T07:14:55.308+0000] {processor.py:840} INFO - DAG(s) 'formula1-etl-pipeline' retrieved from /opt/airflow/dags/ETL_dag.py
[2025-04-15T07:14:55.333+0000] {logging_mixin.py:188} INFO - [2025-04-15T07:14:55.332+0000] {dag.py:3096} INFO - Sync 1 DAGs
[2025-04-15T07:14:55.351+0000] {logging_mixin.py:188} INFO - [2025-04-15T07:14:55.351+0000] {dag.py:3954} INFO - Setting next_dagrun for formula1-etl-pipeline to 2025-04-15 00:00:00+00:00, run_after=2025-04-16 00:00:00+00:00
[2025-04-15T07:14:55.367+0000] {processor.py:183} INFO - Processing /opt/airflow/dags/ETL_dag.py took 0.548 seconds
[2025-04-15T07:15:26.104+0000] {processor.py:161} INFO - Started process (PID=750) to work on /opt/airflow/dags/ETL_dag.py
[2025-04-15T07:15:26.105+0000] {processor.py:830} INFO - Processing file /opt/airflow/dags/ETL_dag.py for tasks to queue
[2025-04-15T07:15:26.106+0000] {logging_mixin.py:188} INFO - [2025-04-15T07:15:26.106+0000] {dagbag.py:545} INFO - Filling up the DagBag from /opt/airflow/dags/ETL_dag.py
[2025-04-15T07:15:26.567+0000] {processor.py:840} INFO - DAG(s) 'formula1-etl-pipeline' retrieved from /opt/airflow/dags/ETL_dag.py
[2025-04-15T07:15:26.591+0000] {logging_mixin.py:188} INFO - [2025-04-15T07:15:26.590+0000] {dag.py:3096} INFO - Sync 1 DAGs
[2025-04-15T07:15:26.609+0000] {logging_mixin.py:188} INFO - [2025-04-15T07:15:26.609+0000] {dag.py:3954} INFO - Setting next_dagrun for formula1-etl-pipeline to 2025-04-15 00:00:00+00:00, run_after=2025-04-16 00:00:00+00:00
[2025-04-15T07:15:26.625+0000] {processor.py:183} INFO - Processing /opt/airflow/dags/ETL_dag.py took 0.525 seconds
