[2025-04-05T04:34:46.841+0000] {local_task_job_runner.py:120} INFO - ::group::Pre task execution logs
[2025-04-05T04:34:46.879+0000] {taskinstance.py:2076} INFO - Dependencies all met for dep_context=non-requeueable deps ti=<TaskInstance: e_commerce_dw_etl.load.transform_fact_race_results scheduled__2025-04-03T00:00:00+00:00 [queued]>
[2025-04-05T04:34:46.890+0000] {taskinstance.py:2076} INFO - Dependencies all met for dep_context=requeueable deps ti=<TaskInstance: e_commerce_dw_etl.load.transform_fact_race_results scheduled__2025-04-03T00:00:00+00:00 [queued]>
[2025-04-05T04:34:46.891+0000] {taskinstance.py:2306} INFO - Starting attempt 1 of 1
[2025-04-05T04:34:46.926+0000] {taskinstance.py:2330} INFO - Executing <Task(PythonOperator): load.transform_fact_race_results> on 2025-04-03 00:00:00+00:00
[2025-04-05T04:34:46.939+0000] {standard_task_runner.py:90} INFO - Running: ['***', 'tasks', 'run', 'e_commerce_dw_etl', 'load.transform_fact_race_results', 'scheduled__2025-04-03T00:00:00+00:00', '--job-id', '20', '--raw', '--subdir', 'DAGS_FOLDER/ETL_dag.py', '--cfg-path', '/tmp/tmpwknfbdka']
[2025-04-05T04:34:46.941+0000] {standard_task_runner.py:91} INFO - Job 20: Subtask load.transform_fact_race_results
[2025-04-05T04:34:46.942+0000] {logging_mixin.py:188} WARNING - /home/***/.local/lib/python3.12/site-packages/***/task/task_runner/standard_task_runner.py:61 DeprecationWarning: This process (pid=335) is multi-threaded, use of fork() may lead to deadlocks in the child.
[2025-04-05T04:34:46.943+0000] {standard_task_runner.py:63} INFO - Started process 355 to run task
[2025-04-05T04:34:46.998+0000] {task_command.py:426} INFO - Running <TaskInstance: e_commerce_dw_etl.load.transform_fact_race_results scheduled__2025-04-03T00:00:00+00:00 [running]> on host 0076f80062a6
[2025-04-05T04:34:47.099+0000] {taskinstance.py:2648} INFO - Exporting env vars: AIRFLOW_CTX_DAG_OWNER='***' AIRFLOW_CTX_DAG_ID='e_commerce_dw_etl' AIRFLOW_CTX_TASK_ID='load.transform_fact_race_results' AIRFLOW_CTX_EXECUTION_DATE='2025-04-03T00:00:00+00:00' AIRFLOW_CTX_TRY_NUMBER='1' AIRFLOW_CTX_DAG_RUN_ID='scheduled__2025-04-03T00:00:00+00:00'
[2025-04-05T04:34:47.100+0000] {taskinstance.py:430} INFO - ::endgroup::
[2025-04-05T04:34:47.113+0000] {taskinstance.py:441} INFO - ::group::Post task execution logs
[2025-04-05T04:34:47.113+0000] {taskinstance.py:2905} ERROR - Task failed with exception
Traceback (most recent call last):
  File "/home/airflow/.local/lib/python3.12/site-packages/airflow/models/taskinstance.py", line 465, in _execute_task
    result = _execute_callable(context=context, **execute_callable_kwargs)
             ^^^^^^^^^^^^^^^^^^^^^^^^^^^^^^^^^^^^^^^^^^^^^^^^^^^^^^^^^^^^^
  File "/home/airflow/.local/lib/python3.12/site-packages/airflow/models/taskinstance.py", line 432, in _execute_callable
    return execute_callable(context=context, **execute_callable_kwargs)
           ^^^^^^^^^^^^^^^^^^^^^^^^^^^^^^^^^^^^^^^^^^^^^^^^^^^^^^^^^^^^
  File "/home/airflow/.local/lib/python3.12/site-packages/airflow/models/baseoperator.py", line 401, in wrapper
    return func(self, *args, **kwargs)
           ^^^^^^^^^^^^^^^^^^^^^^^^^^^
  File "/home/airflow/.local/lib/python3.12/site-packages/airflow/operators/python.py", line 235, in execute
    return_value = self.execute_callable()
                   ^^^^^^^^^^^^^^^^^^^^^^^
  File "/home/airflow/.local/lib/python3.12/site-packages/airflow/operators/python.py", line 252, in execute_callable
    return self.python_callable(*self.op_args, **self.op_kwargs)
           ^^^^^^^^^^^^^^^^^^^^^^^^^^^^^^^^^^^^^^^^^^^^^^^^^^^^^
TypeError: transform_fact_race_results() missing 1 required positional argument: 'POSTGRES_CONN_ID'
[2025-04-05T04:34:47.122+0000] {taskinstance.py:1206} INFO - Marking task as FAILED. dag_id=e_commerce_dw_etl, task_id=load.transform_fact_race_results, run_id=scheduled__2025-04-03T00:00:00+00:00, execution_date=20250403T000000, start_date=20250405T043446, end_date=20250405T043447
[2025-04-05T04:34:47.133+0000] {standard_task_runner.py:110} ERROR - Failed to execute job 20 for task load.transform_fact_race_results (transform_fact_race_results() missing 1 required positional argument: 'POSTGRES_CONN_ID'; 355)
[2025-04-05T04:34:47.158+0000] {local_task_job_runner.py:240} INFO - Task exited with return code 1
[2025-04-05T04:34:47.179+0000] {taskinstance.py:3503} INFO - 0 downstream tasks scheduled from follow-on schedule check
[2025-04-05T04:34:47.181+0000] {local_task_job_runner.py:222} INFO - ::endgroup::
[2025-04-05T04:50:06.334+0000] {local_task_job_runner.py:120} INFO - ::group::Pre task execution logs
[2025-04-05T04:50:06.369+0000] {taskinstance.py:2076} INFO - Dependencies all met for dep_context=non-requeueable deps ti=<TaskInstance: e_commerce_dw_etl.load.transform_fact_race_results scheduled__2025-04-03T00:00:00+00:00 [queued]>
[2025-04-05T04:50:06.379+0000] {taskinstance.py:2076} INFO - Dependencies all met for dep_context=requeueable deps ti=<TaskInstance: e_commerce_dw_etl.load.transform_fact_race_results scheduled__2025-04-03T00:00:00+00:00 [queued]>
[2025-04-05T04:50:06.380+0000] {taskinstance.py:2306} INFO - Starting attempt 1 of 1
[2025-04-05T04:50:06.394+0000] {taskinstance.py:2330} INFO - Executing <Task(PythonOperator): load.transform_fact_race_results> on 2025-04-03 00:00:00+00:00
[2025-04-05T04:50:06.404+0000] {logging_mixin.py:188} WARNING - /home/***/.local/lib/python3.12/site-packages/***/task/task_runner/standard_task_runner.py:61 DeprecationWarning: This process (pid=546) is multi-threaded, use of fork() may lead to deadlocks in the child.
[2025-04-05T04:50:06.405+0000] {standard_task_runner.py:63} INFO - Started process 556 to run task
[2025-04-05T04:50:06.405+0000] {standard_task_runner.py:90} INFO - Running: ['***', 'tasks', 'run', 'e_commerce_dw_etl', 'load.transform_fact_race_results', 'scheduled__2025-04-03T00:00:00+00:00', '--job-id', '62', '--raw', '--subdir', 'DAGS_FOLDER/ETL_dag.py', '--cfg-path', '/tmp/tmp820tlqb0']
[2025-04-05T04:50:06.407+0000] {standard_task_runner.py:91} INFO - Job 62: Subtask load.transform_fact_race_results
[2025-04-05T04:50:06.462+0000] {task_command.py:426} INFO - Running <TaskInstance: e_commerce_dw_etl.load.transform_fact_race_results scheduled__2025-04-03T00:00:00+00:00 [running]> on host 7b82c2aa8826
[2025-04-05T04:50:06.586+0000] {taskinstance.py:2648} INFO - Exporting env vars: AIRFLOW_CTX_DAG_OWNER='***' AIRFLOW_CTX_DAG_ID='e_commerce_dw_etl' AIRFLOW_CTX_TASK_ID='load.transform_fact_race_results' AIRFLOW_CTX_EXECUTION_DATE='2025-04-03T00:00:00+00:00' AIRFLOW_CTX_TRY_NUMBER='1' AIRFLOW_CTX_DAG_RUN_ID='scheduled__2025-04-03T00:00:00+00:00'
[2025-04-05T04:50:06.588+0000] {taskinstance.py:430} INFO - ::endgroup::
[2025-04-05T04:50:06.733+0000] {logging_mixin.py:188} INFO - Các cột trong DataFrame sau khi merge:
[2025-04-05T04:50:06.734+0000] {logging_mixin.py:188} INFO - Index(['resultId', 'raceId', 'driverId', 'constructorId', 'number', 'grid',
       'position', 'positionText', 'positionOrder', 'points', 'laps', 'time_x',
       'milliseconds', 'fastestLap', 'rank', 'fastestLapTime',
       'fastestLapSpeed', 'statusId', 'year', 'round', 'circuitId', 'name',
       'date', 'time_y', 'url', 'fp1_date', 'fp1_time', 'fp2_date', 'fp2_time',
       'fp3_date', 'fp3_time', 'quali_date', 'quali_time', 'sprint_date',
       'sprint_time'],
      dtype='object')
[2025-04-05T04:50:06.873+0000] {base.py:84} INFO - Using connection ID 'postgres_default' for task execution.
[2025-04-05T04:50:06.880+0000] {taskinstance.py:441} INFO - ::group::Post task execution logs
[2025-04-05T04:50:06.881+0000] {taskinstance.py:2905} ERROR - Task failed with exception
Traceback (most recent call last):
  File "/home/airflow/.local/lib/python3.12/site-packages/airflow/models/taskinstance.py", line 465, in _execute_task
    result = _execute_callable(context=context, **execute_callable_kwargs)
             ^^^^^^^^^^^^^^^^^^^^^^^^^^^^^^^^^^^^^^^^^^^^^^^^^^^^^^^^^^^^^
  File "/home/airflow/.local/lib/python3.12/site-packages/airflow/models/taskinstance.py", line 432, in _execute_callable
    return execute_callable(context=context, **execute_callable_kwargs)
           ^^^^^^^^^^^^^^^^^^^^^^^^^^^^^^^^^^^^^^^^^^^^^^^^^^^^^^^^^^^^
  File "/home/airflow/.local/lib/python3.12/site-packages/airflow/models/baseoperator.py", line 401, in wrapper
    return func(self, *args, **kwargs)
           ^^^^^^^^^^^^^^^^^^^^^^^^^^^
  File "/home/airflow/.local/lib/python3.12/site-packages/airflow/operators/python.py", line 235, in execute
    return_value = self.execute_callable()
                   ^^^^^^^^^^^^^^^^^^^^^^^
  File "/home/airflow/.local/lib/python3.12/site-packages/airflow/operators/python.py", line 252, in execute_callable
    return self.python_callable(*self.op_args, **self.op_kwargs)
           ^^^^^^^^^^^^^^^^^^^^^^^^^^^^^^^^^^^^^^^^^^^^^^^^^^^^^
  File "/opt/airflow/dags/transform_fact_race_results.py", line 54, in transform_fact_race_results
    warehouse_operator.create_table(create_table_qr)
  File "/opt/airflow/dags/postgresql_operator.py", line 12, in create_table
    cursor.execute(query)
psycopg2.errors.DuplicateTable: relation "fact_race_results" already exists

[2025-04-05T04:50:06.902+0000] {taskinstance.py:1206} INFO - Marking task as FAILED. dag_id=e_commerce_dw_etl, task_id=load.transform_fact_race_results, run_id=scheduled__2025-04-03T00:00:00+00:00, execution_date=20250403T000000, start_date=20250405T045006, end_date=20250405T045006
[2025-04-05T04:50:06.918+0000] {standard_task_runner.py:110} ERROR - Failed to execute job 62 for task load.transform_fact_race_results (relation "fact_race_results" already exists
; 556)
[2025-04-05T04:50:06.982+0000] {local_task_job_runner.py:240} INFO - Task exited with return code 1
[2025-04-05T04:50:07.005+0000] {taskinstance.py:3503} INFO - 0 downstream tasks scheduled from follow-on schedule check
[2025-04-05T04:50:07.008+0000] {local_task_job_runner.py:222} INFO - ::endgroup::
