[2025-04-15T07:09:01.769+0000] {local_task_job_runner.py:120} INFO - ::group::Pre task execution logs
[2025-04-15T07:09:01.815+0000] {taskinstance.py:2076} INFO - Dependencies all met for dep_context=non-requeueable deps ti=<TaskInstance: formula1-etl-pipeline.extract.extract_and_load_to_staging scheduled__2025-04-08T00:00:00+00:00 [queued]>
[2025-04-15T07:09:01.832+0000] {taskinstance.py:2076} INFO - Dependencies all met for dep_context=requeueable deps ti=<TaskInstance: formula1-etl-pipeline.extract.extract_and_load_to_staging scheduled__2025-04-08T00:00:00+00:00 [queued]>
[2025-04-15T07:09:01.833+0000] {taskinstance.py:2306} INFO - Starting attempt 1 of 1
[2025-04-15T07:09:01.853+0000] {taskinstance.py:2330} INFO - Executing <Task(PythonOperator): extract.extract_and_load_to_staging> on 2025-04-08 00:00:00+00:00
[2025-04-15T07:09:01.869+0000] {standard_task_runner.py:90} INFO - Running: ['***', 'tasks', 'run', 'formula1-etl-pipeline', 'extract.extract_and_load_to_staging', 'scheduled__2025-04-08T00:00:00+00:00', '--job-id', '13', '--raw', '--subdir', 'DAGS_FOLDER/ETL_dag.py', '--cfg-path', '/tmp/tmps62hxrpy']
[2025-04-15T07:09:01.874+0000] {standard_task_runner.py:91} INFO - Job 13: Subtask extract.extract_and_load_to_staging
[2025-04-15T07:09:01.875+0000] {logging_mixin.py:188} WARNING - /home/***/.local/lib/python3.12/site-packages/***/task/task_runner/standard_task_runner.py:61 DeprecationWarning: This process (pid=441) is multi-threaded, use of fork() may lead to deadlocks in the child.
[2025-04-15T07:09:01.877+0000] {standard_task_runner.py:63} INFO - Started process 454 to run task
[2025-04-15T07:09:01.946+0000] {task_command.py:426} INFO - Running <TaskInstance: formula1-etl-pipeline.extract.extract_and_load_to_staging scheduled__2025-04-08T00:00:00+00:00 [running]> on host e24a12ae0bf8
[2025-04-15T07:09:02.071+0000] {taskinstance.py:2648} INFO - Exporting env vars: AIRFLOW_CTX_DAG_OWNER='***' AIRFLOW_CTX_DAG_ID='formula1-etl-pipeline' AIRFLOW_CTX_TASK_ID='extract.extract_and_load_to_staging' AIRFLOW_CTX_EXECUTION_DATE='2025-04-08T00:00:00+00:00' AIRFLOW_CTX_TRY_NUMBER='1' AIRFLOW_CTX_DAG_RUN_ID='scheduled__2025-04-08T00:00:00+00:00'
[2025-04-15T07:09:02.073+0000] {taskinstance.py:430} INFO - ::endgroup::
[2025-04-15T07:09:04.662+0000] {logging_mixin.py:188} WARNING -   0%|          | 0.00/6.28M [00:00<?, ?B/s]
[2025-04-15T07:09:05.630+0000] {logging_mixin.py:188} WARNING -  16%|#5        | 1.00M/6.28M [00:00<00:05, 1.08MB/s]
[2025-04-15T07:09:05.758+0000] {logging_mixin.py:188} WARNING -  32%|###1      | 2.00M/6.28M [00:01<00:02, 2.22MB/s]
[2025-04-15T07:09:05.906+0000] {logging_mixin.py:188} WARNING -  64%|######3   | 4.00M/6.28M [00:01<00:00, 4.71MB/s]
[2025-04-15T07:09:06.040+0000] {logging_mixin.py:188} WARNING -  96%|#########5| 6.00M/6.28M [00:01<00:00, 7.02MB/s]
[2025-04-15T07:09:06.080+0000] {logging_mixin.py:188} WARNING - 100%|##########| 6.28M/6.28M [00:01<00:00, 4.65MB/s]
[2025-04-15T07:09:06.094+0000] {taskinstance.py:441} INFO - ::group::Post task execution logs
[2025-04-15T07:09:06.095+0000] {taskinstance.py:2905} ERROR - Task failed with exception
Traceback (most recent call last):
  File "/home/airflow/.local/lib/python3.12/site-packages/airflow/models/taskinstance.py", line 465, in _execute_task
    result = _execute_callable(context=context, **execute_callable_kwargs)
             ^^^^^^^^^^^^^^^^^^^^^^^^^^^^^^^^^^^^^^^^^^^^^^^^^^^^^^^^^^^^^
  File "/home/airflow/.local/lib/python3.12/site-packages/airflow/models/taskinstance.py", line 432, in _execute_callable
    return execute_callable(context=context, **execute_callable_kwargs)
           ^^^^^^^^^^^^^^^^^^^^^^^^^^^^^^^^^^^^^^^^^^^^^^^^^^^^^^^^^^^^
  File "/home/airflow/.local/lib/python3.12/site-packages/airflow/models/baseoperator.py", line 401, in wrapper
    return func(self, *args, **kwargs)
           ^^^^^^^^^^^^^^^^^^^^^^^^^^^
  File "/home/airflow/.local/lib/python3.12/site-packages/airflow/operators/python.py", line 235, in execute
    return_value = self.execute_callable()
                   ^^^^^^^^^^^^^^^^^^^^^^^
  File "/home/airflow/.local/lib/python3.12/site-packages/airflow/operators/python.py", line 252, in execute_callable
    return self.python_callable(*self.op_args, **self.op_kwargs)
           ^^^^^^^^^^^^^^^^^^^^^^^^^^^^^^^^^^^^^^^^^^^^^^^^^^^^^
  File "/opt/airflow/dags/extract_data.py", line 12, in extract_and_load_to_staging
    dataset_path = kagglehub.dataset_download("rohanrao/formula-1-world-championship-1950-2020")
                   ^^^^^^^^^^^^^^^^^^^^^^^^^^^^^^^^^^^^^^^^^^^^^^^^^^^^^^^^^^^^^^^^^^^^^^^^^^^^^
  File "/home/airflow/.local/lib/python3.12/site-packages/kagglehub/datasets.py", line 35, in dataset_download
    path, _ = registry.dataset_resolver(h, path, force_download=force_download)
              ^^^^^^^^^^^^^^^^^^^^^^^^^^^^^^^^^^^^^^^^^^^^^^^^^^^^^^^^^^^^^^^^^
  File "/home/airflow/.local/lib/python3.12/site-packages/kagglehub/registry.py", line 28, in __call__
    return impl(*args, **kwargs)
           ^^^^^^^^^^^^^^^^^^^^^
  File "/home/airflow/.local/lib/python3.12/site-packages/kagglehub/resolver.py", line 29, in __call__
    path, version = self._resolve(handle, path, force_download=force_download)
                    ^^^^^^^^^^^^^^^^^^^^^^^^^^^^^^^^^^^^^^^^^^^^^^^^^^^^^^^^^^
  File "/home/airflow/.local/lib/python3.12/site-packages/kagglehub/http_resolver.py", line 132, in _resolve
    _extract_archive(archive_path, out_path)
  File "/home/airflow/.local/lib/python3.12/site-packages/kagglehub/http_resolver.py", line 272, in _extract_archive
    raise ValueError(msg)
ValueError: Unsupported archive type.
[2025-04-15T07:09:06.128+0000] {taskinstance.py:1206} INFO - Marking task as FAILED. dag_id=formula1-etl-pipeline, task_id=extract.extract_and_load_to_staging, run_id=scheduled__2025-04-08T00:00:00+00:00, execution_date=20250408T000000, start_date=20250415T070901, end_date=20250415T070906
[2025-04-15T07:09:06.344+0000] {standard_task_runner.py:110} ERROR - Failed to execute job 13 for task extract.extract_and_load_to_staging (Unsupported archive type.; 454)
[2025-04-15T07:09:06.379+0000] {local_task_job_runner.py:240} INFO - Task exited with return code 1
[2025-04-15T07:09:06.433+0000] {taskinstance.py:3503} INFO - 0 downstream tasks scheduled from follow-on schedule check
[2025-04-15T07:09:06.465+0000] {local_task_job_runner.py:222} INFO - ::endgroup::
