[2025-04-08T09:27:36.253+0000] {local_task_job_runner.py:120} INFO - ::group::Pre task execution logs
[2025-04-08T09:27:36.353+0000] {taskinstance.py:2076} INFO - Dependencies all met for dep_context=non-requeueable deps ti=<TaskInstance: formula1-etl-pipeline.transform.transform_dim_circuits scheduled__2025-04-01T00:00:00+00:00 [queued]>
[2025-04-08T09:27:36.386+0000] {taskinstance.py:2076} INFO - Dependencies all met for dep_context=requeueable deps ti=<TaskInstance: formula1-etl-pipeline.transform.transform_dim_circuits scheduled__2025-04-01T00:00:00+00:00 [queued]>
[2025-04-08T09:27:36.387+0000] {taskinstance.py:2306} INFO - Starting attempt 1 of 1
[2025-04-08T09:27:36.443+0000] {taskinstance.py:2330} INFO - Executing <Task(PythonOperator): transform.transform_dim_circuits> on 2025-04-01 00:00:00+00:00
[2025-04-08T09:27:36.478+0000] {logging_mixin.py:188} WARNING - /home/***/.local/lib/python3.12/site-packages/***/task/task_runner/standard_task_runner.py:61 DeprecationWarning: This process (pid=673) is multi-threaded, use of fork() may lead to deadlocks in the child.
[2025-04-08T09:27:36.483+0000] {standard_task_runner.py:63} INFO - Started process 714 to run task
[2025-04-08T09:27:36.485+0000] {standard_task_runner.py:90} INFO - Running: ['***', 'tasks', 'run', 'formula1-etl-pipeline', 'transform.transform_dim_circuits', 'scheduled__2025-04-01T00:00:00+00:00', '--job-id', '35', '--raw', '--subdir', 'DAGS_FOLDER/ETL_dag.py', '--cfg-path', '/tmp/tmpo70406d1']
[2025-04-08T09:27:36.490+0000] {standard_task_runner.py:91} INFO - Job 35: Subtask transform.transform_dim_circuits
[2025-04-08T09:27:36.627+0000] {task_command.py:426} INFO - Running <TaskInstance: formula1-etl-pipeline.transform.transform_dim_circuits scheduled__2025-04-01T00:00:00+00:00 [running]> on host 1c2d39091a25
[2025-04-08T09:27:36.793+0000] {taskinstance.py:2648} INFO - Exporting env vars: AIRFLOW_CTX_DAG_OWNER='***' AIRFLOW_CTX_DAG_ID='formula1-etl-pipeline' AIRFLOW_CTX_TASK_ID='transform.transform_dim_circuits' AIRFLOW_CTX_EXECUTION_DATE='2025-04-01T00:00:00+00:00' AIRFLOW_CTX_TRY_NUMBER='1' AIRFLOW_CTX_DAG_RUN_ID='scheduled__2025-04-01T00:00:00+00:00'
[2025-04-08T09:27:36.801+0000] {taskinstance.py:430} INFO - ::endgroup::
[2025-04-08T09:27:36.821+0000] {logging_mixin.py:188} INFO - /opt/***/dataset
[2025-04-08T09:27:36.865+0000] {base.py:84} INFO - Using connection ID 'postgres_default' for task execution.
[2025-04-08T09:27:36.873+0000] {logging_mixin.py:188} INFO - Đã tạo bảng thành công.
[2025-04-08T09:27:36.892+0000] {base.py:84} INFO - Using connection ID 'postgres_default' for task execution.
[2025-04-08T09:27:36.913+0000] {logging_mixin.py:188} INFO - Lỗi khi insert dữ liệu: duplicate key value violates unique constraint "dim_circuits_pkey"
DETAIL:  Key (circuitid)=(1) already exists.
[2025-04-08T09:27:36.920+0000] {taskinstance.py:441} INFO - ::group::Post task execution logs
[2025-04-08T09:27:36.921+0000] {taskinstance.py:2905} ERROR - Task failed with exception
Traceback (most recent call last):
  File "/home/airflow/.local/lib/python3.12/site-packages/airflow/models/taskinstance.py", line 465, in _execute_task
    result = _execute_callable(context=context, **execute_callable_kwargs)
             ^^^^^^^^^^^^^^^^^^^^^^^^^^^^^^^^^^^^^^^^^^^^^^^^^^^^^^^^^^^^^
  File "/home/airflow/.local/lib/python3.12/site-packages/airflow/models/taskinstance.py", line 432, in _execute_callable
    return execute_callable(context=context, **execute_callable_kwargs)
           ^^^^^^^^^^^^^^^^^^^^^^^^^^^^^^^^^^^^^^^^^^^^^^^^^^^^^^^^^^^^
  File "/home/airflow/.local/lib/python3.12/site-packages/airflow/models/baseoperator.py", line 401, in wrapper
    return func(self, *args, **kwargs)
           ^^^^^^^^^^^^^^^^^^^^^^^^^^^
  File "/home/airflow/.local/lib/python3.12/site-packages/airflow/operators/python.py", line 235, in execute
    return_value = self.execute_callable()
                   ^^^^^^^^^^^^^^^^^^^^^^^
  File "/home/airflow/.local/lib/python3.12/site-packages/airflow/operators/python.py", line 252, in execute_callable
    return self.python_callable(*self.op_args, **self.op_kwargs)
           ^^^^^^^^^^^^^^^^^^^^^^^^^^^^^^^^^^^^^^^^^^^^^^^^^^^^^
  File "/opt/airflow/dags/transform_dim_circuits.py", line 40, in transform_dim_circuits
    warehouse_operator.insert_table(insert_table_querry, dim_circuits_df)
  File "/opt/airflow/dags/postgresql_operator.py", line 35, in insert_table
    cursor.executemany(query, values)
psycopg2.errors.UniqueViolation: duplicate key value violates unique constraint "dim_circuits_pkey"
DETAIL:  Key (circuitid)=(1) already exists.

[2025-04-08T09:27:36.943+0000] {taskinstance.py:1206} INFO - Marking task as FAILED. dag_id=formula1-etl-pipeline, task_id=transform.transform_dim_circuits, run_id=scheduled__2025-04-01T00:00:00+00:00, execution_date=20250401T000000, start_date=20250408T092736, end_date=20250408T092736
[2025-04-08T09:27:36.966+0000] {standard_task_runner.py:110} ERROR - Failed to execute job 35 for task transform.transform_dim_circuits (duplicate key value violates unique constraint "dim_circuits_pkey"
DETAIL:  Key (circuitid)=(1) already exists.
; 714)
[2025-04-08T09:27:36.992+0000] {local_task_job_runner.py:240} INFO - Task exited with return code 1
[2025-04-08T09:27:37.015+0000] {local_task_job_runner.py:222} INFO - ::endgroup::
[2025-04-08T10:10:11.438+0000] {local_task_job_runner.py:120} INFO - ::group::Pre task execution logs
[2025-04-08T10:10:11.476+0000] {taskinstance.py:2076} INFO - Dependencies all met for dep_context=non-requeueable deps ti=<TaskInstance: formula1-etl-pipeline.transform.transform_dim_circuits scheduled__2025-04-01T00:00:00+00:00 [queued]>
[2025-04-08T10:10:11.485+0000] {taskinstance.py:2076} INFO - Dependencies all met for dep_context=requeueable deps ti=<TaskInstance: formula1-etl-pipeline.transform.transform_dim_circuits scheduled__2025-04-01T00:00:00+00:00 [queued]>
[2025-04-08T10:10:11.485+0000] {taskinstance.py:2306} INFO - Starting attempt 1 of 1
[2025-04-08T10:10:11.501+0000] {taskinstance.py:2330} INFO - Executing <Task(PythonOperator): transform.transform_dim_circuits> on 2025-04-01 00:00:00+00:00
[2025-04-08T10:10:11.514+0000] {standard_task_runner.py:90} INFO - Running: ['***', 'tasks', 'run', 'formula1-etl-pipeline', 'transform.transform_dim_circuits', 'scheduled__2025-04-01T00:00:00+00:00', '--job-id', '15', '--raw', '--subdir', 'DAGS_FOLDER/ETL_dag.py', '--cfg-path', '/tmp/tmps0sfmun6']
[2025-04-08T10:10:11.518+0000] {standard_task_runner.py:91} INFO - Job 15: Subtask transform.transform_dim_circuits
[2025-04-08T10:10:11.518+0000] {logging_mixin.py:188} WARNING - /home/***/.local/lib/python3.12/site-packages/***/task/task_runner/standard_task_runner.py:61 DeprecationWarning: This process (pid=464) is multi-threaded, use of fork() may lead to deadlocks in the child.
[2025-04-08T10:10:11.519+0000] {standard_task_runner.py:63} INFO - Started process 474 to run task
[2025-04-08T10:10:11.576+0000] {task_command.py:426} INFO - Running <TaskInstance: formula1-etl-pipeline.transform.transform_dim_circuits scheduled__2025-04-01T00:00:00+00:00 [running]> on host 38a05d0acc45
[2025-04-08T10:10:11.692+0000] {taskinstance.py:2648} INFO - Exporting env vars: AIRFLOW_CTX_DAG_OWNER='***' AIRFLOW_CTX_DAG_ID='formula1-etl-pipeline' AIRFLOW_CTX_TASK_ID='transform.transform_dim_circuits' AIRFLOW_CTX_EXECUTION_DATE='2025-04-01T00:00:00+00:00' AIRFLOW_CTX_TRY_NUMBER='1' AIRFLOW_CTX_DAG_RUN_ID='scheduled__2025-04-01T00:00:00+00:00'
[2025-04-08T10:10:11.694+0000] {taskinstance.py:430} INFO - ::endgroup::
[2025-04-08T10:10:11.710+0000] {logging_mixin.py:188} INFO - /opt/***/dataset
[2025-04-08T10:10:11.730+0000] {base.py:84} INFO - Using connection ID 'postgres_default' for task execution.
[2025-04-08T10:10:11.743+0000] {logging_mixin.py:188} INFO - Đã tạo bảng thành công.
[2025-04-08T10:10:11.755+0000] {base.py:84} INFO - Using connection ID 'postgres_default' for task execution.
[2025-04-08T10:10:11.782+0000] {logging_mixin.py:188} INFO - Đã transform và lưu dữ liệu vào bảng.
[2025-04-08T10:10:11.783+0000] {python.py:237} INFO - Done. Returned value was: None
[2025-04-08T10:10:11.783+0000] {taskinstance.py:441} INFO - ::group::Post task execution logs
[2025-04-08T10:10:11.793+0000] {taskinstance.py:1206} INFO - Marking task as SUCCESS. dag_id=formula1-etl-pipeline, task_id=transform.transform_dim_circuits, run_id=scheduled__2025-04-01T00:00:00+00:00, execution_date=20250401T000000, start_date=20250408T101011, end_date=20250408T101011
[2025-04-08T10:10:11.814+0000] {local_task_job_runner.py:240} INFO - Task exited with return code 0
[2025-04-08T10:10:11.823+0000] {local_task_job_runner.py:222} INFO - ::endgroup::
