[2025-04-08T10:11:45.166+0000] {local_task_job_runner.py:120} INFO - ::group::Pre task execution logs
[2025-04-08T10:11:45.197+0000] {taskinstance.py:2076} INFO - Dependencies all met for dep_context=non-requeueable deps ti=<TaskInstance: formula1-etl-pipeline.transform.transform_dim_constructors manual__2025-04-08T10:11:42.305225+00:00 [queued]>
[2025-04-08T10:11:45.205+0000] {taskinstance.py:2076} INFO - Dependencies all met for dep_context=requeueable deps ti=<TaskInstance: formula1-etl-pipeline.transform.transform_dim_constructors manual__2025-04-08T10:11:42.305225+00:00 [queued]>
[2025-04-08T10:11:45.205+0000] {taskinstance.py:2306} INFO - Starting attempt 1 of 1
[2025-04-08T10:11:45.217+0000] {taskinstance.py:2330} INFO - Executing <Task(PythonOperator): transform.transform_dim_constructors> on 2025-04-08 10:11:42.305225+00:00
[2025-04-08T10:11:45.227+0000] {standard_task_runner.py:90} INFO - Running: ['***', 'tasks', 'run', 'formula1-etl-pipeline', 'transform.transform_dim_constructors', 'manual__2025-04-08T10:11:42.305225+00:00', '--job-id', '23', '--raw', '--subdir', 'DAGS_FOLDER/ETL_dag.py', '--cfg-path', '/tmp/tmpgnq95uhl']
[2025-04-08T10:11:45.230+0000] {standard_task_runner.py:91} INFO - Job 23: Subtask transform.transform_dim_constructors
[2025-04-08T10:11:45.231+0000] {logging_mixin.py:188} WARNING - /home/***/.local/lib/python3.12/site-packages/***/task/task_runner/standard_task_runner.py:61 DeprecationWarning: This process (pid=662) is multi-threaded, use of fork() may lead to deadlocks in the child.
[2025-04-08T10:11:45.231+0000] {standard_task_runner.py:63} INFO - Started process 674 to run task
[2025-04-08T10:11:45.281+0000] {task_command.py:426} INFO - Running <TaskInstance: formula1-etl-pipeline.transform.transform_dim_constructors manual__2025-04-08T10:11:42.305225+00:00 [running]> on host 38a05d0acc45
[2025-04-08T10:11:45.377+0000] {taskinstance.py:2648} INFO - Exporting env vars: AIRFLOW_CTX_DAG_OWNER='***' AIRFLOW_CTX_DAG_ID='formula1-etl-pipeline' AIRFLOW_CTX_TASK_ID='transform.transform_dim_constructors' AIRFLOW_CTX_EXECUTION_DATE='2025-04-08T10:11:42.305225+00:00' AIRFLOW_CTX_TRY_NUMBER='1' AIRFLOW_CTX_DAG_RUN_ID='manual__2025-04-08T10:11:42.305225+00:00'
[2025-04-08T10:11:45.378+0000] {taskinstance.py:430} INFO - ::endgroup::
[2025-04-08T10:11:45.410+0000] {base.py:84} INFO - Using connection ID 'postgres_default' for task execution.
[2025-04-08T10:11:45.415+0000] {logging_mixin.py:188} INFO - Đã tạo bảng thành công.
[2025-04-08T10:11:45.436+0000] {base.py:84} INFO - Using connection ID 'postgres_default' for task execution.
[2025-04-08T10:11:45.489+0000] {logging_mixin.py:188} INFO - Đã transform và lưu dữ liệu vào bảng.
[2025-04-08T10:11:45.490+0000] {python.py:237} INFO - Done. Returned value was: None
[2025-04-08T10:11:45.491+0000] {taskinstance.py:441} INFO - ::group::Post task execution logs
[2025-04-08T10:11:45.500+0000] {taskinstance.py:1206} INFO - Marking task as SUCCESS. dag_id=formula1-etl-pipeline, task_id=transform.transform_dim_constructors, run_id=manual__2025-04-08T10:11:42.305225+00:00, execution_date=20250408T101142, start_date=20250408T101145, end_date=20250408T101145
[2025-04-08T10:11:45.526+0000] {local_task_job_runner.py:240} INFO - Task exited with return code 0
[2025-04-08T10:11:45.536+0000] {local_task_job_runner.py:222} INFO - ::endgroup::
