[2025-04-08T10:11:45.198+0000] {local_task_job_runner.py:120} INFO - ::group::Pre task execution logs
[2025-04-08T10:11:45.229+0000] {taskinstance.py:2076} INFO - Dependencies all met for dep_context=non-requeueable deps ti=<TaskInstance: formula1-etl-pipeline.transform.transform_dim_drivers manual__2025-04-08T10:11:42.305225+00:00 [queued]>
[2025-04-08T10:11:45.239+0000] {taskinstance.py:2076} INFO - Dependencies all met for dep_context=requeueable deps ti=<TaskInstance: formula1-etl-pipeline.transform.transform_dim_drivers manual__2025-04-08T10:11:42.305225+00:00 [queued]>
[2025-04-08T10:11:45.240+0000] {taskinstance.py:2306} INFO - Starting attempt 1 of 1
[2025-04-08T10:11:45.254+0000] {taskinstance.py:2330} INFO - Executing <Task(PythonOperator): transform.transform_dim_drivers> on 2025-04-08 10:11:42.305225+00:00
[2025-04-08T10:11:45.264+0000] {standard_task_runner.py:90} INFO - Running: ['***', 'tasks', 'run', 'formula1-etl-pipeline', 'transform.transform_dim_drivers', 'manual__2025-04-08T10:11:42.305225+00:00', '--job-id', '25', '--raw', '--subdir', 'DAGS_FOLDER/ETL_dag.py', '--cfg-path', '/tmp/tmp515z3jzm']
[2025-04-08T10:11:45.266+0000] {standard_task_runner.py:91} INFO - Job 25: Subtask transform.transform_dim_drivers
[2025-04-08T10:11:45.269+0000] {logging_mixin.py:188} WARNING - /home/***/.local/lib/python3.12/site-packages/***/task/task_runner/standard_task_runner.py:61 DeprecationWarning: This process (pid=665) is multi-threaded, use of fork() may lead to deadlocks in the child.
[2025-04-08T10:11:45.270+0000] {standard_task_runner.py:63} INFO - Started process 678 to run task
[2025-04-08T10:11:45.316+0000] {task_command.py:426} INFO - Running <TaskInstance: formula1-etl-pipeline.transform.transform_dim_drivers manual__2025-04-08T10:11:42.305225+00:00 [running]> on host 38a05d0acc45
[2025-04-08T10:11:45.406+0000] {taskinstance.py:2648} INFO - Exporting env vars: AIRFLOW_CTX_DAG_OWNER='***' AIRFLOW_CTX_DAG_ID='formula1-etl-pipeline' AIRFLOW_CTX_TASK_ID='transform.transform_dim_drivers' AIRFLOW_CTX_EXECUTION_DATE='2025-04-08T10:11:42.305225+00:00' AIRFLOW_CTX_TRY_NUMBER='1' AIRFLOW_CTX_DAG_RUN_ID='manual__2025-04-08T10:11:42.305225+00:00'
[2025-04-08T10:11:45.407+0000] {taskinstance.py:430} INFO - ::endgroup::
[2025-04-08T10:11:45.457+0000] {base.py:84} INFO - Using connection ID 'postgres_default' for task execution.
[2025-04-08T10:11:45.462+0000] {logging_mixin.py:188} INFO - Đã tạo bảng thành công.
[2025-04-08T10:11:45.527+0000] {base.py:84} INFO - Using connection ID 'postgres_default' for task execution.
[2025-04-08T10:11:45.726+0000] {logging_mixin.py:188} INFO - Đã transform và lưu dữ liệu vào bảng.
[2025-04-08T10:11:45.728+0000] {python.py:237} INFO - Done. Returned value was: None
[2025-04-08T10:11:45.729+0000] {taskinstance.py:441} INFO - ::group::Post task execution logs
[2025-04-08T10:11:45.736+0000] {taskinstance.py:1206} INFO - Marking task as SUCCESS. dag_id=formula1-etl-pipeline, task_id=transform.transform_dim_drivers, run_id=manual__2025-04-08T10:11:42.305225+00:00, execution_date=20250408T101142, start_date=20250408T101145, end_date=20250408T101145
[2025-04-08T10:11:45.765+0000] {local_task_job_runner.py:240} INFO - Task exited with return code 0
[2025-04-08T10:11:45.787+0000] {taskinstance.py:3503} INFO - 0 downstream tasks scheduled from follow-on schedule check
[2025-04-08T10:11:45.789+0000] {local_task_job_runner.py:222} INFO - ::endgroup::
