[2025-04-05T04:34:43.945+0000] {local_task_job_runner.py:120} INFO - ::group::Pre task execution logs
[2025-04-05T04:34:43.992+0000] {taskinstance.py:2076} INFO - Dependencies all met for dep_context=non-requeueable deps ti=<TaskInstance: e_commerce_dw_etl.extract.extract_and_load_to_staging manual__2025-04-05T04:34:42.525484+00:00 [queued]>
[2025-04-05T04:34:44.002+0000] {taskinstance.py:2076} INFO - Dependencies all met for dep_context=requeueable deps ti=<TaskInstance: e_commerce_dw_etl.extract.extract_and_load_to_staging manual__2025-04-05T04:34:42.525484+00:00 [queued]>
[2025-04-05T04:34:44.003+0000] {taskinstance.py:2306} INFO - Starting attempt 1 of 1
[2025-04-05T04:34:44.017+0000] {taskinstance.py:2330} INFO - Executing <Task(PythonOperator): extract.extract_and_load_to_staging> on 2025-04-05 04:34:42.525484+00:00
[2025-04-05T04:34:44.029+0000] {standard_task_runner.py:90} INFO - Running: ['***', 'tasks', 'run', 'e_commerce_dw_etl', 'extract.extract_and_load_to_staging', 'manual__2025-04-05T04:34:42.525484+00:00', '--job-id', '5', '--raw', '--subdir', 'DAGS_FOLDER/ETL_dag.py', '--cfg-path', '/tmp/tmp_xnh1_am']
[2025-04-05T04:34:44.033+0000] {standard_task_runner.py:91} INFO - Job 5: Subtask extract.extract_and_load_to_staging
[2025-04-05T04:34:44.034+0000] {logging_mixin.py:188} WARNING - /home/***/.local/lib/python3.12/site-packages/***/task/task_runner/standard_task_runner.py:61 DeprecationWarning: This process (pid=310) is multi-threaded, use of fork() may lead to deadlocks in the child.
[2025-04-05T04:34:44.035+0000] {standard_task_runner.py:63} INFO - Started process 327 to run task
[2025-04-05T04:34:44.095+0000] {task_command.py:426} INFO - Running <TaskInstance: e_commerce_dw_etl.extract.extract_and_load_to_staging manual__2025-04-05T04:34:42.525484+00:00 [running]> on host 0076f80062a6
[2025-04-05T04:34:44.201+0000] {taskinstance.py:2648} INFO - Exporting env vars: AIRFLOW_CTX_DAG_OWNER='***' AIRFLOW_CTX_DAG_ID='e_commerce_dw_etl' AIRFLOW_CTX_TASK_ID='extract.extract_and_load_to_staging' AIRFLOW_CTX_EXECUTION_DATE='2025-04-05T04:34:42.525484+00:00' AIRFLOW_CTX_TRY_NUMBER='1' AIRFLOW_CTX_DAG_RUN_ID='manual__2025-04-05T04:34:42.525484+00:00'
[2025-04-05T04:34:44.202+0000] {taskinstance.py:430} INFO - ::endgroup::
[2025-04-05T04:34:45.347+0000] {logging_mixin.py:188} INFO - Tệp pit_stops.csv đã tồn tại tại /opt/***/dataset, không di chuyển.
[2025-04-05T04:34:45.348+0000] {logging_mixin.py:188} INFO - Tệp qualifying.csv đã tồn tại tại /opt/***/dataset, không di chuyển.
[2025-04-05T04:34:45.350+0000] {logging_mixin.py:188} INFO - Tệp races.csv đã tồn tại tại /opt/***/dataset, không di chuyển.
[2025-04-05T04:34:45.351+0000] {logging_mixin.py:188} INFO - Tệp results.csv đã tồn tại tại /opt/***/dataset, không di chuyển.
[2025-04-05T04:34:45.353+0000] {logging_mixin.py:188} INFO - Tệp seasons.csv đã tồn tại tại /opt/***/dataset, không di chuyển.
[2025-04-05T04:34:45.354+0000] {logging_mixin.py:188} INFO - Tệp sprint_results.csv đã tồn tại tại /opt/***/dataset, không di chuyển.
[2025-04-05T04:34:45.355+0000] {logging_mixin.py:188} INFO - Tệp status.csv đã tồn tại tại /opt/***/dataset, không di chuyển.
[2025-04-05T04:34:45.355+0000] {python.py:237} INFO - Done. Returned value was: None
[2025-04-05T04:34:45.356+0000] {taskinstance.py:441} INFO - ::group::Post task execution logs
[2025-04-05T04:34:45.364+0000] {taskinstance.py:1206} INFO - Marking task as SUCCESS. dag_id=e_commerce_dw_etl, task_id=extract.extract_and_load_to_staging, run_id=manual__2025-04-05T04:34:42.525484+00:00, execution_date=20250405T043442, start_date=20250405T043443, end_date=20250405T043445
[2025-04-05T04:34:45.414+0000] {local_task_job_runner.py:240} INFO - Task exited with return code 0
[2025-04-05T04:34:45.432+0000] {taskinstance.py:3503} INFO - 1 downstream tasks scheduled from follow-on schedule check
[2025-04-05T04:34:45.433+0000] {local_task_job_runner.py:222} INFO - ::endgroup::
