[2025-04-05T04:45:16.815+0000] {local_task_job_runner.py:120} INFO - ::group::Pre task execution logs
[2025-04-05T04:45:16.842+0000] {taskinstance.py:2076} INFO - Dependencies all met for dep_context=non-requeueable deps ti=<TaskInstance: e_commerce_dw_etl.load.transform_fact_race_results manual__2025-04-05T04:45:13.791338+00:00 [queued]>
[2025-04-05T04:45:16.850+0000] {taskinstance.py:2076} INFO - Dependencies all met for dep_context=requeueable deps ti=<TaskInstance: e_commerce_dw_etl.load.transform_fact_race_results manual__2025-04-05T04:45:13.791338+00:00 [queued]>
[2025-04-05T04:45:16.850+0000] {taskinstance.py:2306} INFO - Starting attempt 1 of 1
[2025-04-05T04:45:16.861+0000] {taskinstance.py:2330} INFO - Executing <Task(PythonOperator): load.transform_fact_race_results> on 2025-04-05 04:45:13.791338+00:00
[2025-04-05T04:45:16.869+0000] {standard_task_runner.py:90} INFO - Running: ['***', 'tasks', 'run', 'e_commerce_dw_etl', 'load.transform_fact_race_results', 'manual__2025-04-05T04:45:13.791338+00:00', '--job-id', '28', '--raw', '--subdir', 'DAGS_FOLDER/ETL_dag.py', '--cfg-path', '/tmp/tmp2kicsk3z']
[2025-04-05T04:45:16.871+0000] {standard_task_runner.py:91} INFO - Job 28: Subtask load.transform_fact_race_results
[2025-04-05T04:45:16.871+0000] {logging_mixin.py:188} WARNING - /home/***/.local/lib/python3.12/site-packages/***/task/task_runner/standard_task_runner.py:61 DeprecationWarning: This process (pid=377) is multi-threaded, use of fork() may lead to deadlocks in the child.
[2025-04-05T04:45:16.872+0000] {standard_task_runner.py:63} INFO - Started process 379 to run task
[2025-04-05T04:45:16.907+0000] {task_command.py:426} INFO - Running <TaskInstance: e_commerce_dw_etl.load.transform_fact_race_results manual__2025-04-05T04:45:13.791338+00:00 [running]> on host c13d810941d8
[2025-04-05T04:45:16.973+0000] {taskinstance.py:2648} INFO - Exporting env vars: AIRFLOW_CTX_DAG_OWNER='***' AIRFLOW_CTX_DAG_ID='e_commerce_dw_etl' AIRFLOW_CTX_TASK_ID='load.transform_fact_race_results' AIRFLOW_CTX_EXECUTION_DATE='2025-04-05T04:45:13.791338+00:00' AIRFLOW_CTX_TRY_NUMBER='1' AIRFLOW_CTX_DAG_RUN_ID='manual__2025-04-05T04:45:13.791338+00:00'
[2025-04-05T04:45:16.974+0000] {taskinstance.py:430} INFO - ::endgroup::
[2025-04-05T04:45:17.063+0000] {logging_mixin.py:188} INFO - Các cột trong DataFrame sau khi merge:
[2025-04-05T04:45:17.063+0000] {logging_mixin.py:188} INFO - Index(['resultId', 'raceId', 'driverId', 'constructorId', 'number', 'grid',
       'position', 'positionText', 'positionOrder', 'points', 'laps', 'time_x',
       'milliseconds', 'fastestLap', 'rank', 'fastestLapTime',
       'fastestLapSpeed', 'statusId', 'year', 'round', 'circuitId', 'name',
       'date', 'time_y', 'url', 'fp1_date', 'fp1_time', 'fp2_date', 'fp2_time',
       'fp3_date', 'fp3_time', 'quali_date', 'quali_time', 'sprint_date',
       'sprint_time'],
      dtype='object')
[2025-04-05T04:45:17.162+0000] {base.py:84} INFO - Using connection ID 'postgres_default' for task execution.
[2025-04-05T04:45:17.178+0000] {taskinstance.py:441} INFO - ::group::Post task execution logs
[2025-04-05T04:45:17.178+0000] {taskinstance.py:2905} ERROR - Task failed with exception
Traceback (most recent call last):
  File "/home/airflow/.local/lib/python3.12/site-packages/airflow/models/taskinstance.py", line 465, in _execute_task
    result = _execute_callable(context=context, **execute_callable_kwargs)
             ^^^^^^^^^^^^^^^^^^^^^^^^^^^^^^^^^^^^^^^^^^^^^^^^^^^^^^^^^^^^^
  File "/home/airflow/.local/lib/python3.12/site-packages/airflow/models/taskinstance.py", line 432, in _execute_callable
    return execute_callable(context=context, **execute_callable_kwargs)
           ^^^^^^^^^^^^^^^^^^^^^^^^^^^^^^^^^^^^^^^^^^^^^^^^^^^^^^^^^^^^
  File "/home/airflow/.local/lib/python3.12/site-packages/airflow/models/baseoperator.py", line 401, in wrapper
    return func(self, *args, **kwargs)
           ^^^^^^^^^^^^^^^^^^^^^^^^^^^
  File "/home/airflow/.local/lib/python3.12/site-packages/airflow/operators/python.py", line 235, in execute
    return_value = self.execute_callable()
                   ^^^^^^^^^^^^^^^^^^^^^^^
  File "/home/airflow/.local/lib/python3.12/site-packages/airflow/operators/python.py", line 252, in execute_callable
    return self.python_callable(*self.op_args, **self.op_kwargs)
           ^^^^^^^^^^^^^^^^^^^^^^^^^^^^^^^^^^^^^^^^^^^^^^^^^^^^^
  File "/opt/airflow/dags/transform_fact_race_results.py", line 54, in transform_fact_race_results
    warehouse_operator.create_table(create_table_qr)
  File "/opt/airflow/dags/postgresql_operator.py", line 12, in create_table
    cursor.execute(query)
psycopg2.errors.UndefinedTable: relation "dim_circuits" does not exist

[2025-04-05T04:45:17.195+0000] {taskinstance.py:1206} INFO - Marking task as FAILED. dag_id=e_commerce_dw_etl, task_id=load.transform_fact_race_results, run_id=manual__2025-04-05T04:45:13.791338+00:00, execution_date=20250405T044513, start_date=20250405T044516, end_date=20250405T044517
[2025-04-05T04:45:17.208+0000] {standard_task_runner.py:110} ERROR - Failed to execute job 28 for task load.transform_fact_race_results (relation "dim_circuits" does not exist
; 379)
[2025-04-05T04:45:17.246+0000] {local_task_job_runner.py:240} INFO - Task exited with return code 1
[2025-04-05T04:45:17.262+0000] {taskinstance.py:3503} INFO - 0 downstream tasks scheduled from follow-on schedule check
[2025-04-05T04:45:17.263+0000] {local_task_job_runner.py:222} INFO - ::endgroup::
