[2025-04-04T19:20:00.222+0000] {local_task_job_runner.py:120} INFO - ::group::Pre task execution logs
[2025-04-04T19:20:00.249+0000] {taskinstance.py:2076} INFO - Dependencies all met for dep_context=non-requeueable deps ti=<TaskInstance: e_commerce_dw_etl.transform.transform_dim_constructors manual__2025-04-04T19:19:56.797919+00:00 [queued]>
[2025-04-04T19:20:00.257+0000] {taskinstance.py:2076} INFO - Dependencies all met for dep_context=requeueable deps ti=<TaskInstance: e_commerce_dw_etl.transform.transform_dim_constructors manual__2025-04-04T19:19:56.797919+00:00 [queued]>
[2025-04-04T19:20:00.258+0000] {taskinstance.py:2306} INFO - Starting attempt 1 of 1
[2025-04-04T19:20:00.269+0000] {taskinstance.py:2330} INFO - Executing <Task(PythonOperator): transform.transform_dim_constructors> on 2025-04-04 19:19:56.797919+00:00
[2025-04-04T19:20:00.277+0000] {standard_task_runner.py:90} INFO - Running: ['***', 'tasks', 'run', 'e_commerce_dw_etl', 'transform.transform_dim_constructors', 'manual__2025-04-04T19:19:56.797919+00:00', '--job-id', '49', '--raw', '--subdir', 'DAGS_FOLDER/ETL_dag.py', '--cfg-path', '/tmp/tmp91mtmx2f']
[2025-04-04T19:20:00.280+0000] {standard_task_runner.py:91} INFO - Job 49: Subtask transform.transform_dim_constructors
[2025-04-04T19:20:00.281+0000] {logging_mixin.py:188} WARNING - /home/***/.local/lib/python3.12/site-packages/***/task/task_runner/standard_task_runner.py:61 DeprecationWarning: This process (pid=315) is multi-threaded, use of fork() may lead to deadlocks in the child.
[2025-04-04T19:20:00.282+0000] {standard_task_runner.py:63} INFO - Started process 321 to run task
[2025-04-04T19:20:00.321+0000] {task_command.py:426} INFO - Running <TaskInstance: e_commerce_dw_etl.transform.transform_dim_constructors manual__2025-04-04T19:19:56.797919+00:00 [running]> on host c7fa9b0a6c91
[2025-04-04T19:20:00.401+0000] {taskinstance.py:2648} INFO - Exporting env vars: AIRFLOW_CTX_DAG_OWNER='***' AIRFLOW_CTX_DAG_ID='e_commerce_dw_etl' AIRFLOW_CTX_TASK_ID='transform.transform_dim_constructors' AIRFLOW_CTX_EXECUTION_DATE='2025-04-04T19:19:56.797919+00:00' AIRFLOW_CTX_TRY_NUMBER='1' AIRFLOW_CTX_DAG_RUN_ID='manual__2025-04-04T19:19:56.797919+00:00'
[2025-04-04T19:20:00.402+0000] {taskinstance.py:430} INFO - ::endgroup::
[2025-04-04T19:20:00.431+0000] {base.py:84} INFO - Using connection ID 'postgres_default' for task execution.
[2025-04-04T19:20:00.441+0000] {base.py:84} INFO - Using connection ID 'postgres_default' for task execution.
[2025-04-04T19:20:00.454+0000] {logging_mixin.py:188} INFO - Lỗi khi insert dữ liệu: duplicate key value violates unique constraint "dim_constructors_pkey"
DETAIL:  Key (constructorid)=(1) already exists.
[2025-04-04T19:20:00.455+0000] {python.py:237} INFO - Done. Returned value was: None
[2025-04-04T19:20:00.455+0000] {taskinstance.py:441} INFO - ::group::Post task execution logs
[2025-04-04T19:20:00.464+0000] {taskinstance.py:1206} INFO - Marking task as SUCCESS. dag_id=e_commerce_dw_etl, task_id=transform.transform_dim_constructors, run_id=manual__2025-04-04T19:19:56.797919+00:00, execution_date=20250404T191956, start_date=20250404T192000, end_date=20250404T192000
[2025-04-04T19:20:00.495+0000] {local_task_job_runner.py:240} INFO - Task exited with return code 0
[2025-04-04T19:20:00.511+0000] {taskinstance.py:3503} INFO - 0 downstream tasks scheduled from follow-on schedule check
[2025-04-04T19:20:00.512+0000] {local_task_job_runner.py:222} INFO - ::endgroup::
