[2025-04-05T04:29:48.235+0000] {processor.py:161} INFO - Started process (PID=233) to work on /opt/airflow/dags/example.py
[2025-04-05T04:29:48.236+0000] {processor.py:830} INFO - Processing file /opt/airflow/dags/example.py for tasks to queue
[2025-04-05T04:29:48.237+0000] {logging_mixin.py:188} INFO - [2025-04-05T04:29:48.237+0000] {dagbag.py:545} INFO - Filling up the DagBag from /opt/airflow/dags/example.py
[2025-04-05T04:29:48.250+0000] {processor.py:840} INFO - DAG(s) 'hello_airflow' retrieved from /opt/airflow/dags/example.py
[2025-04-05T04:29:48.346+0000] {logging_mixin.py:188} INFO - [2025-04-05T04:29:48.345+0000] {override.py:1829} INFO - Created Permission View: can edit on DAG:hello_airflow
[2025-04-05T04:29:48.354+0000] {logging_mixin.py:188} INFO - [2025-04-05T04:29:48.354+0000] {override.py:1829} INFO - Created Permission View: can delete on DAG:hello_airflow
[2025-04-05T04:29:48.360+0000] {logging_mixin.py:188} INFO - [2025-04-05T04:29:48.359+0000] {override.py:1829} INFO - Created Permission View: can read on DAG:hello_airflow
[2025-04-05T04:29:48.360+0000] {logging_mixin.py:188} INFO - [2025-04-05T04:29:48.360+0000] {dag.py:3096} INFO - Sync 1 DAGs
[2025-04-05T04:29:48.370+0000] {logging_mixin.py:188} INFO - [2025-04-05T04:29:48.370+0000] {dag.py:3118} INFO - Creating ORM DAG for hello_airflow
[2025-04-05T04:29:48.380+0000] {logging_mixin.py:188} INFO - [2025-04-05T04:29:48.379+0000] {dag.py:3954} INFO - Setting next_dagrun for hello_airflow to 2024-03-23 00:00:00+00:00, run_after=2024-03-24 00:00:00+00:00
[2025-04-05T04:29:48.393+0000] {processor.py:183} INFO - Processing /opt/airflow/dags/example.py took 0.162 seconds
[2025-04-05T04:30:19.223+0000] {processor.py:161} INFO - Started process (PID=300) to work on /opt/airflow/dags/example.py
[2025-04-05T04:30:19.224+0000] {processor.py:830} INFO - Processing file /opt/airflow/dags/example.py for tasks to queue
[2025-04-05T04:30:19.225+0000] {logging_mixin.py:188} INFO - [2025-04-05T04:30:19.225+0000] {dagbag.py:545} INFO - Filling up the DagBag from /opt/airflow/dags/example.py
[2025-04-05T04:30:19.238+0000] {processor.py:840} INFO - DAG(s) 'hello_airflow' retrieved from /opt/airflow/dags/example.py
[2025-04-05T04:30:19.262+0000] {logging_mixin.py:188} INFO - [2025-04-05T04:30:19.261+0000] {dag.py:3096} INFO - Sync 1 DAGs
[2025-04-05T04:30:19.282+0000] {logging_mixin.py:188} INFO - [2025-04-05T04:30:19.281+0000] {dag.py:3954} INFO - Setting next_dagrun for hello_airflow to 2024-03-23 00:00:00+00:00, run_after=2024-03-24 00:00:00+00:00
[2025-04-05T04:30:19.299+0000] {processor.py:183} INFO - Processing /opt/airflow/dags/example.py took 0.080 seconds
[2025-04-05T04:30:50.536+0000] {processor.py:161} INFO - Started process (PID=363) to work on /opt/airflow/dags/example.py
[2025-04-05T04:30:50.537+0000] {processor.py:830} INFO - Processing file /opt/airflow/dags/example.py for tasks to queue
[2025-04-05T04:30:50.538+0000] {logging_mixin.py:188} INFO - [2025-04-05T04:30:50.538+0000] {dagbag.py:545} INFO - Filling up the DagBag from /opt/airflow/dags/example.py
[2025-04-05T04:30:50.550+0000] {processor.py:840} INFO - DAG(s) 'hello_airflow' retrieved from /opt/airflow/dags/example.py
[2025-04-05T04:30:50.570+0000] {logging_mixin.py:188} INFO - [2025-04-05T04:30:50.570+0000] {dag.py:3096} INFO - Sync 1 DAGs
[2025-04-05T04:30:50.587+0000] {logging_mixin.py:188} INFO - [2025-04-05T04:30:50.587+0000] {dag.py:3954} INFO - Setting next_dagrun for hello_airflow to 2024-03-23 00:00:00+00:00, run_after=2024-03-24 00:00:00+00:00
[2025-04-05T04:30:50.601+0000] {processor.py:183} INFO - Processing /opt/airflow/dags/example.py took 0.068 seconds
[2025-04-05T04:31:22.082+0000] {processor.py:161} INFO - Started process (PID=426) to work on /opt/airflow/dags/example.py
[2025-04-05T04:31:22.083+0000] {processor.py:830} INFO - Processing file /opt/airflow/dags/example.py for tasks to queue
[2025-04-05T04:31:22.084+0000] {logging_mixin.py:188} INFO - [2025-04-05T04:31:22.084+0000] {dagbag.py:545} INFO - Filling up the DagBag from /opt/airflow/dags/example.py
[2025-04-05T04:31:22.101+0000] {processor.py:840} INFO - DAG(s) 'hello_airflow' retrieved from /opt/airflow/dags/example.py
[2025-04-05T04:31:22.136+0000] {logging_mixin.py:188} INFO - [2025-04-05T04:31:22.135+0000] {dag.py:3096} INFO - Sync 1 DAGs
[2025-04-05T04:31:22.165+0000] {logging_mixin.py:188} INFO - [2025-04-05T04:31:22.164+0000] {dag.py:3954} INFO - Setting next_dagrun for hello_airflow to 2024-03-23 00:00:00+00:00, run_after=2024-03-24 00:00:00+00:00
[2025-04-05T04:31:22.192+0000] {processor.py:183} INFO - Processing /opt/airflow/dags/example.py took 0.117 seconds
[2025-04-05T04:31:53.408+0000] {processor.py:161} INFO - Started process (PID=493) to work on /opt/airflow/dags/example.py
[2025-04-05T04:31:53.409+0000] {processor.py:830} INFO - Processing file /opt/airflow/dags/example.py for tasks to queue
[2025-04-05T04:31:53.410+0000] {logging_mixin.py:188} INFO - [2025-04-05T04:31:53.410+0000] {dagbag.py:545} INFO - Filling up the DagBag from /opt/airflow/dags/example.py
[2025-04-05T04:31:53.423+0000] {processor.py:840} INFO - DAG(s) 'hello_airflow' retrieved from /opt/airflow/dags/example.py
[2025-04-05T04:31:53.443+0000] {logging_mixin.py:188} INFO - [2025-04-05T04:31:53.443+0000] {dag.py:3096} INFO - Sync 1 DAGs
[2025-04-05T04:31:53.460+0000] {logging_mixin.py:188} INFO - [2025-04-05T04:31:53.460+0000] {dag.py:3954} INFO - Setting next_dagrun for hello_airflow to 2024-03-23 00:00:00+00:00, run_after=2024-03-24 00:00:00+00:00
[2025-04-05T04:31:53.474+0000] {processor.py:183} INFO - Processing /opt/airflow/dags/example.py took 0.070 seconds
[2025-04-05T04:32:24.663+0000] {processor.py:161} INFO - Started process (PID=556) to work on /opt/airflow/dags/example.py
[2025-04-05T04:32:24.664+0000] {processor.py:830} INFO - Processing file /opt/airflow/dags/example.py for tasks to queue
[2025-04-05T04:32:24.665+0000] {logging_mixin.py:188} INFO - [2025-04-05T04:32:24.665+0000] {dagbag.py:545} INFO - Filling up the DagBag from /opt/airflow/dags/example.py
[2025-04-05T04:32:24.678+0000] {processor.py:840} INFO - DAG(s) 'hello_airflow' retrieved from /opt/airflow/dags/example.py
[2025-04-05T04:32:24.699+0000] {logging_mixin.py:188} INFO - [2025-04-05T04:32:24.699+0000] {dag.py:3096} INFO - Sync 1 DAGs
[2025-04-05T04:32:24.719+0000] {logging_mixin.py:188} INFO - [2025-04-05T04:32:24.718+0000] {dag.py:3954} INFO - Setting next_dagrun for hello_airflow to 2024-03-23 00:00:00+00:00, run_after=2024-03-24 00:00:00+00:00
[2025-04-05T04:32:24.743+0000] {processor.py:183} INFO - Processing /opt/airflow/dags/example.py took 0.084 seconds
[2025-04-05T04:32:55.712+0000] {processor.py:161} INFO - Started process (PID=625) to work on /opt/airflow/dags/example.py
[2025-04-05T04:32:55.713+0000] {processor.py:830} INFO - Processing file /opt/airflow/dags/example.py for tasks to queue
[2025-04-05T04:32:55.714+0000] {logging_mixin.py:188} INFO - [2025-04-05T04:32:55.714+0000] {dagbag.py:545} INFO - Filling up the DagBag from /opt/airflow/dags/example.py
[2025-04-05T04:32:55.728+0000] {processor.py:840} INFO - DAG(s) 'hello_airflow' retrieved from /opt/airflow/dags/example.py
[2025-04-05T04:32:55.749+0000] {logging_mixin.py:188} INFO - [2025-04-05T04:32:55.748+0000] {dag.py:3096} INFO - Sync 1 DAGs
[2025-04-05T04:32:55.765+0000] {logging_mixin.py:188} INFO - [2025-04-05T04:32:55.765+0000] {dag.py:3954} INFO - Setting next_dagrun for hello_airflow to 2024-03-23 00:00:00+00:00, run_after=2024-03-24 00:00:00+00:00
[2025-04-05T04:32:55.780+0000] {processor.py:183} INFO - Processing /opt/airflow/dags/example.py took 0.072 seconds
[2025-04-05T04:33:59.085+0000] {processor.py:161} INFO - Started process (PID=233) to work on /opt/airflow/dags/example.py
[2025-04-05T04:33:59.085+0000] {processor.py:830} INFO - Processing file /opt/airflow/dags/example.py for tasks to queue
[2025-04-05T04:33:59.087+0000] {logging_mixin.py:188} INFO - [2025-04-05T04:33:59.086+0000] {dagbag.py:545} INFO - Filling up the DagBag from /opt/airflow/dags/example.py
[2025-04-05T04:33:59.098+0000] {processor.py:840} INFO - DAG(s) 'hello_airflow' retrieved from /opt/airflow/dags/example.py
[2025-04-05T04:33:59.194+0000] {logging_mixin.py:188} INFO - [2025-04-05T04:33:59.194+0000] {dag.py:3096} INFO - Sync 1 DAGs
[2025-04-05T04:33:59.211+0000] {logging_mixin.py:188} INFO - [2025-04-05T04:33:59.211+0000] {dag.py:3954} INFO - Setting next_dagrun for hello_airflow to 2024-03-23 00:00:00+00:00, run_after=2024-03-24 00:00:00+00:00
[2025-04-05T04:33:59.226+0000] {processor.py:183} INFO - Processing /opt/airflow/dags/example.py took 0.146 seconds
[2025-04-05T04:34:30.011+0000] {processor.py:161} INFO - Started process (PID=297) to work on /opt/airflow/dags/example.py
[2025-04-05T04:34:30.012+0000] {processor.py:830} INFO - Processing file /opt/airflow/dags/example.py for tasks to queue
[2025-04-05T04:34:30.013+0000] {logging_mixin.py:188} INFO - [2025-04-05T04:34:30.013+0000] {dagbag.py:545} INFO - Filling up the DagBag from /opt/airflow/dags/example.py
[2025-04-05T04:34:30.027+0000] {processor.py:840} INFO - DAG(s) 'hello_airflow' retrieved from /opt/airflow/dags/example.py
[2025-04-05T04:34:30.049+0000] {logging_mixin.py:188} INFO - [2025-04-05T04:34:30.048+0000] {dag.py:3096} INFO - Sync 1 DAGs
[2025-04-05T04:34:30.067+0000] {logging_mixin.py:188} INFO - [2025-04-05T04:34:30.067+0000] {dag.py:3954} INFO - Setting next_dagrun for hello_airflow to 2024-03-23 00:00:00+00:00, run_after=2024-03-24 00:00:00+00:00
[2025-04-05T04:34:30.084+0000] {processor.py:183} INFO - Processing /opt/airflow/dags/example.py took 0.077 seconds
[2025-04-05T04:35:00.279+0000] {processor.py:161} INFO - Started process (PID=403) to work on /opt/airflow/dags/example.py
[2025-04-05T04:35:00.280+0000] {processor.py:830} INFO - Processing file /opt/airflow/dags/example.py for tasks to queue
[2025-04-05T04:35:00.282+0000] {logging_mixin.py:188} INFO - [2025-04-05T04:35:00.281+0000] {dagbag.py:545} INFO - Filling up the DagBag from /opt/airflow/dags/example.py
[2025-04-05T04:35:00.296+0000] {processor.py:840} INFO - DAG(s) 'hello_airflow' retrieved from /opt/airflow/dags/example.py
[2025-04-05T04:35:00.319+0000] {logging_mixin.py:188} INFO - [2025-04-05T04:35:00.319+0000] {dag.py:3096} INFO - Sync 1 DAGs
[2025-04-05T04:35:00.339+0000] {logging_mixin.py:188} INFO - [2025-04-05T04:35:00.339+0000] {dag.py:3954} INFO - Setting next_dagrun for hello_airflow to 2024-03-23 00:00:00+00:00, run_after=2024-03-24 00:00:00+00:00
[2025-04-05T04:35:00.356+0000] {processor.py:183} INFO - Processing /opt/airflow/dags/example.py took 0.081 seconds
[2025-04-05T04:35:30.562+0000] {processor.py:161} INFO - Started process (PID=461) to work on /opt/airflow/dags/example.py
[2025-04-05T04:35:30.563+0000] {processor.py:830} INFO - Processing file /opt/airflow/dags/example.py for tasks to queue
[2025-04-05T04:35:30.565+0000] {logging_mixin.py:188} INFO - [2025-04-05T04:35:30.564+0000] {dagbag.py:545} INFO - Filling up the DagBag from /opt/airflow/dags/example.py
[2025-04-05T04:35:30.578+0000] {processor.py:840} INFO - DAG(s) 'hello_airflow' retrieved from /opt/airflow/dags/example.py
[2025-04-05T04:35:30.601+0000] {logging_mixin.py:188} INFO - [2025-04-05T04:35:30.601+0000] {dag.py:3096} INFO - Sync 1 DAGs
[2025-04-05T04:35:30.622+0000] {logging_mixin.py:188} INFO - [2025-04-05T04:35:30.622+0000] {dag.py:3954} INFO - Setting next_dagrun for hello_airflow to 2024-03-23 00:00:00+00:00, run_after=2024-03-24 00:00:00+00:00
[2025-04-05T04:35:30.639+0000] {processor.py:183} INFO - Processing /opt/airflow/dags/example.py took 0.083 seconds
[2025-04-05T04:36:01.836+0000] {processor.py:161} INFO - Started process (PID=537) to work on /opt/airflow/dags/example.py
[2025-04-05T04:36:01.837+0000] {processor.py:830} INFO - Processing file /opt/airflow/dags/example.py for tasks to queue
[2025-04-05T04:36:01.838+0000] {logging_mixin.py:188} INFO - [2025-04-05T04:36:01.838+0000] {dagbag.py:545} INFO - Filling up the DagBag from /opt/airflow/dags/example.py
[2025-04-05T04:36:01.851+0000] {processor.py:840} INFO - DAG(s) 'hello_airflow' retrieved from /opt/airflow/dags/example.py
[2025-04-05T04:36:01.872+0000] {logging_mixin.py:188} INFO - [2025-04-05T04:36:01.872+0000] {dag.py:3096} INFO - Sync 1 DAGs
[2025-04-05T04:36:01.890+0000] {logging_mixin.py:188} INFO - [2025-04-05T04:36:01.890+0000] {dag.py:3954} INFO - Setting next_dagrun for hello_airflow to 2024-03-23 00:00:00+00:00, run_after=2024-03-24 00:00:00+00:00
[2025-04-05T04:36:01.906+0000] {processor.py:183} INFO - Processing /opt/airflow/dags/example.py took 0.074 seconds
[2025-04-05T04:36:32.525+0000] {processor.py:161} INFO - Started process (PID=601) to work on /opt/airflow/dags/example.py
[2025-04-05T04:36:32.526+0000] {processor.py:830} INFO - Processing file /opt/airflow/dags/example.py for tasks to queue
[2025-04-05T04:36:32.527+0000] {logging_mixin.py:188} INFO - [2025-04-05T04:36:32.527+0000] {dagbag.py:545} INFO - Filling up the DagBag from /opt/airflow/dags/example.py
[2025-04-05T04:36:32.541+0000] {processor.py:840} INFO - DAG(s) 'hello_airflow' retrieved from /opt/airflow/dags/example.py
[2025-04-05T04:36:32.562+0000] {logging_mixin.py:188} INFO - [2025-04-05T04:36:32.562+0000] {dag.py:3096} INFO - Sync 1 DAGs
[2025-04-05T04:36:32.580+0000] {logging_mixin.py:188} INFO - [2025-04-05T04:36:32.580+0000] {dag.py:3954} INFO - Setting next_dagrun for hello_airflow to 2024-03-23 00:00:00+00:00, run_after=2024-03-24 00:00:00+00:00
[2025-04-05T04:36:32.596+0000] {processor.py:183} INFO - Processing /opt/airflow/dags/example.py took 0.076 seconds
[2025-04-05T04:37:03.316+0000] {processor.py:161} INFO - Started process (PID=665) to work on /opt/airflow/dags/example.py
[2025-04-05T04:37:03.316+0000] {processor.py:830} INFO - Processing file /opt/airflow/dags/example.py for tasks to queue
[2025-04-05T04:37:03.318+0000] {logging_mixin.py:188} INFO - [2025-04-05T04:37:03.317+0000] {dagbag.py:545} INFO - Filling up the DagBag from /opt/airflow/dags/example.py
[2025-04-05T04:37:03.330+0000] {processor.py:840} INFO - DAG(s) 'hello_airflow' retrieved from /opt/airflow/dags/example.py
[2025-04-05T04:37:03.352+0000] {logging_mixin.py:188} INFO - [2025-04-05T04:37:03.352+0000] {dag.py:3096} INFO - Sync 1 DAGs
[2025-04-05T04:37:03.370+0000] {logging_mixin.py:188} INFO - [2025-04-05T04:37:03.370+0000] {dag.py:3954} INFO - Setting next_dagrun for hello_airflow to 2024-03-23 00:00:00+00:00, run_after=2024-03-24 00:00:00+00:00
[2025-04-05T04:37:03.387+0000] {processor.py:183} INFO - Processing /opt/airflow/dags/example.py took 0.075 seconds
[2025-04-05T04:37:34.490+0000] {processor.py:161} INFO - Started process (PID=731) to work on /opt/airflow/dags/example.py
[2025-04-05T04:37:34.491+0000] {processor.py:830} INFO - Processing file /opt/airflow/dags/example.py for tasks to queue
[2025-04-05T04:37:34.493+0000] {logging_mixin.py:188} INFO - [2025-04-05T04:37:34.493+0000] {dagbag.py:545} INFO - Filling up the DagBag from /opt/airflow/dags/example.py
[2025-04-05T04:37:34.510+0000] {processor.py:840} INFO - DAG(s) 'hello_airflow' retrieved from /opt/airflow/dags/example.py
[2025-04-05T04:37:34.538+0000] {logging_mixin.py:188} INFO - [2025-04-05T04:37:34.538+0000] {dag.py:3096} INFO - Sync 1 DAGs
[2025-04-05T04:37:34.561+0000] {logging_mixin.py:188} INFO - [2025-04-05T04:37:34.561+0000] {dag.py:3954} INFO - Setting next_dagrun for hello_airflow to 2024-03-23 00:00:00+00:00, run_after=2024-03-24 00:00:00+00:00
[2025-04-05T04:37:34.590+0000] {processor.py:183} INFO - Processing /opt/airflow/dags/example.py took 0.104 seconds
[2025-04-05T04:38:05.358+0000] {processor.py:161} INFO - Started process (PID=793) to work on /opt/airflow/dags/example.py
[2025-04-05T04:38:05.358+0000] {processor.py:830} INFO - Processing file /opt/airflow/dags/example.py for tasks to queue
[2025-04-05T04:38:05.360+0000] {logging_mixin.py:188} INFO - [2025-04-05T04:38:05.359+0000] {dagbag.py:545} INFO - Filling up the DagBag from /opt/airflow/dags/example.py
[2025-04-05T04:38:05.373+0000] {processor.py:840} INFO - DAG(s) 'hello_airflow' retrieved from /opt/airflow/dags/example.py
[2025-04-05T04:38:05.395+0000] {logging_mixin.py:188} INFO - [2025-04-05T04:38:05.394+0000] {dag.py:3096} INFO - Sync 1 DAGs
[2025-04-05T04:38:05.415+0000] {logging_mixin.py:188} INFO - [2025-04-05T04:38:05.415+0000] {dag.py:3954} INFO - Setting next_dagrun for hello_airflow to 2024-03-23 00:00:00+00:00, run_after=2024-03-24 00:00:00+00:00
[2025-04-05T04:38:05.432+0000] {processor.py:183} INFO - Processing /opt/airflow/dags/example.py took 0.078 seconds
[2025-04-05T04:38:36.362+0000] {processor.py:161} INFO - Started process (PID=861) to work on /opt/airflow/dags/example.py
[2025-04-05T04:38:36.363+0000] {processor.py:830} INFO - Processing file /opt/airflow/dags/example.py for tasks to queue
[2025-04-05T04:38:36.365+0000] {logging_mixin.py:188} INFO - [2025-04-05T04:38:36.365+0000] {dagbag.py:545} INFO - Filling up the DagBag from /opt/airflow/dags/example.py
[2025-04-05T04:38:36.380+0000] {processor.py:840} INFO - DAG(s) 'hello_airflow' retrieved from /opt/airflow/dags/example.py
[2025-04-05T04:38:36.403+0000] {logging_mixin.py:188} INFO - [2025-04-05T04:38:36.403+0000] {dag.py:3096} INFO - Sync 1 DAGs
[2025-04-05T04:38:36.423+0000] {logging_mixin.py:188} INFO - [2025-04-05T04:38:36.423+0000] {dag.py:3954} INFO - Setting next_dagrun for hello_airflow to 2024-03-23 00:00:00+00:00, run_after=2024-03-24 00:00:00+00:00
[2025-04-05T04:38:36.441+0000] {processor.py:183} INFO - Processing /opt/airflow/dags/example.py took 0.083 seconds
[2025-04-05T04:40:04.283+0000] {processor.py:161} INFO - Started process (PID=233) to work on /opt/airflow/dags/example.py
[2025-04-05T04:40:04.284+0000] {processor.py:830} INFO - Processing file /opt/airflow/dags/example.py for tasks to queue
[2025-04-05T04:40:04.286+0000] {logging_mixin.py:188} INFO - [2025-04-05T04:40:04.285+0000] {dagbag.py:545} INFO - Filling up the DagBag from /opt/airflow/dags/example.py
[2025-04-05T04:40:04.299+0000] {processor.py:840} INFO - DAG(s) 'hello_airflow' retrieved from /opt/airflow/dags/example.py
[2025-04-05T04:40:04.397+0000] {logging_mixin.py:188} INFO - [2025-04-05T04:40:04.397+0000] {dag.py:3096} INFO - Sync 1 DAGs
[2025-04-05T04:40:04.414+0000] {logging_mixin.py:188} INFO - [2025-04-05T04:40:04.413+0000] {dag.py:3954} INFO - Setting next_dagrun for hello_airflow to 2024-03-23 00:00:00+00:00, run_after=2024-03-24 00:00:00+00:00
[2025-04-05T04:40:04.429+0000] {processor.py:183} INFO - Processing /opt/airflow/dags/example.py took 0.149 seconds
[2025-04-05T04:40:34.964+0000] {processor.py:161} INFO - Started process (PID=297) to work on /opt/airflow/dags/example.py
[2025-04-05T04:40:34.965+0000] {processor.py:830} INFO - Processing file /opt/airflow/dags/example.py for tasks to queue
[2025-04-05T04:40:34.966+0000] {logging_mixin.py:188} INFO - [2025-04-05T04:40:34.966+0000] {dagbag.py:545} INFO - Filling up the DagBag from /opt/airflow/dags/example.py
[2025-04-05T04:40:34.980+0000] {processor.py:840} INFO - DAG(s) 'hello_airflow' retrieved from /opt/airflow/dags/example.py
[2025-04-05T04:40:35.003+0000] {logging_mixin.py:188} INFO - [2025-04-05T04:40:35.003+0000] {dag.py:3096} INFO - Sync 1 DAGs
[2025-04-05T04:40:35.024+0000] {logging_mixin.py:188} INFO - [2025-04-05T04:40:35.023+0000] {dag.py:3954} INFO - Setting next_dagrun for hello_airflow to 2024-03-23 00:00:00+00:00, run_after=2024-03-24 00:00:00+00:00
[2025-04-05T04:40:35.044+0000] {processor.py:183} INFO - Processing /opt/airflow/dags/example.py took 0.085 seconds
[2025-04-05T04:41:05.323+0000] {processor.py:161} INFO - Started process (PID=363) to work on /opt/airflow/dags/example.py
[2025-04-05T04:41:05.324+0000] {processor.py:830} INFO - Processing file /opt/airflow/dags/example.py for tasks to queue
[2025-04-05T04:41:05.326+0000] {logging_mixin.py:188} INFO - [2025-04-05T04:41:05.326+0000] {dagbag.py:545} INFO - Filling up the DagBag from /opt/airflow/dags/example.py
[2025-04-05T04:41:05.342+0000] {processor.py:840} INFO - DAG(s) 'hello_airflow' retrieved from /opt/airflow/dags/example.py
[2025-04-05T04:41:05.367+0000] {logging_mixin.py:188} INFO - [2025-04-05T04:41:05.367+0000] {dag.py:3096} INFO - Sync 1 DAGs
[2025-04-05T04:41:05.387+0000] {logging_mixin.py:188} INFO - [2025-04-05T04:41:05.387+0000] {dag.py:3954} INFO - Setting next_dagrun for hello_airflow to 2024-03-23 00:00:00+00:00, run_after=2024-03-24 00:00:00+00:00
[2025-04-05T04:41:05.404+0000] {processor.py:183} INFO - Processing /opt/airflow/dags/example.py took 0.086 seconds
[2025-04-05T04:41:36.071+0000] {processor.py:161} INFO - Started process (PID=431) to work on /opt/airflow/dags/example.py
[2025-04-05T04:41:36.072+0000] {processor.py:830} INFO - Processing file /opt/airflow/dags/example.py for tasks to queue
[2025-04-05T04:41:36.073+0000] {logging_mixin.py:188} INFO - [2025-04-05T04:41:36.073+0000] {dagbag.py:545} INFO - Filling up the DagBag from /opt/airflow/dags/example.py
[2025-04-05T04:41:36.086+0000] {processor.py:840} INFO - DAG(s) 'hello_airflow' retrieved from /opt/airflow/dags/example.py
[2025-04-05T04:41:36.111+0000] {logging_mixin.py:188} INFO - [2025-04-05T04:41:36.111+0000] {dag.py:3096} INFO - Sync 1 DAGs
[2025-04-05T04:41:36.131+0000] {logging_mixin.py:188} INFO - [2025-04-05T04:41:36.131+0000] {dag.py:3954} INFO - Setting next_dagrun for hello_airflow to 2024-03-23 00:00:00+00:00, run_after=2024-03-24 00:00:00+00:00
[2025-04-05T04:41:36.145+0000] {processor.py:183} INFO - Processing /opt/airflow/dags/example.py took 0.079 seconds
[2025-04-05T04:42:07.038+0000] {processor.py:161} INFO - Started process (PID=495) to work on /opt/airflow/dags/example.py
[2025-04-05T04:42:07.038+0000] {processor.py:830} INFO - Processing file /opt/airflow/dags/example.py for tasks to queue
[2025-04-05T04:42:07.040+0000] {logging_mixin.py:188} INFO - [2025-04-05T04:42:07.039+0000] {dagbag.py:545} INFO - Filling up the DagBag from /opt/airflow/dags/example.py
[2025-04-05T04:42:07.052+0000] {processor.py:840} INFO - DAG(s) 'hello_airflow' retrieved from /opt/airflow/dags/example.py
[2025-04-05T04:42:07.075+0000] {logging_mixin.py:188} INFO - [2025-04-05T04:42:07.075+0000] {dag.py:3096} INFO - Sync 1 DAGs
[2025-04-05T04:42:07.094+0000] {logging_mixin.py:188} INFO - [2025-04-05T04:42:07.093+0000] {dag.py:3954} INFO - Setting next_dagrun for hello_airflow to 2024-03-23 00:00:00+00:00, run_after=2024-03-24 00:00:00+00:00
[2025-04-05T04:42:07.109+0000] {processor.py:183} INFO - Processing /opt/airflow/dags/example.py took 0.075 seconds
[2025-04-05T04:42:37.384+0000] {processor.py:161} INFO - Started process (PID=553) to work on /opt/airflow/dags/example.py
[2025-04-05T04:42:37.385+0000] {processor.py:830} INFO - Processing file /opt/airflow/dags/example.py for tasks to queue
[2025-04-05T04:42:37.387+0000] {logging_mixin.py:188} INFO - [2025-04-05T04:42:37.386+0000] {dagbag.py:545} INFO - Filling up the DagBag from /opt/airflow/dags/example.py
[2025-04-05T04:42:37.404+0000] {processor.py:840} INFO - DAG(s) 'hello_airflow' retrieved from /opt/airflow/dags/example.py
[2025-04-05T04:42:37.431+0000] {logging_mixin.py:188} INFO - [2025-04-05T04:42:37.431+0000] {dag.py:3096} INFO - Sync 1 DAGs
[2025-04-05T04:42:37.451+0000] {logging_mixin.py:188} INFO - [2025-04-05T04:42:37.451+0000] {dag.py:3954} INFO - Setting next_dagrun for hello_airflow to 2024-03-23 00:00:00+00:00, run_after=2024-03-24 00:00:00+00:00
[2025-04-05T04:42:37.468+0000] {processor.py:183} INFO - Processing /opt/airflow/dags/example.py took 0.088 seconds
[2025-04-05T04:43:07.915+0000] {processor.py:161} INFO - Started process (PID=617) to work on /opt/airflow/dags/example.py
[2025-04-05T04:43:07.916+0000] {processor.py:830} INFO - Processing file /opt/airflow/dags/example.py for tasks to queue
[2025-04-05T04:43:07.918+0000] {logging_mixin.py:188} INFO - [2025-04-05T04:43:07.917+0000] {dagbag.py:545} INFO - Filling up the DagBag from /opt/airflow/dags/example.py
[2025-04-05T04:43:07.933+0000] {processor.py:840} INFO - DAG(s) 'hello_airflow' retrieved from /opt/airflow/dags/example.py
[2025-04-05T04:43:07.959+0000] {logging_mixin.py:188} INFO - [2025-04-05T04:43:07.959+0000] {dag.py:3096} INFO - Sync 1 DAGs
[2025-04-05T04:43:07.980+0000] {logging_mixin.py:188} INFO - [2025-04-05T04:43:07.980+0000] {dag.py:3954} INFO - Setting next_dagrun for hello_airflow to 2024-03-23 00:00:00+00:00, run_after=2024-03-24 00:00:00+00:00
[2025-04-05T04:43:07.996+0000] {processor.py:183} INFO - Processing /opt/airflow/dags/example.py took 0.086 seconds
[2025-04-05T04:44:10.145+0000] {processor.py:161} INFO - Started process (PID=233) to work on /opt/airflow/dags/example.py
[2025-04-05T04:44:10.145+0000] {processor.py:830} INFO - Processing file /opt/airflow/dags/example.py for tasks to queue
[2025-04-05T04:44:10.147+0000] {logging_mixin.py:188} INFO - [2025-04-05T04:44:10.147+0000] {dagbag.py:545} INFO - Filling up the DagBag from /opt/airflow/dags/example.py
[2025-04-05T04:44:10.160+0000] {processor.py:840} INFO - DAG(s) 'hello_airflow' retrieved from /opt/airflow/dags/example.py
[2025-04-05T04:44:10.252+0000] {logging_mixin.py:188} INFO - [2025-04-05T04:44:10.252+0000] {dag.py:3096} INFO - Sync 1 DAGs
[2025-04-05T04:44:10.269+0000] {logging_mixin.py:188} INFO - [2025-04-05T04:44:10.269+0000] {dag.py:3954} INFO - Setting next_dagrun for hello_airflow to 2024-03-23 00:00:00+00:00, run_after=2024-03-24 00:00:00+00:00
[2025-04-05T04:44:10.285+0000] {processor.py:183} INFO - Processing /opt/airflow/dags/example.py took 0.145 seconds
[2025-04-05T04:44:40.738+0000] {processor.py:161} INFO - Started process (PID=297) to work on /opt/airflow/dags/example.py
[2025-04-05T04:44:40.738+0000] {processor.py:830} INFO - Processing file /opt/airflow/dags/example.py for tasks to queue
[2025-04-05T04:44:40.740+0000] {logging_mixin.py:188} INFO - [2025-04-05T04:44:40.740+0000] {dagbag.py:545} INFO - Filling up the DagBag from /opt/airflow/dags/example.py
[2025-04-05T04:44:40.752+0000] {processor.py:840} INFO - DAG(s) 'hello_airflow' retrieved from /opt/airflow/dags/example.py
[2025-04-05T04:44:40.774+0000] {logging_mixin.py:188} INFO - [2025-04-05T04:44:40.774+0000] {dag.py:3096} INFO - Sync 1 DAGs
[2025-04-05T04:44:40.792+0000] {logging_mixin.py:188} INFO - [2025-04-05T04:44:40.792+0000] {dag.py:3954} INFO - Setting next_dagrun for hello_airflow to 2024-03-23 00:00:00+00:00, run_after=2024-03-24 00:00:00+00:00
[2025-04-05T04:44:40.807+0000] {processor.py:183} INFO - Processing /opt/airflow/dags/example.py took 0.074 seconds
[2025-04-05T04:45:11.312+0000] {processor.py:161} INFO - Started process (PID=361) to work on /opt/airflow/dags/example.py
[2025-04-05T04:45:11.313+0000] {processor.py:830} INFO - Processing file /opt/airflow/dags/example.py for tasks to queue
[2025-04-05T04:45:11.314+0000] {logging_mixin.py:188} INFO - [2025-04-05T04:45:11.314+0000] {dagbag.py:545} INFO - Filling up the DagBag from /opt/airflow/dags/example.py
[2025-04-05T04:45:11.327+0000] {processor.py:840} INFO - DAG(s) 'hello_airflow' retrieved from /opt/airflow/dags/example.py
[2025-04-05T04:45:11.350+0000] {logging_mixin.py:188} INFO - [2025-04-05T04:45:11.350+0000] {dag.py:3096} INFO - Sync 1 DAGs
[2025-04-05T04:45:11.372+0000] {logging_mixin.py:188} INFO - [2025-04-05T04:45:11.372+0000] {dag.py:3954} INFO - Setting next_dagrun for hello_airflow to 2024-03-23 00:00:00+00:00, run_after=2024-03-24 00:00:00+00:00
[2025-04-05T04:45:11.390+0000] {processor.py:183} INFO - Processing /opt/airflow/dags/example.py took 0.082 seconds
[2025-04-05T04:45:42.357+0000] {processor.py:161} INFO - Started process (PID=439) to work on /opt/airflow/dags/example.py
[2025-04-05T04:45:42.358+0000] {processor.py:830} INFO - Processing file /opt/airflow/dags/example.py for tasks to queue
[2025-04-05T04:45:42.360+0000] {logging_mixin.py:188} INFO - [2025-04-05T04:45:42.359+0000] {dagbag.py:545} INFO - Filling up the DagBag from /opt/airflow/dags/example.py
[2025-04-05T04:45:42.374+0000] {processor.py:840} INFO - DAG(s) 'hello_airflow' retrieved from /opt/airflow/dags/example.py
[2025-04-05T04:45:42.395+0000] {logging_mixin.py:188} INFO - [2025-04-05T04:45:42.395+0000] {dag.py:3096} INFO - Sync 1 DAGs
[2025-04-05T04:45:42.416+0000] {logging_mixin.py:188} INFO - [2025-04-05T04:45:42.416+0000] {dag.py:3954} INFO - Setting next_dagrun for hello_airflow to 2024-03-23 00:00:00+00:00, run_after=2024-03-24 00:00:00+00:00
[2025-04-05T04:45:42.430+0000] {processor.py:183} INFO - Processing /opt/airflow/dags/example.py took 0.078 seconds
[2025-04-05T04:48:40.797+0000] {processor.py:161} INFO - Started process (PID=233) to work on /opt/airflow/dags/example.py
[2025-04-05T04:48:40.798+0000] {processor.py:830} INFO - Processing file /opt/airflow/dags/example.py for tasks to queue
[2025-04-05T04:48:40.800+0000] {logging_mixin.py:188} INFO - [2025-04-05T04:48:40.800+0000] {dagbag.py:545} INFO - Filling up the DagBag from /opt/airflow/dags/example.py
[2025-04-05T04:48:40.815+0000] {processor.py:840} INFO - DAG(s) 'hello_airflow' retrieved from /opt/airflow/dags/example.py
[2025-04-05T04:48:40.915+0000] {logging_mixin.py:188} INFO - [2025-04-05T04:48:40.915+0000] {override.py:1829} INFO - Created Permission View: can read on DAG:hello_airflow
[2025-04-05T04:48:40.923+0000] {logging_mixin.py:188} INFO - [2025-04-05T04:48:40.923+0000] {override.py:1829} INFO - Created Permission View: can delete on DAG:hello_airflow
[2025-04-05T04:48:40.929+0000] {logging_mixin.py:188} INFO - [2025-04-05T04:48:40.929+0000] {override.py:1829} INFO - Created Permission View: can edit on DAG:hello_airflow
[2025-04-05T04:48:40.929+0000] {logging_mixin.py:188} INFO - [2025-04-05T04:48:40.929+0000] {dag.py:3096} INFO - Sync 1 DAGs
[2025-04-05T04:48:40.938+0000] {logging_mixin.py:188} INFO - [2025-04-05T04:48:40.938+0000] {dag.py:3118} INFO - Creating ORM DAG for hello_airflow
[2025-04-05T04:48:40.947+0000] {logging_mixin.py:188} INFO - [2025-04-05T04:48:40.947+0000] {dag.py:3954} INFO - Setting next_dagrun for hello_airflow to 2024-03-23 00:00:00+00:00, run_after=2024-03-24 00:00:00+00:00
[2025-04-05T04:48:40.961+0000] {processor.py:183} INFO - Processing /opt/airflow/dags/example.py took 0.169 seconds
[2025-04-05T04:49:11.311+0000] {processor.py:161} INFO - Started process (PID=297) to work on /opt/airflow/dags/example.py
[2025-04-05T04:49:11.311+0000] {processor.py:830} INFO - Processing file /opt/airflow/dags/example.py for tasks to queue
[2025-04-05T04:49:11.313+0000] {logging_mixin.py:188} INFO - [2025-04-05T04:49:11.312+0000] {dagbag.py:545} INFO - Filling up the DagBag from /opt/airflow/dags/example.py
[2025-04-05T04:49:11.325+0000] {processor.py:840} INFO - DAG(s) 'hello_airflow' retrieved from /opt/airflow/dags/example.py
[2025-04-05T04:49:11.349+0000] {logging_mixin.py:188} INFO - [2025-04-05T04:49:11.349+0000] {dag.py:3096} INFO - Sync 1 DAGs
[2025-04-05T04:49:11.367+0000] {logging_mixin.py:188} INFO - [2025-04-05T04:49:11.367+0000] {dag.py:3954} INFO - Setting next_dagrun for hello_airflow to 2024-03-23 00:00:00+00:00, run_after=2024-03-24 00:00:00+00:00
[2025-04-05T04:49:11.383+0000] {processor.py:183} INFO - Processing /opt/airflow/dags/example.py took 0.076 seconds
[2025-04-05T04:49:42.043+0000] {processor.py:161} INFO - Started process (PID=361) to work on /opt/airflow/dags/example.py
[2025-04-05T04:49:42.044+0000] {processor.py:830} INFO - Processing file /opt/airflow/dags/example.py for tasks to queue
[2025-04-05T04:49:42.046+0000] {logging_mixin.py:188} INFO - [2025-04-05T04:49:42.045+0000] {dagbag.py:545} INFO - Filling up the DagBag from /opt/airflow/dags/example.py
[2025-04-05T04:49:42.062+0000] {processor.py:840} INFO - DAG(s) 'hello_airflow' retrieved from /opt/airflow/dags/example.py
[2025-04-05T04:49:42.087+0000] {logging_mixin.py:188} INFO - [2025-04-05T04:49:42.087+0000] {dag.py:3096} INFO - Sync 1 DAGs
[2025-04-05T04:49:42.108+0000] {logging_mixin.py:188} INFO - [2025-04-05T04:49:42.108+0000] {dag.py:3954} INFO - Setting next_dagrun for hello_airflow to 2024-03-23 00:00:00+00:00, run_after=2024-03-24 00:00:00+00:00
[2025-04-05T04:49:42.125+0000] {processor.py:183} INFO - Processing /opt/airflow/dags/example.py took 0.087 seconds
[2025-04-05T04:50:13.078+0000] {processor.py:161} INFO - Started process (PID=614) to work on /opt/airflow/dags/example.py
[2025-04-05T04:50:13.080+0000] {processor.py:830} INFO - Processing file /opt/airflow/dags/example.py for tasks to queue
[2025-04-05T04:50:13.081+0000] {logging_mixin.py:188} INFO - [2025-04-05T04:50:13.081+0000] {dagbag.py:545} INFO - Filling up the DagBag from /opt/airflow/dags/example.py
[2025-04-05T04:50:13.098+0000] {processor.py:840} INFO - DAG(s) 'hello_airflow' retrieved from /opt/airflow/dags/example.py
[2025-04-05T04:50:13.126+0000] {logging_mixin.py:188} INFO - [2025-04-05T04:50:13.126+0000] {dag.py:3096} INFO - Sync 1 DAGs
[2025-04-05T04:50:13.152+0000] {logging_mixin.py:188} INFO - [2025-04-05T04:50:13.152+0000] {dag.py:3954} INFO - Setting next_dagrun for hello_airflow to 2024-03-23 00:00:00+00:00, run_after=2024-03-24 00:00:00+00:00
[2025-04-05T04:50:13.171+0000] {processor.py:183} INFO - Processing /opt/airflow/dags/example.py took 0.099 seconds
[2025-04-05T04:50:43.300+0000] {processor.py:161} INFO - Started process (PID=672) to work on /opt/airflow/dags/example.py
[2025-04-05T04:50:43.301+0000] {processor.py:830} INFO - Processing file /opt/airflow/dags/example.py for tasks to queue
[2025-04-05T04:50:43.302+0000] {logging_mixin.py:188} INFO - [2025-04-05T04:50:43.302+0000] {dagbag.py:545} INFO - Filling up the DagBag from /opt/airflow/dags/example.py
[2025-04-05T04:50:43.315+0000] {processor.py:840} INFO - DAG(s) 'hello_airflow' retrieved from /opt/airflow/dags/example.py
[2025-04-05T04:50:43.338+0000] {logging_mixin.py:188} INFO - [2025-04-05T04:50:43.338+0000] {dag.py:3096} INFO - Sync 1 DAGs
[2025-04-05T04:50:43.358+0000] {logging_mixin.py:188} INFO - [2025-04-05T04:50:43.358+0000] {dag.py:3954} INFO - Setting next_dagrun for hello_airflow to 2024-03-23 00:00:00+00:00, run_after=2024-03-24 00:00:00+00:00
[2025-04-05T04:50:43.374+0000] {processor.py:183} INFO - Processing /opt/airflow/dags/example.py took 0.078 seconds
[2025-04-05T04:51:13.920+0000] {processor.py:161} INFO - Started process (PID=737) to work on /opt/airflow/dags/example.py
[2025-04-05T04:51:13.921+0000] {processor.py:830} INFO - Processing file /opt/airflow/dags/example.py for tasks to queue
[2025-04-05T04:51:13.923+0000] {logging_mixin.py:188} INFO - [2025-04-05T04:51:13.923+0000] {dagbag.py:545} INFO - Filling up the DagBag from /opt/airflow/dags/example.py
[2025-04-05T04:51:13.936+0000] {processor.py:840} INFO - DAG(s) 'hello_airflow' retrieved from /opt/airflow/dags/example.py
[2025-04-05T04:51:13.959+0000] {logging_mixin.py:188} INFO - [2025-04-05T04:51:13.958+0000] {dag.py:3096} INFO - Sync 1 DAGs
[2025-04-05T04:51:13.976+0000] {logging_mixin.py:188} INFO - [2025-04-05T04:51:13.976+0000] {dag.py:3954} INFO - Setting next_dagrun for hello_airflow to 2024-03-23 00:00:00+00:00, run_after=2024-03-24 00:00:00+00:00
[2025-04-05T04:51:13.991+0000] {processor.py:183} INFO - Processing /opt/airflow/dags/example.py took 0.075 seconds
[2025-04-05T04:51:44.950+0000] {processor.py:161} INFO - Started process (PID=801) to work on /opt/airflow/dags/example.py
[2025-04-05T04:51:44.951+0000] {processor.py:830} INFO - Processing file /opt/airflow/dags/example.py for tasks to queue
[2025-04-05T04:51:44.953+0000] {logging_mixin.py:188} INFO - [2025-04-05T04:51:44.952+0000] {dagbag.py:545} INFO - Filling up the DagBag from /opt/airflow/dags/example.py
[2025-04-05T04:51:44.966+0000] {processor.py:840} INFO - DAG(s) 'hello_airflow' retrieved from /opt/airflow/dags/example.py
[2025-04-05T04:51:44.991+0000] {logging_mixin.py:188} INFO - [2025-04-05T04:51:44.990+0000] {dag.py:3096} INFO - Sync 1 DAGs
[2025-04-05T04:51:45.012+0000] {logging_mixin.py:188} INFO - [2025-04-05T04:51:45.012+0000] {dag.py:3954} INFO - Setting next_dagrun for hello_airflow to 2024-03-23 00:00:00+00:00, run_after=2024-03-24 00:00:00+00:00
[2025-04-05T04:51:45.030+0000] {processor.py:183} INFO - Processing /opt/airflow/dags/example.py took 0.084 seconds
[2025-04-05T04:53:01.023+0000] {processor.py:161} INFO - Started process (PID=234) to work on /opt/airflow/dags/example.py
[2025-04-05T04:53:01.024+0000] {processor.py:830} INFO - Processing file /opt/airflow/dags/example.py for tasks to queue
[2025-04-05T04:53:01.026+0000] {logging_mixin.py:188} INFO - [2025-04-05T04:53:01.025+0000] {dagbag.py:545} INFO - Filling up the DagBag from /opt/airflow/dags/example.py
[2025-04-05T04:53:01.039+0000] {processor.py:840} INFO - DAG(s) 'hello_airflow' retrieved from /opt/airflow/dags/example.py
[2025-04-05T04:53:01.131+0000] {logging_mixin.py:188} INFO - [2025-04-05T04:53:01.131+0000] {override.py:1829} INFO - Created Permission View: can edit on DAG:hello_airflow
[2025-04-05T04:53:01.139+0000] {logging_mixin.py:188} INFO - [2025-04-05T04:53:01.139+0000] {override.py:1829} INFO - Created Permission View: can delete on DAG:hello_airflow
[2025-04-05T04:53:01.145+0000] {logging_mixin.py:188} INFO - [2025-04-05T04:53:01.144+0000] {override.py:1829} INFO - Created Permission View: can read on DAG:hello_airflow
[2025-04-05T04:53:01.145+0000] {logging_mixin.py:188} INFO - [2025-04-05T04:53:01.145+0000] {dag.py:3096} INFO - Sync 1 DAGs
[2025-04-05T04:53:01.154+0000] {logging_mixin.py:188} INFO - [2025-04-05T04:53:01.154+0000] {dag.py:3118} INFO - Creating ORM DAG for hello_airflow
[2025-04-05T04:53:01.162+0000] {logging_mixin.py:188} INFO - [2025-04-05T04:53:01.162+0000] {dag.py:3954} INFO - Setting next_dagrun for hello_airflow to 2024-03-23 00:00:00+00:00, run_after=2024-03-24 00:00:00+00:00
[2025-04-05T04:53:01.177+0000] {processor.py:183} INFO - Processing /opt/airflow/dags/example.py took 0.158 seconds
[2025-04-05T04:53:31.533+0000] {processor.py:161} INFO - Started process (PID=298) to work on /opt/airflow/dags/example.py
[2025-04-05T04:53:31.534+0000] {processor.py:830} INFO - Processing file /opt/airflow/dags/example.py for tasks to queue
[2025-04-05T04:53:31.535+0000] {logging_mixin.py:188} INFO - [2025-04-05T04:53:31.535+0000] {dagbag.py:545} INFO - Filling up the DagBag from /opt/airflow/dags/example.py
[2025-04-05T04:53:31.546+0000] {processor.py:840} INFO - DAG(s) 'hello_airflow' retrieved from /opt/airflow/dags/example.py
[2025-04-05T04:53:31.568+0000] {logging_mixin.py:188} INFO - [2025-04-05T04:53:31.568+0000] {dag.py:3096} INFO - Sync 1 DAGs
[2025-04-05T04:53:31.586+0000] {logging_mixin.py:188} INFO - [2025-04-05T04:53:31.586+0000] {dag.py:3954} INFO - Setting next_dagrun for hello_airflow to 2024-03-23 00:00:00+00:00, run_after=2024-03-24 00:00:00+00:00
[2025-04-05T04:53:31.600+0000] {processor.py:183} INFO - Processing /opt/airflow/dags/example.py took 0.071 seconds
[2025-04-05T04:54:08.653+0000] {processor.py:161} INFO - Started process (PID=527) to work on /opt/airflow/dags/example.py
[2025-04-05T04:54:08.654+0000] {processor.py:830} INFO - Processing file /opt/airflow/dags/example.py for tasks to queue
[2025-04-05T04:54:08.656+0000] {logging_mixin.py:188} INFO - [2025-04-05T04:54:08.656+0000] {dagbag.py:545} INFO - Filling up the DagBag from /opt/airflow/dags/example.py
[2025-04-05T04:54:08.677+0000] {processor.py:840} INFO - DAG(s) 'hello_airflow' retrieved from /opt/airflow/dags/example.py
[2025-04-05T04:54:08.713+0000] {logging_mixin.py:188} INFO - [2025-04-05T04:54:08.713+0000] {dag.py:3096} INFO - Sync 1 DAGs
[2025-04-05T04:54:08.753+0000] {logging_mixin.py:188} INFO - [2025-04-05T04:54:08.753+0000] {dag.py:3954} INFO - Setting next_dagrun for hello_airflow to 2024-03-23 00:00:00+00:00, run_after=2024-03-24 00:00:00+00:00
[2025-04-05T04:54:08.793+0000] {processor.py:183} INFO - Processing /opt/airflow/dags/example.py took 0.148 seconds
[2025-04-05T04:54:39.121+0000] {processor.py:161} INFO - Started process (PID=601) to work on /opt/airflow/dags/example.py
[2025-04-05T04:54:39.122+0000] {processor.py:830} INFO - Processing file /opt/airflow/dags/example.py for tasks to queue
[2025-04-05T04:54:39.124+0000] {logging_mixin.py:188} INFO - [2025-04-05T04:54:39.124+0000] {dagbag.py:545} INFO - Filling up the DagBag from /opt/airflow/dags/example.py
[2025-04-05T04:54:39.137+0000] {processor.py:840} INFO - DAG(s) 'hello_airflow' retrieved from /opt/airflow/dags/example.py
[2025-04-05T04:54:39.160+0000] {logging_mixin.py:188} INFO - [2025-04-05T04:54:39.159+0000] {dag.py:3096} INFO - Sync 1 DAGs
[2025-04-05T04:54:39.179+0000] {logging_mixin.py:188} INFO - [2025-04-05T04:54:39.178+0000] {dag.py:3954} INFO - Setting next_dagrun for hello_airflow to 2024-03-23 00:00:00+00:00, run_after=2024-03-24 00:00:00+00:00
[2025-04-05T04:54:39.194+0000] {processor.py:183} INFO - Processing /opt/airflow/dags/example.py took 0.077 seconds
[2025-04-05T04:55:09.323+0000] {processor.py:161} INFO - Started process (PID=662) to work on /opt/airflow/dags/example.py
[2025-04-05T04:55:09.325+0000] {processor.py:830} INFO - Processing file /opt/airflow/dags/example.py for tasks to queue
[2025-04-05T04:55:09.327+0000] {logging_mixin.py:188} INFO - [2025-04-05T04:55:09.327+0000] {dagbag.py:545} INFO - Filling up the DagBag from /opt/airflow/dags/example.py
[2025-04-05T04:55:09.344+0000] {processor.py:840} INFO - DAG(s) 'hello_airflow' retrieved from /opt/airflow/dags/example.py
[2025-04-05T04:55:09.371+0000] {logging_mixin.py:188} INFO - [2025-04-05T04:55:09.371+0000] {dag.py:3096} INFO - Sync 1 DAGs
[2025-04-05T04:55:09.394+0000] {logging_mixin.py:188} INFO - [2025-04-05T04:55:09.394+0000] {dag.py:3954} INFO - Setting next_dagrun for hello_airflow to 2024-03-23 00:00:00+00:00, run_after=2024-03-24 00:00:00+00:00
[2025-04-05T04:55:09.412+0000] {processor.py:183} INFO - Processing /opt/airflow/dags/example.py took 0.094 seconds
[2025-04-05T04:55:39.629+0000] {processor.py:161} INFO - Started process (PID=741) to work on /opt/airflow/dags/example.py
[2025-04-05T04:55:39.630+0000] {processor.py:830} INFO - Processing file /opt/airflow/dags/example.py for tasks to queue
[2025-04-05T04:55:39.631+0000] {logging_mixin.py:188} INFO - [2025-04-05T04:55:39.631+0000] {dagbag.py:545} INFO - Filling up the DagBag from /opt/airflow/dags/example.py
[2025-04-05T04:55:39.644+0000] {processor.py:840} INFO - DAG(s) 'hello_airflow' retrieved from /opt/airflow/dags/example.py
[2025-04-05T04:55:39.666+0000] {logging_mixin.py:188} INFO - [2025-04-05T04:55:39.666+0000] {dag.py:3096} INFO - Sync 1 DAGs
[2025-04-05T04:55:39.685+0000] {logging_mixin.py:188} INFO - [2025-04-05T04:55:39.685+0000] {dag.py:3954} INFO - Setting next_dagrun for hello_airflow to 2024-03-23 00:00:00+00:00, run_after=2024-03-24 00:00:00+00:00
[2025-04-05T04:55:39.704+0000] {processor.py:183} INFO - Processing /opt/airflow/dags/example.py took 0.079 seconds
[2025-04-05T04:56:10.089+0000] {processor.py:161} INFO - Started process (PID=824) to work on /opt/airflow/dags/example.py
[2025-04-05T04:56:10.090+0000] {processor.py:830} INFO - Processing file /opt/airflow/dags/example.py for tasks to queue
[2025-04-05T04:56:10.092+0000] {logging_mixin.py:188} INFO - [2025-04-05T04:56:10.091+0000] {dagbag.py:545} INFO - Filling up the DagBag from /opt/airflow/dags/example.py
[2025-04-05T04:56:10.107+0000] {processor.py:840} INFO - DAG(s) 'hello_airflow' retrieved from /opt/airflow/dags/example.py
[2025-04-05T04:56:10.130+0000] {logging_mixin.py:188} INFO - [2025-04-05T04:56:10.130+0000] {dag.py:3096} INFO - Sync 1 DAGs
[2025-04-05T04:56:10.149+0000] {logging_mixin.py:188} INFO - [2025-04-05T04:56:10.149+0000] {dag.py:3954} INFO - Setting next_dagrun for hello_airflow to 2024-03-23 00:00:00+00:00, run_after=2024-03-24 00:00:00+00:00
[2025-04-05T04:56:10.164+0000] {processor.py:183} INFO - Processing /opt/airflow/dags/example.py took 0.080 seconds
[2025-04-05T04:56:40.738+0000] {processor.py:161} INFO - Started process (PID=888) to work on /opt/airflow/dags/example.py
[2025-04-05T04:56:40.740+0000] {processor.py:830} INFO - Processing file /opt/airflow/dags/example.py for tasks to queue
[2025-04-05T04:56:40.741+0000] {logging_mixin.py:188} INFO - [2025-04-05T04:56:40.741+0000] {dagbag.py:545} INFO - Filling up the DagBag from /opt/airflow/dags/example.py
[2025-04-05T04:56:40.758+0000] {processor.py:840} INFO - DAG(s) 'hello_airflow' retrieved from /opt/airflow/dags/example.py
[2025-04-05T04:56:40.785+0000] {logging_mixin.py:188} INFO - [2025-04-05T04:56:40.785+0000] {dag.py:3096} INFO - Sync 1 DAGs
[2025-04-05T04:56:40.807+0000] {logging_mixin.py:188} INFO - [2025-04-05T04:56:40.807+0000] {dag.py:3954} INFO - Setting next_dagrun for hello_airflow to 2024-03-23 00:00:00+00:00, run_after=2024-03-24 00:00:00+00:00
[2025-04-05T04:56:40.829+0000] {processor.py:183} INFO - Processing /opt/airflow/dags/example.py took 0.095 seconds
[2025-04-05T04:57:12.097+0000] {processor.py:161} INFO - Started process (PID=960) to work on /opt/airflow/dags/example.py
[2025-04-05T04:57:12.098+0000] {processor.py:830} INFO - Processing file /opt/airflow/dags/example.py for tasks to queue
[2025-04-05T04:57:12.099+0000] {logging_mixin.py:188} INFO - [2025-04-05T04:57:12.099+0000] {dagbag.py:545} INFO - Filling up the DagBag from /opt/airflow/dags/example.py
[2025-04-05T04:57:12.112+0000] {processor.py:840} INFO - DAG(s) 'hello_airflow' retrieved from /opt/airflow/dags/example.py
[2025-04-05T04:57:12.133+0000] {logging_mixin.py:188} INFO - [2025-04-05T04:57:12.133+0000] {dag.py:3096} INFO - Sync 1 DAGs
[2025-04-05T04:57:12.152+0000] {logging_mixin.py:188} INFO - [2025-04-05T04:57:12.151+0000] {dag.py:3954} INFO - Setting next_dagrun for hello_airflow to 2024-03-23 00:00:00+00:00, run_after=2024-03-24 00:00:00+00:00
[2025-04-05T04:57:12.166+0000] {processor.py:183} INFO - Processing /opt/airflow/dags/example.py took 0.073 seconds
[2025-04-05T04:57:42.873+0000] {processor.py:161} INFO - Started process (PID=1022) to work on /opt/airflow/dags/example.py
[2025-04-05T04:57:42.874+0000] {processor.py:830} INFO - Processing file /opt/airflow/dags/example.py for tasks to queue
[2025-04-05T04:57:42.875+0000] {logging_mixin.py:188} INFO - [2025-04-05T04:57:42.875+0000] {dagbag.py:545} INFO - Filling up the DagBag from /opt/airflow/dags/example.py
[2025-04-05T04:57:42.888+0000] {processor.py:840} INFO - DAG(s) 'hello_airflow' retrieved from /opt/airflow/dags/example.py
[2025-04-05T04:57:42.910+0000] {logging_mixin.py:188} INFO - [2025-04-05T04:57:42.910+0000] {dag.py:3096} INFO - Sync 1 DAGs
[2025-04-05T04:57:42.928+0000] {logging_mixin.py:188} INFO - [2025-04-05T04:57:42.927+0000] {dag.py:3954} INFO - Setting next_dagrun for hello_airflow to 2024-03-23 00:00:00+00:00, run_after=2024-03-24 00:00:00+00:00
[2025-04-05T04:57:42.944+0000] {processor.py:183} INFO - Processing /opt/airflow/dags/example.py took 0.075 seconds
[2025-04-05T04:58:13.849+0000] {processor.py:161} INFO - Started process (PID=1088) to work on /opt/airflow/dags/example.py
[2025-04-05T04:58:13.850+0000] {processor.py:830} INFO - Processing file /opt/airflow/dags/example.py for tasks to queue
[2025-04-05T04:58:13.852+0000] {logging_mixin.py:188} INFO - [2025-04-05T04:58:13.851+0000] {dagbag.py:545} INFO - Filling up the DagBag from /opt/airflow/dags/example.py
[2025-04-05T04:58:13.864+0000] {processor.py:840} INFO - DAG(s) 'hello_airflow' retrieved from /opt/airflow/dags/example.py
[2025-04-05T04:58:13.888+0000] {logging_mixin.py:188} INFO - [2025-04-05T04:58:13.888+0000] {dag.py:3096} INFO - Sync 1 DAGs
[2025-04-05T04:58:13.910+0000] {logging_mixin.py:188} INFO - [2025-04-05T04:58:13.910+0000] {dag.py:3954} INFO - Setting next_dagrun for hello_airflow to 2024-03-23 00:00:00+00:00, run_after=2024-03-24 00:00:00+00:00
[2025-04-05T04:58:13.931+0000] {processor.py:183} INFO - Processing /opt/airflow/dags/example.py took 0.086 seconds
