[2025-04-05T04:29:47.919+0000] {processor.py:161} INFO - Started process (PID=226) to work on /opt/airflow/dags/new_dags.py
[2025-04-05T04:29:47.920+0000] {processor.py:830} INFO - Processing file /opt/airflow/dags/new_dags.py for tasks to queue
[2025-04-05T04:29:47.922+0000] {logging_mixin.py:188} INFO - [2025-04-05T04:29:47.921+0000] {dagbag.py:545} INFO - Filling up the DagBag from /opt/airflow/dags/new_dags.py
[2025-04-05T04:29:47.946+0000] {processor.py:840} INFO - DAG(s) 'example_dag' retrieved from /opt/airflow/dags/new_dags.py
[2025-04-05T04:29:48.149+0000] {logging_mixin.py:188} INFO - [2025-04-05T04:29:48.149+0000] {override.py:1829} INFO - Created Permission View: can edit on DAG:example_dag
[2025-04-05T04:29:48.158+0000] {logging_mixin.py:188} INFO - [2025-04-05T04:29:48.157+0000] {override.py:1829} INFO - Created Permission View: can delete on DAG:example_dag
[2025-04-05T04:29:48.163+0000] {logging_mixin.py:188} INFO - [2025-04-05T04:29:48.163+0000] {override.py:1829} INFO - Created Permission View: can read on DAG:example_dag
[2025-04-05T04:29:48.163+0000] {logging_mixin.py:188} INFO - [2025-04-05T04:29:48.163+0000] {dag.py:3096} INFO - Sync 1 DAGs
[2025-04-05T04:29:48.174+0000] {logging_mixin.py:188} INFO - [2025-04-05T04:29:48.174+0000] {dag.py:3118} INFO - Creating ORM DAG for example_dag
[2025-04-05T04:29:48.184+0000] {logging_mixin.py:188} INFO - [2025-04-05T04:29:48.184+0000] {dag.py:3954} INFO - Setting next_dagrun for example_dag to 2025-04-04 00:00:00+00:00, run_after=2025-04-05 00:00:00+00:00
[2025-04-05T04:29:48.199+0000] {processor.py:183} INFO - Processing /opt/airflow/dags/new_dags.py took 0.284 seconds
[2025-04-05T04:30:19.112+0000] {processor.py:161} INFO - Started process (PID=288) to work on /opt/airflow/dags/new_dags.py
[2025-04-05T04:30:19.113+0000] {processor.py:830} INFO - Processing file /opt/airflow/dags/new_dags.py for tasks to queue
[2025-04-05T04:30:19.115+0000] {logging_mixin.py:188} INFO - [2025-04-05T04:30:19.114+0000] {dagbag.py:545} INFO - Filling up the DagBag from /opt/airflow/dags/new_dags.py
[2025-04-05T04:30:19.129+0000] {processor.py:840} INFO - DAG(s) 'example_dag' retrieved from /opt/airflow/dags/new_dags.py
[2025-04-05T04:30:19.150+0000] {logging_mixin.py:188} INFO - [2025-04-05T04:30:19.150+0000] {dag.py:3096} INFO - Sync 1 DAGs
[2025-04-05T04:30:19.169+0000] {logging_mixin.py:188} INFO - [2025-04-05T04:30:19.169+0000] {dag.py:3954} INFO - Setting next_dagrun for example_dag to 2025-04-04 00:00:00+00:00, run_after=2025-04-05 00:00:00+00:00
[2025-04-05T04:30:19.188+0000] {processor.py:183} INFO - Processing /opt/airflow/dags/new_dags.py took 0.079 seconds
[2025-04-05T04:30:50.530+0000] {processor.py:161} INFO - Started process (PID=360) to work on /opt/airflow/dags/new_dags.py
[2025-04-05T04:30:50.531+0000] {processor.py:830} INFO - Processing file /opt/airflow/dags/new_dags.py for tasks to queue
[2025-04-05T04:30:50.532+0000] {logging_mixin.py:188} INFO - [2025-04-05T04:30:50.532+0000] {dagbag.py:545} INFO - Filling up the DagBag from /opt/airflow/dags/new_dags.py
[2025-04-05T04:30:50.546+0000] {processor.py:840} INFO - DAG(s) 'example_dag' retrieved from /opt/airflow/dags/new_dags.py
[2025-04-05T04:30:50.567+0000] {logging_mixin.py:188} INFO - [2025-04-05T04:30:50.567+0000] {dag.py:3096} INFO - Sync 1 DAGs
[2025-04-05T04:30:50.585+0000] {logging_mixin.py:188} INFO - [2025-04-05T04:30:50.585+0000] {dag.py:3954} INFO - Setting next_dagrun for example_dag to 2025-04-04 00:00:00+00:00, run_after=2025-04-05 00:00:00+00:00
[2025-04-05T04:30:50.599+0000] {processor.py:183} INFO - Processing /opt/airflow/dags/new_dags.py took 0.074 seconds
[2025-04-05T04:31:21.927+0000] {processor.py:161} INFO - Started process (PID=421) to work on /opt/airflow/dags/new_dags.py
[2025-04-05T04:31:21.928+0000] {processor.py:830} INFO - Processing file /opt/airflow/dags/new_dags.py for tasks to queue
[2025-04-05T04:31:21.930+0000] {logging_mixin.py:188} INFO - [2025-04-05T04:31:21.929+0000] {dagbag.py:545} INFO - Filling up the DagBag from /opt/airflow/dags/new_dags.py
[2025-04-05T04:31:21.948+0000] {processor.py:840} INFO - DAG(s) 'example_dag' retrieved from /opt/airflow/dags/new_dags.py
[2025-04-05T04:31:21.977+0000] {logging_mixin.py:188} INFO - [2025-04-05T04:31:21.977+0000] {dag.py:3096} INFO - Sync 1 DAGs
[2025-04-05T04:31:22.012+0000] {logging_mixin.py:188} INFO - [2025-04-05T04:31:22.011+0000] {dag.py:3954} INFO - Setting next_dagrun for example_dag to 2025-04-04 00:00:00+00:00, run_after=2025-04-05 00:00:00+00:00
[2025-04-05T04:31:22.036+0000] {processor.py:183} INFO - Processing /opt/airflow/dags/new_dags.py took 0.114 seconds
[2025-04-05T04:31:53.402+0000] {processor.py:161} INFO - Started process (PID=490) to work on /opt/airflow/dags/new_dags.py
[2025-04-05T04:31:53.402+0000] {processor.py:830} INFO - Processing file /opt/airflow/dags/new_dags.py for tasks to queue
[2025-04-05T04:31:53.404+0000] {logging_mixin.py:188} INFO - [2025-04-05T04:31:53.403+0000] {dagbag.py:545} INFO - Filling up the DagBag from /opt/airflow/dags/new_dags.py
[2025-04-05T04:31:53.418+0000] {processor.py:840} INFO - DAG(s) 'example_dag' retrieved from /opt/airflow/dags/new_dags.py
[2025-04-05T04:31:53.439+0000] {logging_mixin.py:188} INFO - [2025-04-05T04:31:53.439+0000] {dag.py:3096} INFO - Sync 1 DAGs
[2025-04-05T04:31:53.459+0000] {logging_mixin.py:188} INFO - [2025-04-05T04:31:53.459+0000] {dag.py:3954} INFO - Setting next_dagrun for example_dag to 2025-04-05 00:00:00+00:00, run_after=2025-04-06 00:00:00+00:00
[2025-04-05T04:31:53.474+0000] {processor.py:183} INFO - Processing /opt/airflow/dags/new_dags.py took 0.076 seconds
[2025-04-05T04:32:24.645+0000] {processor.py:161} INFO - Started process (PID=553) to work on /opt/airflow/dags/new_dags.py
[2025-04-05T04:32:24.646+0000] {processor.py:830} INFO - Processing file /opt/airflow/dags/new_dags.py for tasks to queue
[2025-04-05T04:32:24.648+0000] {logging_mixin.py:188} INFO - [2025-04-05T04:32:24.647+0000] {dagbag.py:545} INFO - Filling up the DagBag from /opt/airflow/dags/new_dags.py
[2025-04-05T04:32:24.663+0000] {processor.py:840} INFO - DAG(s) 'example_dag' retrieved from /opt/airflow/dags/new_dags.py
[2025-04-05T04:32:24.684+0000] {logging_mixin.py:188} INFO - [2025-04-05T04:32:24.684+0000] {dag.py:3096} INFO - Sync 1 DAGs
[2025-04-05T04:32:24.703+0000] {logging_mixin.py:188} INFO - [2025-04-05T04:32:24.703+0000] {dag.py:3954} INFO - Setting next_dagrun for example_dag to 2025-04-05 00:00:00+00:00, run_after=2025-04-06 00:00:00+00:00
[2025-04-05T04:32:24.720+0000] {processor.py:183} INFO - Processing /opt/airflow/dags/new_dags.py took 0.079 seconds
[2025-04-05T04:32:55.686+0000] {processor.py:161} INFO - Started process (PID=622) to work on /opt/airflow/dags/new_dags.py
[2025-04-05T04:32:55.687+0000] {processor.py:830} INFO - Processing file /opt/airflow/dags/new_dags.py for tasks to queue
[2025-04-05T04:32:55.688+0000] {logging_mixin.py:188} INFO - [2025-04-05T04:32:55.688+0000] {dagbag.py:545} INFO - Filling up the DagBag from /opt/airflow/dags/new_dags.py
[2025-04-05T04:32:55.703+0000] {processor.py:840} INFO - DAG(s) 'example_dag' retrieved from /opt/airflow/dags/new_dags.py
[2025-04-05T04:32:55.725+0000] {logging_mixin.py:188} INFO - [2025-04-05T04:32:55.725+0000] {dag.py:3096} INFO - Sync 1 DAGs
[2025-04-05T04:32:55.744+0000] {logging_mixin.py:188} INFO - [2025-04-05T04:32:55.743+0000] {dag.py:3954} INFO - Setting next_dagrun for example_dag to 2025-04-05 00:00:00+00:00, run_after=2025-04-06 00:00:00+00:00
[2025-04-05T04:32:55.758+0000] {processor.py:183} INFO - Processing /opt/airflow/dags/new_dags.py took 0.076 seconds
[2025-04-05T04:33:58.908+0000] {processor.py:161} INFO - Started process (PID=228) to work on /opt/airflow/dags/new_dags.py
[2025-04-05T04:33:58.909+0000] {processor.py:830} INFO - Processing file /opt/airflow/dags/new_dags.py for tasks to queue
[2025-04-05T04:33:58.910+0000] {logging_mixin.py:188} INFO - [2025-04-05T04:33:58.910+0000] {dagbag.py:545} INFO - Filling up the DagBag from /opt/airflow/dags/new_dags.py
[2025-04-05T04:33:58.925+0000] {processor.py:840} INFO - DAG(s) 'example_dag' retrieved from /opt/airflow/dags/new_dags.py
[2025-04-05T04:33:59.019+0000] {logging_mixin.py:188} INFO - [2025-04-05T04:33:59.019+0000] {dag.py:3096} INFO - Sync 1 DAGs
[2025-04-05T04:33:59.037+0000] {logging_mixin.py:188} INFO - [2025-04-05T04:33:59.037+0000] {dag.py:3954} INFO - Setting next_dagrun for example_dag to 2025-04-05 00:00:00+00:00, run_after=2025-04-06 00:00:00+00:00
[2025-04-05T04:33:59.053+0000] {processor.py:183} INFO - Processing /opt/airflow/dags/new_dags.py took 0.149 seconds
[2025-04-05T04:34:29.901+0000] {processor.py:161} INFO - Started process (PID=291) to work on /opt/airflow/dags/new_dags.py
[2025-04-05T04:34:29.901+0000] {processor.py:830} INFO - Processing file /opt/airflow/dags/new_dags.py for tasks to queue
[2025-04-05T04:34:29.903+0000] {logging_mixin.py:188} INFO - [2025-04-05T04:34:29.903+0000] {dagbag.py:545} INFO - Filling up the DagBag from /opt/airflow/dags/new_dags.py
[2025-04-05T04:34:29.919+0000] {processor.py:840} INFO - DAG(s) 'example_dag' retrieved from /opt/airflow/dags/new_dags.py
[2025-04-05T04:34:29.941+0000] {logging_mixin.py:188} INFO - [2025-04-05T04:34:29.941+0000] {dag.py:3096} INFO - Sync 1 DAGs
[2025-04-05T04:34:29.961+0000] {logging_mixin.py:188} INFO - [2025-04-05T04:34:29.961+0000] {dag.py:3954} INFO - Setting next_dagrun for example_dag to 2025-04-05 00:00:00+00:00, run_after=2025-04-06 00:00:00+00:00
[2025-04-05T04:34:29.978+0000] {processor.py:183} INFO - Processing /opt/airflow/dags/new_dags.py took 0.081 seconds
[2025-04-05T04:35:00.164+0000] {processor.py:161} INFO - Started process (PID=397) to work on /opt/airflow/dags/new_dags.py
[2025-04-05T04:35:00.165+0000] {processor.py:830} INFO - Processing file /opt/airflow/dags/new_dags.py for tasks to queue
[2025-04-05T04:35:00.166+0000] {logging_mixin.py:188} INFO - [2025-04-05T04:35:00.166+0000] {dagbag.py:545} INFO - Filling up the DagBag from /opt/airflow/dags/new_dags.py
[2025-04-05T04:35:00.182+0000] {processor.py:840} INFO - DAG(s) 'example_dag' retrieved from /opt/airflow/dags/new_dags.py
[2025-04-05T04:35:00.206+0000] {logging_mixin.py:188} INFO - [2025-04-05T04:35:00.205+0000] {dag.py:3096} INFO - Sync 1 DAGs
[2025-04-05T04:35:00.228+0000] {logging_mixin.py:188} INFO - [2025-04-05T04:35:00.227+0000] {dag.py:3954} INFO - Setting next_dagrun for example_dag to 2025-04-05 00:00:00+00:00, run_after=2025-04-06 00:00:00+00:00
[2025-04-05T04:35:00.246+0000] {processor.py:183} INFO - Processing /opt/airflow/dags/new_dags.py took 0.086 seconds
[2025-04-05T04:35:30.448+0000] {processor.py:161} INFO - Started process (PID=456) to work on /opt/airflow/dags/new_dags.py
[2025-04-05T04:35:30.449+0000] {processor.py:830} INFO - Processing file /opt/airflow/dags/new_dags.py for tasks to queue
[2025-04-05T04:35:30.450+0000] {logging_mixin.py:188} INFO - [2025-04-05T04:35:30.450+0000] {dagbag.py:545} INFO - Filling up the DagBag from /opt/airflow/dags/new_dags.py
[2025-04-05T04:35:30.468+0000] {processor.py:840} INFO - DAG(s) 'example_dag' retrieved from /opt/airflow/dags/new_dags.py
[2025-04-05T04:35:30.490+0000] {logging_mixin.py:188} INFO - [2025-04-05T04:35:30.490+0000] {dag.py:3096} INFO - Sync 1 DAGs
[2025-04-05T04:35:30.512+0000] {logging_mixin.py:188} INFO - [2025-04-05T04:35:30.512+0000] {dag.py:3954} INFO - Setting next_dagrun for example_dag to 2025-04-05 00:00:00+00:00, run_after=2025-04-06 00:00:00+00:00
[2025-04-05T04:35:30.529+0000] {processor.py:183} INFO - Processing /opt/airflow/dags/new_dags.py took 0.086 seconds
[2025-04-05T04:36:01.812+0000] {processor.py:161} INFO - Started process (PID=534) to work on /opt/airflow/dags/new_dags.py
[2025-04-05T04:36:01.813+0000] {processor.py:830} INFO - Processing file /opt/airflow/dags/new_dags.py for tasks to queue
[2025-04-05T04:36:01.814+0000] {logging_mixin.py:188} INFO - [2025-04-05T04:36:01.814+0000] {dagbag.py:545} INFO - Filling up the DagBag from /opt/airflow/dags/new_dags.py
[2025-04-05T04:36:01.830+0000] {processor.py:840} INFO - DAG(s) 'example_dag' retrieved from /opt/airflow/dags/new_dags.py
[2025-04-05T04:36:01.854+0000] {logging_mixin.py:188} INFO - [2025-04-05T04:36:01.854+0000] {dag.py:3096} INFO - Sync 1 DAGs
[2025-04-05T04:36:01.873+0000] {logging_mixin.py:188} INFO - [2025-04-05T04:36:01.873+0000] {dag.py:3954} INFO - Setting next_dagrun for example_dag to 2025-04-05 00:00:00+00:00, run_after=2025-04-06 00:00:00+00:00
[2025-04-05T04:36:01.888+0000] {processor.py:183} INFO - Processing /opt/airflow/dags/new_dags.py took 0.080 seconds
[2025-04-05T04:36:32.505+0000] {processor.py:161} INFO - Started process (PID=598) to work on /opt/airflow/dags/new_dags.py
[2025-04-05T04:36:32.506+0000] {processor.py:830} INFO - Processing file /opt/airflow/dags/new_dags.py for tasks to queue
[2025-04-05T04:36:32.508+0000] {logging_mixin.py:188} INFO - [2025-04-05T04:36:32.508+0000] {dagbag.py:545} INFO - Filling up the DagBag from /opt/airflow/dags/new_dags.py
[2025-04-05T04:36:32.523+0000] {processor.py:840} INFO - DAG(s) 'example_dag' retrieved from /opt/airflow/dags/new_dags.py
[2025-04-05T04:36:32.547+0000] {logging_mixin.py:188} INFO - [2025-04-05T04:36:32.547+0000] {dag.py:3096} INFO - Sync 1 DAGs
[2025-04-05T04:36:32.568+0000] {logging_mixin.py:188} INFO - [2025-04-05T04:36:32.567+0000] {dag.py:3954} INFO - Setting next_dagrun for example_dag to 2025-04-05 00:00:00+00:00, run_after=2025-04-06 00:00:00+00:00
[2025-04-05T04:36:32.584+0000] {processor.py:183} INFO - Processing /opt/airflow/dags/new_dags.py took 0.082 seconds
[2025-04-05T04:37:03.294+0000] {processor.py:161} INFO - Started process (PID=662) to work on /opt/airflow/dags/new_dags.py
[2025-04-05T04:37:03.295+0000] {processor.py:830} INFO - Processing file /opt/airflow/dags/new_dags.py for tasks to queue
[2025-04-05T04:37:03.296+0000] {logging_mixin.py:188} INFO - [2025-04-05T04:37:03.296+0000] {dagbag.py:545} INFO - Filling up the DagBag from /opt/airflow/dags/new_dags.py
[2025-04-05T04:37:03.312+0000] {processor.py:840} INFO - DAG(s) 'example_dag' retrieved from /opt/airflow/dags/new_dags.py
[2025-04-05T04:37:03.332+0000] {logging_mixin.py:188} INFO - [2025-04-05T04:37:03.332+0000] {dag.py:3096} INFO - Sync 1 DAGs
[2025-04-05T04:37:03.352+0000] {logging_mixin.py:188} INFO - [2025-04-05T04:37:03.352+0000] {dag.py:3954} INFO - Setting next_dagrun for example_dag to 2025-04-05 00:00:00+00:00, run_after=2025-04-06 00:00:00+00:00
[2025-04-05T04:37:03.368+0000] {processor.py:183} INFO - Processing /opt/airflow/dags/new_dags.py took 0.079 seconds
[2025-04-05T04:37:34.358+0000] {processor.py:161} INFO - Started process (PID=726) to work on /opt/airflow/dags/new_dags.py
[2025-04-05T04:37:34.359+0000] {processor.py:830} INFO - Processing file /opt/airflow/dags/new_dags.py for tasks to queue
[2025-04-05T04:37:34.360+0000] {logging_mixin.py:188} INFO - [2025-04-05T04:37:34.360+0000] {dagbag.py:545} INFO - Filling up the DagBag from /opt/airflow/dags/new_dags.py
[2025-04-05T04:37:34.378+0000] {processor.py:840} INFO - DAG(s) 'example_dag' retrieved from /opt/airflow/dags/new_dags.py
[2025-04-05T04:37:34.405+0000] {logging_mixin.py:188} INFO - [2025-04-05T04:37:34.404+0000] {dag.py:3096} INFO - Sync 1 DAGs
[2025-04-05T04:37:34.429+0000] {logging_mixin.py:188} INFO - [2025-04-05T04:37:34.429+0000] {dag.py:3954} INFO - Setting next_dagrun for example_dag to 2025-04-05 00:00:00+00:00, run_after=2025-04-06 00:00:00+00:00
[2025-04-05T04:37:34.451+0000] {processor.py:183} INFO - Processing /opt/airflow/dags/new_dags.py took 0.099 seconds
[2025-04-05T04:38:05.337+0000] {processor.py:161} INFO - Started process (PID=790) to work on /opt/airflow/dags/new_dags.py
[2025-04-05T04:38:05.338+0000] {processor.py:830} INFO - Processing file /opt/airflow/dags/new_dags.py for tasks to queue
[2025-04-05T04:38:05.340+0000] {logging_mixin.py:188} INFO - [2025-04-05T04:38:05.340+0000] {dagbag.py:545} INFO - Filling up the DagBag from /opt/airflow/dags/new_dags.py
[2025-04-05T04:38:05.356+0000] {processor.py:840} INFO - DAG(s) 'example_dag' retrieved from /opt/airflow/dags/new_dags.py
[2025-04-05T04:38:05.377+0000] {logging_mixin.py:188} INFO - [2025-04-05T04:38:05.377+0000] {dag.py:3096} INFO - Sync 1 DAGs
[2025-04-05T04:38:05.397+0000] {logging_mixin.py:188} INFO - [2025-04-05T04:38:05.397+0000] {dag.py:3954} INFO - Setting next_dagrun for example_dag to 2025-04-05 00:00:00+00:00, run_after=2025-04-06 00:00:00+00:00
[2025-04-05T04:38:05.415+0000] {processor.py:183} INFO - Processing /opt/airflow/dags/new_dags.py took 0.082 seconds
[2025-04-05T04:38:36.247+0000] {processor.py:161} INFO - Started process (PID=856) to work on /opt/airflow/dags/new_dags.py
[2025-04-05T04:38:36.248+0000] {processor.py:830} INFO - Processing file /opt/airflow/dags/new_dags.py for tasks to queue
[2025-04-05T04:38:36.250+0000] {logging_mixin.py:188} INFO - [2025-04-05T04:38:36.249+0000] {dagbag.py:545} INFO - Filling up the DagBag from /opt/airflow/dags/new_dags.py
[2025-04-05T04:38:36.265+0000] {processor.py:840} INFO - DAG(s) 'example_dag' retrieved from /opt/airflow/dags/new_dags.py
[2025-04-05T04:38:36.287+0000] {logging_mixin.py:188} INFO - [2025-04-05T04:38:36.287+0000] {dag.py:3096} INFO - Sync 1 DAGs
[2025-04-05T04:38:36.309+0000] {logging_mixin.py:188} INFO - [2025-04-05T04:38:36.309+0000] {dag.py:3954} INFO - Setting next_dagrun for example_dag to 2025-04-05 00:00:00+00:00, run_after=2025-04-06 00:00:00+00:00
[2025-04-05T04:38:36.326+0000] {processor.py:183} INFO - Processing /opt/airflow/dags/new_dags.py took 0.083 seconds
[2025-04-05T04:40:04.104+0000] {processor.py:161} INFO - Started process (PID=228) to work on /opt/airflow/dags/new_dags.py
[2025-04-05T04:40:04.105+0000] {processor.py:830} INFO - Processing file /opt/airflow/dags/new_dags.py for tasks to queue
[2025-04-05T04:40:04.106+0000] {logging_mixin.py:188} INFO - [2025-04-05T04:40:04.106+0000] {dagbag.py:545} INFO - Filling up the DagBag from /opt/airflow/dags/new_dags.py
[2025-04-05T04:40:04.123+0000] {processor.py:840} INFO - DAG(s) 'example_dag' retrieved from /opt/airflow/dags/new_dags.py
[2025-04-05T04:40:04.218+0000] {logging_mixin.py:188} INFO - [2025-04-05T04:40:04.218+0000] {dag.py:3096} INFO - Sync 1 DAGs
[2025-04-05T04:40:04.235+0000] {logging_mixin.py:188} INFO - [2025-04-05T04:40:04.235+0000] {dag.py:3954} INFO - Setting next_dagrun for example_dag to 2025-04-05 00:00:00+00:00, run_after=2025-04-06 00:00:00+00:00
[2025-04-05T04:40:04.252+0000] {processor.py:183} INFO - Processing /opt/airflow/dags/new_dags.py took 0.153 seconds
[2025-04-05T04:40:34.843+0000] {processor.py:161} INFO - Started process (PID=292) to work on /opt/airflow/dags/new_dags.py
[2025-04-05T04:40:34.844+0000] {processor.py:830} INFO - Processing file /opt/airflow/dags/new_dags.py for tasks to queue
[2025-04-05T04:40:34.845+0000] {logging_mixin.py:188} INFO - [2025-04-05T04:40:34.845+0000] {dagbag.py:545} INFO - Filling up the DagBag from /opt/airflow/dags/new_dags.py
[2025-04-05T04:40:34.861+0000] {processor.py:840} INFO - DAG(s) 'example_dag' retrieved from /opt/airflow/dags/new_dags.py
[2025-04-05T04:40:34.885+0000] {logging_mixin.py:188} INFO - [2025-04-05T04:40:34.884+0000] {dag.py:3096} INFO - Sync 1 DAGs
[2025-04-05T04:40:34.910+0000] {logging_mixin.py:188} INFO - [2025-04-05T04:40:34.910+0000] {dag.py:3954} INFO - Setting next_dagrun for example_dag to 2025-04-05 00:00:00+00:00, run_after=2025-04-06 00:00:00+00:00
[2025-04-05T04:40:34.930+0000] {processor.py:183} INFO - Processing /opt/airflow/dags/new_dags.py took 0.092 seconds
[2025-04-05T04:41:05.214+0000] {processor.py:161} INFO - Started process (PID=356) to work on /opt/airflow/dags/new_dags.py
[2025-04-05T04:41:05.215+0000] {processor.py:830} INFO - Processing file /opt/airflow/dags/new_dags.py for tasks to queue
[2025-04-05T04:41:05.217+0000] {logging_mixin.py:188} INFO - [2025-04-05T04:41:05.216+0000] {dagbag.py:545} INFO - Filling up the DagBag from /opt/airflow/dags/new_dags.py
[2025-04-05T04:41:05.232+0000] {processor.py:840} INFO - DAG(s) 'example_dag' retrieved from /opt/airflow/dags/new_dags.py
[2025-04-05T04:41:05.254+0000] {logging_mixin.py:188} INFO - [2025-04-05T04:41:05.254+0000] {dag.py:3096} INFO - Sync 1 DAGs
[2025-04-05T04:41:05.275+0000] {logging_mixin.py:188} INFO - [2025-04-05T04:41:05.275+0000] {dag.py:3954} INFO - Setting next_dagrun for example_dag to 2025-04-05 00:00:00+00:00, run_after=2025-04-06 00:00:00+00:00
[2025-04-05T04:41:05.291+0000] {processor.py:183} INFO - Processing /opt/airflow/dags/new_dags.py took 0.081 seconds
[2025-04-05T04:41:36.002+0000] {processor.py:161} INFO - Started process (PID=426) to work on /opt/airflow/dags/new_dags.py
[2025-04-05T04:41:36.003+0000] {processor.py:830} INFO - Processing file /opt/airflow/dags/new_dags.py for tasks to queue
[2025-04-05T04:41:36.004+0000] {logging_mixin.py:188} INFO - [2025-04-05T04:41:36.004+0000] {dagbag.py:545} INFO - Filling up the DagBag from /opt/airflow/dags/new_dags.py
[2025-04-05T04:41:36.023+0000] {processor.py:840} INFO - DAG(s) 'example_dag' retrieved from /opt/airflow/dags/new_dags.py
[2025-04-05T04:41:36.048+0000] {logging_mixin.py:188} INFO - [2025-04-05T04:41:36.047+0000] {dag.py:3096} INFO - Sync 1 DAGs
[2025-04-05T04:41:36.071+0000] {logging_mixin.py:188} INFO - [2025-04-05T04:41:36.071+0000] {dag.py:3954} INFO - Setting next_dagrun for example_dag to 2025-04-05 00:00:00+00:00, run_after=2025-04-06 00:00:00+00:00
[2025-04-05T04:41:36.086+0000] {processor.py:183} INFO - Processing /opt/airflow/dags/new_dags.py took 0.089 seconds
[2025-04-05T04:42:06.929+0000] {processor.py:161} INFO - Started process (PID=489) to work on /opt/airflow/dags/new_dags.py
[2025-04-05T04:42:06.930+0000] {processor.py:830} INFO - Processing file /opt/airflow/dags/new_dags.py for tasks to queue
[2025-04-05T04:42:06.931+0000] {logging_mixin.py:188} INFO - [2025-04-05T04:42:06.931+0000] {dagbag.py:545} INFO - Filling up the DagBag from /opt/airflow/dags/new_dags.py
[2025-04-05T04:42:06.946+0000] {processor.py:840} INFO - DAG(s) 'example_dag' retrieved from /opt/airflow/dags/new_dags.py
[2025-04-05T04:42:06.970+0000] {logging_mixin.py:188} INFO - [2025-04-05T04:42:06.970+0000] {dag.py:3096} INFO - Sync 1 DAGs
[2025-04-05T04:42:06.990+0000] {logging_mixin.py:188} INFO - [2025-04-05T04:42:06.990+0000] {dag.py:3954} INFO - Setting next_dagrun for example_dag to 2025-04-05 00:00:00+00:00, run_after=2025-04-06 00:00:00+00:00
[2025-04-05T04:42:07.005+0000] {processor.py:183} INFO - Processing /opt/airflow/dags/new_dags.py took 0.080 seconds
[2025-04-05T04:42:37.262+0000] {processor.py:161} INFO - Started process (PID=547) to work on /opt/airflow/dags/new_dags.py
[2025-04-05T04:42:37.263+0000] {processor.py:830} INFO - Processing file /opt/airflow/dags/new_dags.py for tasks to queue
[2025-04-05T04:42:37.265+0000] {logging_mixin.py:188} INFO - [2025-04-05T04:42:37.264+0000] {dagbag.py:545} INFO - Filling up the DagBag from /opt/airflow/dags/new_dags.py
[2025-04-05T04:42:37.283+0000] {processor.py:840} INFO - DAG(s) 'example_dag' retrieved from /opt/airflow/dags/new_dags.py
[2025-04-05T04:42:37.310+0000] {logging_mixin.py:188} INFO - [2025-04-05T04:42:37.309+0000] {dag.py:3096} INFO - Sync 1 DAGs
[2025-04-05T04:42:37.334+0000] {logging_mixin.py:188} INFO - [2025-04-05T04:42:37.334+0000] {dag.py:3954} INFO - Setting next_dagrun for example_dag to 2025-04-05 00:00:00+00:00, run_after=2025-04-06 00:00:00+00:00
[2025-04-05T04:42:37.352+0000] {processor.py:183} INFO - Processing /opt/airflow/dags/new_dags.py took 0.096 seconds
[2025-04-05T04:43:07.801+0000] {processor.py:161} INFO - Started process (PID=611) to work on /opt/airflow/dags/new_dags.py
[2025-04-05T04:43:07.802+0000] {processor.py:830} INFO - Processing file /opt/airflow/dags/new_dags.py for tasks to queue
[2025-04-05T04:43:07.804+0000] {logging_mixin.py:188} INFO - [2025-04-05T04:43:07.804+0000] {dagbag.py:545} INFO - Filling up the DagBag from /opt/airflow/dags/new_dags.py
[2025-04-05T04:43:07.822+0000] {processor.py:840} INFO - DAG(s) 'example_dag' retrieved from /opt/airflow/dags/new_dags.py
[2025-04-05T04:43:07.845+0000] {logging_mixin.py:188} INFO - [2025-04-05T04:43:07.845+0000] {dag.py:3096} INFO - Sync 1 DAGs
[2025-04-05T04:43:07.866+0000] {logging_mixin.py:188} INFO - [2025-04-05T04:43:07.865+0000] {dag.py:3954} INFO - Setting next_dagrun for example_dag to 2025-04-05 00:00:00+00:00, run_after=2025-04-06 00:00:00+00:00
[2025-04-05T04:43:07.881+0000] {processor.py:183} INFO - Processing /opt/airflow/dags/new_dags.py took 0.086 seconds
[2025-04-05T04:44:09.966+0000] {processor.py:161} INFO - Started process (PID=228) to work on /opt/airflow/dags/new_dags.py
[2025-04-05T04:44:09.967+0000] {processor.py:830} INFO - Processing file /opt/airflow/dags/new_dags.py for tasks to queue
[2025-04-05T04:44:09.968+0000] {logging_mixin.py:188} INFO - [2025-04-05T04:44:09.968+0000] {dagbag.py:545} INFO - Filling up the DagBag from /opt/airflow/dags/new_dags.py
[2025-04-05T04:44:09.985+0000] {processor.py:840} INFO - DAG(s) 'example_dag' retrieved from /opt/airflow/dags/new_dags.py
[2025-04-05T04:44:10.080+0000] {logging_mixin.py:188} INFO - [2025-04-05T04:44:10.080+0000] {dag.py:3096} INFO - Sync 1 DAGs
[2025-04-05T04:44:10.098+0000] {logging_mixin.py:188} INFO - [2025-04-05T04:44:10.098+0000] {dag.py:3954} INFO - Setting next_dagrun for example_dag to 2025-04-05 00:00:00+00:00, run_after=2025-04-06 00:00:00+00:00
[2025-04-05T04:44:10.113+0000] {processor.py:183} INFO - Processing /opt/airflow/dags/new_dags.py took 0.151 seconds
[2025-04-05T04:44:40.635+0000] {processor.py:161} INFO - Started process (PID=291) to work on /opt/airflow/dags/new_dags.py
[2025-04-05T04:44:40.636+0000] {processor.py:830} INFO - Processing file /opt/airflow/dags/new_dags.py for tasks to queue
[2025-04-05T04:44:40.637+0000] {logging_mixin.py:188} INFO - [2025-04-05T04:44:40.637+0000] {dagbag.py:545} INFO - Filling up the DagBag from /opt/airflow/dags/new_dags.py
[2025-04-05T04:44:40.651+0000] {processor.py:840} INFO - DAG(s) 'example_dag' retrieved from /opt/airflow/dags/new_dags.py
[2025-04-05T04:44:40.673+0000] {logging_mixin.py:188} INFO - [2025-04-05T04:44:40.672+0000] {dag.py:3096} INFO - Sync 1 DAGs
[2025-04-05T04:44:40.692+0000] {logging_mixin.py:188} INFO - [2025-04-05T04:44:40.691+0000] {dag.py:3954} INFO - Setting next_dagrun for example_dag to 2025-04-05 00:00:00+00:00, run_after=2025-04-06 00:00:00+00:00
[2025-04-05T04:44:40.707+0000] {processor.py:183} INFO - Processing /opt/airflow/dags/new_dags.py took 0.076 seconds
[2025-04-05T04:45:11.202+0000] {processor.py:161} INFO - Started process (PID=356) to work on /opt/airflow/dags/new_dags.py
[2025-04-05T04:45:11.203+0000] {processor.py:830} INFO - Processing file /opt/airflow/dags/new_dags.py for tasks to queue
[2025-04-05T04:45:11.204+0000] {logging_mixin.py:188} INFO - [2025-04-05T04:45:11.204+0000] {dagbag.py:545} INFO - Filling up the DagBag from /opt/airflow/dags/new_dags.py
[2025-04-05T04:45:11.220+0000] {processor.py:840} INFO - DAG(s) 'example_dag' retrieved from /opt/airflow/dags/new_dags.py
[2025-04-05T04:45:11.244+0000] {logging_mixin.py:188} INFO - [2025-04-05T04:45:11.243+0000] {dag.py:3096} INFO - Sync 1 DAGs
[2025-04-05T04:45:11.264+0000] {logging_mixin.py:188} INFO - [2025-04-05T04:45:11.263+0000] {dag.py:3954} INFO - Setting next_dagrun for example_dag to 2025-04-05 00:00:00+00:00, run_after=2025-04-06 00:00:00+00:00
[2025-04-05T04:45:11.280+0000] {processor.py:183} INFO - Processing /opt/airflow/dags/new_dags.py took 0.083 seconds
[2025-04-05T04:45:41.791+0000] {processor.py:161} INFO - Started process (PID=420) to work on /opt/airflow/dags/new_dags.py
[2025-04-05T04:45:41.791+0000] {processor.py:830} INFO - Processing file /opt/airflow/dags/new_dags.py for tasks to queue
[2025-04-05T04:45:41.793+0000] {logging_mixin.py:188} INFO - [2025-04-05T04:45:41.793+0000] {dagbag.py:545} INFO - Filling up the DagBag from /opt/airflow/dags/new_dags.py
[2025-04-05T04:45:41.808+0000] {processor.py:840} INFO - DAG(s) 'example_dag' retrieved from /opt/airflow/dags/new_dags.py
[2025-04-05T04:45:41.831+0000] {logging_mixin.py:188} INFO - [2025-04-05T04:45:41.831+0000] {dag.py:3096} INFO - Sync 1 DAGs
[2025-04-05T04:45:41.851+0000] {logging_mixin.py:188} INFO - [2025-04-05T04:45:41.851+0000] {dag.py:3954} INFO - Setting next_dagrun for example_dag to 2025-04-05 00:00:00+00:00, run_after=2025-04-06 00:00:00+00:00
[2025-04-05T04:45:41.869+0000] {processor.py:183} INFO - Processing /opt/airflow/dags/new_dags.py took 0.083 seconds
[2025-04-05T04:48:40.551+0000] {processor.py:161} INFO - Started process (PID=228) to work on /opt/airflow/dags/new_dags.py
[2025-04-05T04:48:40.552+0000] {processor.py:830} INFO - Processing file /opt/airflow/dags/new_dags.py for tasks to queue
[2025-04-05T04:48:40.554+0000] {logging_mixin.py:188} INFO - [2025-04-05T04:48:40.553+0000] {dagbag.py:545} INFO - Filling up the DagBag from /opt/airflow/dags/new_dags.py
[2025-04-05T04:48:40.573+0000] {processor.py:840} INFO - DAG(s) 'example_dag' retrieved from /opt/airflow/dags/new_dags.py
[2025-04-05T04:48:40.696+0000] {logging_mixin.py:188} INFO - [2025-04-05T04:48:40.695+0000] {override.py:1829} INFO - Created Permission View: can read on DAG:example_dag
[2025-04-05T04:48:40.706+0000] {logging_mixin.py:188} INFO - [2025-04-05T04:48:40.706+0000] {override.py:1829} INFO - Created Permission View: can delete on DAG:example_dag
[2025-04-05T04:48:40.713+0000] {logging_mixin.py:188} INFO - [2025-04-05T04:48:40.713+0000] {override.py:1829} INFO - Created Permission View: can edit on DAG:example_dag
[2025-04-05T04:48:40.714+0000] {logging_mixin.py:188} INFO - [2025-04-05T04:48:40.714+0000] {dag.py:3096} INFO - Sync 1 DAGs
[2025-04-05T04:48:40.726+0000] {logging_mixin.py:188} INFO - [2025-04-05T04:48:40.726+0000] {dag.py:3118} INFO - Creating ORM DAG for example_dag
[2025-04-05T04:48:40.738+0000] {logging_mixin.py:188} INFO - [2025-04-05T04:48:40.738+0000] {dag.py:3954} INFO - Setting next_dagrun for example_dag to 2025-04-04 00:00:00+00:00, run_after=2025-04-05 00:00:00+00:00
[2025-04-05T04:48:40.757+0000] {processor.py:183} INFO - Processing /opt/airflow/dags/new_dags.py took 0.211 seconds
[2025-04-05T04:49:11.200+0000] {processor.py:161} INFO - Started process (PID=291) to work on /opt/airflow/dags/new_dags.py
[2025-04-05T04:49:11.200+0000] {processor.py:830} INFO - Processing file /opt/airflow/dags/new_dags.py for tasks to queue
[2025-04-05T04:49:11.202+0000] {logging_mixin.py:188} INFO - [2025-04-05T04:49:11.202+0000] {dagbag.py:545} INFO - Filling up the DagBag from /opt/airflow/dags/new_dags.py
[2025-04-05T04:49:11.217+0000] {processor.py:840} INFO - DAG(s) 'example_dag' retrieved from /opt/airflow/dags/new_dags.py
[2025-04-05T04:49:11.242+0000] {logging_mixin.py:188} INFO - [2025-04-05T04:49:11.242+0000] {dag.py:3096} INFO - Sync 1 DAGs
[2025-04-05T04:49:11.263+0000] {logging_mixin.py:188} INFO - [2025-04-05T04:49:11.263+0000] {dag.py:3954} INFO - Setting next_dagrun for example_dag to 2025-04-04 00:00:00+00:00, run_after=2025-04-05 00:00:00+00:00
[2025-04-05T04:49:11.279+0000] {processor.py:183} INFO - Processing /opt/airflow/dags/new_dags.py took 0.084 seconds
[2025-04-05T04:49:41.963+0000] {processor.py:161} INFO - Started process (PID=350) to work on /opt/airflow/dags/new_dags.py
[2025-04-05T04:49:41.964+0000] {processor.py:830} INFO - Processing file /opt/airflow/dags/new_dags.py for tasks to queue
[2025-04-05T04:49:41.966+0000] {logging_mixin.py:188} INFO - [2025-04-05T04:49:41.965+0000] {dagbag.py:545} INFO - Filling up the DagBag from /opt/airflow/dags/new_dags.py
[2025-04-05T04:49:41.984+0000] {processor.py:840} INFO - DAG(s) 'example_dag' retrieved from /opt/airflow/dags/new_dags.py
[2025-04-05T04:49:42.011+0000] {logging_mixin.py:188} INFO - [2025-04-05T04:49:42.011+0000] {dag.py:3096} INFO - Sync 1 DAGs
[2025-04-05T04:49:42.034+0000] {logging_mixin.py:188} INFO - [2025-04-05T04:49:42.034+0000] {dag.py:3954} INFO - Setting next_dagrun for example_dag to 2025-04-04 00:00:00+00:00, run_after=2025-04-05 00:00:00+00:00
[2025-04-05T04:49:42.051+0000] {processor.py:183} INFO - Processing /opt/airflow/dags/new_dags.py took 0.094 seconds
[2025-04-05T04:50:12.936+0000] {processor.py:161} INFO - Started process (PID=608) to work on /opt/airflow/dags/new_dags.py
[2025-04-05T04:50:12.937+0000] {processor.py:830} INFO - Processing file /opt/airflow/dags/new_dags.py for tasks to queue
[2025-04-05T04:50:12.939+0000] {logging_mixin.py:188} INFO - [2025-04-05T04:50:12.938+0000] {dagbag.py:545} INFO - Filling up the DagBag from /opt/airflow/dags/new_dags.py
[2025-04-05T04:50:12.956+0000] {processor.py:840} INFO - DAG(s) 'example_dag' retrieved from /opt/airflow/dags/new_dags.py
[2025-04-05T04:50:12.980+0000] {logging_mixin.py:188} INFO - [2025-04-05T04:50:12.980+0000] {dag.py:3096} INFO - Sync 1 DAGs
[2025-04-05T04:50:13.005+0000] {logging_mixin.py:188} INFO - [2025-04-05T04:50:13.005+0000] {dag.py:3954} INFO - Setting next_dagrun for example_dag to 2025-04-04 00:00:00+00:00, run_after=2025-04-05 00:00:00+00:00
[2025-04-05T04:50:13.038+0000] {processor.py:183} INFO - Processing /opt/airflow/dags/new_dags.py took 0.106 seconds
[2025-04-05T04:50:43.193+0000] {processor.py:161} INFO - Started process (PID=667) to work on /opt/airflow/dags/new_dags.py
[2025-04-05T04:50:43.193+0000] {processor.py:830} INFO - Processing file /opt/airflow/dags/new_dags.py for tasks to queue
[2025-04-05T04:50:43.195+0000] {logging_mixin.py:188} INFO - [2025-04-05T04:50:43.195+0000] {dagbag.py:545} INFO - Filling up the DagBag from /opt/airflow/dags/new_dags.py
[2025-04-05T04:50:43.210+0000] {processor.py:840} INFO - DAG(s) 'example_dag' retrieved from /opt/airflow/dags/new_dags.py
[2025-04-05T04:50:43.231+0000] {logging_mixin.py:188} INFO - [2025-04-05T04:50:43.231+0000] {dag.py:3096} INFO - Sync 1 DAGs
[2025-04-05T04:50:43.251+0000] {logging_mixin.py:188} INFO - [2025-04-05T04:50:43.250+0000] {dag.py:3954} INFO - Setting next_dagrun for example_dag to 2025-04-04 00:00:00+00:00, run_after=2025-04-05 00:00:00+00:00
[2025-04-05T04:50:43.265+0000] {processor.py:183} INFO - Processing /opt/airflow/dags/new_dags.py took 0.076 seconds
[2025-04-05T04:51:13.815+0000] {processor.py:161} INFO - Started process (PID=731) to work on /opt/airflow/dags/new_dags.py
[2025-04-05T04:51:13.815+0000] {processor.py:830} INFO - Processing file /opt/airflow/dags/new_dags.py for tasks to queue
[2025-04-05T04:51:13.817+0000] {logging_mixin.py:188} INFO - [2025-04-05T04:51:13.817+0000] {dagbag.py:545} INFO - Filling up the DagBag from /opt/airflow/dags/new_dags.py
[2025-04-05T04:51:13.831+0000] {processor.py:840} INFO - DAG(s) 'example_dag' retrieved from /opt/airflow/dags/new_dags.py
[2025-04-05T04:51:13.855+0000] {logging_mixin.py:188} INFO - [2025-04-05T04:51:13.855+0000] {dag.py:3096} INFO - Sync 1 DAGs
[2025-04-05T04:51:13.875+0000] {logging_mixin.py:188} INFO - [2025-04-05T04:51:13.874+0000] {dag.py:3954} INFO - Setting next_dagrun for example_dag to 2025-04-04 00:00:00+00:00, run_after=2025-04-05 00:00:00+00:00
[2025-04-05T04:51:13.889+0000] {processor.py:183} INFO - Processing /opt/airflow/dags/new_dags.py took 0.079 seconds
[2025-04-05T04:51:44.834+0000] {processor.py:161} INFO - Started process (PID=796) to work on /opt/airflow/dags/new_dags.py
[2025-04-05T04:51:44.835+0000] {processor.py:830} INFO - Processing file /opt/airflow/dags/new_dags.py for tasks to queue
[2025-04-05T04:51:44.837+0000] {logging_mixin.py:188} INFO - [2025-04-05T04:51:44.836+0000] {dagbag.py:545} INFO - Filling up the DagBag from /opt/airflow/dags/new_dags.py
[2025-04-05T04:51:44.853+0000] {processor.py:840} INFO - DAG(s) 'example_dag' retrieved from /opt/airflow/dags/new_dags.py
[2025-04-05T04:51:44.876+0000] {logging_mixin.py:188} INFO - [2025-04-05T04:51:44.876+0000] {dag.py:3096} INFO - Sync 1 DAGs
[2025-04-05T04:51:44.898+0000] {logging_mixin.py:188} INFO - [2025-04-05T04:51:44.898+0000] {dag.py:3954} INFO - Setting next_dagrun for example_dag to 2025-04-04 00:00:00+00:00, run_after=2025-04-05 00:00:00+00:00
[2025-04-05T04:51:44.917+0000] {processor.py:183} INFO - Processing /opt/airflow/dags/new_dags.py took 0.087 seconds
[2025-04-05T04:53:00.796+0000] {processor.py:161} INFO - Started process (PID=228) to work on /opt/airflow/dags/new_dags.py
[2025-04-05T04:53:00.798+0000] {processor.py:830} INFO - Processing file /opt/airflow/dags/new_dags.py for tasks to queue
[2025-04-05T04:53:00.800+0000] {logging_mixin.py:188} INFO - [2025-04-05T04:53:00.800+0000] {dagbag.py:545} INFO - Filling up the DagBag from /opt/airflow/dags/new_dags.py
[2025-04-05T04:53:00.822+0000] {processor.py:840} INFO - DAG(s) 'example_dag' retrieved from /opt/airflow/dags/new_dags.py
[2025-04-05T04:53:00.945+0000] {logging_mixin.py:188} INFO - [2025-04-05T04:53:00.945+0000] {override.py:1829} INFO - Created Permission View: can edit on DAG:example_dag
[2025-04-05T04:53:00.953+0000] {logging_mixin.py:188} INFO - [2025-04-05T04:53:00.953+0000] {override.py:1829} INFO - Created Permission View: can delete on DAG:example_dag
[2025-04-05T04:53:00.958+0000] {logging_mixin.py:188} INFO - [2025-04-05T04:53:00.958+0000] {override.py:1829} INFO - Created Permission View: can read on DAG:example_dag
[2025-04-05T04:53:00.959+0000] {logging_mixin.py:188} INFO - [2025-04-05T04:53:00.959+0000] {dag.py:3096} INFO - Sync 1 DAGs
[2025-04-05T04:53:00.967+0000] {logging_mixin.py:188} INFO - [2025-04-05T04:53:00.967+0000] {dag.py:3118} INFO - Creating ORM DAG for example_dag
[2025-04-05T04:53:00.977+0000] {logging_mixin.py:188} INFO - [2025-04-05T04:53:00.977+0000] {dag.py:3954} INFO - Setting next_dagrun for example_dag to 2025-04-04 00:00:00+00:00, run_after=2025-04-05 00:00:00+00:00
[2025-04-05T04:53:00.991+0000] {processor.py:183} INFO - Processing /opt/airflow/dags/new_dags.py took 0.201 seconds
[2025-04-05T04:53:31.430+0000] {processor.py:161} INFO - Started process (PID=292) to work on /opt/airflow/dags/new_dags.py
[2025-04-05T04:53:31.431+0000] {processor.py:830} INFO - Processing file /opt/airflow/dags/new_dags.py for tasks to queue
[2025-04-05T04:53:31.432+0000] {logging_mixin.py:188} INFO - [2025-04-05T04:53:31.432+0000] {dagbag.py:545} INFO - Filling up the DagBag from /opt/airflow/dags/new_dags.py
[2025-04-05T04:53:31.447+0000] {processor.py:840} INFO - DAG(s) 'example_dag' retrieved from /opt/airflow/dags/new_dags.py
[2025-04-05T04:53:31.470+0000] {logging_mixin.py:188} INFO - [2025-04-05T04:53:31.470+0000] {dag.py:3096} INFO - Sync 1 DAGs
[2025-04-05T04:53:31.489+0000] {logging_mixin.py:188} INFO - [2025-04-05T04:53:31.489+0000] {dag.py:3954} INFO - Setting next_dagrun for example_dag to 2025-04-04 00:00:00+00:00, run_after=2025-04-05 00:00:00+00:00
[2025-04-05T04:53:31.504+0000] {processor.py:183} INFO - Processing /opt/airflow/dags/new_dags.py took 0.078 seconds
[2025-04-05T04:54:07.861+0000] {processor.py:161} INFO - Started process (PID=512) to work on /opt/airflow/dags/new_dags.py
[2025-04-05T04:54:07.863+0000] {processor.py:830} INFO - Processing file /opt/airflow/dags/new_dags.py for tasks to queue
[2025-04-05T04:54:07.866+0000] {logging_mixin.py:188} INFO - [2025-04-05T04:54:07.865+0000] {dagbag.py:545} INFO - Filling up the DagBag from /opt/airflow/dags/new_dags.py
[2025-04-05T04:54:07.903+0000] {processor.py:840} INFO - DAG(s) 'example_dag' retrieved from /opt/airflow/dags/new_dags.py
[2025-04-05T04:54:07.989+0000] {logging_mixin.py:188} INFO - [2025-04-05T04:54:07.988+0000] {dag.py:3096} INFO - Sync 1 DAGs
[2025-04-05T04:54:08.048+0000] {logging_mixin.py:188} INFO - [2025-04-05T04:54:08.048+0000] {dag.py:3954} INFO - Setting next_dagrun for example_dag to 2025-04-04 00:00:00+00:00, run_after=2025-04-05 00:00:00+00:00
[2025-04-05T04:54:08.107+0000] {processor.py:183} INFO - Processing /opt/airflow/dags/new_dags.py took 0.269 seconds
[2025-04-05T04:54:38.650+0000] {processor.py:161} INFO - Started process (PID=593) to work on /opt/airflow/dags/new_dags.py
[2025-04-05T04:54:38.650+0000] {processor.py:830} INFO - Processing file /opt/airflow/dags/new_dags.py for tasks to queue
[2025-04-05T04:54:38.652+0000] {logging_mixin.py:188} INFO - [2025-04-05T04:54:38.652+0000] {dagbag.py:545} INFO - Filling up the DagBag from /opt/airflow/dags/new_dags.py
[2025-04-05T04:54:38.668+0000] {processor.py:840} INFO - DAG(s) 'example_dag' retrieved from /opt/airflow/dags/new_dags.py
[2025-04-05T04:54:38.691+0000] {logging_mixin.py:188} INFO - [2025-04-05T04:54:38.691+0000] {dag.py:3096} INFO - Sync 1 DAGs
[2025-04-05T04:54:38.714+0000] {logging_mixin.py:188} INFO - [2025-04-05T04:54:38.714+0000] {dag.py:3954} INFO - Setting next_dagrun for example_dag to 2025-04-04 00:00:00+00:00, run_after=2025-04-05 00:00:00+00:00
[2025-04-05T04:54:38.730+0000] {processor.py:183} INFO - Processing /opt/airflow/dags/new_dags.py took 0.085 seconds
[2025-04-05T04:55:08.973+0000] {processor.py:161} INFO - Started process (PID=652) to work on /opt/airflow/dags/new_dags.py
[2025-04-05T04:55:08.974+0000] {processor.py:830} INFO - Processing file /opt/airflow/dags/new_dags.py for tasks to queue
[2025-04-05T04:55:08.976+0000] {logging_mixin.py:188} INFO - [2025-04-05T04:55:08.975+0000] {dagbag.py:545} INFO - Filling up the DagBag from /opt/airflow/dags/new_dags.py
[2025-04-05T04:55:08.991+0000] {processor.py:840} INFO - DAG(s) 'example_dag' retrieved from /opt/airflow/dags/new_dags.py
[2025-04-05T04:55:09.013+0000] {logging_mixin.py:188} INFO - [2025-04-05T04:55:09.013+0000] {dag.py:3096} INFO - Sync 1 DAGs
[2025-04-05T04:55:09.032+0000] {logging_mixin.py:188} INFO - [2025-04-05T04:55:09.032+0000] {dag.py:3954} INFO - Setting next_dagrun for example_dag to 2025-04-04 00:00:00+00:00, run_after=2025-04-05 00:00:00+00:00
[2025-04-05T04:55:09.048+0000] {processor.py:183} INFO - Processing /opt/airflow/dags/new_dags.py took 0.079 seconds
[2025-04-05T04:55:39.147+0000] {processor.py:161} INFO - Started process (PID=730) to work on /opt/airflow/dags/new_dags.py
[2025-04-05T04:55:39.148+0000] {processor.py:830} INFO - Processing file /opt/airflow/dags/new_dags.py for tasks to queue
[2025-04-05T04:55:39.149+0000] {logging_mixin.py:188} INFO - [2025-04-05T04:55:39.149+0000] {dagbag.py:545} INFO - Filling up the DagBag from /opt/airflow/dags/new_dags.py
[2025-04-05T04:55:39.164+0000] {processor.py:840} INFO - DAG(s) 'example_dag' retrieved from /opt/airflow/dags/new_dags.py
[2025-04-05T04:55:39.185+0000] {logging_mixin.py:188} INFO - [2025-04-05T04:55:39.185+0000] {dag.py:3096} INFO - Sync 1 DAGs
[2025-04-05T04:55:39.205+0000] {logging_mixin.py:188} INFO - [2025-04-05T04:55:39.205+0000] {dag.py:3954} INFO - Setting next_dagrun for example_dag to 2025-04-04 00:00:00+00:00, run_after=2025-04-05 00:00:00+00:00
[2025-04-05T04:55:39.224+0000] {processor.py:183} INFO - Processing /opt/airflow/dags/new_dags.py took 0.081 seconds
[2025-04-05T04:56:09.945+0000] {processor.py:161} INFO - Started process (PID=818) to work on /opt/airflow/dags/new_dags.py
[2025-04-05T04:56:09.946+0000] {processor.py:830} INFO - Processing file /opt/airflow/dags/new_dags.py for tasks to queue
[2025-04-05T04:56:09.948+0000] {logging_mixin.py:188} INFO - [2025-04-05T04:56:09.947+0000] {dagbag.py:545} INFO - Filling up the DagBag from /opt/airflow/dags/new_dags.py
[2025-04-05T04:56:09.972+0000] {processor.py:840} INFO - DAG(s) 'example_dag' retrieved from /opt/airflow/dags/new_dags.py
[2025-04-05T04:56:10.000+0000] {logging_mixin.py:188} INFO - [2025-04-05T04:56:10.000+0000] {dag.py:3096} INFO - Sync 1 DAGs
[2025-04-05T04:56:10.028+0000] {logging_mixin.py:188} INFO - [2025-04-05T04:56:10.027+0000] {dag.py:3954} INFO - Setting next_dagrun for example_dag to 2025-04-04 00:00:00+00:00, run_after=2025-04-05 00:00:00+00:00
[2025-04-05T04:56:10.049+0000] {processor.py:183} INFO - Processing /opt/airflow/dags/new_dags.py took 0.110 seconds
[2025-04-05T04:56:40.601+0000] {processor.py:161} INFO - Started process (PID=882) to work on /opt/airflow/dags/new_dags.py
[2025-04-05T04:56:40.602+0000] {processor.py:830} INFO - Processing file /opt/airflow/dags/new_dags.py for tasks to queue
[2025-04-05T04:56:40.604+0000] {logging_mixin.py:188} INFO - [2025-04-05T04:56:40.603+0000] {dagbag.py:545} INFO - Filling up the DagBag from /opt/airflow/dags/new_dags.py
[2025-04-05T04:56:40.624+0000] {processor.py:840} INFO - DAG(s) 'example_dag' retrieved from /opt/airflow/dags/new_dags.py
[2025-04-05T04:56:40.651+0000] {logging_mixin.py:188} INFO - [2025-04-05T04:56:40.650+0000] {dag.py:3096} INFO - Sync 1 DAGs
[2025-04-05T04:56:40.677+0000] {logging_mixin.py:188} INFO - [2025-04-05T04:56:40.677+0000] {dag.py:3954} INFO - Setting next_dagrun for example_dag to 2025-04-04 00:00:00+00:00, run_after=2025-04-05 00:00:00+00:00
[2025-04-05T04:56:40.698+0000] {processor.py:183} INFO - Processing /opt/airflow/dags/new_dags.py took 0.103 seconds
[2025-04-05T04:57:11.988+0000] {processor.py:161} INFO - Started process (PID=955) to work on /opt/airflow/dags/new_dags.py
[2025-04-05T04:57:11.988+0000] {processor.py:830} INFO - Processing file /opt/airflow/dags/new_dags.py for tasks to queue
[2025-04-05T04:57:11.990+0000] {logging_mixin.py:188} INFO - [2025-04-05T04:57:11.990+0000] {dagbag.py:545} INFO - Filling up the DagBag from /opt/airflow/dags/new_dags.py
[2025-04-05T04:57:12.005+0000] {processor.py:840} INFO - DAG(s) 'example_dag' retrieved from /opt/airflow/dags/new_dags.py
[2025-04-05T04:57:12.026+0000] {logging_mixin.py:188} INFO - [2025-04-05T04:57:12.025+0000] {dag.py:3096} INFO - Sync 1 DAGs
[2025-04-05T04:57:12.045+0000] {logging_mixin.py:188} INFO - [2025-04-05T04:57:12.045+0000] {dag.py:3954} INFO - Setting next_dagrun for example_dag to 2025-04-04 00:00:00+00:00, run_after=2025-04-05 00:00:00+00:00
[2025-04-05T04:57:12.063+0000] {processor.py:183} INFO - Processing /opt/airflow/dags/new_dags.py took 0.080 seconds
[2025-04-05T04:57:42.845+0000] {processor.py:161} INFO - Started process (PID=1017) to work on /opt/airflow/dags/new_dags.py
[2025-04-05T04:57:42.846+0000] {processor.py:830} INFO - Processing file /opt/airflow/dags/new_dags.py for tasks to queue
[2025-04-05T04:57:42.847+0000] {logging_mixin.py:188} INFO - [2025-04-05T04:57:42.847+0000] {dagbag.py:545} INFO - Filling up the DagBag from /opt/airflow/dags/new_dags.py
[2025-04-05T04:57:42.864+0000] {processor.py:840} INFO - DAG(s) 'example_dag' retrieved from /opt/airflow/dags/new_dags.py
[2025-04-05T04:57:42.887+0000] {logging_mixin.py:188} INFO - [2025-04-05T04:57:42.886+0000] {dag.py:3096} INFO - Sync 1 DAGs
[2025-04-05T04:57:42.905+0000] {logging_mixin.py:188} INFO - [2025-04-05T04:57:42.905+0000] {dag.py:3954} INFO - Setting next_dagrun for example_dag to 2025-04-04 00:00:00+00:00, run_after=2025-04-05 00:00:00+00:00
[2025-04-05T04:57:42.920+0000] {processor.py:183} INFO - Processing /opt/airflow/dags/new_dags.py took 0.079 seconds
[2025-04-05T04:58:13.731+0000] {processor.py:161} INFO - Started process (PID=1083) to work on /opt/airflow/dags/new_dags.py
[2025-04-05T04:58:13.732+0000] {processor.py:830} INFO - Processing file /opt/airflow/dags/new_dags.py for tasks to queue
[2025-04-05T04:58:13.734+0000] {logging_mixin.py:188} INFO - [2025-04-05T04:58:13.733+0000] {dagbag.py:545} INFO - Filling up the DagBag from /opt/airflow/dags/new_dags.py
[2025-04-05T04:58:13.748+0000] {processor.py:840} INFO - DAG(s) 'example_dag' retrieved from /opt/airflow/dags/new_dags.py
[2025-04-05T04:58:13.771+0000] {logging_mixin.py:188} INFO - [2025-04-05T04:58:13.771+0000] {dag.py:3096} INFO - Sync 1 DAGs
[2025-04-05T04:58:13.792+0000] {logging_mixin.py:188} INFO - [2025-04-05T04:58:13.792+0000] {dag.py:3954} INFO - Setting next_dagrun for example_dag to 2025-04-04 00:00:00+00:00, run_after=2025-04-05 00:00:00+00:00
[2025-04-05T04:58:13.809+0000] {processor.py:183} INFO - Processing /opt/airflow/dags/new_dags.py took 0.082 seconds
