[2025-04-05T04:29:46.768+0000] {processor.py:161} INFO - Started process (PID=202) to work on /opt/airflow/dags/transform_dim_constructors.py
[2025-04-05T04:29:46.769+0000] {processor.py:830} INFO - Processing file /opt/airflow/dags/transform_dim_constructors.py for tasks to queue
[2025-04-05T04:29:46.770+0000] {logging_mixin.py:188} INFO - [2025-04-05T04:29:46.770+0000] {dagbag.py:545} INFO - Filling up the DagBag from /opt/airflow/dags/transform_dim_constructors.py
[2025-04-05T04:29:47.258+0000] {processor.py:842} WARNING - No viable dags retrieved from /opt/airflow/dags/transform_dim_constructors.py
[2025-04-05T04:29:47.270+0000] {processor.py:183} INFO - Processing /opt/airflow/dags/transform_dim_constructors.py took 0.506 seconds
[2025-04-05T04:30:18.090+0000] {processor.py:161} INFO - Started process (PID=264) to work on /opt/airflow/dags/transform_dim_constructors.py
[2025-04-05T04:30:18.090+0000] {processor.py:830} INFO - Processing file /opt/airflow/dags/transform_dim_constructors.py for tasks to queue
[2025-04-05T04:30:18.092+0000] {logging_mixin.py:188} INFO - [2025-04-05T04:30:18.091+0000] {dagbag.py:545} INFO - Filling up the DagBag from /opt/airflow/dags/transform_dim_constructors.py
[2025-04-05T04:30:18.535+0000] {processor.py:842} WARNING - No viable dags retrieved from /opt/airflow/dags/transform_dim_constructors.py
[2025-04-05T04:30:18.545+0000] {processor.py:183} INFO - Processing /opt/airflow/dags/transform_dim_constructors.py took 0.460 seconds
[2025-04-05T04:30:49.181+0000] {processor.py:161} INFO - Started process (PID=327) to work on /opt/airflow/dags/transform_dim_constructors.py
[2025-04-05T04:30:49.181+0000] {processor.py:830} INFO - Processing file /opt/airflow/dags/transform_dim_constructors.py for tasks to queue
[2025-04-05T04:30:49.183+0000] {logging_mixin.py:188} INFO - [2025-04-05T04:30:49.182+0000] {dagbag.py:545} INFO - Filling up the DagBag from /opt/airflow/dags/transform_dim_constructors.py
[2025-04-05T04:30:49.599+0000] {processor.py:842} WARNING - No viable dags retrieved from /opt/airflow/dags/transform_dim_constructors.py
[2025-04-05T04:30:49.609+0000] {processor.py:183} INFO - Processing /opt/airflow/dags/transform_dim_constructors.py took 0.432 seconds
[2025-04-05T04:31:20.924+0000] {processor.py:161} INFO - Started process (PID=397) to work on /opt/airflow/dags/transform_dim_constructors.py
[2025-04-05T04:31:20.925+0000] {processor.py:830} INFO - Processing file /opt/airflow/dags/transform_dim_constructors.py for tasks to queue
[2025-04-05T04:31:20.927+0000] {logging_mixin.py:188} INFO - [2025-04-05T04:31:20.926+0000] {dagbag.py:545} INFO - Filling up the DagBag from /opt/airflow/dags/transform_dim_constructors.py
[2025-04-05T04:31:21.347+0000] {processor.py:842} WARNING - No viable dags retrieved from /opt/airflow/dags/transform_dim_constructors.py
[2025-04-05T04:31:21.358+0000] {processor.py:183} INFO - Processing /opt/airflow/dags/transform_dim_constructors.py took 0.438 seconds
[2025-04-05T04:31:51.987+0000] {processor.py:161} INFO - Started process (PID=463) to work on /opt/airflow/dags/transform_dim_constructors.py
[2025-04-05T04:31:51.987+0000] {processor.py:830} INFO - Processing file /opt/airflow/dags/transform_dim_constructors.py for tasks to queue
[2025-04-05T04:31:51.989+0000] {logging_mixin.py:188} INFO - [2025-04-05T04:31:51.988+0000] {dagbag.py:545} INFO - Filling up the DagBag from /opt/airflow/dags/transform_dim_constructors.py
[2025-04-05T04:31:52.436+0000] {processor.py:842} WARNING - No viable dags retrieved from /opt/airflow/dags/transform_dim_constructors.py
[2025-04-05T04:31:52.447+0000] {processor.py:183} INFO - Processing /opt/airflow/dags/transform_dim_constructors.py took 0.465 seconds
[2025-04-05T04:32:23.269+0000] {processor.py:161} INFO - Started process (PID=526) to work on /opt/airflow/dags/transform_dim_constructors.py
[2025-04-05T04:32:23.269+0000] {processor.py:830} INFO - Processing file /opt/airflow/dags/transform_dim_constructors.py for tasks to queue
[2025-04-05T04:32:23.271+0000] {logging_mixin.py:188} INFO - [2025-04-05T04:32:23.270+0000] {dagbag.py:545} INFO - Filling up the DagBag from /opt/airflow/dags/transform_dim_constructors.py
[2025-04-05T04:32:23.673+0000] {processor.py:842} WARNING - No viable dags retrieved from /opt/airflow/dags/transform_dim_constructors.py
[2025-04-05T04:32:23.682+0000] {processor.py:183} INFO - Processing /opt/airflow/dags/transform_dim_constructors.py took 0.418 seconds
[2025-04-05T04:32:54.309+0000] {processor.py:161} INFO - Started process (PID=595) to work on /opt/airflow/dags/transform_dim_constructors.py
[2025-04-05T04:32:54.310+0000] {processor.py:830} INFO - Processing file /opt/airflow/dags/transform_dim_constructors.py for tasks to queue
[2025-04-05T04:32:54.311+0000] {logging_mixin.py:188} INFO - [2025-04-05T04:32:54.311+0000] {dagbag.py:545} INFO - Filling up the DagBag from /opt/airflow/dags/transform_dim_constructors.py
[2025-04-05T04:32:54.716+0000] {processor.py:842} WARNING - No viable dags retrieved from /opt/airflow/dags/transform_dim_constructors.py
[2025-04-05T04:32:54.726+0000] {processor.py:183} INFO - Processing /opt/airflow/dags/transform_dim_constructors.py took 0.420 seconds
[2025-04-05T04:33:57.829+0000] {processor.py:161} INFO - Started process (PID=204) to work on /opt/airflow/dags/transform_dim_constructors.py
[2025-04-05T04:33:57.830+0000] {processor.py:830} INFO - Processing file /opt/airflow/dags/transform_dim_constructors.py for tasks to queue
[2025-04-05T04:33:57.832+0000] {logging_mixin.py:188} INFO - [2025-04-05T04:33:57.832+0000] {dagbag.py:545} INFO - Filling up the DagBag from /opt/airflow/dags/transform_dim_constructors.py
[2025-04-05T04:33:58.366+0000] {processor.py:842} WARNING - No viable dags retrieved from /opt/airflow/dags/transform_dim_constructors.py
[2025-04-05T04:33:58.378+0000] {processor.py:183} INFO - Processing /opt/airflow/dags/transform_dim_constructors.py took 0.554 seconds
[2025-04-05T04:34:28.576+0000] {processor.py:161} INFO - Started process (PID=267) to work on /opt/airflow/dags/transform_dim_constructors.py
[2025-04-05T04:34:28.576+0000] {processor.py:830} INFO - Processing file /opt/airflow/dags/transform_dim_constructors.py for tasks to queue
[2025-04-05T04:34:28.578+0000] {logging_mixin.py:188} INFO - [2025-04-05T04:34:28.578+0000] {dagbag.py:545} INFO - Filling up the DagBag from /opt/airflow/dags/transform_dim_constructors.py
[2025-04-05T04:34:28.976+0000] {processor.py:842} WARNING - No viable dags retrieved from /opt/airflow/dags/transform_dim_constructors.py
[2025-04-05T04:34:28.987+0000] {processor.py:183} INFO - Processing /opt/airflow/dags/transform_dim_constructors.py took 0.415 seconds
[2025-04-05T04:34:59.334+0000] {processor.py:161} INFO - Started process (PID=380) to work on /opt/airflow/dags/transform_dim_constructors.py
[2025-04-05T04:34:59.335+0000] {processor.py:830} INFO - Processing file /opt/airflow/dags/transform_dim_constructors.py for tasks to queue
[2025-04-05T04:34:59.336+0000] {logging_mixin.py:188} INFO - [2025-04-05T04:34:59.336+0000] {dagbag.py:545} INFO - Filling up the DagBag from /opt/airflow/dags/transform_dim_constructors.py
[2025-04-05T04:34:59.795+0000] {processor.py:842} WARNING - No viable dags retrieved from /opt/airflow/dags/transform_dim_constructors.py
[2025-04-05T04:34:59.807+0000] {processor.py:183} INFO - Processing /opt/airflow/dags/transform_dim_constructors.py took 0.477 seconds
[2025-04-05T04:35:29.907+0000] {processor.py:161} INFO - Started process (PID=444) to work on /opt/airflow/dags/transform_dim_constructors.py
[2025-04-05T04:35:29.908+0000] {processor.py:830} INFO - Processing file /opt/airflow/dags/transform_dim_constructors.py for tasks to queue
[2025-04-05T04:35:29.909+0000] {logging_mixin.py:188} INFO - [2025-04-05T04:35:29.909+0000] {dagbag.py:545} INFO - Filling up the DagBag from /opt/airflow/dags/transform_dim_constructors.py
[2025-04-05T04:35:30.393+0000] {processor.py:842} WARNING - No viable dags retrieved from /opt/airflow/dags/transform_dim_constructors.py
[2025-04-05T04:35:30.403+0000] {processor.py:183} INFO - Processing /opt/airflow/dags/transform_dim_constructors.py took 0.501 seconds
[2025-04-05T04:36:00.912+0000] {processor.py:161} INFO - Started process (PID=516) to work on /opt/airflow/dags/transform_dim_constructors.py
[2025-04-05T04:36:00.912+0000] {processor.py:830} INFO - Processing file /opt/airflow/dags/transform_dim_constructors.py for tasks to queue
[2025-04-05T04:36:00.914+0000] {logging_mixin.py:188} INFO - [2025-04-05T04:36:00.913+0000] {dagbag.py:545} INFO - Filling up the DagBag from /opt/airflow/dags/transform_dim_constructors.py
[2025-04-05T04:36:01.311+0000] {processor.py:842} WARNING - No viable dags retrieved from /opt/airflow/dags/transform_dim_constructors.py
[2025-04-05T04:36:01.321+0000] {processor.py:183} INFO - Processing /opt/airflow/dags/transform_dim_constructors.py took 0.414 seconds
[2025-04-05T04:36:31.583+0000] {processor.py:161} INFO - Started process (PID=580) to work on /opt/airflow/dags/transform_dim_constructors.py
[2025-04-05T04:36:31.584+0000] {processor.py:830} INFO - Processing file /opt/airflow/dags/transform_dim_constructors.py for tasks to queue
[2025-04-05T04:36:31.586+0000] {logging_mixin.py:188} INFO - [2025-04-05T04:36:31.585+0000] {dagbag.py:545} INFO - Filling up the DagBag from /opt/airflow/dags/transform_dim_constructors.py
[2025-04-05T04:36:31.993+0000] {processor.py:842} WARNING - No viable dags retrieved from /opt/airflow/dags/transform_dim_constructors.py
[2025-04-05T04:36:32.003+0000] {processor.py:183} INFO - Processing /opt/airflow/dags/transform_dim_constructors.py took 0.423 seconds
[2025-04-05T04:37:02.355+0000] {processor.py:161} INFO - Started process (PID=644) to work on /opt/airflow/dags/transform_dim_constructors.py
[2025-04-05T04:37:02.357+0000] {processor.py:830} INFO - Processing file /opt/airflow/dags/transform_dim_constructors.py for tasks to queue
[2025-04-05T04:37:02.358+0000] {logging_mixin.py:188} INFO - [2025-04-05T04:37:02.358+0000] {dagbag.py:545} INFO - Filling up the DagBag from /opt/airflow/dags/transform_dim_constructors.py
[2025-04-05T04:37:02.774+0000] {processor.py:842} WARNING - No viable dags retrieved from /opt/airflow/dags/transform_dim_constructors.py
[2025-04-05T04:37:02.783+0000] {processor.py:183} INFO - Processing /opt/airflow/dags/transform_dim_constructors.py took 0.433 seconds
[2025-04-05T04:37:33.273+0000] {processor.py:161} INFO - Started process (PID=708) to work on /opt/airflow/dags/transform_dim_constructors.py
[2025-04-05T04:37:33.274+0000] {processor.py:830} INFO - Processing file /opt/airflow/dags/transform_dim_constructors.py for tasks to queue
[2025-04-05T04:37:33.276+0000] {logging_mixin.py:188} INFO - [2025-04-05T04:37:33.276+0000] {dagbag.py:545} INFO - Filling up the DagBag from /opt/airflow/dags/transform_dim_constructors.py
[2025-04-05T04:37:33.732+0000] {processor.py:842} WARNING - No viable dags retrieved from /opt/airflow/dags/transform_dim_constructors.py
[2025-04-05T04:37:33.742+0000] {processor.py:183} INFO - Processing /opt/airflow/dags/transform_dim_constructors.py took 0.474 seconds
[2025-04-05T04:38:03.872+0000] {processor.py:161} INFO - Started process (PID=772) to work on /opt/airflow/dags/transform_dim_constructors.py
[2025-04-05T04:38:03.873+0000] {processor.py:830} INFO - Processing file /opt/airflow/dags/transform_dim_constructors.py for tasks to queue
[2025-04-05T04:38:03.874+0000] {logging_mixin.py:188} INFO - [2025-04-05T04:38:03.874+0000] {dagbag.py:545} INFO - Filling up the DagBag from /opt/airflow/dags/transform_dim_constructors.py
[2025-04-05T04:38:04.280+0000] {processor.py:842} WARNING - No viable dags retrieved from /opt/airflow/dags/transform_dim_constructors.py
[2025-04-05T04:38:04.290+0000] {processor.py:183} INFO - Processing /opt/airflow/dags/transform_dim_constructors.py took 0.423 seconds
[2025-04-05T04:38:34.613+0000] {processor.py:161} INFO - Started process (PID=836) to work on /opt/airflow/dags/transform_dim_constructors.py
[2025-04-05T04:38:34.614+0000] {processor.py:830} INFO - Processing file /opt/airflow/dags/transform_dim_constructors.py for tasks to queue
[2025-04-05T04:38:34.616+0000] {logging_mixin.py:188} INFO - [2025-04-05T04:38:34.616+0000] {dagbag.py:545} INFO - Filling up the DagBag from /opt/airflow/dags/transform_dim_constructors.py
[2025-04-05T04:38:35.026+0000] {processor.py:842} WARNING - No viable dags retrieved from /opt/airflow/dags/transform_dim_constructors.py
[2025-04-05T04:38:35.036+0000] {processor.py:183} INFO - Processing /opt/airflow/dags/transform_dim_constructors.py took 0.427 seconds
[2025-04-05T04:40:03.120+0000] {processor.py:161} INFO - Started process (PID=204) to work on /opt/airflow/dags/transform_dim_constructors.py
[2025-04-05T04:40:03.121+0000] {processor.py:830} INFO - Processing file /opt/airflow/dags/transform_dim_constructors.py for tasks to queue
[2025-04-05T04:40:03.122+0000] {logging_mixin.py:188} INFO - [2025-04-05T04:40:03.122+0000] {dagbag.py:545} INFO - Filling up the DagBag from /opt/airflow/dags/transform_dim_constructors.py
[2025-04-05T04:40:03.581+0000] {processor.py:842} WARNING - No viable dags retrieved from /opt/airflow/dags/transform_dim_constructors.py
[2025-04-05T04:40:03.591+0000] {processor.py:183} INFO - Processing /opt/airflow/dags/transform_dim_constructors.py took 0.475 seconds
[2025-04-05T04:40:33.813+0000] {processor.py:161} INFO - Started process (PID=267) to work on /opt/airflow/dags/transform_dim_constructors.py
[2025-04-05T04:40:33.813+0000] {processor.py:830} INFO - Processing file /opt/airflow/dags/transform_dim_constructors.py for tasks to queue
[2025-04-05T04:40:33.815+0000] {logging_mixin.py:188} INFO - [2025-04-05T04:40:33.815+0000] {dagbag.py:545} INFO - Filling up the DagBag from /opt/airflow/dags/transform_dim_constructors.py
[2025-04-05T04:40:34.285+0000] {processor.py:842} WARNING - No viable dags retrieved from /opt/airflow/dags/transform_dim_constructors.py
[2025-04-05T04:40:34.296+0000] {processor.py:183} INFO - Processing /opt/airflow/dags/transform_dim_constructors.py took 0.487 seconds
[2025-04-05T04:41:04.396+0000] {processor.py:161} INFO - Started process (PID=338) to work on /opt/airflow/dags/transform_dim_constructors.py
[2025-04-05T04:41:04.397+0000] {processor.py:830} INFO - Processing file /opt/airflow/dags/transform_dim_constructors.py for tasks to queue
[2025-04-05T04:41:04.398+0000] {logging_mixin.py:188} INFO - [2025-04-05T04:41:04.398+0000] {dagbag.py:545} INFO - Filling up the DagBag from /opt/airflow/dags/transform_dim_constructors.py
[2025-04-05T04:41:04.815+0000] {processor.py:842} WARNING - No viable dags retrieved from /opt/airflow/dags/transform_dim_constructors.py
[2025-04-05T04:41:04.826+0000] {processor.py:183} INFO - Processing /opt/airflow/dags/transform_dim_constructors.py took 0.434 seconds
[2025-04-05T04:41:35.124+0000] {processor.py:161} INFO - Started process (PID=402) to work on /opt/airflow/dags/transform_dim_constructors.py
[2025-04-05T04:41:35.125+0000] {processor.py:830} INFO - Processing file /opt/airflow/dags/transform_dim_constructors.py for tasks to queue
[2025-04-05T04:41:35.126+0000] {logging_mixin.py:188} INFO - [2025-04-05T04:41:35.126+0000] {dagbag.py:545} INFO - Filling up the DagBag from /opt/airflow/dags/transform_dim_constructors.py
[2025-04-05T04:41:35.540+0000] {processor.py:842} WARNING - No viable dags retrieved from /opt/airflow/dags/transform_dim_constructors.py
[2025-04-05T04:41:35.550+0000] {processor.py:183} INFO - Processing /opt/airflow/dags/transform_dim_constructors.py took 0.430 seconds
[2025-04-05T04:42:05.951+0000] {processor.py:161} INFO - Started process (PID=471) to work on /opt/airflow/dags/transform_dim_constructors.py
[2025-04-05T04:42:05.952+0000] {processor.py:830} INFO - Processing file /opt/airflow/dags/transform_dim_constructors.py for tasks to queue
[2025-04-05T04:42:05.953+0000] {logging_mixin.py:188} INFO - [2025-04-05T04:42:05.953+0000] {dagbag.py:545} INFO - Filling up the DagBag from /opt/airflow/dags/transform_dim_constructors.py
[2025-04-05T04:42:06.387+0000] {processor.py:842} WARNING - No viable dags retrieved from /opt/airflow/dags/transform_dim_constructors.py
[2025-04-05T04:42:06.397+0000] {processor.py:183} INFO - Processing /opt/airflow/dags/transform_dim_constructors.py took 0.451 seconds
[2025-04-05T04:42:36.755+0000] {processor.py:161} INFO - Started process (PID=535) to work on /opt/airflow/dags/transform_dim_constructors.py
[2025-04-05T04:42:36.756+0000] {processor.py:830} INFO - Processing file /opt/airflow/dags/transform_dim_constructors.py for tasks to queue
[2025-04-05T04:42:36.757+0000] {logging_mixin.py:188} INFO - [2025-04-05T04:42:36.757+0000] {dagbag.py:545} INFO - Filling up the DagBag from /opt/airflow/dags/transform_dim_constructors.py
[2025-04-05T04:42:37.176+0000] {processor.py:842} WARNING - No viable dags retrieved from /opt/airflow/dags/transform_dim_constructors.py
[2025-04-05T04:42:37.187+0000] {processor.py:183} INFO - Processing /opt/airflow/dags/transform_dim_constructors.py took 0.438 seconds
[2025-04-05T04:43:07.303+0000] {processor.py:161} INFO - Started process (PID=599) to work on /opt/airflow/dags/transform_dim_constructors.py
[2025-04-05T04:43:07.304+0000] {processor.py:830} INFO - Processing file /opt/airflow/dags/transform_dim_constructors.py for tasks to queue
[2025-04-05T04:43:07.306+0000] {logging_mixin.py:188} INFO - [2025-04-05T04:43:07.305+0000] {dagbag.py:545} INFO - Filling up the DagBag from /opt/airflow/dags/transform_dim_constructors.py
[2025-04-05T04:43:07.748+0000] {processor.py:842} WARNING - No viable dags retrieved from /opt/airflow/dags/transform_dim_constructors.py
[2025-04-05T04:43:07.758+0000] {processor.py:183} INFO - Processing /opt/airflow/dags/transform_dim_constructors.py took 0.459 seconds
[2025-04-05T04:44:09.007+0000] {processor.py:161} INFO - Started process (PID=204) to work on /opt/airflow/dags/transform_dim_constructors.py
[2025-04-05T04:44:09.008+0000] {processor.py:830} INFO - Processing file /opt/airflow/dags/transform_dim_constructors.py for tasks to queue
[2025-04-05T04:44:09.009+0000] {logging_mixin.py:188} INFO - [2025-04-05T04:44:09.009+0000] {dagbag.py:545} INFO - Filling up the DagBag from /opt/airflow/dags/transform_dim_constructors.py
[2025-04-05T04:44:09.436+0000] {processor.py:842} WARNING - No viable dags retrieved from /opt/airflow/dags/transform_dim_constructors.py
[2025-04-05T04:44:09.446+0000] {processor.py:183} INFO - Processing /opt/airflow/dags/transform_dim_constructors.py took 0.443 seconds
[2025-04-05T04:44:39.595+0000] {processor.py:161} INFO - Started process (PID=267) to work on /opt/airflow/dags/transform_dim_constructors.py
[2025-04-05T04:44:39.596+0000] {processor.py:830} INFO - Processing file /opt/airflow/dags/transform_dim_constructors.py for tasks to queue
[2025-04-05T04:44:39.597+0000] {logging_mixin.py:188} INFO - [2025-04-05T04:44:39.597+0000] {dagbag.py:545} INFO - Filling up the DagBag from /opt/airflow/dags/transform_dim_constructors.py
[2025-04-05T04:44:40.104+0000] {processor.py:842} WARNING - No viable dags retrieved from /opt/airflow/dags/transform_dim_constructors.py
[2025-04-05T04:44:40.114+0000] {processor.py:183} INFO - Processing /opt/airflow/dags/transform_dim_constructors.py took 0.523 seconds
[2025-04-05T04:45:10.205+0000] {processor.py:161} INFO - Started process (PID=331) to work on /opt/airflow/dags/transform_dim_constructors.py
[2025-04-05T04:45:10.206+0000] {processor.py:830} INFO - Processing file /opt/airflow/dags/transform_dim_constructors.py for tasks to queue
[2025-04-05T04:45:10.208+0000] {logging_mixin.py:188} INFO - [2025-04-05T04:45:10.207+0000] {dagbag.py:545} INFO - Filling up the DagBag from /opt/airflow/dags/transform_dim_constructors.py
[2025-04-05T04:45:10.647+0000] {processor.py:842} WARNING - No viable dags retrieved from /opt/airflow/dags/transform_dim_constructors.py
[2025-04-05T04:45:10.657+0000] {processor.py:183} INFO - Processing /opt/airflow/dags/transform_dim_constructors.py took 0.457 seconds
[2025-04-05T04:45:40.918+0000] {processor.py:161} INFO - Started process (PID=401) to work on /opt/airflow/dags/transform_dim_constructors.py
[2025-04-05T04:45:40.919+0000] {processor.py:830} INFO - Processing file /opt/airflow/dags/transform_dim_constructors.py for tasks to queue
[2025-04-05T04:45:40.921+0000] {logging_mixin.py:188} INFO - [2025-04-05T04:45:40.921+0000] {dagbag.py:545} INFO - Filling up the DagBag from /opt/airflow/dags/transform_dim_constructors.py
[2025-04-05T04:45:41.375+0000] {processor.py:842} WARNING - No viable dags retrieved from /opt/airflow/dags/transform_dim_constructors.py
[2025-04-05T04:45:41.386+0000] {processor.py:183} INFO - Processing /opt/airflow/dags/transform_dim_constructors.py took 0.471 seconds
[2025-04-05T04:48:39.542+0000] {processor.py:161} INFO - Started process (PID=204) to work on /opt/airflow/dags/transform_dim_constructors.py
[2025-04-05T04:48:39.543+0000] {processor.py:830} INFO - Processing file /opt/airflow/dags/transform_dim_constructors.py for tasks to queue
[2025-04-05T04:48:39.545+0000] {logging_mixin.py:188} INFO - [2025-04-05T04:48:39.544+0000] {dagbag.py:545} INFO - Filling up the DagBag from /opt/airflow/dags/transform_dim_constructors.py
[2025-04-05T04:48:39.963+0000] {processor.py:842} WARNING - No viable dags retrieved from /opt/airflow/dags/transform_dim_constructors.py
[2025-04-05T04:48:39.973+0000] {processor.py:183} INFO - Processing /opt/airflow/dags/transform_dim_constructors.py took 0.435 seconds
[2025-04-05T04:49:10.278+0000] {processor.py:161} INFO - Started process (PID=267) to work on /opt/airflow/dags/transform_dim_constructors.py
[2025-04-05T04:49:10.279+0000] {processor.py:830} INFO - Processing file /opt/airflow/dags/transform_dim_constructors.py for tasks to queue
[2025-04-05T04:49:10.280+0000] {logging_mixin.py:188} INFO - [2025-04-05T04:49:10.280+0000] {dagbag.py:545} INFO - Filling up the DagBag from /opt/airflow/dags/transform_dim_constructors.py
[2025-04-05T04:49:10.690+0000] {processor.py:842} WARNING - No viable dags retrieved from /opt/airflow/dags/transform_dim_constructors.py
[2025-04-05T04:49:10.700+0000] {processor.py:183} INFO - Processing /opt/airflow/dags/transform_dim_constructors.py took 0.426 seconds
[2025-04-05T04:49:40.982+0000] {processor.py:161} INFO - Started process (PID=331) to work on /opt/airflow/dags/transform_dim_constructors.py
[2025-04-05T04:49:40.984+0000] {processor.py:830} INFO - Processing file /opt/airflow/dags/transform_dim_constructors.py for tasks to queue
[2025-04-05T04:49:40.986+0000] {logging_mixin.py:188} INFO - [2025-04-05T04:49:40.985+0000] {dagbag.py:545} INFO - Filling up the DagBag from /opt/airflow/dags/transform_dim_constructors.py
[2025-04-05T04:49:41.449+0000] {processor.py:842} WARNING - No viable dags retrieved from /opt/airflow/dags/transform_dim_constructors.py
[2025-04-05T04:49:41.459+0000] {processor.py:183} INFO - Processing /opt/airflow/dags/transform_dim_constructors.py took 0.483 seconds
[2025-04-05T04:50:11.880+0000] {processor.py:161} INFO - Started process (PID=584) to work on /opt/airflow/dags/transform_dim_constructors.py
[2025-04-05T04:50:11.881+0000] {processor.py:830} INFO - Processing file /opt/airflow/dags/transform_dim_constructors.py for tasks to queue
[2025-04-05T04:50:11.882+0000] {logging_mixin.py:188} INFO - [2025-04-05T04:50:11.882+0000] {dagbag.py:545} INFO - Filling up the DagBag from /opt/airflow/dags/transform_dim_constructors.py
[2025-04-05T04:50:12.378+0000] {processor.py:842} WARNING - No viable dags retrieved from /opt/airflow/dags/transform_dim_constructors.py
[2025-04-05T04:50:12.388+0000] {processor.py:183} INFO - Processing /opt/airflow/dags/transform_dim_constructors.py took 0.513 seconds
[2025-04-05T04:50:42.700+0000] {processor.py:161} INFO - Started process (PID=655) to work on /opt/airflow/dags/transform_dim_constructors.py
[2025-04-05T04:50:42.700+0000] {processor.py:830} INFO - Processing file /opt/airflow/dags/transform_dim_constructors.py for tasks to queue
[2025-04-05T04:50:42.702+0000] {logging_mixin.py:188} INFO - [2025-04-05T04:50:42.702+0000] {dagbag.py:545} INFO - Filling up the DagBag from /opt/airflow/dags/transform_dim_constructors.py
[2025-04-05T04:50:43.140+0000] {processor.py:842} WARNING - No viable dags retrieved from /opt/airflow/dags/transform_dim_constructors.py
[2025-04-05T04:50:43.150+0000] {processor.py:183} INFO - Processing /opt/airflow/dags/transform_dim_constructors.py took 0.455 seconds
[2025-04-05T04:51:13.340+0000] {processor.py:161} INFO - Started process (PID=719) to work on /opt/airflow/dags/transform_dim_constructors.py
[2025-04-05T04:51:13.341+0000] {processor.py:830} INFO - Processing file /opt/airflow/dags/transform_dim_constructors.py for tasks to queue
[2025-04-05T04:51:13.342+0000] {logging_mixin.py:188} INFO - [2025-04-05T04:51:13.342+0000] {dagbag.py:545} INFO - Filling up the DagBag from /opt/airflow/dags/transform_dim_constructors.py
[2025-04-05T04:51:13.765+0000] {processor.py:842} WARNING - No viable dags retrieved from /opt/airflow/dags/transform_dim_constructors.py
[2025-04-05T04:51:13.775+0000] {processor.py:183} INFO - Processing /opt/airflow/dags/transform_dim_constructors.py took 0.439 seconds
[2025-04-05T04:51:44.746+0000] {processor.py:161} INFO - Started process (PID=790) to work on /opt/airflow/dags/transform_dim_constructors.py
[2025-04-05T04:51:44.747+0000] {processor.py:830} INFO - Processing file /opt/airflow/dags/transform_dim_constructors.py for tasks to queue
[2025-04-05T04:51:44.749+0000] {logging_mixin.py:188} INFO - [2025-04-05T04:51:44.749+0000] {dagbag.py:545} INFO - Filling up the DagBag from /opt/airflow/dags/transform_dim_constructors.py
[2025-04-05T04:51:45.196+0000] {processor.py:842} WARNING - No viable dags retrieved from /opt/airflow/dags/transform_dim_constructors.py
[2025-04-05T04:51:45.207+0000] {processor.py:183} INFO - Processing /opt/airflow/dags/transform_dim_constructors.py took 0.465 seconds
[2025-04-05T04:52:59.711+0000] {processor.py:161} INFO - Started process (PID=205) to work on /opt/airflow/dags/transform_dim_constructors.py
[2025-04-05T04:52:59.712+0000] {processor.py:830} INFO - Processing file /opt/airflow/dags/transform_dim_constructors.py for tasks to queue
[2025-04-05T04:52:59.714+0000] {logging_mixin.py:188} INFO - [2025-04-05T04:52:59.713+0000] {dagbag.py:545} INFO - Filling up the DagBag from /opt/airflow/dags/transform_dim_constructors.py
[2025-04-05T04:53:00.114+0000] {processor.py:842} WARNING - No viable dags retrieved from /opt/airflow/dags/transform_dim_constructors.py
[2025-04-05T04:53:00.124+0000] {processor.py:183} INFO - Processing /opt/airflow/dags/transform_dim_constructors.py took 0.417 seconds
[2025-04-05T04:53:30.484+0000] {processor.py:161} INFO - Started process (PID=268) to work on /opt/airflow/dags/transform_dim_constructors.py
[2025-04-05T04:53:30.484+0000] {processor.py:830} INFO - Processing file /opt/airflow/dags/transform_dim_constructors.py for tasks to queue
[2025-04-05T04:53:30.486+0000] {logging_mixin.py:188} INFO - [2025-04-05T04:53:30.485+0000] {dagbag.py:545} INFO - Filling up the DagBag from /opt/airflow/dags/transform_dim_constructors.py
[2025-04-05T04:53:30.908+0000] {processor.py:842} WARNING - No viable dags retrieved from /opt/airflow/dags/transform_dim_constructors.py
[2025-04-05T04:53:30.918+0000] {processor.py:183} INFO - Processing /opt/airflow/dags/transform_dim_constructors.py took 0.438 seconds
[2025-04-05T04:54:04.056+0000] {processor.py:161} INFO - Started process (PID=441) to work on /opt/airflow/dags/transform_dim_constructors.py
[2025-04-05T04:54:04.060+0000] {processor.py:830} INFO - Processing file /opt/airflow/dags/transform_dim_constructors.py for tasks to queue
[2025-04-05T04:54:04.074+0000] {logging_mixin.py:188} INFO - [2025-04-05T04:54:04.073+0000] {dagbag.py:545} INFO - Filling up the DagBag from /opt/airflow/dags/transform_dim_constructors.py
[2025-04-05T04:54:05.711+0000] {processor.py:842} WARNING - No viable dags retrieved from /opt/airflow/dags/transform_dim_constructors.py
[2025-04-05T04:54:05.823+0000] {processor.py:183} INFO - Processing /opt/airflow/dags/transform_dim_constructors.py took 1.791 seconds
[2025-04-05T04:54:36.165+0000] {processor.py:161} INFO - Started process (PID=572) to work on /opt/airflow/dags/transform_dim_constructors.py
[2025-04-05T04:54:36.166+0000] {processor.py:830} INFO - Processing file /opt/airflow/dags/transform_dim_constructors.py for tasks to queue
[2025-04-05T04:54:36.168+0000] {logging_mixin.py:188} INFO - [2025-04-05T04:54:36.167+0000] {dagbag.py:545} INFO - Filling up the DagBag from /opt/airflow/dags/transform_dim_constructors.py
[2025-04-05T04:54:36.598+0000] {processor.py:842} WARNING - No viable dags retrieved from /opt/airflow/dags/transform_dim_constructors.py
[2025-04-05T04:54:36.608+0000] {processor.py:183} INFO - Processing /opt/airflow/dags/transform_dim_constructors.py took 0.447 seconds
[2025-04-05T04:55:07.352+0000] {processor.py:161} INFO - Started process (PID=636) to work on /opt/airflow/dags/transform_dim_constructors.py
[2025-04-05T04:55:07.353+0000] {processor.py:830} INFO - Processing file /opt/airflow/dags/transform_dim_constructors.py for tasks to queue
[2025-04-05T04:55:07.355+0000] {logging_mixin.py:188} INFO - [2025-04-05T04:55:07.354+0000] {dagbag.py:545} INFO - Filling up the DagBag from /opt/airflow/dags/transform_dim_constructors.py
[2025-04-05T04:55:07.788+0000] {processor.py:842} WARNING - No viable dags retrieved from /opt/airflow/dags/transform_dim_constructors.py
[2025-04-05T04:55:07.798+0000] {processor.py:183} INFO - Processing /opt/airflow/dags/transform_dim_constructors.py took 0.451 seconds
[2025-04-05T04:55:37.995+0000] {processor.py:161} INFO - Started process (PID=721) to work on /opt/airflow/dags/transform_dim_constructors.py
[2025-04-05T04:55:37.995+0000] {processor.py:830} INFO - Processing file /opt/airflow/dags/transform_dim_constructors.py for tasks to queue
[2025-04-05T04:55:37.997+0000] {logging_mixin.py:188} INFO - [2025-04-05T04:55:37.996+0000] {dagbag.py:545} INFO - Filling up the DagBag from /opt/airflow/dags/transform_dim_constructors.py
[2025-04-05T04:55:38.420+0000] {processor.py:842} WARNING - No viable dags retrieved from /opt/airflow/dags/transform_dim_constructors.py
[2025-04-05T04:55:38.430+0000] {processor.py:183} INFO - Processing /opt/airflow/dags/transform_dim_constructors.py took 0.439 seconds
[2025-04-05T04:56:08.758+0000] {processor.py:161} INFO - Started process (PID=809) to work on /opt/airflow/dags/transform_dim_constructors.py
[2025-04-05T04:56:08.759+0000] {processor.py:830} INFO - Processing file /opt/airflow/dags/transform_dim_constructors.py for tasks to queue
[2025-04-05T04:56:08.761+0000] {logging_mixin.py:188} INFO - [2025-04-05T04:56:08.760+0000] {dagbag.py:545} INFO - Filling up the DagBag from /opt/airflow/dags/transform_dim_constructors.py
[2025-04-05T04:56:09.171+0000] {processor.py:842} WARNING - No viable dags retrieved from /opt/airflow/dags/transform_dim_constructors.py
[2025-04-05T04:56:09.181+0000] {processor.py:183} INFO - Processing /opt/airflow/dags/transform_dim_constructors.py took 0.428 seconds
[2025-04-05T04:56:39.484+0000] {processor.py:161} INFO - Started process (PID=873) to work on /opt/airflow/dags/transform_dim_constructors.py
[2025-04-05T04:56:39.485+0000] {processor.py:830} INFO - Processing file /opt/airflow/dags/transform_dim_constructors.py for tasks to queue
[2025-04-05T04:56:39.487+0000] {logging_mixin.py:188} INFO - [2025-04-05T04:56:39.486+0000] {dagbag.py:545} INFO - Filling up the DagBag from /opt/airflow/dags/transform_dim_constructors.py
[2025-04-05T04:56:39.939+0000] {processor.py:842} WARNING - No viable dags retrieved from /opt/airflow/dags/transform_dim_constructors.py
[2025-04-05T04:56:39.950+0000] {processor.py:183} INFO - Processing /opt/airflow/dags/transform_dim_constructors.py took 0.472 seconds
[2025-04-05T04:57:10.086+0000] {processor.py:161} INFO - Started process (PID=937) to work on /opt/airflow/dags/transform_dim_constructors.py
[2025-04-05T04:57:10.086+0000] {processor.py:830} INFO - Processing file /opt/airflow/dags/transform_dim_constructors.py for tasks to queue
[2025-04-05T04:57:10.088+0000] {logging_mixin.py:188} INFO - [2025-04-05T04:57:10.088+0000] {dagbag.py:545} INFO - Filling up the DagBag from /opt/airflow/dags/transform_dim_constructors.py
[2025-04-05T04:57:10.497+0000] {processor.py:842} WARNING - No viable dags retrieved from /opt/airflow/dags/transform_dim_constructors.py
[2025-04-05T04:57:10.506+0000] {processor.py:183} INFO - Processing /opt/airflow/dags/transform_dim_constructors.py took 0.425 seconds
[2025-04-05T04:57:40.997+0000] {processor.py:161} INFO - Started process (PID=1001) to work on /opt/airflow/dags/transform_dim_constructors.py
[2025-04-05T04:57:40.998+0000] {processor.py:830} INFO - Processing file /opt/airflow/dags/transform_dim_constructors.py for tasks to queue
[2025-04-05T04:57:40.999+0000] {logging_mixin.py:188} INFO - [2025-04-05T04:57:40.999+0000] {dagbag.py:545} INFO - Filling up the DagBag from /opt/airflow/dags/transform_dim_constructors.py
[2025-04-05T04:57:41.403+0000] {processor.py:842} WARNING - No viable dags retrieved from /opt/airflow/dags/transform_dim_constructors.py
[2025-04-05T04:57:41.413+0000] {processor.py:183} INFO - Processing /opt/airflow/dags/transform_dim_constructors.py took 0.420 seconds
[2025-04-05T04:58:11.834+0000] {processor.py:161} INFO - Started process (PID=1065) to work on /opt/airflow/dags/transform_dim_constructors.py
[2025-04-05T04:58:11.835+0000] {processor.py:830} INFO - Processing file /opt/airflow/dags/transform_dim_constructors.py for tasks to queue
[2025-04-05T04:58:11.838+0000] {logging_mixin.py:188} INFO - [2025-04-05T04:58:11.837+0000] {dagbag.py:545} INFO - Filling up the DagBag from /opt/airflow/dags/transform_dim_constructors.py
[2025-04-05T04:58:12.242+0000] {processor.py:842} WARNING - No viable dags retrieved from /opt/airflow/dags/transform_dim_constructors.py
[2025-04-05T04:58:12.252+0000] {processor.py:183} INFO - Processing /opt/airflow/dags/transform_dim_constructors.py took 0.422 seconds
