[2025-04-05T04:29:46.623+0000] {processor.py:161} INFO - Started process (PID=196) to work on /opt/airflow/dags/transform_dim_drivers.py
[2025-04-05T04:29:46.624+0000] {processor.py:830} INFO - Processing file /opt/airflow/dags/transform_dim_drivers.py for tasks to queue
[2025-04-05T04:29:46.625+0000] {logging_mixin.py:188} INFO - [2025-04-05T04:29:46.625+0000] {dagbag.py:545} INFO - Filling up the DagBag from /opt/airflow/dags/transform_dim_drivers.py
[2025-04-05T04:29:47.053+0000] {processor.py:842} WARNING - No viable dags retrieved from /opt/airflow/dags/transform_dim_drivers.py
[2025-04-05T04:29:47.066+0000] {processor.py:183} INFO - Processing /opt/airflow/dags/transform_dim_drivers.py took 0.448 seconds
[2025-04-05T04:30:18.071+0000] {processor.py:161} INFO - Started process (PID=261) to work on /opt/airflow/dags/transform_dim_drivers.py
[2025-04-05T04:30:18.071+0000] {processor.py:830} INFO - Processing file /opt/airflow/dags/transform_dim_drivers.py for tasks to queue
[2025-04-05T04:30:18.073+0000] {logging_mixin.py:188} INFO - [2025-04-05T04:30:18.073+0000] {dagbag.py:545} INFO - Filling up the DagBag from /opt/airflow/dags/transform_dim_drivers.py
[2025-04-05T04:30:18.499+0000] {processor.py:842} WARNING - No viable dags retrieved from /opt/airflow/dags/transform_dim_drivers.py
[2025-04-05T04:30:18.509+0000] {processor.py:183} INFO - Processing /opt/airflow/dags/transform_dim_drivers.py took 0.443 seconds
[2025-04-05T04:30:49.168+0000] {processor.py:161} INFO - Started process (PID=324) to work on /opt/airflow/dags/transform_dim_drivers.py
[2025-04-05T04:30:49.169+0000] {processor.py:830} INFO - Processing file /opt/airflow/dags/transform_dim_drivers.py for tasks to queue
[2025-04-05T04:30:49.170+0000] {logging_mixin.py:188} INFO - [2025-04-05T04:30:49.170+0000] {dagbag.py:545} INFO - Filling up the DagBag from /opt/airflow/dags/transform_dim_drivers.py
[2025-04-05T04:30:49.580+0000] {processor.py:842} WARNING - No viable dags retrieved from /opt/airflow/dags/transform_dim_drivers.py
[2025-04-05T04:30:49.590+0000] {processor.py:183} INFO - Processing /opt/airflow/dags/transform_dim_drivers.py took 0.426 seconds
[2025-04-05T04:31:20.574+0000] {processor.py:161} INFO - Started process (PID=393) to work on /opt/airflow/dags/transform_dim_drivers.py
[2025-04-05T04:31:20.574+0000] {processor.py:830} INFO - Processing file /opt/airflow/dags/transform_dim_drivers.py for tasks to queue
[2025-04-05T04:31:20.576+0000] {logging_mixin.py:188} INFO - [2025-04-05T04:31:20.576+0000] {dagbag.py:545} INFO - Filling up the DagBag from /opt/airflow/dags/transform_dim_drivers.py
[2025-04-05T04:31:21.010+0000] {processor.py:842} WARNING - No viable dags retrieved from /opt/airflow/dags/transform_dim_drivers.py
[2025-04-05T04:31:21.021+0000] {processor.py:183} INFO - Processing /opt/airflow/dags/transform_dim_drivers.py took 0.451 seconds
[2025-04-05T04:31:51.980+0000] {processor.py:161} INFO - Started process (PID=460) to work on /opt/airflow/dags/transform_dim_drivers.py
[2025-04-05T04:31:51.981+0000] {processor.py:830} INFO - Processing file /opt/airflow/dags/transform_dim_drivers.py for tasks to queue
[2025-04-05T04:31:51.982+0000] {logging_mixin.py:188} INFO - [2025-04-05T04:31:51.982+0000] {dagbag.py:545} INFO - Filling up the DagBag from /opt/airflow/dags/transform_dim_drivers.py
[2025-04-05T04:31:52.415+0000] {processor.py:842} WARNING - No viable dags retrieved from /opt/airflow/dags/transform_dim_drivers.py
[2025-04-05T04:31:52.425+0000] {processor.py:183} INFO - Processing /opt/airflow/dags/transform_dim_drivers.py took 0.449 seconds
[2025-04-05T04:32:23.262+0000] {processor.py:161} INFO - Started process (PID=523) to work on /opt/airflow/dags/transform_dim_drivers.py
[2025-04-05T04:32:23.263+0000] {processor.py:830} INFO - Processing file /opt/airflow/dags/transform_dim_drivers.py for tasks to queue
[2025-04-05T04:32:23.264+0000] {logging_mixin.py:188} INFO - [2025-04-05T04:32:23.264+0000] {dagbag.py:545} INFO - Filling up the DagBag from /opt/airflow/dags/transform_dim_drivers.py
[2025-04-05T04:32:23.657+0000] {processor.py:842} WARNING - No viable dags retrieved from /opt/airflow/dags/transform_dim_drivers.py
[2025-04-05T04:32:23.669+0000] {processor.py:183} INFO - Processing /opt/airflow/dags/transform_dim_drivers.py took 0.411 seconds
[2025-04-05T04:32:54.297+0000] {processor.py:161} INFO - Started process (PID=592) to work on /opt/airflow/dags/transform_dim_drivers.py
[2025-04-05T04:32:54.298+0000] {processor.py:830} INFO - Processing file /opt/airflow/dags/transform_dim_drivers.py for tasks to queue
[2025-04-05T04:32:54.300+0000] {logging_mixin.py:188} INFO - [2025-04-05T04:32:54.300+0000] {dagbag.py:545} INFO - Filling up the DagBag from /opt/airflow/dags/transform_dim_drivers.py
[2025-04-05T04:32:54.711+0000] {processor.py:842} WARNING - No viable dags retrieved from /opt/airflow/dags/transform_dim_drivers.py
[2025-04-05T04:32:54.721+0000] {processor.py:183} INFO - Processing /opt/airflow/dags/transform_dim_drivers.py took 0.428 seconds
[2025-04-05T04:33:57.679+0000] {processor.py:161} INFO - Started process (PID=198) to work on /opt/airflow/dags/transform_dim_drivers.py
[2025-04-05T04:33:57.680+0000] {processor.py:830} INFO - Processing file /opt/airflow/dags/transform_dim_drivers.py for tasks to queue
[2025-04-05T04:33:57.682+0000] {logging_mixin.py:188} INFO - [2025-04-05T04:33:57.681+0000] {dagbag.py:545} INFO - Filling up the DagBag from /opt/airflow/dags/transform_dim_drivers.py
[2025-04-05T04:33:58.210+0000] {processor.py:842} WARNING - No viable dags retrieved from /opt/airflow/dags/transform_dim_drivers.py
[2025-04-05T04:33:58.224+0000] {processor.py:183} INFO - Processing /opt/airflow/dags/transform_dim_drivers.py took 0.552 seconds
[2025-04-05T04:34:28.533+0000] {processor.py:161} INFO - Started process (PID=262) to work on /opt/airflow/dags/transform_dim_drivers.py
[2025-04-05T04:34:28.534+0000] {processor.py:830} INFO - Processing file /opt/airflow/dags/transform_dim_drivers.py for tasks to queue
[2025-04-05T04:34:28.535+0000] {logging_mixin.py:188} INFO - [2025-04-05T04:34:28.535+0000] {dagbag.py:545} INFO - Filling up the DagBag from /opt/airflow/dags/transform_dim_drivers.py
[2025-04-05T04:34:28.959+0000] {processor.py:842} WARNING - No viable dags retrieved from /opt/airflow/dags/transform_dim_drivers.py
[2025-04-05T04:34:28.970+0000] {processor.py:183} INFO - Processing /opt/airflow/dags/transform_dim_drivers.py took 0.441 seconds
[2025-04-05T04:34:59.154+0000] {processor.py:161} INFO - Started process (PID=374) to work on /opt/airflow/dags/transform_dim_drivers.py
[2025-04-05T04:34:59.155+0000] {processor.py:830} INFO - Processing file /opt/airflow/dags/transform_dim_drivers.py for tasks to queue
[2025-04-05T04:34:59.156+0000] {logging_mixin.py:188} INFO - [2025-04-05T04:34:59.156+0000] {dagbag.py:545} INFO - Filling up the DagBag from /opt/airflow/dags/transform_dim_drivers.py
[2025-04-05T04:34:59.578+0000] {processor.py:842} WARNING - No viable dags retrieved from /opt/airflow/dags/transform_dim_drivers.py
[2025-04-05T04:34:59.588+0000] {processor.py:183} INFO - Processing /opt/airflow/dags/transform_dim_drivers.py took 0.438 seconds
[2025-04-05T04:35:29.738+0000] {processor.py:161} INFO - Started process (PID=438) to work on /opt/airflow/dags/transform_dim_drivers.py
[2025-04-05T04:35:29.739+0000] {processor.py:830} INFO - Processing file /opt/airflow/dags/transform_dim_drivers.py for tasks to queue
[2025-04-05T04:35:29.741+0000] {logging_mixin.py:188} INFO - [2025-04-05T04:35:29.741+0000] {dagbag.py:545} INFO - Filling up the DagBag from /opt/airflow/dags/transform_dim_drivers.py
[2025-04-05T04:35:30.181+0000] {processor.py:842} WARNING - No viable dags retrieved from /opt/airflow/dags/transform_dim_drivers.py
[2025-04-05T04:35:30.193+0000] {processor.py:183} INFO - Processing /opt/airflow/dags/transform_dim_drivers.py took 0.459 seconds
[2025-04-05T04:36:00.461+0000] {processor.py:161} INFO - Started process (PID=504) to work on /opt/airflow/dags/transform_dim_drivers.py
[2025-04-05T04:36:00.461+0000] {processor.py:830} INFO - Processing file /opt/airflow/dags/transform_dim_drivers.py for tasks to queue
[2025-04-05T04:36:00.463+0000] {logging_mixin.py:188} INFO - [2025-04-05T04:36:00.463+0000] {dagbag.py:545} INFO - Filling up the DagBag from /opt/airflow/dags/transform_dim_drivers.py
[2025-04-05T04:36:00.860+0000] {processor.py:842} WARNING - No viable dags retrieved from /opt/airflow/dags/transform_dim_drivers.py
[2025-04-05T04:36:00.870+0000] {processor.py:183} INFO - Processing /opt/airflow/dags/transform_dim_drivers.py took 0.414 seconds
[2025-04-05T04:36:31.131+0000] {processor.py:161} INFO - Started process (PID=572) to work on /opt/airflow/dags/transform_dim_drivers.py
[2025-04-05T04:36:31.132+0000] {processor.py:830} INFO - Processing file /opt/airflow/dags/transform_dim_drivers.py for tasks to queue
[2025-04-05T04:36:31.133+0000] {logging_mixin.py:188} INFO - [2025-04-05T04:36:31.133+0000] {dagbag.py:545} INFO - Filling up the DagBag from /opt/airflow/dags/transform_dim_drivers.py
[2025-04-05T04:36:31.530+0000] {processor.py:842} WARNING - No viable dags retrieved from /opt/airflow/dags/transform_dim_drivers.py
[2025-04-05T04:36:31.539+0000] {processor.py:183} INFO - Processing /opt/airflow/dags/transform_dim_drivers.py took 0.412 seconds
[2025-04-05T04:37:01.891+0000] {processor.py:161} INFO - Started process (PID=636) to work on /opt/airflow/dags/transform_dim_drivers.py
[2025-04-05T04:37:01.892+0000] {processor.py:830} INFO - Processing file /opt/airflow/dags/transform_dim_drivers.py for tasks to queue
[2025-04-05T04:37:01.893+0000] {logging_mixin.py:188} INFO - [2025-04-05T04:37:01.893+0000] {dagbag.py:545} INFO - Filling up the DagBag from /opt/airflow/dags/transform_dim_drivers.py
[2025-04-05T04:37:02.300+0000] {processor.py:842} WARNING - No viable dags retrieved from /opt/airflow/dags/transform_dim_drivers.py
[2025-04-05T04:37:02.310+0000] {processor.py:183} INFO - Processing /opt/airflow/dags/transform_dim_drivers.py took 0.423 seconds
[2025-04-05T04:37:32.715+0000] {processor.py:161} INFO - Started process (PID=700) to work on /opt/airflow/dags/transform_dim_drivers.py
[2025-04-05T04:37:32.716+0000] {processor.py:830} INFO - Processing file /opt/airflow/dags/transform_dim_drivers.py for tasks to queue
[2025-04-05T04:37:32.718+0000] {logging_mixin.py:188} INFO - [2025-04-05T04:37:32.718+0000] {dagbag.py:545} INFO - Filling up the DagBag from /opt/airflow/dags/transform_dim_drivers.py
[2025-04-05T04:37:33.206+0000] {processor.py:842} WARNING - No viable dags retrieved from /opt/airflow/dags/transform_dim_drivers.py
[2025-04-05T04:37:33.218+0000] {processor.py:183} INFO - Processing /opt/airflow/dags/transform_dim_drivers.py took 0.507 seconds
[2025-04-05T04:38:03.429+0000] {processor.py:161} INFO - Started process (PID=764) to work on /opt/airflow/dags/transform_dim_drivers.py
[2025-04-05T04:38:03.430+0000] {processor.py:830} INFO - Processing file /opt/airflow/dags/transform_dim_drivers.py for tasks to queue
[2025-04-05T04:38:03.432+0000] {logging_mixin.py:188} INFO - [2025-04-05T04:38:03.431+0000] {dagbag.py:545} INFO - Filling up the DagBag from /opt/airflow/dags/transform_dim_drivers.py
[2025-04-05T04:38:03.818+0000] {processor.py:842} WARNING - No viable dags retrieved from /opt/airflow/dags/transform_dim_drivers.py
[2025-04-05T04:38:03.828+0000] {processor.py:183} INFO - Processing /opt/airflow/dags/transform_dim_drivers.py took 0.402 seconds
[2025-04-05T04:38:34.169+0000] {processor.py:161} INFO - Started process (PID=828) to work on /opt/airflow/dags/transform_dim_drivers.py
[2025-04-05T04:38:34.170+0000] {processor.py:830} INFO - Processing file /opt/airflow/dags/transform_dim_drivers.py for tasks to queue
[2025-04-05T04:38:34.172+0000] {logging_mixin.py:188} INFO - [2025-04-05T04:38:34.171+0000] {dagbag.py:545} INFO - Filling up the DagBag from /opt/airflow/dags/transform_dim_drivers.py
[2025-04-05T04:38:34.560+0000] {processor.py:842} WARNING - No viable dags retrieved from /opt/airflow/dags/transform_dim_drivers.py
[2025-04-05T04:38:34.569+0000] {processor.py:183} INFO - Processing /opt/airflow/dags/transform_dim_drivers.py took 0.404 seconds
[2025-04-05T04:40:03.003+0000] {processor.py:161} INFO - Started process (PID=198) to work on /opt/airflow/dags/transform_dim_drivers.py
[2025-04-05T04:40:03.004+0000] {processor.py:830} INFO - Processing file /opt/airflow/dags/transform_dim_drivers.py for tasks to queue
[2025-04-05T04:40:03.005+0000] {logging_mixin.py:188} INFO - [2025-04-05T04:40:03.005+0000] {dagbag.py:545} INFO - Filling up the DagBag from /opt/airflow/dags/transform_dim_drivers.py
[2025-04-05T04:40:03.424+0000] {processor.py:842} WARNING - No viable dags retrieved from /opt/airflow/dags/transform_dim_drivers.py
[2025-04-05T04:40:03.435+0000] {processor.py:183} INFO - Processing /opt/airflow/dags/transform_dim_drivers.py took 0.436 seconds
[2025-04-05T04:40:33.747+0000] {processor.py:161} INFO - Started process (PID=262) to work on /opt/airflow/dags/transform_dim_drivers.py
[2025-04-05T04:40:33.748+0000] {processor.py:830} INFO - Processing file /opt/airflow/dags/transform_dim_drivers.py for tasks to queue
[2025-04-05T04:40:33.750+0000] {logging_mixin.py:188} INFO - [2025-04-05T04:40:33.749+0000] {dagbag.py:545} INFO - Filling up the DagBag from /opt/airflow/dags/transform_dim_drivers.py
[2025-04-05T04:40:34.211+0000] {processor.py:842} WARNING - No viable dags retrieved from /opt/airflow/dags/transform_dim_drivers.py
[2025-04-05T04:40:34.221+0000] {processor.py:183} INFO - Processing /opt/airflow/dags/transform_dim_drivers.py took 0.478 seconds
[2025-04-05T04:41:04.313+0000] {processor.py:161} INFO - Started process (PID=332) to work on /opt/airflow/dags/transform_dim_drivers.py
[2025-04-05T04:41:04.313+0000] {processor.py:830} INFO - Processing file /opt/airflow/dags/transform_dim_drivers.py for tasks to queue
[2025-04-05T04:41:04.315+0000] {logging_mixin.py:188} INFO - [2025-04-05T04:41:04.315+0000] {dagbag.py:545} INFO - Filling up the DagBag from /opt/airflow/dags/transform_dim_drivers.py
[2025-04-05T04:41:04.704+0000] {processor.py:842} WARNING - No viable dags retrieved from /opt/airflow/dags/transform_dim_drivers.py
[2025-04-05T04:41:04.715+0000] {processor.py:183} INFO - Processing /opt/airflow/dags/transform_dim_drivers.py took 0.406 seconds
[2025-04-05T04:41:35.038+0000] {processor.py:161} INFO - Started process (PID=396) to work on /opt/airflow/dags/transform_dim_drivers.py
[2025-04-05T04:41:35.039+0000] {processor.py:830} INFO - Processing file /opt/airflow/dags/transform_dim_drivers.py for tasks to queue
[2025-04-05T04:41:35.040+0000] {logging_mixin.py:188} INFO - [2025-04-05T04:41:35.040+0000] {dagbag.py:545} INFO - Filling up the DagBag from /opt/airflow/dags/transform_dim_drivers.py
[2025-04-05T04:41:35.464+0000] {processor.py:842} WARNING - No viable dags retrieved from /opt/airflow/dags/transform_dim_drivers.py
[2025-04-05T04:41:35.474+0000] {processor.py:183} INFO - Processing /opt/airflow/dags/transform_dim_drivers.py took 0.439 seconds
[2025-04-05T04:42:05.943+0000] {processor.py:161} INFO - Started process (PID=468) to work on /opt/airflow/dags/transform_dim_drivers.py
[2025-04-05T04:42:05.944+0000] {processor.py:830} INFO - Processing file /opt/airflow/dags/transform_dim_drivers.py for tasks to queue
[2025-04-05T04:42:05.946+0000] {logging_mixin.py:188} INFO - [2025-04-05T04:42:05.945+0000] {dagbag.py:545} INFO - Filling up the DagBag from /opt/airflow/dags/transform_dim_drivers.py
[2025-04-05T04:42:06.399+0000] {processor.py:842} WARNING - No viable dags retrieved from /opt/airflow/dags/transform_dim_drivers.py
[2025-04-05T04:42:06.410+0000] {processor.py:183} INFO - Processing /opt/airflow/dags/transform_dim_drivers.py took 0.471 seconds
[2025-04-05T04:42:36.747+0000] {processor.py:161} INFO - Started process (PID=532) to work on /opt/airflow/dags/transform_dim_drivers.py
[2025-04-05T04:42:36.748+0000] {processor.py:830} INFO - Processing file /opt/airflow/dags/transform_dim_drivers.py for tasks to queue
[2025-04-05T04:42:36.749+0000] {logging_mixin.py:188} INFO - [2025-04-05T04:42:36.749+0000] {dagbag.py:545} INFO - Filling up the DagBag from /opt/airflow/dags/transform_dim_drivers.py
[2025-04-05T04:42:37.200+0000] {processor.py:842} WARNING - No viable dags retrieved from /opt/airflow/dags/transform_dim_drivers.py
[2025-04-05T04:42:37.212+0000] {processor.py:183} INFO - Processing /opt/airflow/dags/transform_dim_drivers.py took 0.469 seconds
[2025-04-05T04:43:07.296+0000] {processor.py:161} INFO - Started process (PID=596) to work on /opt/airflow/dags/transform_dim_drivers.py
[2025-04-05T04:43:07.296+0000] {processor.py:830} INFO - Processing file /opt/airflow/dags/transform_dim_drivers.py for tasks to queue
[2025-04-05T04:43:07.298+0000] {logging_mixin.py:188} INFO - [2025-04-05T04:43:07.298+0000] {dagbag.py:545} INFO - Filling up the DagBag from /opt/airflow/dags/transform_dim_drivers.py
[2025-04-05T04:43:07.716+0000] {processor.py:842} WARNING - No viable dags retrieved from /opt/airflow/dags/transform_dim_drivers.py
[2025-04-05T04:43:07.726+0000] {processor.py:183} INFO - Processing /opt/airflow/dags/transform_dim_drivers.py took 0.436 seconds
[2025-04-05T04:44:08.880+0000] {processor.py:161} INFO - Started process (PID=198) to work on /opt/airflow/dags/transform_dim_drivers.py
[2025-04-05T04:44:08.881+0000] {processor.py:830} INFO - Processing file /opt/airflow/dags/transform_dim_drivers.py for tasks to queue
[2025-04-05T04:44:08.882+0000] {logging_mixin.py:188} INFO - [2025-04-05T04:44:08.882+0000] {dagbag.py:545} INFO - Filling up the DagBag from /opt/airflow/dags/transform_dim_drivers.py
[2025-04-05T04:44:09.318+0000] {processor.py:842} WARNING - No viable dags retrieved from /opt/airflow/dags/transform_dim_drivers.py
[2025-04-05T04:44:09.328+0000] {processor.py:183} INFO - Processing /opt/airflow/dags/transform_dim_drivers.py took 0.452 seconds
[2025-04-05T04:44:39.532+0000] {processor.py:161} INFO - Started process (PID=262) to work on /opt/airflow/dags/transform_dim_drivers.py
[2025-04-05T04:44:39.533+0000] {processor.py:830} INFO - Processing file /opt/airflow/dags/transform_dim_drivers.py for tasks to queue
[2025-04-05T04:44:39.534+0000] {logging_mixin.py:188} INFO - [2025-04-05T04:44:39.534+0000] {dagbag.py:545} INFO - Filling up the DagBag from /opt/airflow/dags/transform_dim_drivers.py
[2025-04-05T04:44:40.007+0000] {processor.py:842} WARNING - No viable dags retrieved from /opt/airflow/dags/transform_dim_drivers.py
[2025-04-05T04:44:40.020+0000] {processor.py:183} INFO - Processing /opt/airflow/dags/transform_dim_drivers.py took 0.492 seconds
[2025-04-05T04:45:10.133+0000] {processor.py:161} INFO - Started process (PID=326) to work on /opt/airflow/dags/transform_dim_drivers.py
[2025-04-05T04:45:10.134+0000] {processor.py:830} INFO - Processing file /opt/airflow/dags/transform_dim_drivers.py for tasks to queue
[2025-04-05T04:45:10.135+0000] {logging_mixin.py:188} INFO - [2025-04-05T04:45:10.135+0000] {dagbag.py:545} INFO - Filling up the DagBag from /opt/airflow/dags/transform_dim_drivers.py
[2025-04-05T04:45:10.567+0000] {processor.py:842} WARNING - No viable dags retrieved from /opt/airflow/dags/transform_dim_drivers.py
[2025-04-05T04:45:10.578+0000] {processor.py:183} INFO - Processing /opt/airflow/dags/transform_dim_drivers.py took 0.450 seconds
[2025-04-05T04:45:40.840+0000] {processor.py:161} INFO - Started process (PID=396) to work on /opt/airflow/dags/transform_dim_drivers.py
[2025-04-05T04:45:40.841+0000] {processor.py:830} INFO - Processing file /opt/airflow/dags/transform_dim_drivers.py for tasks to queue
[2025-04-05T04:45:40.843+0000] {logging_mixin.py:188} INFO - [2025-04-05T04:45:40.842+0000] {dagbag.py:545} INFO - Filling up the DagBag from /opt/airflow/dags/transform_dim_drivers.py
[2025-04-05T04:45:41.268+0000] {processor.py:842} WARNING - No viable dags retrieved from /opt/airflow/dags/transform_dim_drivers.py
[2025-04-05T04:45:41.279+0000] {processor.py:183} INFO - Processing /opt/airflow/dags/transform_dim_drivers.py took 0.443 seconds
[2025-04-05T04:48:39.416+0000] {processor.py:161} INFO - Started process (PID=198) to work on /opt/airflow/dags/transform_dim_drivers.py
[2025-04-05T04:48:39.417+0000] {processor.py:830} INFO - Processing file /opt/airflow/dags/transform_dim_drivers.py for tasks to queue
[2025-04-05T04:48:39.418+0000] {logging_mixin.py:188} INFO - [2025-04-05T04:48:39.418+0000] {dagbag.py:545} INFO - Filling up the DagBag from /opt/airflow/dags/transform_dim_drivers.py
[2025-04-05T04:48:39.849+0000] {processor.py:842} WARNING - No viable dags retrieved from /opt/airflow/dags/transform_dim_drivers.py
[2025-04-05T04:48:39.859+0000] {processor.py:183} INFO - Processing /opt/airflow/dags/transform_dim_drivers.py took 0.448 seconds
[2025-04-05T04:49:10.204+0000] {processor.py:161} INFO - Started process (PID=262) to work on /opt/airflow/dags/transform_dim_drivers.py
[2025-04-05T04:49:10.205+0000] {processor.py:830} INFO - Processing file /opt/airflow/dags/transform_dim_drivers.py for tasks to queue
[2025-04-05T04:49:10.206+0000] {logging_mixin.py:188} INFO - [2025-04-05T04:49:10.206+0000] {dagbag.py:545} INFO - Filling up the DagBag from /opt/airflow/dags/transform_dim_drivers.py
[2025-04-05T04:49:10.641+0000] {processor.py:842} WARNING - No viable dags retrieved from /opt/airflow/dags/transform_dim_drivers.py
[2025-04-05T04:49:10.651+0000] {processor.py:183} INFO - Processing /opt/airflow/dags/transform_dim_drivers.py took 0.451 seconds
[2025-04-05T04:49:40.902+0000] {processor.py:161} INFO - Started process (PID=326) to work on /opt/airflow/dags/transform_dim_drivers.py
[2025-04-05T04:49:40.903+0000] {processor.py:830} INFO - Processing file /opt/airflow/dags/transform_dim_drivers.py for tasks to queue
[2025-04-05T04:49:40.904+0000] {logging_mixin.py:188} INFO - [2025-04-05T04:49:40.904+0000] {dagbag.py:545} INFO - Filling up the DagBag from /opt/airflow/dags/transform_dim_drivers.py
[2025-04-05T04:49:41.369+0000] {processor.py:842} WARNING - No viable dags retrieved from /opt/airflow/dags/transform_dim_drivers.py
[2025-04-05T04:49:41.379+0000] {processor.py:183} INFO - Processing /opt/airflow/dags/transform_dim_drivers.py took 0.482 seconds
[2025-04-05T04:50:11.813+0000] {processor.py:161} INFO - Started process (PID=579) to work on /opt/airflow/dags/transform_dim_drivers.py
[2025-04-05T04:50:11.814+0000] {processor.py:830} INFO - Processing file /opt/airflow/dags/transform_dim_drivers.py for tasks to queue
[2025-04-05T04:50:11.817+0000] {logging_mixin.py:188} INFO - [2025-04-05T04:50:11.816+0000] {dagbag.py:545} INFO - Filling up the DagBag from /opt/airflow/dags/transform_dim_drivers.py
[2025-04-05T04:50:12.359+0000] {processor.py:842} WARNING - No viable dags retrieved from /opt/airflow/dags/transform_dim_drivers.py
[2025-04-05T04:50:12.369+0000] {processor.py:183} INFO - Processing /opt/airflow/dags/transform_dim_drivers.py took 0.561 seconds
[2025-04-05T04:50:42.601+0000] {processor.py:161} INFO - Started process (PID=649) to work on /opt/airflow/dags/transform_dim_drivers.py
[2025-04-05T04:50:42.602+0000] {processor.py:830} INFO - Processing file /opt/airflow/dags/transform_dim_drivers.py for tasks to queue
[2025-04-05T04:50:42.603+0000] {logging_mixin.py:188} INFO - [2025-04-05T04:50:42.603+0000] {dagbag.py:545} INFO - Filling up the DagBag from /opt/airflow/dags/transform_dim_drivers.py
[2025-04-05T04:50:43.016+0000] {processor.py:842} WARNING - No viable dags retrieved from /opt/airflow/dags/transform_dim_drivers.py
[2025-04-05T04:50:43.028+0000] {processor.py:183} INFO - Processing /opt/airflow/dags/transform_dim_drivers.py took 0.431 seconds
[2025-04-05T04:51:13.293+0000] {processor.py:161} INFO - Started process (PID=714) to work on /opt/airflow/dags/transform_dim_drivers.py
[2025-04-05T04:51:13.293+0000] {processor.py:830} INFO - Processing file /opt/airflow/dags/transform_dim_drivers.py for tasks to queue
[2025-04-05T04:51:13.295+0000] {logging_mixin.py:188} INFO - [2025-04-05T04:51:13.295+0000] {dagbag.py:545} INFO - Filling up the DagBag from /opt/airflow/dags/transform_dim_drivers.py
[2025-04-05T04:51:13.721+0000] {processor.py:842} WARNING - No viable dags retrieved from /opt/airflow/dags/transform_dim_drivers.py
[2025-04-05T04:51:13.731+0000] {processor.py:183} INFO - Processing /opt/airflow/dags/transform_dim_drivers.py took 0.443 seconds
[2025-04-05T04:51:44.308+0000] {processor.py:161} INFO - Started process (PID=784) to work on /opt/airflow/dags/transform_dim_drivers.py
[2025-04-05T04:51:44.309+0000] {processor.py:830} INFO - Processing file /opt/airflow/dags/transform_dim_drivers.py for tasks to queue
[2025-04-05T04:51:44.311+0000] {logging_mixin.py:188} INFO - [2025-04-05T04:51:44.310+0000] {dagbag.py:545} INFO - Filling up the DagBag from /opt/airflow/dags/transform_dim_drivers.py
[2025-04-05T04:51:44.782+0000] {processor.py:842} WARNING - No viable dags retrieved from /opt/airflow/dags/transform_dim_drivers.py
[2025-04-05T04:51:44.792+0000] {processor.py:183} INFO - Processing /opt/airflow/dags/transform_dim_drivers.py took 0.488 seconds
[2025-04-05T04:52:59.636+0000] {processor.py:161} INFO - Started process (PID=199) to work on /opt/airflow/dags/transform_dim_drivers.py
[2025-04-05T04:52:59.637+0000] {processor.py:830} INFO - Processing file /opt/airflow/dags/transform_dim_drivers.py for tasks to queue
[2025-04-05T04:52:59.638+0000] {logging_mixin.py:188} INFO - [2025-04-05T04:52:59.638+0000] {dagbag.py:545} INFO - Filling up the DagBag from /opt/airflow/dags/transform_dim_drivers.py
[2025-04-05T04:53:00.057+0000] {processor.py:842} WARNING - No viable dags retrieved from /opt/airflow/dags/transform_dim_drivers.py
[2025-04-05T04:53:00.067+0000] {processor.py:183} INFO - Processing /opt/airflow/dags/transform_dim_drivers.py took 0.435 seconds
[2025-04-05T04:53:30.440+0000] {processor.py:161} INFO - Started process (PID=263) to work on /opt/airflow/dags/transform_dim_drivers.py
[2025-04-05T04:53:30.441+0000] {processor.py:830} INFO - Processing file /opt/airflow/dags/transform_dim_drivers.py for tasks to queue
[2025-04-05T04:53:30.442+0000] {logging_mixin.py:188} INFO - [2025-04-05T04:53:30.442+0000] {dagbag.py:545} INFO - Filling up the DagBag from /opt/airflow/dags/transform_dim_drivers.py
[2025-04-05T04:53:30.861+0000] {processor.py:842} WARNING - No viable dags retrieved from /opt/airflow/dags/transform_dim_drivers.py
[2025-04-05T04:53:30.871+0000] {processor.py:183} INFO - Processing /opt/airflow/dags/transform_dim_drivers.py took 0.435 seconds
[2025-04-05T04:54:03.405+0000] {processor.py:161} INFO - Started process (PID=424) to work on /opt/airflow/dags/transform_dim_drivers.py
[2025-04-05T04:54:03.411+0000] {processor.py:830} INFO - Processing file /opt/airflow/dags/transform_dim_drivers.py for tasks to queue
[2025-04-05T04:54:03.423+0000] {logging_mixin.py:188} INFO - [2025-04-05T04:54:03.422+0000] {dagbag.py:545} INFO - Filling up the DagBag from /opt/airflow/dags/transform_dim_drivers.py
[2025-04-05T04:54:04.934+0000] {processor.py:842} WARNING - No viable dags retrieved from /opt/airflow/dags/transform_dim_drivers.py
[2025-04-05T04:54:05.004+0000] {processor.py:183} INFO - Processing /opt/airflow/dags/transform_dim_drivers.py took 1.618 seconds
[2025-04-05T04:54:35.144+0000] {processor.py:161} INFO - Started process (PID=566) to work on /opt/airflow/dags/transform_dim_drivers.py
[2025-04-05T04:54:35.145+0000] {processor.py:830} INFO - Processing file /opt/airflow/dags/transform_dim_drivers.py for tasks to queue
[2025-04-05T04:54:35.147+0000] {logging_mixin.py:188} INFO - [2025-04-05T04:54:35.146+0000] {dagbag.py:545} INFO - Filling up the DagBag from /opt/airflow/dags/transform_dim_drivers.py
[2025-04-05T04:54:35.539+0000] {processor.py:842} WARNING - No viable dags retrieved from /opt/airflow/dags/transform_dim_drivers.py
[2025-04-05T04:54:35.549+0000] {processor.py:183} INFO - Processing /opt/airflow/dags/transform_dim_drivers.py took 0.409 seconds
[2025-04-05T04:55:06.027+0000] {processor.py:161} INFO - Started process (PID=630) to work on /opt/airflow/dags/transform_dim_drivers.py
[2025-04-05T04:55:06.028+0000] {processor.py:830} INFO - Processing file /opt/airflow/dags/transform_dim_drivers.py for tasks to queue
[2025-04-05T04:55:06.029+0000] {logging_mixin.py:188} INFO - [2025-04-05T04:55:06.029+0000] {dagbag.py:545} INFO - Filling up the DagBag from /opt/airflow/dags/transform_dim_drivers.py
[2025-04-05T04:55:06.438+0000] {processor.py:842} WARNING - No viable dags retrieved from /opt/airflow/dags/transform_dim_drivers.py
[2025-04-05T04:55:06.448+0000] {processor.py:183} INFO - Processing /opt/airflow/dags/transform_dim_drivers.py took 0.425 seconds
[2025-04-05T04:55:36.615+0000] {processor.py:161} INFO - Started process (PID=715) to work on /opt/airflow/dags/transform_dim_drivers.py
[2025-04-05T04:55:36.615+0000] {processor.py:830} INFO - Processing file /opt/airflow/dags/transform_dim_drivers.py for tasks to queue
[2025-04-05T04:55:36.617+0000] {logging_mixin.py:188} INFO - [2025-04-05T04:55:36.617+0000] {dagbag.py:545} INFO - Filling up the DagBag from /opt/airflow/dags/transform_dim_drivers.py
[2025-04-05T04:55:37.064+0000] {processor.py:842} WARNING - No viable dags retrieved from /opt/airflow/dags/transform_dim_drivers.py
[2025-04-05T04:55:37.074+0000] {processor.py:183} INFO - Processing /opt/airflow/dags/transform_dim_drivers.py took 0.464 seconds
[2025-04-05T04:56:07.407+0000] {processor.py:161} INFO - Started process (PID=803) to work on /opt/airflow/dags/transform_dim_drivers.py
[2025-04-05T04:56:07.408+0000] {processor.py:830} INFO - Processing file /opt/airflow/dags/transform_dim_drivers.py for tasks to queue
[2025-04-05T04:56:07.410+0000] {logging_mixin.py:188} INFO - [2025-04-05T04:56:07.410+0000] {dagbag.py:545} INFO - Filling up the DagBag from /opt/airflow/dags/transform_dim_drivers.py
[2025-04-05T04:56:07.854+0000] {processor.py:842} WARNING - No viable dags retrieved from /opt/airflow/dags/transform_dim_drivers.py
[2025-04-05T04:56:07.864+0000] {processor.py:183} INFO - Processing /opt/airflow/dags/transform_dim_drivers.py took 0.464 seconds
[2025-04-05T04:56:38.090+0000] {processor.py:161} INFO - Started process (PID=867) to work on /opt/airflow/dags/transform_dim_drivers.py
[2025-04-05T04:56:38.091+0000] {processor.py:830} INFO - Processing file /opt/airflow/dags/transform_dim_drivers.py for tasks to queue
[2025-04-05T04:56:38.092+0000] {logging_mixin.py:188} INFO - [2025-04-05T04:56:38.092+0000] {dagbag.py:545} INFO - Filling up the DagBag from /opt/airflow/dags/transform_dim_drivers.py
[2025-04-05T04:56:38.512+0000] {processor.py:842} WARNING - No viable dags retrieved from /opt/airflow/dags/transform_dim_drivers.py
[2025-04-05T04:56:38.523+0000] {processor.py:183} INFO - Processing /opt/airflow/dags/transform_dim_drivers.py took 0.437 seconds
[2025-04-05T04:57:09.018+0000] {processor.py:161} INFO - Started process (PID=931) to work on /opt/airflow/dags/transform_dim_drivers.py
[2025-04-05T04:57:09.019+0000] {processor.py:830} INFO - Processing file /opt/airflow/dags/transform_dim_drivers.py for tasks to queue
[2025-04-05T04:57:09.021+0000] {logging_mixin.py:188} INFO - [2025-04-05T04:57:09.020+0000] {dagbag.py:545} INFO - Filling up the DagBag from /opt/airflow/dags/transform_dim_drivers.py
[2025-04-05T04:57:09.437+0000] {processor.py:842} WARNING - No viable dags retrieved from /opt/airflow/dags/transform_dim_drivers.py
[2025-04-05T04:57:09.447+0000] {processor.py:183} INFO - Processing /opt/airflow/dags/transform_dim_drivers.py took 0.433 seconds
[2025-04-05T04:57:39.915+0000] {processor.py:161} INFO - Started process (PID=995) to work on /opt/airflow/dags/transform_dim_drivers.py
[2025-04-05T04:57:39.916+0000] {processor.py:830} INFO - Processing file /opt/airflow/dags/transform_dim_drivers.py for tasks to queue
[2025-04-05T04:57:39.918+0000] {logging_mixin.py:188} INFO - [2025-04-05T04:57:39.918+0000] {dagbag.py:545} INFO - Filling up the DagBag from /opt/airflow/dags/transform_dim_drivers.py
[2025-04-05T04:57:40.302+0000] {processor.py:842} WARNING - No viable dags retrieved from /opt/airflow/dags/transform_dim_drivers.py
[2025-04-05T04:57:40.313+0000] {processor.py:183} INFO - Processing /opt/airflow/dags/transform_dim_drivers.py took 0.402 seconds
[2025-04-05T04:58:10.769+0000] {processor.py:161} INFO - Started process (PID=1059) to work on /opt/airflow/dags/transform_dim_drivers.py
[2025-04-05T04:58:10.770+0000] {processor.py:830} INFO - Processing file /opt/airflow/dags/transform_dim_drivers.py for tasks to queue
[2025-04-05T04:58:10.772+0000] {logging_mixin.py:188} INFO - [2025-04-05T04:58:10.772+0000] {dagbag.py:545} INFO - Filling up the DagBag from /opt/airflow/dags/transform_dim_drivers.py
[2025-04-05T04:58:11.196+0000] {processor.py:842} WARNING - No viable dags retrieved from /opt/airflow/dags/transform_dim_drivers.py
[2025-04-05T04:58:11.207+0000] {processor.py:183} INFO - Processing /opt/airflow/dags/transform_dim_drivers.py took 0.443 seconds
