[2025-04-05T04:29:45.897+0000] {processor.py:161} INFO - Started process (PID=186) to work on /opt/airflow/dags/transform_fact_race_results.py
[2025-04-05T04:29:45.898+0000] {processor.py:830} INFO - Processing file /opt/airflow/dags/transform_fact_race_results.py for tasks to queue
[2025-04-05T04:29:45.900+0000] {logging_mixin.py:188} INFO - [2025-04-05T04:29:45.900+0000] {dagbag.py:545} INFO - Filling up the DagBag from /opt/airflow/dags/transform_fact_race_results.py
[2025-04-05T04:29:46.572+0000] {processor.py:842} WARNING - No viable dags retrieved from /opt/airflow/dags/transform_fact_race_results.py
[2025-04-05T04:29:46.586+0000] {processor.py:183} INFO - Processing /opt/airflow/dags/transform_fact_race_results.py took 0.694 seconds
[2025-04-05T04:30:17.526+0000] {processor.py:161} INFO - Started process (PID=249) to work on /opt/airflow/dags/transform_fact_race_results.py
[2025-04-05T04:30:17.526+0000] {processor.py:830} INFO - Processing file /opt/airflow/dags/transform_fact_race_results.py for tasks to queue
[2025-04-05T04:30:17.528+0000] {logging_mixin.py:188} INFO - [2025-04-05T04:30:17.528+0000] {dagbag.py:545} INFO - Filling up the DagBag from /opt/airflow/dags/transform_fact_race_results.py
[2025-04-05T04:30:18.019+0000] {processor.py:842} WARNING - No viable dags retrieved from /opt/airflow/dags/transform_fact_race_results.py
[2025-04-05T04:30:18.032+0000] {processor.py:183} INFO - Processing /opt/airflow/dags/transform_fact_race_results.py took 0.511 seconds
[2025-04-05T04:30:48.668+0000] {processor.py:161} INFO - Started process (PID=312) to work on /opt/airflow/dags/transform_fact_race_results.py
[2025-04-05T04:30:48.669+0000] {processor.py:830} INFO - Processing file /opt/airflow/dags/transform_fact_race_results.py for tasks to queue
[2025-04-05T04:30:48.670+0000] {logging_mixin.py:188} INFO - [2025-04-05T04:30:48.670+0000] {dagbag.py:545} INFO - Filling up the DagBag from /opt/airflow/dags/transform_fact_race_results.py
[2025-04-05T04:30:49.117+0000] {processor.py:842} WARNING - No viable dags retrieved from /opt/airflow/dags/transform_fact_race_results.py
[2025-04-05T04:30:49.129+0000] {processor.py:183} INFO - Processing /opt/airflow/dags/transform_fact_race_results.py took 0.465 seconds
[2025-04-05T04:31:19.899+0000] {processor.py:161} INFO - Started process (PID=381) to work on /opt/airflow/dags/transform_fact_race_results.py
[2025-04-05T04:31:19.900+0000] {processor.py:830} INFO - Processing file /opt/airflow/dags/transform_fact_race_results.py for tasks to queue
[2025-04-05T04:31:19.902+0000] {logging_mixin.py:188} INFO - [2025-04-05T04:31:19.901+0000] {dagbag.py:545} INFO - Filling up the DagBag from /opt/airflow/dags/transform_fact_race_results.py
[2025-04-05T04:31:20.522+0000] {processor.py:842} WARNING - No viable dags retrieved from /opt/airflow/dags/transform_fact_race_results.py
[2025-04-05T04:31:20.533+0000] {processor.py:183} INFO - Processing /opt/airflow/dags/transform_fact_race_results.py took 0.639 seconds
[2025-04-05T04:31:51.484+0000] {processor.py:161} INFO - Started process (PID=448) to work on /opt/airflow/dags/transform_fact_race_results.py
[2025-04-05T04:31:51.485+0000] {processor.py:830} INFO - Processing file /opt/airflow/dags/transform_fact_race_results.py for tasks to queue
[2025-04-05T04:31:51.486+0000] {logging_mixin.py:188} INFO - [2025-04-05T04:31:51.486+0000] {dagbag.py:545} INFO - Filling up the DagBag from /opt/airflow/dags/transform_fact_race_results.py
[2025-04-05T04:31:51.928+0000] {processor.py:842} WARNING - No viable dags retrieved from /opt/airflow/dags/transform_fact_race_results.py
[2025-04-05T04:31:51.939+0000] {processor.py:183} INFO - Processing /opt/airflow/dags/transform_fact_race_results.py took 0.459 seconds
[2025-04-05T04:32:22.781+0000] {processor.py:161} INFO - Started process (PID=511) to work on /opt/airflow/dags/transform_fact_race_results.py
[2025-04-05T04:32:22.782+0000] {processor.py:830} INFO - Processing file /opt/airflow/dags/transform_fact_race_results.py for tasks to queue
[2025-04-05T04:32:22.783+0000] {logging_mixin.py:188} INFO - [2025-04-05T04:32:22.783+0000] {dagbag.py:545} INFO - Filling up the DagBag from /opt/airflow/dags/transform_fact_race_results.py
[2025-04-05T04:32:23.211+0000] {processor.py:842} WARNING - No viable dags retrieved from /opt/airflow/dags/transform_fact_race_results.py
[2025-04-05T04:32:23.221+0000] {processor.py:183} INFO - Processing /opt/airflow/dags/transform_fact_race_results.py took 0.445 seconds
[2025-04-05T04:32:53.810+0000] {processor.py:161} INFO - Started process (PID=580) to work on /opt/airflow/dags/transform_fact_race_results.py
[2025-04-05T04:32:53.811+0000] {processor.py:830} INFO - Processing file /opt/airflow/dags/transform_fact_race_results.py for tasks to queue
[2025-04-05T04:32:53.812+0000] {logging_mixin.py:188} INFO - [2025-04-05T04:32:53.812+0000] {dagbag.py:545} INFO - Filling up the DagBag from /opt/airflow/dags/transform_fact_race_results.py
[2025-04-05T04:32:54.247+0000] {processor.py:842} WARNING - No viable dags retrieved from /opt/airflow/dags/transform_fact_race_results.py
[2025-04-05T04:32:54.258+0000] {processor.py:183} INFO - Processing /opt/airflow/dags/transform_fact_race_results.py took 0.453 seconds
[2025-04-05T04:33:56.884+0000] {processor.py:161} INFO - Started process (PID=185) to work on /opt/airflow/dags/transform_fact_race_results.py
[2025-04-05T04:33:56.885+0000] {processor.py:830} INFO - Processing file /opt/airflow/dags/transform_fact_race_results.py for tasks to queue
[2025-04-05T04:33:56.886+0000] {logging_mixin.py:188} INFO - [2025-04-05T04:33:56.886+0000] {dagbag.py:545} INFO - Filling up the DagBag from /opt/airflow/dags/transform_fact_race_results.py
[2025-04-05T04:33:57.183+0000] {processor.py:842} WARNING - No viable dags retrieved from /opt/airflow/dags/transform_fact_race_results.py
[2025-04-05T04:33:57.198+0000] {processor.py:183} INFO - Processing /opt/airflow/dags/transform_fact_race_results.py took 0.319 seconds
[2025-04-05T04:34:27.546+0000] {processor.py:161} INFO - Started process (PID=246) to work on /opt/airflow/dags/transform_fact_race_results.py
[2025-04-05T04:34:27.547+0000] {processor.py:830} INFO - Processing file /opt/airflow/dags/transform_fact_race_results.py for tasks to queue
[2025-04-05T04:34:27.548+0000] {logging_mixin.py:188} INFO - [2025-04-05T04:34:27.548+0000] {dagbag.py:545} INFO - Filling up the DagBag from /opt/airflow/dags/transform_fact_race_results.py
[2025-04-05T04:34:27.961+0000] {processor.py:842} WARNING - No viable dags retrieved from /opt/airflow/dags/transform_fact_race_results.py
[2025-04-05T04:34:27.971+0000] {processor.py:183} INFO - Processing /opt/airflow/dags/transform_fact_race_results.py took 0.429 seconds
[2025-04-05T04:34:58.416+0000] {processor.py:161} INFO - Started process (PID=358) to work on /opt/airflow/dags/transform_fact_race_results.py
[2025-04-05T04:34:58.417+0000] {processor.py:830} INFO - Processing file /opt/airflow/dags/transform_fact_race_results.py for tasks to queue
[2025-04-05T04:34:58.418+0000] {logging_mixin.py:188} INFO - [2025-04-05T04:34:58.418+0000] {dagbag.py:545} INFO - Filling up the DagBag from /opt/airflow/dags/transform_fact_race_results.py
[2025-04-05T04:34:58.822+0000] {processor.py:842} WARNING - No viable dags retrieved from /opt/airflow/dags/transform_fact_race_results.py
[2025-04-05T04:34:58.832+0000] {processor.py:183} INFO - Processing /opt/airflow/dags/transform_fact_race_results.py took 0.421 seconds
[2025-04-05T04:35:28.945+0000] {processor.py:161} INFO - Started process (PID=422) to work on /opt/airflow/dags/transform_fact_race_results.py
[2025-04-05T04:35:28.946+0000] {processor.py:830} INFO - Processing file /opt/airflow/dags/transform_fact_race_results.py for tasks to queue
[2025-04-05T04:35:28.947+0000] {logging_mixin.py:188} INFO - [2025-04-05T04:35:28.947+0000] {dagbag.py:545} INFO - Filling up the DagBag from /opt/airflow/dags/transform_fact_race_results.py
[2025-04-05T04:35:29.349+0000] {processor.py:842} WARNING - No viable dags retrieved from /opt/airflow/dags/transform_fact_race_results.py
[2025-04-05T04:35:29.359+0000] {processor.py:183} INFO - Processing /opt/airflow/dags/transform_fact_race_results.py took 0.419 seconds
[2025-04-05T04:35:59.473+0000] {processor.py:161} INFO - Started process (PID=486) to work on /opt/airflow/dags/transform_fact_race_results.py
[2025-04-05T04:35:59.473+0000] {processor.py:830} INFO - Processing file /opt/airflow/dags/transform_fact_race_results.py for tasks to queue
[2025-04-05T04:35:59.475+0000] {logging_mixin.py:188} INFO - [2025-04-05T04:35:59.475+0000] {dagbag.py:545} INFO - Filling up the DagBag from /opt/airflow/dags/transform_fact_race_results.py
[2025-04-05T04:35:59.922+0000] {processor.py:842} WARNING - No viable dags retrieved from /opt/airflow/dags/transform_fact_race_results.py
[2025-04-05T04:35:59.932+0000] {processor.py:183} INFO - Processing /opt/airflow/dags/transform_fact_race_results.py took 0.465 seconds
[2025-04-05T04:36:07.012+0000] {processor.py:161} INFO - Started process (PID=550) to work on /opt/airflow/dags/transform_fact_race_results.py
[2025-04-05T04:36:07.012+0000] {processor.py:830} INFO - Processing file /opt/airflow/dags/transform_fact_race_results.py for tasks to queue
[2025-04-05T04:36:07.014+0000] {logging_mixin.py:188} INFO - [2025-04-05T04:36:07.014+0000] {dagbag.py:545} INFO - Filling up the DagBag from /opt/airflow/dags/transform_fact_race_results.py
[2025-04-05T04:36:07.427+0000] {processor.py:842} WARNING - No viable dags retrieved from /opt/airflow/dags/transform_fact_race_results.py
[2025-04-05T04:36:07.437+0000] {processor.py:183} INFO - Processing /opt/airflow/dags/transform_fact_race_results.py took 0.429 seconds
[2025-04-05T04:36:37.690+0000] {processor.py:161} INFO - Started process (PID=614) to work on /opt/airflow/dags/transform_fact_race_results.py
[2025-04-05T04:36:37.691+0000] {processor.py:830} INFO - Processing file /opt/airflow/dags/transform_fact_race_results.py for tasks to queue
[2025-04-05T04:36:37.692+0000] {logging_mixin.py:188} INFO - [2025-04-05T04:36:37.692+0000] {dagbag.py:545} INFO - Filling up the DagBag from /opt/airflow/dags/transform_fact_race_results.py
[2025-04-05T04:36:38.083+0000] {processor.py:842} WARNING - No viable dags retrieved from /opt/airflow/dags/transform_fact_race_results.py
[2025-04-05T04:36:38.093+0000] {processor.py:183} INFO - Processing /opt/airflow/dags/transform_fact_race_results.py took 0.407 seconds
[2025-04-05T04:37:08.468+0000] {processor.py:161} INFO - Started process (PID=678) to work on /opt/airflow/dags/transform_fact_race_results.py
[2025-04-05T04:37:08.469+0000] {processor.py:830} INFO - Processing file /opt/airflow/dags/transform_fact_race_results.py for tasks to queue
[2025-04-05T04:37:08.470+0000] {logging_mixin.py:188} INFO - [2025-04-05T04:37:08.470+0000] {dagbag.py:545} INFO - Filling up the DagBag from /opt/airflow/dags/transform_fact_race_results.py
[2025-04-05T04:37:08.868+0000] {processor.py:842} WARNING - No viable dags retrieved from /opt/airflow/dags/transform_fact_race_results.py
[2025-04-05T04:37:08.880+0000] {processor.py:183} INFO - Processing /opt/airflow/dags/transform_fact_race_results.py took 0.417 seconds
[2025-04-05T04:37:39.260+0000] {processor.py:161} INFO - Started process (PID=742) to work on /opt/airflow/dags/transform_fact_race_results.py
[2025-04-05T04:37:39.261+0000] {processor.py:830} INFO - Processing file /opt/airflow/dags/transform_fact_race_results.py for tasks to queue
[2025-04-05T04:37:39.262+0000] {logging_mixin.py:188} INFO - [2025-04-05T04:37:39.262+0000] {dagbag.py:545} INFO - Filling up the DagBag from /opt/airflow/dags/transform_fact_race_results.py
[2025-04-05T04:37:39.651+0000] {processor.py:842} WARNING - No viable dags retrieved from /opt/airflow/dags/transform_fact_race_results.py
[2025-04-05T04:37:39.661+0000] {processor.py:183} INFO - Processing /opt/airflow/dags/transform_fact_race_results.py took 0.405 seconds
[2025-04-05T04:38:09.997+0000] {processor.py:161} INFO - Started process (PID=806) to work on /opt/airflow/dags/transform_fact_race_results.py
[2025-04-05T04:38:09.997+0000] {processor.py:830} INFO - Processing file /opt/airflow/dags/transform_fact_race_results.py for tasks to queue
[2025-04-05T04:38:09.999+0000] {logging_mixin.py:188} INFO - [2025-04-05T04:38:09.998+0000] {dagbag.py:545} INFO - Filling up the DagBag from /opt/airflow/dags/transform_fact_race_results.py
[2025-04-05T04:38:10.408+0000] {processor.py:842} WARNING - No viable dags retrieved from /opt/airflow/dags/transform_fact_race_results.py
[2025-04-05T04:38:10.420+0000] {processor.py:183} INFO - Processing /opt/airflow/dags/transform_fact_race_results.py took 0.427 seconds
[2025-04-05T04:38:40.531+0000] {processor.py:161} INFO - Started process (PID=876) to work on /opt/airflow/dags/transform_fact_race_results.py
[2025-04-05T04:38:40.531+0000] {processor.py:830} INFO - Processing file /opt/airflow/dags/transform_fact_race_results.py for tasks to queue
[2025-04-05T04:38:40.533+0000] {logging_mixin.py:188} INFO - [2025-04-05T04:38:40.532+0000] {dagbag.py:545} INFO - Filling up the DagBag from /opt/airflow/dags/transform_fact_race_results.py
[2025-04-05T04:38:40.919+0000] {processor.py:842} WARNING - No viable dags retrieved from /opt/airflow/dags/transform_fact_race_results.py
[2025-04-05T04:38:40.929+0000] {processor.py:183} INFO - Processing /opt/airflow/dags/transform_fact_race_results.py took 0.403 seconds
[2025-04-05T04:40:02.209+0000] {processor.py:161} INFO - Started process (PID=182) to work on /opt/airflow/dags/transform_fact_race_results.py
[2025-04-05T04:40:02.210+0000] {processor.py:830} INFO - Processing file /opt/airflow/dags/transform_fact_race_results.py for tasks to queue
[2025-04-05T04:40:02.212+0000] {logging_mixin.py:188} INFO - [2025-04-05T04:40:02.212+0000] {dagbag.py:545} INFO - Filling up the DagBag from /opt/airflow/dags/transform_fact_race_results.py
[2025-04-05T04:40:02.549+0000] {processor.py:842} WARNING - No viable dags retrieved from /opt/airflow/dags/transform_fact_race_results.py
[2025-04-05T04:40:02.563+0000] {processor.py:183} INFO - Processing /opt/airflow/dags/transform_fact_race_results.py took 0.358 seconds
[2025-04-05T04:40:32.728+0000] {processor.py:161} INFO - Started process (PID=246) to work on /opt/airflow/dags/transform_fact_race_results.py
[2025-04-05T04:40:32.729+0000] {processor.py:830} INFO - Processing file /opt/airflow/dags/transform_fact_race_results.py for tasks to queue
[2025-04-05T04:40:32.730+0000] {logging_mixin.py:188} INFO - [2025-04-05T04:40:32.730+0000] {dagbag.py:545} INFO - Filling up the DagBag from /opt/airflow/dags/transform_fact_race_results.py
[2025-04-05T04:40:33.189+0000] {processor.py:842} WARNING - No viable dags retrieved from /opt/airflow/dags/transform_fact_race_results.py
[2025-04-05T04:40:33.200+0000] {processor.py:183} INFO - Processing /opt/airflow/dags/transform_fact_race_results.py took 0.477 seconds
[2025-04-05T04:41:03.362+0000] {processor.py:161} INFO - Started process (PID=316) to work on /opt/airflow/dags/transform_fact_race_results.py
[2025-04-05T04:41:03.363+0000] {processor.py:830} INFO - Processing file /opt/airflow/dags/transform_fact_race_results.py for tasks to queue
[2025-04-05T04:41:03.365+0000] {logging_mixin.py:188} INFO - [2025-04-05T04:41:03.365+0000] {dagbag.py:545} INFO - Filling up the DagBag from /opt/airflow/dags/transform_fact_race_results.py
[2025-04-05T04:41:03.780+0000] {processor.py:842} WARNING - No viable dags retrieved from /opt/airflow/dags/transform_fact_race_results.py
[2025-04-05T04:41:03.791+0000] {processor.py:183} INFO - Processing /opt/airflow/dags/transform_fact_race_results.py took 0.433 seconds
[2025-04-05T04:41:34.101+0000] {processor.py:161} INFO - Started process (PID=380) to work on /opt/airflow/dags/transform_fact_race_results.py
[2025-04-05T04:41:34.102+0000] {processor.py:830} INFO - Processing file /opt/airflow/dags/transform_fact_race_results.py for tasks to queue
[2025-04-05T04:41:34.104+0000] {logging_mixin.py:188} INFO - [2025-04-05T04:41:34.104+0000] {dagbag.py:545} INFO - Filling up the DagBag from /opt/airflow/dags/transform_fact_race_results.py
[2025-04-05T04:41:34.499+0000] {processor.py:842} WARNING - No viable dags retrieved from /opt/airflow/dags/transform_fact_race_results.py
[2025-04-05T04:41:34.509+0000] {processor.py:183} INFO - Processing /opt/airflow/dags/transform_fact_race_results.py took 0.413 seconds
[2025-04-05T04:42:04.840+0000] {processor.py:161} INFO - Started process (PID=444) to work on /opt/airflow/dags/transform_fact_race_results.py
[2025-04-05T04:42:04.840+0000] {processor.py:830} INFO - Processing file /opt/airflow/dags/transform_fact_race_results.py for tasks to queue
[2025-04-05T04:42:04.842+0000] {logging_mixin.py:188} INFO - [2025-04-05T04:42:04.842+0000] {dagbag.py:545} INFO - Filling up the DagBag from /opt/airflow/dags/transform_fact_race_results.py
[2025-04-05T04:42:05.289+0000] {processor.py:842} WARNING - No viable dags retrieved from /opt/airflow/dags/transform_fact_race_results.py
[2025-04-05T04:42:05.301+0000] {processor.py:183} INFO - Processing /opt/airflow/dags/transform_fact_race_results.py took 0.466 seconds
[2025-04-05T04:42:35.707+0000] {processor.py:161} INFO - Started process (PID=508) to work on /opt/airflow/dags/transform_fact_race_results.py
[2025-04-05T04:42:35.708+0000] {processor.py:830} INFO - Processing file /opt/airflow/dags/transform_fact_race_results.py for tasks to queue
[2025-04-05T04:42:35.710+0000] {logging_mixin.py:188} INFO - [2025-04-05T04:42:35.709+0000] {dagbag.py:545} INFO - Filling up the DagBag from /opt/airflow/dags/transform_fact_race_results.py
[2025-04-05T04:42:36.141+0000] {processor.py:842} WARNING - No viable dags retrieved from /opt/airflow/dags/transform_fact_race_results.py
[2025-04-05T04:42:36.152+0000] {processor.py:183} INFO - Processing /opt/airflow/dags/transform_fact_race_results.py took 0.448 seconds
[2025-04-05T04:43:06.273+0000] {processor.py:161} INFO - Started process (PID=578) to work on /opt/airflow/dags/transform_fact_race_results.py
[2025-04-05T04:43:06.274+0000] {processor.py:830} INFO - Processing file /opt/airflow/dags/transform_fact_race_results.py for tasks to queue
[2025-04-05T04:43:06.276+0000] {logging_mixin.py:188} INFO - [2025-04-05T04:43:06.275+0000] {dagbag.py:545} INFO - Filling up the DagBag from /opt/airflow/dags/transform_fact_race_results.py
[2025-04-05T04:43:06.703+0000] {processor.py:842} WARNING - No viable dags retrieved from /opt/airflow/dags/transform_fact_race_results.py
[2025-04-05T04:43:06.715+0000] {processor.py:183} INFO - Processing /opt/airflow/dags/transform_fact_race_results.py took 0.446 seconds
[2025-04-05T04:44:08.107+0000] {processor.py:161} INFO - Started process (PID=182) to work on /opt/airflow/dags/transform_fact_race_results.py
[2025-04-05T04:44:08.108+0000] {processor.py:830} INFO - Processing file /opt/airflow/dags/transform_fact_race_results.py for tasks to queue
[2025-04-05T04:44:08.110+0000] {logging_mixin.py:188} INFO - [2025-04-05T04:44:08.110+0000] {dagbag.py:545} INFO - Filling up the DagBag from /opt/airflow/dags/transform_fact_race_results.py
[2025-04-05T04:44:08.445+0000] {processor.py:842} WARNING - No viable dags retrieved from /opt/airflow/dags/transform_fact_race_results.py
[2025-04-05T04:44:08.460+0000] {processor.py:183} INFO - Processing /opt/airflow/dags/transform_fact_race_results.py took 0.357 seconds
[2025-04-05T04:44:38.601+0000] {processor.py:161} INFO - Started process (PID=246) to work on /opt/airflow/dags/transform_fact_race_results.py
[2025-04-05T04:44:38.602+0000] {processor.py:830} INFO - Processing file /opt/airflow/dags/transform_fact_race_results.py for tasks to queue
[2025-04-05T04:44:38.604+0000] {logging_mixin.py:188} INFO - [2025-04-05T04:44:38.603+0000] {dagbag.py:545} INFO - Filling up the DagBag from /opt/airflow/dags/transform_fact_race_results.py
[2025-04-05T04:44:39.020+0000] {processor.py:842} WARNING - No viable dags retrieved from /opt/airflow/dags/transform_fact_race_results.py
[2025-04-05T04:44:39.030+0000] {processor.py:183} INFO - Processing /opt/airflow/dags/transform_fact_race_results.py took 0.434 seconds
[2025-04-05T04:45:09.122+0000] {processor.py:161} INFO - Started process (PID=310) to work on /opt/airflow/dags/transform_fact_race_results.py
[2025-04-05T04:45:09.123+0000] {processor.py:830} INFO - Processing file /opt/airflow/dags/transform_fact_race_results.py for tasks to queue
[2025-04-05T04:45:09.125+0000] {logging_mixin.py:188} INFO - [2025-04-05T04:45:09.125+0000] {dagbag.py:545} INFO - Filling up the DagBag from /opt/airflow/dags/transform_fact_race_results.py
[2025-04-05T04:45:09.586+0000] {processor.py:842} WARNING - No viable dags retrieved from /opt/airflow/dags/transform_fact_race_results.py
[2025-04-05T04:45:09.596+0000] {processor.py:183} INFO - Processing /opt/airflow/dags/transform_fact_race_results.py took 0.479 seconds
[2025-04-05T04:45:39.725+0000] {processor.py:161} INFO - Started process (PID=380) to work on /opt/airflow/dags/transform_fact_race_results.py
[2025-04-05T04:45:39.726+0000] {processor.py:830} INFO - Processing file /opt/airflow/dags/transform_fact_race_results.py for tasks to queue
[2025-04-05T04:45:39.728+0000] {logging_mixin.py:188} INFO - [2025-04-05T04:45:39.727+0000] {dagbag.py:545} INFO - Filling up the DagBag from /opt/airflow/dags/transform_fact_race_results.py
[2025-04-05T04:45:40.248+0000] {processor.py:842} WARNING - No viable dags retrieved from /opt/airflow/dags/transform_fact_race_results.py
[2025-04-05T04:45:40.261+0000] {processor.py:183} INFO - Processing /opt/airflow/dags/transform_fact_race_results.py took 0.541 seconds
[2025-04-05T04:48:38.599+0000] {processor.py:161} INFO - Started process (PID=185) to work on /opt/airflow/dags/transform_fact_race_results.py
[2025-04-05T04:48:38.600+0000] {processor.py:830} INFO - Processing file /opt/airflow/dags/transform_fact_race_results.py for tasks to queue
[2025-04-05T04:48:38.602+0000] {logging_mixin.py:188} INFO - [2025-04-05T04:48:38.602+0000] {dagbag.py:545} INFO - Filling up the DagBag from /opt/airflow/dags/transform_fact_race_results.py
[2025-04-05T04:48:38.941+0000] {processor.py:842} WARNING - No viable dags retrieved from /opt/airflow/dags/transform_fact_race_results.py
[2025-04-05T04:48:38.956+0000] {processor.py:183} INFO - Processing /opt/airflow/dags/transform_fact_race_results.py took 0.362 seconds
[2025-04-05T04:49:09.252+0000] {processor.py:161} INFO - Started process (PID=246) to work on /opt/airflow/dags/transform_fact_race_results.py
[2025-04-05T04:49:09.253+0000] {processor.py:830} INFO - Processing file /opt/airflow/dags/transform_fact_race_results.py for tasks to queue
[2025-04-05T04:49:09.255+0000] {logging_mixin.py:188} INFO - [2025-04-05T04:49:09.254+0000] {dagbag.py:545} INFO - Filling up the DagBag from /opt/airflow/dags/transform_fact_race_results.py
[2025-04-05T04:49:09.675+0000] {processor.py:842} WARNING - No viable dags retrieved from /opt/airflow/dags/transform_fact_race_results.py
[2025-04-05T04:49:09.685+0000] {processor.py:183} INFO - Processing /opt/airflow/dags/transform_fact_race_results.py took 0.437 seconds
[2025-04-05T04:49:39.946+0000] {processor.py:161} INFO - Started process (PID=310) to work on /opt/airflow/dags/transform_fact_race_results.py
[2025-04-05T04:49:39.946+0000] {processor.py:830} INFO - Processing file /opt/airflow/dags/transform_fact_race_results.py for tasks to queue
[2025-04-05T04:49:39.948+0000] {logging_mixin.py:188} INFO - [2025-04-05T04:49:39.947+0000] {dagbag.py:545} INFO - Filling up the DagBag from /opt/airflow/dags/transform_fact_race_results.py
[2025-04-05T04:49:40.339+0000] {processor.py:842} WARNING - No viable dags retrieved from /opt/airflow/dags/transform_fact_race_results.py
[2025-04-05T04:49:40.349+0000] {processor.py:183} INFO - Processing /opt/airflow/dags/transform_fact_race_results.py took 0.407 seconds
[2025-04-05T04:50:10.759+0000] {processor.py:161} INFO - Started process (PID=563) to work on /opt/airflow/dags/transform_fact_race_results.py
[2025-04-05T04:50:10.760+0000] {processor.py:830} INFO - Processing file /opt/airflow/dags/transform_fact_race_results.py for tasks to queue
[2025-04-05T04:50:10.761+0000] {logging_mixin.py:188} INFO - [2025-04-05T04:50:10.761+0000] {dagbag.py:545} INFO - Filling up the DagBag from /opt/airflow/dags/transform_fact_race_results.py
[2025-04-05T04:50:11.178+0000] {processor.py:842} WARNING - No viable dags retrieved from /opt/airflow/dags/transform_fact_race_results.py
[2025-04-05T04:50:11.188+0000] {processor.py:183} INFO - Processing /opt/airflow/dags/transform_fact_race_results.py took 0.434 seconds
[2025-04-05T04:50:41.748+0000] {processor.py:161} INFO - Started process (PID=627) to work on /opt/airflow/dags/transform_fact_race_results.py
[2025-04-05T04:50:41.748+0000] {processor.py:830} INFO - Processing file /opt/airflow/dags/transform_fact_race_results.py for tasks to queue
[2025-04-05T04:50:41.750+0000] {logging_mixin.py:188} INFO - [2025-04-05T04:50:41.750+0000] {dagbag.py:545} INFO - Filling up the DagBag from /opt/airflow/dags/transform_fact_race_results.py
[2025-04-05T04:50:42.190+0000] {processor.py:842} WARNING - No viable dags retrieved from /opt/airflow/dags/transform_fact_race_results.py
[2025-04-05T04:50:42.201+0000] {processor.py:183} INFO - Processing /opt/airflow/dags/transform_fact_race_results.py took 0.457 seconds
[2025-04-05T04:51:12.308+0000] {processor.py:161} INFO - Started process (PID=698) to work on /opt/airflow/dags/transform_fact_race_results.py
[2025-04-05T04:51:12.308+0000] {processor.py:830} INFO - Processing file /opt/airflow/dags/transform_fact_race_results.py for tasks to queue
[2025-04-05T04:51:12.310+0000] {logging_mixin.py:188} INFO - [2025-04-05T04:51:12.310+0000] {dagbag.py:545} INFO - Filling up the DagBag from /opt/airflow/dags/transform_fact_race_results.py
[2025-04-05T04:51:12.723+0000] {processor.py:842} WARNING - No viable dags retrieved from /opt/airflow/dags/transform_fact_race_results.py
[2025-04-05T04:51:12.735+0000] {processor.py:183} INFO - Processing /opt/airflow/dags/transform_fact_race_results.py took 0.431 seconds
[2025-04-05T04:51:43.222+0000] {processor.py:161} INFO - Started process (PID=762) to work on /opt/airflow/dags/transform_fact_race_results.py
[2025-04-05T04:51:43.223+0000] {processor.py:830} INFO - Processing file /opt/airflow/dags/transform_fact_race_results.py for tasks to queue
[2025-04-05T04:51:43.224+0000] {logging_mixin.py:188} INFO - [2025-04-05T04:51:43.224+0000] {dagbag.py:545} INFO - Filling up the DagBag from /opt/airflow/dags/transform_fact_race_results.py
[2025-04-05T04:51:43.658+0000] {processor.py:842} WARNING - No viable dags retrieved from /opt/airflow/dags/transform_fact_race_results.py
[2025-04-05T04:51:43.669+0000] {processor.py:183} INFO - Processing /opt/airflow/dags/transform_fact_race_results.py took 0.451 seconds
[2025-04-05T04:51:44.214+0000] {processor.py:161} INFO - Started process (PID=778) to work on /opt/airflow/dags/transform_fact_race_results.py
[2025-04-05T04:51:44.215+0000] {processor.py:830} INFO - Processing file /opt/airflow/dags/transform_fact_race_results.py for tasks to queue
[2025-04-05T04:51:44.217+0000] {logging_mixin.py:188} INFO - [2025-04-05T04:51:44.216+0000] {dagbag.py:545} INFO - Filling up the DagBag from /opt/airflow/dags/transform_fact_race_results.py
[2025-04-05T04:51:44.689+0000] {processor.py:842} WARNING - No viable dags retrieved from /opt/airflow/dags/transform_fact_race_results.py
[2025-04-05T04:51:44.701+0000] {processor.py:183} INFO - Processing /opt/airflow/dags/transform_fact_race_results.py took 0.493 seconds
[2025-04-05T04:51:55.965+0000] {processor.py:161} INFO - Started process (PID=826) to work on /opt/airflow/dags/transform_fact_race_results.py
[2025-04-05T04:51:55.965+0000] {processor.py:830} INFO - Processing file /opt/airflow/dags/transform_fact_race_results.py for tasks to queue
[2025-04-05T04:51:55.967+0000] {logging_mixin.py:188} INFO - [2025-04-05T04:51:55.966+0000] {dagbag.py:545} INFO - Filling up the DagBag from /opt/airflow/dags/transform_fact_race_results.py
[2025-04-05T04:51:56.387+0000] {processor.py:842} WARNING - No viable dags retrieved from /opt/airflow/dags/transform_fact_race_results.py
[2025-04-05T04:51:56.398+0000] {processor.py:183} INFO - Processing /opt/airflow/dags/transform_fact_race_results.py took 0.438 seconds
[2025-04-05T04:51:57.248+0000] {processor.py:161} INFO - Started process (PID=832) to work on /opt/airflow/dags/transform_fact_race_results.py
[2025-04-05T04:51:57.249+0000] {processor.py:830} INFO - Processing file /opt/airflow/dags/transform_fact_race_results.py for tasks to queue
[2025-04-05T04:51:57.250+0000] {logging_mixin.py:188} INFO - [2025-04-05T04:51:57.250+0000] {dagbag.py:545} INFO - Filling up the DagBag from /opt/airflow/dags/transform_fact_race_results.py
[2025-04-05T04:51:57.699+0000] {processor.py:842} WARNING - No viable dags retrieved from /opt/airflow/dags/transform_fact_race_results.py
[2025-04-05T04:51:57.709+0000] {processor.py:183} INFO - Processing /opt/airflow/dags/transform_fact_race_results.py took 0.465 seconds
[2025-04-05T04:51:59.491+0000] {processor.py:161} INFO - Started process (PID=838) to work on /opt/airflow/dags/transform_fact_race_results.py
[2025-04-05T04:51:59.492+0000] {processor.py:830} INFO - Processing file /opt/airflow/dags/transform_fact_race_results.py for tasks to queue
[2025-04-05T04:51:59.493+0000] {logging_mixin.py:188} INFO - [2025-04-05T04:51:59.493+0000] {dagbag.py:545} INFO - Filling up the DagBag from /opt/airflow/dags/transform_fact_race_results.py
[2025-04-05T04:51:59.932+0000] {processor.py:842} WARNING - No viable dags retrieved from /opt/airflow/dags/transform_fact_race_results.py
[2025-04-05T04:51:59.944+0000] {processor.py:183} INFO - Processing /opt/airflow/dags/transform_fact_race_results.py took 0.458 seconds
[2025-04-05T04:52:58.768+0000] {processor.py:161} INFO - Started process (PID=183) to work on /opt/airflow/dags/transform_fact_race_results.py
[2025-04-05T04:52:58.769+0000] {processor.py:830} INFO - Processing file /opt/airflow/dags/transform_fact_race_results.py for tasks to queue
[2025-04-05T04:52:58.771+0000] {logging_mixin.py:188} INFO - [2025-04-05T04:52:58.771+0000] {dagbag.py:545} INFO - Filling up the DagBag from /opt/airflow/dags/transform_fact_race_results.py
[2025-04-05T04:52:59.161+0000] {processor.py:842} WARNING - No viable dags retrieved from /opt/airflow/dags/transform_fact_race_results.py
[2025-04-05T04:52:59.174+0000] {processor.py:183} INFO - Processing /opt/airflow/dags/transform_fact_race_results.py took 0.412 seconds
[2025-04-05T04:53:29.485+0000] {processor.py:161} INFO - Started process (PID=247) to work on /opt/airflow/dags/transform_fact_race_results.py
[2025-04-05T04:53:29.486+0000] {processor.py:830} INFO - Processing file /opt/airflow/dags/transform_fact_race_results.py for tasks to queue
[2025-04-05T04:53:29.488+0000] {logging_mixin.py:188} INFO - [2025-04-05T04:53:29.487+0000] {dagbag.py:545} INFO - Filling up the DagBag from /opt/airflow/dags/transform_fact_race_results.py
[2025-04-05T04:53:29.903+0000] {processor.py:842} WARNING - No viable dags retrieved from /opt/airflow/dags/transform_fact_race_results.py
[2025-04-05T04:53:29.913+0000] {processor.py:183} INFO - Processing /opt/airflow/dags/transform_fact_race_results.py took 0.433 seconds
[2025-04-05T04:54:00.245+0000] {processor.py:161} INFO - Started process (PID=369) to work on /opt/airflow/dags/transform_fact_race_results.py
[2025-04-05T04:54:00.246+0000] {processor.py:830} INFO - Processing file /opt/airflow/dags/transform_fact_race_results.py for tasks to queue
[2025-04-05T04:54:00.253+0000] {logging_mixin.py:188} INFO - [2025-04-05T04:54:00.250+0000] {dagbag.py:545} INFO - Filling up the DagBag from /opt/airflow/dags/transform_fact_race_results.py
[2025-04-05T04:54:01.819+0000] {processor.py:842} WARNING - No viable dags retrieved from /opt/airflow/dags/transform_fact_race_results.py
[2025-04-05T04:54:01.894+0000] {processor.py:183} INFO - Processing /opt/airflow/dags/transform_fact_race_results.py took 1.662 seconds
[2025-04-05T04:54:32.102+0000] {processor.py:161} INFO - Started process (PID=542) to work on /opt/airflow/dags/transform_fact_race_results.py
[2025-04-05T04:54:32.103+0000] {processor.py:830} INFO - Processing file /opt/airflow/dags/transform_fact_race_results.py for tasks to queue
[2025-04-05T04:54:32.105+0000] {logging_mixin.py:188} INFO - [2025-04-05T04:54:32.105+0000] {dagbag.py:545} INFO - Filling up the DagBag from /opt/airflow/dags/transform_fact_race_results.py
[2025-04-05T04:54:32.539+0000] {processor.py:842} WARNING - No viable dags retrieved from /opt/airflow/dags/transform_fact_race_results.py
[2025-04-05T04:54:32.550+0000] {processor.py:183} INFO - Processing /opt/airflow/dags/transform_fact_race_results.py took 0.453 seconds
[2025-04-05T04:55:03.373+0000] {processor.py:161} INFO - Started process (PID=612) to work on /opt/airflow/dags/transform_fact_race_results.py
[2025-04-05T04:55:03.374+0000] {processor.py:830} INFO - Processing file /opt/airflow/dags/transform_fact_race_results.py for tasks to queue
[2025-04-05T04:55:03.375+0000] {logging_mixin.py:188} INFO - [2025-04-05T04:55:03.375+0000] {dagbag.py:545} INFO - Filling up the DagBag from /opt/airflow/dags/transform_fact_race_results.py
[2025-04-05T04:55:03.804+0000] {processor.py:842} WARNING - No viable dags retrieved from /opt/airflow/dags/transform_fact_race_results.py
[2025-04-05T04:55:03.814+0000] {processor.py:183} INFO - Processing /opt/airflow/dags/transform_fact_race_results.py took 0.445 seconds
[2025-04-05T04:55:34.018+0000] {processor.py:161} INFO - Started process (PID=697) to work on /opt/airflow/dags/transform_fact_race_results.py
[2025-04-05T04:55:34.019+0000] {processor.py:830} INFO - Processing file /opt/airflow/dags/transform_fact_race_results.py for tasks to queue
[2025-04-05T04:55:34.020+0000] {logging_mixin.py:188} INFO - [2025-04-05T04:55:34.020+0000] {dagbag.py:545} INFO - Filling up the DagBag from /opt/airflow/dags/transform_fact_race_results.py
[2025-04-05T04:55:34.415+0000] {processor.py:842} WARNING - No viable dags retrieved from /opt/airflow/dags/transform_fact_race_results.py
[2025-04-05T04:55:34.425+0000] {processor.py:183} INFO - Processing /opt/airflow/dags/transform_fact_race_results.py took 0.411 seconds
[2025-04-05T04:56:04.781+0000] {processor.py:161} INFO - Started process (PID=785) to work on /opt/airflow/dags/transform_fact_race_results.py
[2025-04-05T04:56:04.782+0000] {processor.py:830} INFO - Processing file /opt/airflow/dags/transform_fact_race_results.py for tasks to queue
[2025-04-05T04:56:04.783+0000] {logging_mixin.py:188} INFO - [2025-04-05T04:56:04.783+0000] {dagbag.py:545} INFO - Filling up the DagBag from /opt/airflow/dags/transform_fact_race_results.py
[2025-04-05T04:56:05.204+0000] {processor.py:842} WARNING - No viable dags retrieved from /opt/airflow/dags/transform_fact_race_results.py
[2025-04-05T04:56:05.216+0000] {processor.py:183} INFO - Processing /opt/airflow/dags/transform_fact_race_results.py took 0.439 seconds
[2025-04-05T04:56:35.440+0000] {processor.py:161} INFO - Started process (PID=849) to work on /opt/airflow/dags/transform_fact_race_results.py
[2025-04-05T04:56:35.441+0000] {processor.py:830} INFO - Processing file /opt/airflow/dags/transform_fact_race_results.py for tasks to queue
[2025-04-05T04:56:35.443+0000] {logging_mixin.py:188} INFO - [2025-04-05T04:56:35.442+0000] {dagbag.py:545} INFO - Filling up the DagBag from /opt/airflow/dags/transform_fact_race_results.py
[2025-04-05T04:56:35.887+0000] {processor.py:842} WARNING - No viable dags retrieved from /opt/airflow/dags/transform_fact_race_results.py
[2025-04-05T04:56:35.898+0000] {processor.py:183} INFO - Processing /opt/airflow/dags/transform_fact_race_results.py took 0.464 seconds
[2025-04-05T04:57:06.053+0000] {processor.py:161} INFO - Started process (PID=913) to work on /opt/airflow/dags/transform_fact_race_results.py
[2025-04-05T04:57:06.054+0000] {processor.py:830} INFO - Processing file /opt/airflow/dags/transform_fact_race_results.py for tasks to queue
[2025-04-05T04:57:06.056+0000] {logging_mixin.py:188} INFO - [2025-04-05T04:57:06.055+0000] {dagbag.py:545} INFO - Filling up the DagBag from /opt/airflow/dags/transform_fact_race_results.py
[2025-04-05T04:57:06.468+0000] {processor.py:842} WARNING - No viable dags retrieved from /opt/airflow/dags/transform_fact_race_results.py
[2025-04-05T04:57:06.478+0000] {processor.py:183} INFO - Processing /opt/airflow/dags/transform_fact_race_results.py took 0.430 seconds
[2025-04-05T04:57:36.915+0000] {processor.py:161} INFO - Started process (PID=977) to work on /opt/airflow/dags/transform_fact_race_results.py
[2025-04-05T04:57:36.916+0000] {processor.py:830} INFO - Processing file /opt/airflow/dags/transform_fact_race_results.py for tasks to queue
[2025-04-05T04:57:36.917+0000] {logging_mixin.py:188} INFO - [2025-04-05T04:57:36.917+0000] {dagbag.py:545} INFO - Filling up the DagBag from /opt/airflow/dags/transform_fact_race_results.py
[2025-04-05T04:57:37.351+0000] {processor.py:842} WARNING - No viable dags retrieved from /opt/airflow/dags/transform_fact_race_results.py
[2025-04-05T04:57:37.361+0000] {processor.py:183} INFO - Processing /opt/airflow/dags/transform_fact_race_results.py took 0.453 seconds
[2025-04-05T04:58:07.783+0000] {processor.py:161} INFO - Started process (PID=1041) to work on /opt/airflow/dags/transform_fact_race_results.py
[2025-04-05T04:58:07.783+0000] {processor.py:830} INFO - Processing file /opt/airflow/dags/transform_fact_race_results.py for tasks to queue
[2025-04-05T04:58:07.785+0000] {logging_mixin.py:188} INFO - [2025-04-05T04:58:07.785+0000] {dagbag.py:545} INFO - Filling up the DagBag from /opt/airflow/dags/transform_fact_race_results.py
[2025-04-05T04:58:08.213+0000] {processor.py:842} WARNING - No viable dags retrieved from /opt/airflow/dags/transform_fact_race_results.py
[2025-04-05T04:58:08.225+0000] {processor.py:183} INFO - Processing /opt/airflow/dags/transform_fact_race_results.py took 0.447 seconds
