[2025-04-05T04:29:47.319+0000] {processor.py:161} INFO - Started process (PID=214) to work on /opt/airflow/dags/transform_dim_races.py
[2025-04-05T04:29:47.320+0000] {processor.py:830} INFO - Processing file /opt/airflow/dags/transform_dim_races.py for tasks to queue
[2025-04-05T04:29:47.322+0000] {logging_mixin.py:188} INFO - [2025-04-05T04:29:47.321+0000] {dagbag.py:545} INFO - Filling up the DagBag from /opt/airflow/dags/transform_dim_races.py
[2025-04-05T04:29:47.858+0000] {processor.py:842} WARNING - No viable dags retrieved from /opt/airflow/dags/transform_dim_races.py
[2025-04-05T04:29:47.868+0000] {processor.py:183} INFO - Processing /opt/airflow/dags/transform_dim_races.py took 0.554 seconds
[2025-04-05T04:30:18.587+0000] {processor.py:161} INFO - Started process (PID=276) to work on /opt/airflow/dags/transform_dim_races.py
[2025-04-05T04:30:18.588+0000] {processor.py:830} INFO - Processing file /opt/airflow/dags/transform_dim_races.py for tasks to queue
[2025-04-05T04:30:18.589+0000] {logging_mixin.py:188} INFO - [2025-04-05T04:30:18.589+0000] {dagbag.py:545} INFO - Filling up the DagBag from /opt/airflow/dags/transform_dim_races.py
[2025-04-05T04:30:19.062+0000] {processor.py:842} WARNING - No viable dags retrieved from /opt/airflow/dags/transform_dim_races.py
[2025-04-05T04:30:19.074+0000] {processor.py:183} INFO - Processing /opt/airflow/dags/transform_dim_races.py took 0.492 seconds
[2025-04-05T04:30:49.647+0000] {processor.py:161} INFO - Started process (PID=345) to work on /opt/airflow/dags/transform_dim_races.py
[2025-04-05T04:30:49.648+0000] {processor.py:830} INFO - Processing file /opt/airflow/dags/transform_dim_races.py for tasks to queue
[2025-04-05T04:30:49.649+0000] {logging_mixin.py:188} INFO - [2025-04-05T04:30:49.649+0000] {dagbag.py:545} INFO - Filling up the DagBag from /opt/airflow/dags/transform_dim_races.py
[2025-04-05T04:30:50.041+0000] {processor.py:842} WARNING - No viable dags retrieved from /opt/airflow/dags/transform_dim_races.py
[2025-04-05T04:30:50.052+0000] {processor.py:183} INFO - Processing /opt/airflow/dags/transform_dim_races.py took 0.409 seconds
[2025-04-05T04:31:21.402+0000] {processor.py:161} INFO - Started process (PID=409) to work on /opt/airflow/dags/transform_dim_races.py
[2025-04-05T04:31:21.403+0000] {processor.py:830} INFO - Processing file /opt/airflow/dags/transform_dim_races.py for tasks to queue
[2025-04-05T04:31:21.405+0000] {logging_mixin.py:188} INFO - [2025-04-05T04:31:21.405+0000] {dagbag.py:545} INFO - Filling up the DagBag from /opt/airflow/dags/transform_dim_races.py
[2025-04-05T04:31:21.860+0000] {processor.py:842} WARNING - No viable dags retrieved from /opt/airflow/dags/transform_dim_races.py
[2025-04-05T04:31:21.874+0000] {processor.py:183} INFO - Processing /opt/airflow/dags/transform_dim_races.py took 0.476 seconds
[2025-04-05T04:31:52.488+0000] {processor.py:161} INFO - Started process (PID=475) to work on /opt/airflow/dags/transform_dim_races.py
[2025-04-05T04:31:52.489+0000] {processor.py:830} INFO - Processing file /opt/airflow/dags/transform_dim_races.py for tasks to queue
[2025-04-05T04:31:52.491+0000] {logging_mixin.py:188} INFO - [2025-04-05T04:31:52.490+0000] {dagbag.py:545} INFO - Filling up the DagBag from /opt/airflow/dags/transform_dim_races.py
[2025-04-05T04:31:52.904+0000] {processor.py:842} WARNING - No viable dags retrieved from /opt/airflow/dags/transform_dim_races.py
[2025-04-05T04:31:52.914+0000] {processor.py:183} INFO - Processing /opt/airflow/dags/transform_dim_races.py took 0.429 seconds
[2025-04-05T04:32:24.174+0000] {processor.py:161} INFO - Started process (PID=541) to work on /opt/airflow/dags/transform_dim_races.py
[2025-04-05T04:32:24.175+0000] {processor.py:830} INFO - Processing file /opt/airflow/dags/transform_dim_races.py for tasks to queue
[2025-04-05T04:32:24.176+0000] {logging_mixin.py:188} INFO - [2025-04-05T04:32:24.176+0000] {dagbag.py:545} INFO - Filling up the DagBag from /opt/airflow/dags/transform_dim_races.py
[2025-04-05T04:32:24.613+0000] {processor.py:842} WARNING - No viable dags retrieved from /opt/airflow/dags/transform_dim_races.py
[2025-04-05T04:32:24.624+0000] {processor.py:183} INFO - Processing /opt/airflow/dags/transform_dim_races.py took 0.454 seconds
[2025-04-05T04:32:55.237+0000] {processor.py:161} INFO - Started process (PID=610) to work on /opt/airflow/dags/transform_dim_races.py
[2025-04-05T04:32:55.237+0000] {processor.py:830} INFO - Processing file /opt/airflow/dags/transform_dim_races.py for tasks to queue
[2025-04-05T04:32:55.239+0000] {logging_mixin.py:188} INFO - [2025-04-05T04:32:55.238+0000] {dagbag.py:545} INFO - Filling up the DagBag from /opt/airflow/dags/transform_dim_races.py
[2025-04-05T04:32:55.660+0000] {processor.py:842} WARNING - No viable dags retrieved from /opt/airflow/dags/transform_dim_races.py
[2025-04-05T04:32:55.670+0000] {processor.py:183} INFO - Processing /opt/airflow/dags/transform_dim_races.py took 0.438 seconds
[2025-04-05T04:33:58.423+0000] {processor.py:161} INFO - Started process (PID=216) to work on /opt/airflow/dags/transform_dim_races.py
[2025-04-05T04:33:58.423+0000] {processor.py:830} INFO - Processing file /opt/airflow/dags/transform_dim_races.py for tasks to queue
[2025-04-05T04:33:58.425+0000] {logging_mixin.py:188} INFO - [2025-04-05T04:33:58.425+0000] {dagbag.py:545} INFO - Filling up the DagBag from /opt/airflow/dags/transform_dim_races.py
[2025-04-05T04:33:58.859+0000] {processor.py:842} WARNING - No viable dags retrieved from /opt/airflow/dags/transform_dim_races.py
[2025-04-05T04:33:58.869+0000] {processor.py:183} INFO - Processing /opt/airflow/dags/transform_dim_races.py took 0.451 seconds
[2025-04-05T04:34:29.454+0000] {processor.py:161} INFO - Started process (PID=282) to work on /opt/airflow/dags/transform_dim_races.py
[2025-04-05T04:34:29.455+0000] {processor.py:830} INFO - Processing file /opt/airflow/dags/transform_dim_races.py for tasks to queue
[2025-04-05T04:34:29.456+0000] {logging_mixin.py:188} INFO - [2025-04-05T04:34:29.456+0000] {dagbag.py:545} INFO - Filling up the DagBag from /opt/airflow/dags/transform_dim_races.py
[2025-04-05T04:34:29.836+0000] {processor.py:842} WARNING - No viable dags retrieved from /opt/airflow/dags/transform_dim_races.py
[2025-04-05T04:34:29.848+0000] {processor.py:183} INFO - Processing /opt/airflow/dags/transform_dim_races.py took 0.398 seconds
[2025-04-05T04:35:00.156+0000] {processor.py:161} INFO - Started process (PID=394) to work on /opt/airflow/dags/transform_dim_races.py
[2025-04-05T04:35:00.157+0000] {processor.py:830} INFO - Processing file /opt/airflow/dags/transform_dim_races.py for tasks to queue
[2025-04-05T04:35:00.158+0000] {logging_mixin.py:188} INFO - [2025-04-05T04:35:00.158+0000] {dagbag.py:545} INFO - Filling up the DagBag from /opt/airflow/dags/transform_dim_races.py
[2025-04-05T04:35:00.598+0000] {processor.py:842} WARNING - No viable dags retrieved from /opt/airflow/dags/transform_dim_races.py
[2025-04-05T04:35:00.608+0000] {processor.py:183} INFO - Processing /opt/airflow/dags/transform_dim_races.py took 0.456 seconds
[2025-04-05T04:35:30.678+0000] {processor.py:161} INFO - Started process (PID=466) to work on /opt/airflow/dags/transform_dim_races.py
[2025-04-05T04:35:30.679+0000] {processor.py:830} INFO - Processing file /opt/airflow/dags/transform_dim_races.py for tasks to queue
[2025-04-05T04:35:30.681+0000] {logging_mixin.py:188} INFO - [2025-04-05T04:35:30.680+0000] {dagbag.py:545} INFO - Filling up the DagBag from /opt/airflow/dags/transform_dim_races.py
[2025-04-05T04:35:31.109+0000] {processor.py:842} WARNING - No viable dags retrieved from /opt/airflow/dags/transform_dim_races.py
[2025-04-05T04:35:31.119+0000] {processor.py:183} INFO - Processing /opt/airflow/dags/transform_dim_races.py took 0.445 seconds
[2025-04-05T04:36:01.372+0000] {processor.py:161} INFO - Started process (PID=525) to work on /opt/airflow/dags/transform_dim_races.py
[2025-04-05T04:36:01.373+0000] {processor.py:830} INFO - Processing file /opt/airflow/dags/transform_dim_races.py for tasks to queue
[2025-04-05T04:36:01.374+0000] {logging_mixin.py:188} INFO - [2025-04-05T04:36:01.374+0000] {dagbag.py:545} INFO - Filling up the DagBag from /opt/airflow/dags/transform_dim_races.py
[2025-04-05T04:36:01.764+0000] {processor.py:842} WARNING - No viable dags retrieved from /opt/airflow/dags/transform_dim_races.py
[2025-04-05T04:36:01.774+0000] {processor.py:183} INFO - Processing /opt/airflow/dags/transform_dim_races.py took 0.406 seconds
[2025-04-05T04:36:32.055+0000] {processor.py:161} INFO - Started process (PID=589) to work on /opt/airflow/dags/transform_dim_races.py
[2025-04-05T04:36:32.056+0000] {processor.py:830} INFO - Processing file /opt/airflow/dags/transform_dim_races.py for tasks to queue
[2025-04-05T04:36:32.057+0000] {logging_mixin.py:188} INFO - [2025-04-05T04:36:32.057+0000] {dagbag.py:545} INFO - Filling up the DagBag from /opt/airflow/dags/transform_dim_races.py
[2025-04-05T04:36:32.458+0000] {processor.py:842} WARNING - No viable dags retrieved from /opt/airflow/dags/transform_dim_races.py
[2025-04-05T04:36:32.467+0000] {processor.py:183} INFO - Processing /opt/airflow/dags/transform_dim_races.py took 0.416 seconds
[2025-04-05T04:37:02.837+0000] {processor.py:161} INFO - Started process (PID=653) to work on /opt/airflow/dags/transform_dim_races.py
[2025-04-05T04:37:02.837+0000] {processor.py:830} INFO - Processing file /opt/airflow/dags/transform_dim_races.py for tasks to queue
[2025-04-05T04:37:02.838+0000] {logging_mixin.py:188} INFO - [2025-04-05T04:37:02.838+0000] {dagbag.py:545} INFO - Filling up the DagBag from /opt/airflow/dags/transform_dim_races.py
[2025-04-05T04:37:03.244+0000] {processor.py:842} WARNING - No viable dags retrieved from /opt/airflow/dags/transform_dim_races.py
[2025-04-05T04:37:03.256+0000] {processor.py:183} INFO - Processing /opt/airflow/dags/transform_dim_races.py took 0.425 seconds
[2025-04-05T04:37:33.805+0000] {processor.py:161} INFO - Started process (PID=717) to work on /opt/airflow/dags/transform_dim_races.py
[2025-04-05T04:37:33.806+0000] {processor.py:830} INFO - Processing file /opt/airflow/dags/transform_dim_races.py for tasks to queue
[2025-04-05T04:37:33.808+0000] {logging_mixin.py:188} INFO - [2025-04-05T04:37:33.807+0000] {dagbag.py:545} INFO - Filling up the DagBag from /opt/airflow/dags/transform_dim_races.py
[2025-04-05T04:37:34.303+0000] {processor.py:842} WARNING - No viable dags retrieved from /opt/airflow/dags/transform_dim_races.py
[2025-04-05T04:37:34.315+0000] {processor.py:183} INFO - Processing /opt/airflow/dags/transform_dim_races.py took 0.516 seconds
[2025-04-05T04:38:04.901+0000] {processor.py:161} INFO - Started process (PID=781) to work on /opt/airflow/dags/transform_dim_races.py
[2025-04-05T04:38:04.901+0000] {processor.py:830} INFO - Processing file /opt/airflow/dags/transform_dim_races.py for tasks to queue
[2025-04-05T04:38:04.903+0000] {logging_mixin.py:188} INFO - [2025-04-05T04:38:04.903+0000] {dagbag.py:545} INFO - Filling up the DagBag from /opt/airflow/dags/transform_dim_races.py
[2025-04-05T04:38:05.290+0000] {processor.py:842} WARNING - No viable dags retrieved from /opt/airflow/dags/transform_dim_races.py
[2025-04-05T04:38:05.299+0000] {processor.py:183} INFO - Processing /opt/airflow/dags/transform_dim_races.py took 0.403 seconds
[2025-04-05T04:38:35.676+0000] {processor.py:161} INFO - Started process (PID=846) to work on /opt/airflow/dags/transform_dim_races.py
[2025-04-05T04:38:35.678+0000] {processor.py:830} INFO - Processing file /opt/airflow/dags/transform_dim_races.py for tasks to queue
[2025-04-05T04:38:35.682+0000] {logging_mixin.py:188} INFO - [2025-04-05T04:38:35.681+0000] {dagbag.py:545} INFO - Filling up the DagBag from /opt/airflow/dags/transform_dim_races.py
[2025-04-05T04:38:36.193+0000] {processor.py:842} WARNING - No viable dags retrieved from /opt/airflow/dags/transform_dim_races.py
[2025-04-05T04:38:36.204+0000] {processor.py:183} INFO - Processing /opt/airflow/dags/transform_dim_races.py took 0.542 seconds
[2025-04-05T04:40:03.630+0000] {processor.py:161} INFO - Started process (PID=216) to work on /opt/airflow/dags/transform_dim_races.py
[2025-04-05T04:40:03.631+0000] {processor.py:830} INFO - Processing file /opt/airflow/dags/transform_dim_races.py for tasks to queue
[2025-04-05T04:40:03.632+0000] {logging_mixin.py:188} INFO - [2025-04-05T04:40:03.632+0000] {dagbag.py:545} INFO - Filling up the DagBag from /opt/airflow/dags/transform_dim_races.py
[2025-04-05T04:40:04.046+0000] {processor.py:842} WARNING - No viable dags retrieved from /opt/airflow/dags/transform_dim_races.py
[2025-04-05T04:40:04.058+0000] {processor.py:183} INFO - Processing /opt/airflow/dags/transform_dim_races.py took 0.432 seconds
[2025-04-05T04:40:34.339+0000] {processor.py:161} INFO - Started process (PID=279) to work on /opt/airflow/dags/transform_dim_races.py
[2025-04-05T04:40:34.339+0000] {processor.py:830} INFO - Processing file /opt/airflow/dags/transform_dim_races.py for tasks to queue
[2025-04-05T04:40:34.341+0000] {logging_mixin.py:188} INFO - [2025-04-05T04:40:34.341+0000] {dagbag.py:545} INFO - Filling up the DagBag from /opt/airflow/dags/transform_dim_races.py
[2025-04-05T04:40:34.789+0000] {processor.py:842} WARNING - No viable dags retrieved from /opt/airflow/dags/transform_dim_races.py
[2025-04-05T04:40:34.799+0000] {processor.py:183} INFO - Processing /opt/airflow/dags/transform_dim_races.py took 0.465 seconds
[2025-04-05T04:41:04.869+0000] {processor.py:161} INFO - Started process (PID=350) to work on /opt/airflow/dags/transform_dim_races.py
[2025-04-05T04:41:04.870+0000] {processor.py:830} INFO - Processing file /opt/airflow/dags/transform_dim_races.py for tasks to queue
[2025-04-05T04:41:04.872+0000] {logging_mixin.py:188} INFO - [2025-04-05T04:41:04.871+0000] {dagbag.py:545} INFO - Filling up the DagBag from /opt/airflow/dags/transform_dim_races.py
[2025-04-05T04:41:05.291+0000] {processor.py:842} WARNING - No viable dags retrieved from /opt/airflow/dags/transform_dim_races.py
[2025-04-05T04:41:05.300+0000] {processor.py:183} INFO - Processing /opt/airflow/dags/transform_dim_races.py took 0.435 seconds
[2025-04-05T04:41:35.590+0000] {processor.py:161} INFO - Started process (PID=413) to work on /opt/airflow/dags/transform_dim_races.py
[2025-04-05T04:41:35.591+0000] {processor.py:830} INFO - Processing file /opt/airflow/dags/transform_dim_races.py for tasks to queue
[2025-04-05T04:41:35.592+0000] {logging_mixin.py:188} INFO - [2025-04-05T04:41:35.592+0000] {dagbag.py:545} INFO - Filling up the DagBag from /opt/airflow/dags/transform_dim_races.py
[2025-04-05T04:41:36.019+0000] {processor.py:842} WARNING - No viable dags retrieved from /opt/airflow/dags/transform_dim_races.py
[2025-04-05T04:41:36.030+0000] {processor.py:183} INFO - Processing /opt/airflow/dags/transform_dim_races.py took 0.444 seconds
[2025-04-05T04:42:06.922+0000] {processor.py:161} INFO - Started process (PID=486) to work on /opt/airflow/dags/transform_dim_races.py
[2025-04-05T04:42:06.923+0000] {processor.py:830} INFO - Processing file /opt/airflow/dags/transform_dim_races.py for tasks to queue
[2025-04-05T04:42:06.925+0000] {logging_mixin.py:188} INFO - [2025-04-05T04:42:06.924+0000] {dagbag.py:545} INFO - Filling up the DagBag from /opt/airflow/dags/transform_dim_races.py
[2025-04-05T04:42:07.344+0000] {processor.py:842} WARNING - No viable dags retrieved from /opt/airflow/dags/transform_dim_races.py
[2025-04-05T04:42:07.354+0000] {processor.py:183} INFO - Processing /opt/airflow/dags/transform_dim_races.py took 0.436 seconds
[2025-04-05T04:42:37.504+0000] {processor.py:161} INFO - Started process (PID=558) to work on /opt/airflow/dags/transform_dim_races.py
[2025-04-05T04:42:37.504+0000] {processor.py:830} INFO - Processing file /opt/airflow/dags/transform_dim_races.py for tasks to queue
[2025-04-05T04:42:37.506+0000] {logging_mixin.py:188} INFO - [2025-04-05T04:42:37.506+0000] {dagbag.py:545} INFO - Filling up the DagBag from /opt/airflow/dags/transform_dim_races.py
[2025-04-05T04:42:37.930+0000] {processor.py:842} WARNING - No viable dags retrieved from /opt/airflow/dags/transform_dim_races.py
[2025-04-05T04:42:37.942+0000] {processor.py:183} INFO - Processing /opt/airflow/dags/transform_dim_races.py took 0.443 seconds
[2025-04-05T04:43:08.035+0000] {processor.py:161} INFO - Started process (PID=622) to work on /opt/airflow/dags/transform_dim_races.py
[2025-04-05T04:43:08.036+0000] {processor.py:830} INFO - Processing file /opt/airflow/dags/transform_dim_races.py for tasks to queue
[2025-04-05T04:43:08.037+0000] {logging_mixin.py:188} INFO - [2025-04-05T04:43:08.037+0000] {dagbag.py:545} INFO - Filling up the DagBag from /opt/airflow/dags/transform_dim_races.py
[2025-04-05T04:43:08.430+0000] {processor.py:842} WARNING - No viable dags retrieved from /opt/airflow/dags/transform_dim_races.py
[2025-04-05T04:43:08.440+0000] {processor.py:183} INFO - Processing /opt/airflow/dags/transform_dim_races.py took 0.410 seconds
[2025-04-05T04:44:09.484+0000] {processor.py:161} INFO - Started process (PID=216) to work on /opt/airflow/dags/transform_dim_races.py
[2025-04-05T04:44:09.485+0000] {processor.py:830} INFO - Processing file /opt/airflow/dags/transform_dim_races.py for tasks to queue
[2025-04-05T04:44:09.486+0000] {logging_mixin.py:188} INFO - [2025-04-05T04:44:09.486+0000] {dagbag.py:545} INFO - Filling up the DagBag from /opt/airflow/dags/transform_dim_races.py
[2025-04-05T04:44:09.913+0000] {processor.py:842} WARNING - No viable dags retrieved from /opt/airflow/dags/transform_dim_races.py
[2025-04-05T04:44:09.922+0000] {processor.py:183} INFO - Processing /opt/airflow/dags/transform_dim_races.py took 0.442 seconds
[2025-04-05T04:44:40.156+0000] {processor.py:161} INFO - Started process (PID=280) to work on /opt/airflow/dags/transform_dim_races.py
[2025-04-05T04:44:40.157+0000] {processor.py:830} INFO - Processing file /opt/airflow/dags/transform_dim_races.py for tasks to queue
[2025-04-05T04:44:40.158+0000] {logging_mixin.py:188} INFO - [2025-04-05T04:44:40.158+0000] {dagbag.py:545} INFO - Filling up the DagBag from /opt/airflow/dags/transform_dim_races.py
[2025-04-05T04:44:40.586+0000] {processor.py:842} WARNING - No viable dags retrieved from /opt/airflow/dags/transform_dim_races.py
[2025-04-05T04:44:40.596+0000] {processor.py:183} INFO - Processing /opt/airflow/dags/transform_dim_races.py took 0.444 seconds
[2025-04-05T04:45:10.703+0000] {processor.py:161} INFO - Started process (PID=344) to work on /opt/airflow/dags/transform_dim_races.py
[2025-04-05T04:45:10.704+0000] {processor.py:830} INFO - Processing file /opt/airflow/dags/transform_dim_races.py for tasks to queue
[2025-04-05T04:45:10.705+0000] {logging_mixin.py:188} INFO - [2025-04-05T04:45:10.705+0000] {dagbag.py:545} INFO - Filling up the DagBag from /opt/airflow/dags/transform_dim_races.py
[2025-04-05T04:45:11.149+0000] {processor.py:842} WARNING - No viable dags retrieved from /opt/airflow/dags/transform_dim_races.py
[2025-04-05T04:45:11.160+0000] {processor.py:183} INFO - Processing /opt/airflow/dags/transform_dim_races.py took 0.462 seconds
[2025-04-05T04:45:41.427+0000] {processor.py:161} INFO - Started process (PID=414) to work on /opt/airflow/dags/transform_dim_races.py
[2025-04-05T04:45:41.427+0000] {processor.py:830} INFO - Processing file /opt/airflow/dags/transform_dim_races.py for tasks to queue
[2025-04-05T04:45:41.429+0000] {logging_mixin.py:188} INFO - [2025-04-05T04:45:41.429+0000] {dagbag.py:545} INFO - Filling up the DagBag from /opt/airflow/dags/transform_dim_races.py
[2025-04-05T04:45:41.848+0000] {processor.py:842} WARNING - No viable dags retrieved from /opt/airflow/dags/transform_dim_races.py
[2025-04-05T04:45:41.857+0000] {processor.py:183} INFO - Processing /opt/airflow/dags/transform_dim_races.py took 0.435 seconds
[2025-04-05T04:48:40.013+0000] {processor.py:161} INFO - Started process (PID=216) to work on /opt/airflow/dags/transform_dim_races.py
[2025-04-05T04:48:40.014+0000] {processor.py:830} INFO - Processing file /opt/airflow/dags/transform_dim_races.py for tasks to queue
[2025-04-05T04:48:40.015+0000] {logging_mixin.py:188} INFO - [2025-04-05T04:48:40.015+0000] {dagbag.py:545} INFO - Filling up the DagBag from /opt/airflow/dags/transform_dim_races.py
[2025-04-05T04:48:40.493+0000] {processor.py:842} WARNING - No viable dags retrieved from /opt/airflow/dags/transform_dim_races.py
[2025-04-05T04:48:40.504+0000] {processor.py:183} INFO - Processing /opt/airflow/dags/transform_dim_races.py took 0.494 seconds
[2025-04-05T04:49:10.739+0000] {processor.py:161} INFO - Started process (PID=279) to work on /opt/airflow/dags/transform_dim_races.py
[2025-04-05T04:49:10.740+0000] {processor.py:830} INFO - Processing file /opt/airflow/dags/transform_dim_races.py for tasks to queue
[2025-04-05T04:49:10.741+0000] {logging_mixin.py:188} INFO - [2025-04-05T04:49:10.741+0000] {dagbag.py:545} INFO - Filling up the DagBag from /opt/airflow/dags/transform_dim_races.py
[2025-04-05T04:49:11.150+0000] {processor.py:842} WARNING - No viable dags retrieved from /opt/airflow/dags/transform_dim_races.py
[2025-04-05T04:49:11.160+0000] {processor.py:183} INFO - Processing /opt/airflow/dags/transform_dim_races.py took 0.425 seconds
[2025-04-05T04:49:41.502+0000] {processor.py:161} INFO - Started process (PID=343) to work on /opt/airflow/dags/transform_dim_races.py
[2025-04-05T04:49:41.503+0000] {processor.py:830} INFO - Processing file /opt/airflow/dags/transform_dim_races.py for tasks to queue
[2025-04-05T04:49:41.505+0000] {logging_mixin.py:188} INFO - [2025-04-05T04:49:41.504+0000] {dagbag.py:545} INFO - Filling up the DagBag from /opt/airflow/dags/transform_dim_races.py
[2025-04-05T04:49:41.989+0000] {processor.py:842} WARNING - No viable dags retrieved from /opt/airflow/dags/transform_dim_races.py
[2025-04-05T04:49:42.000+0000] {processor.py:183} INFO - Processing /opt/airflow/dags/transform_dim_races.py took 0.502 seconds
[2025-04-05T04:50:12.893+0000] {processor.py:161} INFO - Started process (PID=603) to work on /opt/airflow/dags/transform_dim_races.py
[2025-04-05T04:50:12.893+0000] {processor.py:830} INFO - Processing file /opt/airflow/dags/transform_dim_races.py for tasks to queue
[2025-04-05T04:50:12.895+0000] {logging_mixin.py:188} INFO - [2025-04-05T04:50:12.895+0000] {dagbag.py:545} INFO - Filling up the DagBag from /opt/airflow/dags/transform_dim_races.py
[2025-04-05T04:50:13.365+0000] {processor.py:842} WARNING - No viable dags retrieved from /opt/airflow/dags/transform_dim_races.py
[2025-04-05T04:50:13.375+0000] {processor.py:183} INFO - Processing /opt/airflow/dags/transform_dim_races.py took 0.487 seconds
[2025-04-05T04:50:43.528+0000] {processor.py:161} INFO - Started process (PID=679) to work on /opt/airflow/dags/transform_dim_races.py
[2025-04-05T04:50:43.529+0000] {processor.py:830} INFO - Processing file /opt/airflow/dags/transform_dim_races.py for tasks to queue
[2025-04-05T04:50:43.530+0000] {logging_mixin.py:188} INFO - [2025-04-05T04:50:43.530+0000] {dagbag.py:545} INFO - Filling up the DagBag from /opt/airflow/dags/transform_dim_races.py
[2025-04-05T04:50:43.952+0000] {processor.py:842} WARNING - No viable dags retrieved from /opt/airflow/dags/transform_dim_races.py
[2025-04-05T04:50:43.962+0000] {processor.py:183} INFO - Processing /opt/airflow/dags/transform_dim_races.py took 0.438 seconds
[2025-04-05T04:51:14.028+0000] {processor.py:161} INFO - Started process (PID=742) to work on /opt/airflow/dags/transform_dim_races.py
[2025-04-05T04:51:14.029+0000] {processor.py:830} INFO - Processing file /opt/airflow/dags/transform_dim_races.py for tasks to queue
[2025-04-05T04:51:14.030+0000] {logging_mixin.py:188} INFO - [2025-04-05T04:51:14.030+0000] {dagbag.py:545} INFO - Filling up the DagBag from /opt/airflow/dags/transform_dim_races.py
[2025-04-05T04:51:14.429+0000] {processor.py:842} WARNING - No viable dags retrieved from /opt/airflow/dags/transform_dim_races.py
[2025-04-05T04:51:14.438+0000] {processor.py:183} INFO - Processing /opt/airflow/dags/transform_dim_races.py took 0.415 seconds
[2025-04-05T04:51:45.250+0000] {processor.py:161} INFO - Started process (PID=812) to work on /opt/airflow/dags/transform_dim_races.py
[2025-04-05T04:51:45.251+0000] {processor.py:830} INFO - Processing file /opt/airflow/dags/transform_dim_races.py for tasks to queue
[2025-04-05T04:51:45.252+0000] {logging_mixin.py:188} INFO - [2025-04-05T04:51:45.252+0000] {dagbag.py:545} INFO - Filling up the DagBag from /opt/airflow/dags/transform_dim_races.py
[2025-04-05T04:51:45.797+0000] {processor.py:842} WARNING - No viable dags retrieved from /opt/airflow/dags/transform_dim_races.py
[2025-04-05T04:51:45.808+0000] {processor.py:183} INFO - Processing /opt/airflow/dags/transform_dim_races.py took 0.563 seconds
[2025-04-05T04:53:00.163+0000] {processor.py:161} INFO - Started process (PID=216) to work on /opt/airflow/dags/transform_dim_races.py
[2025-04-05T04:53:00.164+0000] {processor.py:830} INFO - Processing file /opt/airflow/dags/transform_dim_races.py for tasks to queue
[2025-04-05T04:53:00.166+0000] {logging_mixin.py:188} INFO - [2025-04-05T04:53:00.166+0000] {dagbag.py:545} INFO - Filling up the DagBag from /opt/airflow/dags/transform_dim_races.py
[2025-04-05T04:53:00.723+0000] {processor.py:842} WARNING - No viable dags retrieved from /opt/airflow/dags/transform_dim_races.py
[2025-04-05T04:53:00.738+0000] {processor.py:183} INFO - Processing /opt/airflow/dags/transform_dim_races.py took 0.579 seconds
[2025-04-05T04:53:30.957+0000] {processor.py:161} INFO - Started process (PID=280) to work on /opt/airflow/dags/transform_dim_races.py
[2025-04-05T04:53:30.958+0000] {processor.py:830} INFO - Processing file /opt/airflow/dags/transform_dim_races.py for tasks to queue
[2025-04-05T04:53:30.959+0000] {logging_mixin.py:188} INFO - [2025-04-05T04:53:30.959+0000] {dagbag.py:545} INFO - Filling up the DagBag from /opt/airflow/dags/transform_dim_races.py
[2025-04-05T04:53:31.378+0000] {processor.py:842} WARNING - No viable dags retrieved from /opt/airflow/dags/transform_dim_races.py
[2025-04-05T04:53:31.388+0000] {processor.py:183} INFO - Processing /opt/airflow/dags/transform_dim_races.py took 0.435 seconds
[2025-04-05T04:54:06.021+0000] {processor.py:161} INFO - Started process (PID=474) to work on /opt/airflow/dags/transform_dim_races.py
[2025-04-05T04:54:06.030+0000] {processor.py:830} INFO - Processing file /opt/airflow/dags/transform_dim_races.py for tasks to queue
[2025-04-05T04:54:06.032+0000] {logging_mixin.py:188} INFO - [2025-04-05T04:54:06.032+0000] {dagbag.py:545} INFO - Filling up the DagBag from /opt/airflow/dags/transform_dim_races.py
[2025-04-05T04:54:07.601+0000] {processor.py:842} WARNING - No viable dags retrieved from /opt/airflow/dags/transform_dim_races.py
[2025-04-05T04:54:07.635+0000] {processor.py:183} INFO - Processing /opt/airflow/dags/transform_dim_races.py took 1.632 seconds
[2025-04-05T04:54:38.167+0000] {processor.py:161} INFO - Started process (PID=584) to work on /opt/airflow/dags/transform_dim_races.py
[2025-04-05T04:54:38.168+0000] {processor.py:830} INFO - Processing file /opt/airflow/dags/transform_dim_races.py for tasks to queue
[2025-04-05T04:54:38.169+0000] {logging_mixin.py:188} INFO - [2025-04-05T04:54:38.169+0000] {dagbag.py:545} INFO - Filling up the DagBag from /opt/airflow/dags/transform_dim_races.py
[2025-04-05T04:54:38.583+0000] {processor.py:842} WARNING - No viable dags retrieved from /opt/airflow/dags/transform_dim_races.py
[2025-04-05T04:54:38.594+0000] {processor.py:183} INFO - Processing /opt/airflow/dags/transform_dim_races.py took 0.431 seconds
[2025-04-05T04:55:08.849+0000] {processor.py:161} INFO - Started process (PID=646) to work on /opt/airflow/dags/transform_dim_races.py
[2025-04-05T04:55:08.850+0000] {processor.py:830} INFO - Processing file /opt/airflow/dags/transform_dim_races.py for tasks to queue
[2025-04-05T04:55:08.851+0000] {logging_mixin.py:188} INFO - [2025-04-05T04:55:08.851+0000] {dagbag.py:545} INFO - Filling up the DagBag from /opt/airflow/dags/transform_dim_races.py
[2025-04-05T04:55:09.252+0000] {processor.py:842} WARNING - No viable dags retrieved from /opt/airflow/dags/transform_dim_races.py
[2025-04-05T04:55:09.263+0000] {processor.py:183} INFO - Processing /opt/airflow/dags/transform_dim_races.py took 0.418 seconds
[2025-04-05T04:55:39.622+0000] {processor.py:161} INFO - Started process (PID=738) to work on /opt/airflow/dags/transform_dim_races.py
[2025-04-05T04:55:39.623+0000] {processor.py:830} INFO - Processing file /opt/airflow/dags/transform_dim_races.py for tasks to queue
[2025-04-05T04:55:39.625+0000] {logging_mixin.py:188} INFO - [2025-04-05T04:55:39.624+0000] {dagbag.py:545} INFO - Filling up the DagBag from /opt/airflow/dags/transform_dim_races.py
[2025-04-05T04:55:40.052+0000] {processor.py:842} WARNING - No viable dags retrieved from /opt/airflow/dags/transform_dim_races.py
[2025-04-05T04:55:40.063+0000] {processor.py:183} INFO - Processing /opt/airflow/dags/transform_dim_races.py took 0.445 seconds
[2025-04-05T04:56:10.200+0000] {processor.py:161} INFO - Started process (PID=829) to work on /opt/airflow/dags/transform_dim_races.py
[2025-04-05T04:56:10.201+0000] {processor.py:830} INFO - Processing file /opt/airflow/dags/transform_dim_races.py for tasks to queue
[2025-04-05T04:56:10.203+0000] {logging_mixin.py:188} INFO - [2025-04-05T04:56:10.203+0000] {dagbag.py:545} INFO - Filling up the DagBag from /opt/airflow/dags/transform_dim_races.py
[2025-04-05T04:56:10.651+0000] {processor.py:842} WARNING - No viable dags retrieved from /opt/airflow/dags/transform_dim_races.py
[2025-04-05T04:56:10.661+0000] {processor.py:183} INFO - Processing /opt/airflow/dags/transform_dim_races.py took 0.465 seconds
[2025-04-05T04:56:40.868+0000] {processor.py:161} INFO - Started process (PID=893) to work on /opt/airflow/dags/transform_dim_races.py
[2025-04-05T04:56:40.869+0000] {processor.py:830} INFO - Processing file /opt/airflow/dags/transform_dim_races.py for tasks to queue
[2025-04-05T04:56:40.871+0000] {logging_mixin.py:188} INFO - [2025-04-05T04:56:40.870+0000] {dagbag.py:545} INFO - Filling up the DagBag from /opt/airflow/dags/transform_dim_races.py
[2025-04-05T04:56:41.287+0000] {processor.py:842} WARNING - No viable dags retrieved from /opt/airflow/dags/transform_dim_races.py
[2025-04-05T04:56:41.297+0000] {processor.py:183} INFO - Processing /opt/airflow/dags/transform_dim_races.py took 0.435 seconds
[2025-04-05T04:57:11.524+0000] {processor.py:161} INFO - Started process (PID=946) to work on /opt/airflow/dags/transform_dim_races.py
[2025-04-05T04:57:11.524+0000] {processor.py:830} INFO - Processing file /opt/airflow/dags/transform_dim_races.py for tasks to queue
[2025-04-05T04:57:11.526+0000] {logging_mixin.py:188} INFO - [2025-04-05T04:57:11.526+0000] {dagbag.py:545} INFO - Filling up the DagBag from /opt/airflow/dags/transform_dim_races.py
[2025-04-05T04:57:11.937+0000] {processor.py:842} WARNING - No viable dags retrieved from /opt/airflow/dags/transform_dim_races.py
[2025-04-05T04:57:11.947+0000] {processor.py:183} INFO - Processing /opt/airflow/dags/transform_dim_races.py took 0.427 seconds
[2025-04-05T04:57:42.387+0000] {processor.py:161} INFO - Started process (PID=1010) to work on /opt/airflow/dags/transform_dim_races.py
[2025-04-05T04:57:42.388+0000] {processor.py:830} INFO - Processing file /opt/airflow/dags/transform_dim_races.py for tasks to queue
[2025-04-05T04:57:42.389+0000] {logging_mixin.py:188} INFO - [2025-04-05T04:57:42.389+0000] {dagbag.py:545} INFO - Filling up the DagBag from /opt/airflow/dags/transform_dim_races.py
[2025-04-05T04:57:42.823+0000] {processor.py:842} WARNING - No viable dags retrieved from /opt/airflow/dags/transform_dim_races.py
[2025-04-05T04:57:42.833+0000] {processor.py:183} INFO - Processing /opt/airflow/dags/transform_dim_races.py took 0.450 seconds
[2025-04-05T04:58:13.281+0000] {processor.py:161} INFO - Started process (PID=1074) to work on /opt/airflow/dags/transform_dim_races.py
[2025-04-05T04:58:13.282+0000] {processor.py:830} INFO - Processing file /opt/airflow/dags/transform_dim_races.py for tasks to queue
[2025-04-05T04:58:13.284+0000] {logging_mixin.py:188} INFO - [2025-04-05T04:58:13.283+0000] {dagbag.py:545} INFO - Filling up the DagBag from /opt/airflow/dags/transform_dim_races.py
[2025-04-05T04:58:13.681+0000] {processor.py:842} WARNING - No viable dags retrieved from /opt/airflow/dags/transform_dim_races.py
[2025-04-05T04:58:13.691+0000] {processor.py:183} INFO - Processing /opt/airflow/dags/transform_dim_races.py took 0.414 seconds
