[2025-04-05T04:29:45.943+0000] {processor.py:161} INFO - Started process (PID=189) to work on /opt/airflow/dags/transform_dim_seasons.py
[2025-04-05T04:29:45.944+0000] {processor.py:830} INFO - Processing file /opt/airflow/dags/transform_dim_seasons.py for tasks to queue
[2025-04-05T04:29:45.945+0000] {logging_mixin.py:188} INFO - [2025-04-05T04:29:45.944+0000] {dagbag.py:545} INFO - Filling up the DagBag from /opt/airflow/dags/transform_dim_seasons.py
[2025-04-05T04:29:46.716+0000] {processor.py:842} WARNING - No viable dags retrieved from /opt/airflow/dags/transform_dim_seasons.py
[2025-04-05T04:29:46.727+0000] {processor.py:183} INFO - Processing /opt/airflow/dags/transform_dim_seasons.py took 0.791 seconds
[2025-04-05T04:30:17.532+0000] {processor.py:161} INFO - Started process (PID=252) to work on /opt/airflow/dags/transform_dim_seasons.py
[2025-04-05T04:30:17.533+0000] {processor.py:830} INFO - Processing file /opt/airflow/dags/transform_dim_seasons.py for tasks to queue
[2025-04-05T04:30:17.534+0000] {logging_mixin.py:188} INFO - [2025-04-05T04:30:17.534+0000] {dagbag.py:545} INFO - Filling up the DagBag from /opt/airflow/dags/transform_dim_seasons.py
[2025-04-05T04:30:18.040+0000] {processor.py:842} WARNING - No viable dags retrieved from /opt/airflow/dags/transform_dim_seasons.py
[2025-04-05T04:30:18.050+0000] {processor.py:183} INFO - Processing /opt/airflow/dags/transform_dim_seasons.py took 0.522 seconds
[2025-04-05T04:30:48.675+0000] {processor.py:161} INFO - Started process (PID=315) to work on /opt/airflow/dags/transform_dim_seasons.py
[2025-04-05T04:30:48.676+0000] {processor.py:830} INFO - Processing file /opt/airflow/dags/transform_dim_seasons.py for tasks to queue
[2025-04-05T04:30:48.678+0000] {logging_mixin.py:188} INFO - [2025-04-05T04:30:48.677+0000] {dagbag.py:545} INFO - Filling up the DagBag from /opt/airflow/dags/transform_dim_seasons.py
[2025-04-05T04:30:49.133+0000] {processor.py:842} WARNING - No viable dags retrieved from /opt/airflow/dags/transform_dim_seasons.py
[2025-04-05T04:30:49.142+0000] {processor.py:183} INFO - Processing /opt/airflow/dags/transform_dim_seasons.py took 0.473 seconds
[2025-04-05T04:31:19.904+0000] {processor.py:161} INFO - Started process (PID=384) to work on /opt/airflow/dags/transform_dim_seasons.py
[2025-04-05T04:31:19.905+0000] {processor.py:830} INFO - Processing file /opt/airflow/dags/transform_dim_seasons.py for tasks to queue
[2025-04-05T04:31:19.907+0000] {logging_mixin.py:188} INFO - [2025-04-05T04:31:19.906+0000] {dagbag.py:545} INFO - Filling up the DagBag from /opt/airflow/dags/transform_dim_seasons.py
[2025-04-05T04:31:20.522+0000] {processor.py:842} WARNING - No viable dags retrieved from /opt/airflow/dags/transform_dim_seasons.py
[2025-04-05T04:31:20.533+0000] {processor.py:183} INFO - Processing /opt/airflow/dags/transform_dim_seasons.py took 0.633 seconds
[2025-04-05T04:31:51.492+0000] {processor.py:161} INFO - Started process (PID=451) to work on /opt/airflow/dags/transform_dim_seasons.py
[2025-04-05T04:31:51.493+0000] {processor.py:830} INFO - Processing file /opt/airflow/dags/transform_dim_seasons.py for tasks to queue
[2025-04-05T04:31:51.494+0000] {logging_mixin.py:188} INFO - [2025-04-05T04:31:51.494+0000] {dagbag.py:545} INFO - Filling up the DagBag from /opt/airflow/dags/transform_dim_seasons.py
[2025-04-05T04:31:51.928+0000] {processor.py:842} WARNING - No viable dags retrieved from /opt/airflow/dags/transform_dim_seasons.py
[2025-04-05T04:31:51.939+0000] {processor.py:183} INFO - Processing /opt/airflow/dags/transform_dim_seasons.py took 0.451 seconds
[2025-04-05T04:32:22.788+0000] {processor.py:161} INFO - Started process (PID=514) to work on /opt/airflow/dags/transform_dim_seasons.py
[2025-04-05T04:32:22.789+0000] {processor.py:830} INFO - Processing file /opt/airflow/dags/transform_dim_seasons.py for tasks to queue
[2025-04-05T04:32:22.790+0000] {logging_mixin.py:188} INFO - [2025-04-05T04:32:22.790+0000] {dagbag.py:545} INFO - Filling up the DagBag from /opt/airflow/dags/transform_dim_seasons.py
[2025-04-05T04:32:23.211+0000] {processor.py:842} WARNING - No viable dags retrieved from /opt/airflow/dags/transform_dim_seasons.py
[2025-04-05T04:32:23.221+0000] {processor.py:183} INFO - Processing /opt/airflow/dags/transform_dim_seasons.py took 0.437 seconds
[2025-04-05T04:32:53.817+0000] {processor.py:161} INFO - Started process (PID=583) to work on /opt/airflow/dags/transform_dim_seasons.py
[2025-04-05T04:32:53.818+0000] {processor.py:830} INFO - Processing file /opt/airflow/dags/transform_dim_seasons.py for tasks to queue
[2025-04-05T04:32:53.819+0000] {logging_mixin.py:188} INFO - [2025-04-05T04:32:53.819+0000] {dagbag.py:545} INFO - Filling up the DagBag from /opt/airflow/dags/transform_dim_seasons.py
[2025-04-05T04:32:54.258+0000] {processor.py:842} WARNING - No viable dags retrieved from /opt/airflow/dags/transform_dim_seasons.py
[2025-04-05T04:32:54.268+0000] {processor.py:183} INFO - Processing /opt/airflow/dags/transform_dim_seasons.py took 0.455 seconds
[2025-04-05T04:33:57.238+0000] {processor.py:161} INFO - Started process (PID=192) to work on /opt/airflow/dags/transform_dim_seasons.py
[2025-04-05T04:33:57.239+0000] {processor.py:830} INFO - Processing file /opt/airflow/dags/transform_dim_seasons.py for tasks to queue
[2025-04-05T04:33:57.240+0000] {logging_mixin.py:188} INFO - [2025-04-05T04:33:57.240+0000] {dagbag.py:545} INFO - Filling up the DagBag from /opt/airflow/dags/transform_dim_seasons.py
[2025-04-05T04:33:57.769+0000] {processor.py:842} WARNING - No viable dags retrieved from /opt/airflow/dags/transform_dim_seasons.py
[2025-04-05T04:33:57.782+0000] {processor.py:183} INFO - Processing /opt/airflow/dags/transform_dim_seasons.py took 0.550 seconds
[2025-04-05T04:34:28.022+0000] {processor.py:161} INFO - Started process (PID=255) to work on /opt/airflow/dags/transform_dim_seasons.py
[2025-04-05T04:34:28.023+0000] {processor.py:830} INFO - Processing file /opt/airflow/dags/transform_dim_seasons.py for tasks to queue
[2025-04-05T04:34:28.025+0000] {logging_mixin.py:188} INFO - [2025-04-05T04:34:28.025+0000] {dagbag.py:545} INFO - Filling up the DagBag from /opt/airflow/dags/transform_dim_seasons.py
[2025-04-05T04:34:28.480+0000] {processor.py:842} WARNING - No viable dags retrieved from /opt/airflow/dags/transform_dim_seasons.py
[2025-04-05T04:34:28.491+0000] {processor.py:183} INFO - Processing /opt/airflow/dags/transform_dim_seasons.py took 0.473 seconds
[2025-04-05T04:34:58.873+0000] {processor.py:161} INFO - Started process (PID=368) to work on /opt/airflow/dags/transform_dim_seasons.py
[2025-04-05T04:34:58.874+0000] {processor.py:830} INFO - Processing file /opt/airflow/dags/transform_dim_seasons.py for tasks to queue
[2025-04-05T04:34:58.875+0000] {logging_mixin.py:188} INFO - [2025-04-05T04:34:58.875+0000] {dagbag.py:545} INFO - Filling up the DagBag from /opt/airflow/dags/transform_dim_seasons.py
[2025-04-05T04:34:59.283+0000] {processor.py:842} WARNING - No viable dags retrieved from /opt/airflow/dags/transform_dim_seasons.py
[2025-04-05T04:34:59.292+0000] {processor.py:183} INFO - Processing /opt/airflow/dags/transform_dim_seasons.py took 0.424 seconds
[2025-04-05T04:35:29.406+0000] {processor.py:161} INFO - Started process (PID=432) to work on /opt/airflow/dags/transform_dim_seasons.py
[2025-04-05T04:35:29.407+0000] {processor.py:830} INFO - Processing file /opt/airflow/dags/transform_dim_seasons.py for tasks to queue
[2025-04-05T04:35:29.408+0000] {logging_mixin.py:188} INFO - [2025-04-05T04:35:29.408+0000] {dagbag.py:545} INFO - Filling up the DagBag from /opt/airflow/dags/transform_dim_seasons.py
[2025-04-05T04:35:29.851+0000] {processor.py:842} WARNING - No viable dags retrieved from /opt/airflow/dags/transform_dim_seasons.py
[2025-04-05T04:35:29.860+0000] {processor.py:183} INFO - Processing /opt/airflow/dags/transform_dim_seasons.py took 0.459 seconds
[2025-04-05T04:35:59.972+0000] {processor.py:161} INFO - Started process (PID=495) to work on /opt/airflow/dags/transform_dim_seasons.py
[2025-04-05T04:35:59.973+0000] {processor.py:830} INFO - Processing file /opt/airflow/dags/transform_dim_seasons.py for tasks to queue
[2025-04-05T04:35:59.975+0000] {logging_mixin.py:188} INFO - [2025-04-05T04:35:59.974+0000] {dagbag.py:545} INFO - Filling up the DagBag from /opt/airflow/dags/transform_dim_seasons.py
[2025-04-05T04:36:00.404+0000] {processor.py:842} WARNING - No viable dags retrieved from /opt/airflow/dags/transform_dim_seasons.py
[2025-04-05T04:36:00.415+0000] {processor.py:183} INFO - Processing /opt/airflow/dags/transform_dim_seasons.py took 0.448 seconds
[2025-04-05T04:36:30.669+0000] {processor.py:161} INFO - Started process (PID=559) to work on /opt/airflow/dags/transform_dim_seasons.py
[2025-04-05T04:36:30.670+0000] {processor.py:830} INFO - Processing file /opt/airflow/dags/transform_dim_seasons.py for tasks to queue
[2025-04-05T04:36:30.671+0000] {logging_mixin.py:188} INFO - [2025-04-05T04:36:30.671+0000] {dagbag.py:545} INFO - Filling up the DagBag from /opt/airflow/dags/transform_dim_seasons.py
[2025-04-05T04:36:31.077+0000] {processor.py:842} WARNING - No viable dags retrieved from /opt/airflow/dags/transform_dim_seasons.py
[2025-04-05T04:36:31.088+0000] {processor.py:183} INFO - Processing /opt/airflow/dags/transform_dim_seasons.py took 0.423 seconds
[2025-04-05T04:37:01.374+0000] {processor.py:161} INFO - Started process (PID=629) to work on /opt/airflow/dags/transform_dim_seasons.py
[2025-04-05T04:37:01.375+0000] {processor.py:830} INFO - Processing file /opt/airflow/dags/transform_dim_seasons.py for tasks to queue
[2025-04-05T04:37:01.377+0000] {logging_mixin.py:188} INFO - [2025-04-05T04:37:01.377+0000] {dagbag.py:545} INFO - Filling up the DagBag from /opt/airflow/dags/transform_dim_seasons.py
[2025-04-05T04:37:01.837+0000] {processor.py:842} WARNING - No viable dags retrieved from /opt/airflow/dags/transform_dim_seasons.py
[2025-04-05T04:37:01.848+0000] {processor.py:183} INFO - Processing /opt/airflow/dags/transform_dim_seasons.py took 0.479 seconds
[2025-04-05T04:37:32.148+0000] {processor.py:161} INFO - Started process (PID=693) to work on /opt/airflow/dags/transform_dim_seasons.py
[2025-04-05T04:37:32.148+0000] {processor.py:830} INFO - Processing file /opt/airflow/dags/transform_dim_seasons.py for tasks to queue
[2025-04-05T04:37:32.150+0000] {logging_mixin.py:188} INFO - [2025-04-05T04:37:32.150+0000] {dagbag.py:545} INFO - Filling up the DagBag from /opt/airflow/dags/transform_dim_seasons.py
[2025-04-05T04:37:32.662+0000] {processor.py:842} WARNING - No viable dags retrieved from /opt/airflow/dags/transform_dim_seasons.py
[2025-04-05T04:37:32.674+0000] {processor.py:183} INFO - Processing /opt/airflow/dags/transform_dim_seasons.py took 0.531 seconds
[2025-04-05T04:38:02.955+0000] {processor.py:161} INFO - Started process (PID=757) to work on /opt/airflow/dags/transform_dim_seasons.py
[2025-04-05T04:38:02.955+0000] {processor.py:830} INFO - Processing file /opt/airflow/dags/transform_dim_seasons.py for tasks to queue
[2025-04-05T04:38:02.957+0000] {logging_mixin.py:188} INFO - [2025-04-05T04:38:02.956+0000] {dagbag.py:545} INFO - Filling up the DagBag from /opt/airflow/dags/transform_dim_seasons.py
[2025-04-05T04:38:03.376+0000] {processor.py:842} WARNING - No viable dags retrieved from /opt/airflow/dags/transform_dim_seasons.py
[2025-04-05T04:38:03.387+0000] {processor.py:183} INFO - Processing /opt/airflow/dags/transform_dim_seasons.py took 0.436 seconds
[2025-04-05T04:38:33.687+0000] {processor.py:161} INFO - Started process (PID=821) to work on /opt/airflow/dags/transform_dim_seasons.py
[2025-04-05T04:38:33.687+0000] {processor.py:830} INFO - Processing file /opt/airflow/dags/transform_dim_seasons.py for tasks to queue
[2025-04-05T04:38:33.689+0000] {logging_mixin.py:188} INFO - [2025-04-05T04:38:33.689+0000] {dagbag.py:545} INFO - Filling up the DagBag from /opt/airflow/dags/transform_dim_seasons.py
[2025-04-05T04:38:34.115+0000] {processor.py:842} WARNING - No viable dags retrieved from /opt/airflow/dags/transform_dim_seasons.py
[2025-04-05T04:38:34.125+0000] {processor.py:183} INFO - Processing /opt/airflow/dags/transform_dim_seasons.py took 0.443 seconds
[2025-04-05T04:39:04.190+0000] {processor.py:161} INFO - Started process (PID=952) to work on /opt/airflow/dags/transform_dim_seasons.py
[2025-04-05T04:39:04.191+0000] {processor.py:830} INFO - Processing file /opt/airflow/dags/transform_dim_seasons.py for tasks to queue
[2025-04-05T04:39:04.193+0000] {logging_mixin.py:188} INFO - [2025-04-05T04:39:04.192+0000] {dagbag.py:545} INFO - Filling up the DagBag from /opt/airflow/dags/transform_dim_seasons.py
[2025-04-05T04:40:02.598+0000] {processor.py:161} INFO - Started process (PID=192) to work on /opt/airflow/dags/transform_dim_seasons.py
[2025-04-05T04:40:02.599+0000] {processor.py:830} INFO - Processing file /opt/airflow/dags/transform_dim_seasons.py for tasks to queue
[2025-04-05T04:40:02.600+0000] {logging_mixin.py:188} INFO - [2025-04-05T04:40:02.600+0000] {dagbag.py:545} INFO - Filling up the DagBag from /opt/airflow/dags/transform_dim_seasons.py
[2025-04-05T04:40:03.072+0000] {processor.py:842} WARNING - No viable dags retrieved from /opt/airflow/dags/transform_dim_seasons.py
[2025-04-05T04:40:03.082+0000] {processor.py:183} INFO - Processing /opt/airflow/dags/transform_dim_seasons.py took 0.487 seconds
[2025-04-05T04:40:33.260+0000] {processor.py:161} INFO - Started process (PID=255) to work on /opt/airflow/dags/transform_dim_seasons.py
[2025-04-05T04:40:33.261+0000] {processor.py:830} INFO - Processing file /opt/airflow/dags/transform_dim_seasons.py for tasks to queue
[2025-04-05T04:40:33.263+0000] {logging_mixin.py:188} INFO - [2025-04-05T04:40:33.262+0000] {dagbag.py:545} INFO - Filling up the DagBag from /opt/airflow/dags/transform_dim_seasons.py
[2025-04-05T04:40:33.695+0000] {processor.py:842} WARNING - No viable dags retrieved from /opt/airflow/dags/transform_dim_seasons.py
[2025-04-05T04:40:33.705+0000] {processor.py:183} INFO - Processing /opt/airflow/dags/transform_dim_seasons.py took 0.450 seconds
[2025-04-05T04:41:03.843+0000] {processor.py:161} INFO - Started process (PID=325) to work on /opt/airflow/dags/transform_dim_seasons.py
[2025-04-05T04:41:03.844+0000] {processor.py:830} INFO - Processing file /opt/airflow/dags/transform_dim_seasons.py for tasks to queue
[2025-04-05T04:41:03.845+0000] {logging_mixin.py:188} INFO - [2025-04-05T04:41:03.845+0000] {dagbag.py:545} INFO - Filling up the DagBag from /opt/airflow/dags/transform_dim_seasons.py
[2025-04-05T04:41:04.259+0000] {processor.py:842} WARNING - No viable dags retrieved from /opt/airflow/dags/transform_dim_seasons.py
[2025-04-05T04:41:04.270+0000] {processor.py:183} INFO - Processing /opt/airflow/dags/transform_dim_seasons.py took 0.431 seconds
[2025-04-05T04:41:34.559+0000] {processor.py:161} INFO - Started process (PID=389) to work on /opt/airflow/dags/transform_dim_seasons.py
[2025-04-05T04:41:34.560+0000] {processor.py:830} INFO - Processing file /opt/airflow/dags/transform_dim_seasons.py for tasks to queue
[2025-04-05T04:41:34.561+0000] {logging_mixin.py:188} INFO - [2025-04-05T04:41:34.561+0000] {dagbag.py:545} INFO - Filling up the DagBag from /opt/airflow/dags/transform_dim_seasons.py
[2025-04-05T04:41:34.984+0000] {processor.py:842} WARNING - No viable dags retrieved from /opt/airflow/dags/transform_dim_seasons.py
[2025-04-05T04:41:34.994+0000] {processor.py:183} INFO - Processing /opt/airflow/dags/transform_dim_seasons.py took 0.439 seconds
[2025-04-05T04:42:05.358+0000] {processor.py:161} INFO - Started process (PID=453) to work on /opt/airflow/dags/transform_dim_seasons.py
[2025-04-05T04:42:05.358+0000] {processor.py:830} INFO - Processing file /opt/airflow/dags/transform_dim_seasons.py for tasks to queue
[2025-04-05T04:42:05.360+0000] {logging_mixin.py:188} INFO - [2025-04-05T04:42:05.360+0000] {dagbag.py:545} INFO - Filling up the DagBag from /opt/airflow/dags/transform_dim_seasons.py
[2025-04-05T04:42:05.802+0000] {processor.py:842} WARNING - No viable dags retrieved from /opt/airflow/dags/transform_dim_seasons.py
[2025-04-05T04:42:05.814+0000] {processor.py:183} INFO - Processing /opt/airflow/dags/transform_dim_seasons.py took 0.461 seconds
[2025-04-05T04:42:35.908+0000] {processor.py:161} INFO - Started process (PID=518) to work on /opt/airflow/dags/transform_dim_seasons.py
[2025-04-05T04:42:35.909+0000] {processor.py:830} INFO - Processing file /opt/airflow/dags/transform_dim_seasons.py for tasks to queue
[2025-04-05T04:42:35.911+0000] {logging_mixin.py:188} INFO - [2025-04-05T04:42:35.911+0000] {dagbag.py:545} INFO - Filling up the DagBag from /opt/airflow/dags/transform_dim_seasons.py
[2025-04-05T04:42:36.347+0000] {processor.py:842} WARNING - No viable dags retrieved from /opt/airflow/dags/transform_dim_seasons.py
[2025-04-05T04:42:36.356+0000] {processor.py:183} INFO - Processing /opt/airflow/dags/transform_dim_seasons.py took 0.454 seconds
[2025-04-05T04:43:06.512+0000] {processor.py:161} INFO - Started process (PID=582) to work on /opt/airflow/dags/transform_dim_seasons.py
[2025-04-05T04:43:06.513+0000] {processor.py:830} INFO - Processing file /opt/airflow/dags/transform_dim_seasons.py for tasks to queue
[2025-04-05T04:43:06.514+0000] {logging_mixin.py:188} INFO - [2025-04-05T04:43:06.514+0000] {dagbag.py:545} INFO - Filling up the DagBag from /opt/airflow/dags/transform_dim_seasons.py
[2025-04-05T04:43:06.950+0000] {processor.py:842} WARNING - No viable dags retrieved from /opt/airflow/dags/transform_dim_seasons.py
[2025-04-05T04:43:06.961+0000] {processor.py:183} INFO - Processing /opt/airflow/dags/transform_dim_seasons.py took 0.453 seconds
[2025-04-05T04:44:08.493+0000] {processor.py:161} INFO - Started process (PID=192) to work on /opt/airflow/dags/transform_dim_seasons.py
[2025-04-05T04:44:08.493+0000] {processor.py:830} INFO - Processing file /opt/airflow/dags/transform_dim_seasons.py for tasks to queue
[2025-04-05T04:44:08.495+0000] {logging_mixin.py:188} INFO - [2025-04-05T04:44:08.495+0000] {dagbag.py:545} INFO - Filling up the DagBag from /opt/airflow/dags/transform_dim_seasons.py
[2025-04-05T04:44:08.960+0000] {processor.py:842} WARNING - No viable dags retrieved from /opt/airflow/dags/transform_dim_seasons.py
[2025-04-05T04:44:08.970+0000] {processor.py:183} INFO - Processing /opt/airflow/dags/transform_dim_seasons.py took 0.481 seconds
[2025-04-05T04:44:39.079+0000] {processor.py:161} INFO - Started process (PID=255) to work on /opt/airflow/dags/transform_dim_seasons.py
[2025-04-05T04:44:39.080+0000] {processor.py:830} INFO - Processing file /opt/airflow/dags/transform_dim_seasons.py for tasks to queue
[2025-04-05T04:44:39.081+0000] {logging_mixin.py:188} INFO - [2025-04-05T04:44:39.081+0000] {dagbag.py:545} INFO - Filling up the DagBag from /opt/airflow/dags/transform_dim_seasons.py
[2025-04-05T04:44:39.479+0000] {processor.py:842} WARNING - No viable dags retrieved from /opt/airflow/dags/transform_dim_seasons.py
[2025-04-05T04:44:39.490+0000] {processor.py:183} INFO - Processing /opt/airflow/dags/transform_dim_seasons.py took 0.414 seconds
[2025-04-05T04:45:09.649+0000] {processor.py:161} INFO - Started process (PID=319) to work on /opt/airflow/dags/transform_dim_seasons.py
[2025-04-05T04:45:09.650+0000] {processor.py:830} INFO - Processing file /opt/airflow/dags/transform_dim_seasons.py for tasks to queue
[2025-04-05T04:45:09.651+0000] {logging_mixin.py:188} INFO - [2025-04-05T04:45:09.651+0000] {dagbag.py:545} INFO - Filling up the DagBag from /opt/airflow/dags/transform_dim_seasons.py
[2025-04-05T04:45:10.075+0000] {processor.py:842} WARNING - No viable dags retrieved from /opt/airflow/dags/transform_dim_seasons.py
[2025-04-05T04:45:10.086+0000] {processor.py:183} INFO - Processing /opt/airflow/dags/transform_dim_seasons.py took 0.441 seconds
[2025-04-05T04:45:40.318+0000] {processor.py:161} INFO - Started process (PID=389) to work on /opt/airflow/dags/transform_dim_seasons.py
[2025-04-05T04:45:40.319+0000] {processor.py:830} INFO - Processing file /opt/airflow/dags/transform_dim_seasons.py for tasks to queue
[2025-04-05T04:45:40.321+0000] {logging_mixin.py:188} INFO - [2025-04-05T04:45:40.320+0000] {dagbag.py:545} INFO - Filling up the DagBag from /opt/airflow/dags/transform_dim_seasons.py
[2025-04-05T04:45:40.784+0000] {processor.py:842} WARNING - No viable dags retrieved from /opt/airflow/dags/transform_dim_seasons.py
[2025-04-05T04:45:40.796+0000] {processor.py:183} INFO - Processing /opt/airflow/dags/transform_dim_seasons.py took 0.482 seconds
[2025-04-05T04:48:38.998+0000] {processor.py:161} INFO - Started process (PID=192) to work on /opt/airflow/dags/transform_dim_seasons.py
[2025-04-05T04:48:38.999+0000] {processor.py:830} INFO - Processing file /opt/airflow/dags/transform_dim_seasons.py for tasks to queue
[2025-04-05T04:48:39.001+0000] {logging_mixin.py:188} INFO - [2025-04-05T04:48:39.000+0000] {dagbag.py:545} INFO - Filling up the DagBag from /opt/airflow/dags/transform_dim_seasons.py
[2025-04-05T04:48:39.496+0000] {processor.py:842} WARNING - No viable dags retrieved from /opt/airflow/dags/transform_dim_seasons.py
[2025-04-05T04:48:39.506+0000] {processor.py:183} INFO - Processing /opt/airflow/dags/transform_dim_seasons.py took 0.514 seconds
[2025-04-05T04:49:09.735+0000] {processor.py:161} INFO - Started process (PID=255) to work on /opt/airflow/dags/transform_dim_seasons.py
[2025-04-05T04:49:09.736+0000] {processor.py:830} INFO - Processing file /opt/airflow/dags/transform_dim_seasons.py for tasks to queue
[2025-04-05T04:49:09.737+0000] {logging_mixin.py:188} INFO - [2025-04-05T04:49:09.737+0000] {dagbag.py:545} INFO - Filling up the DagBag from /opt/airflow/dags/transform_dim_seasons.py
[2025-04-05T04:49:10.149+0000] {processor.py:842} WARNING - No viable dags retrieved from /opt/airflow/dags/transform_dim_seasons.py
[2025-04-05T04:49:10.160+0000] {processor.py:183} INFO - Processing /opt/airflow/dags/transform_dim_seasons.py took 0.430 seconds
[2025-04-05T04:49:40.403+0000] {processor.py:161} INFO - Started process (PID=319) to work on /opt/airflow/dags/transform_dim_seasons.py
[2025-04-05T04:49:40.404+0000] {processor.py:830} INFO - Processing file /opt/airflow/dags/transform_dim_seasons.py for tasks to queue
[2025-04-05T04:49:40.405+0000] {logging_mixin.py:188} INFO - [2025-04-05T04:49:40.405+0000] {dagbag.py:545} INFO - Filling up the DagBag from /opt/airflow/dags/transform_dim_seasons.py
[2025-04-05T04:49:40.846+0000] {processor.py:842} WARNING - No viable dags retrieved from /opt/airflow/dags/transform_dim_seasons.py
[2025-04-05T04:49:40.856+0000] {processor.py:183} INFO - Processing /opt/airflow/dags/transform_dim_seasons.py took 0.458 seconds
[2025-04-05T04:50:11.246+0000] {processor.py:161} INFO - Started process (PID=572) to work on /opt/airflow/dags/transform_dim_seasons.py
[2025-04-05T04:50:11.247+0000] {processor.py:830} INFO - Processing file /opt/airflow/dags/transform_dim_seasons.py for tasks to queue
[2025-04-05T04:50:11.248+0000] {logging_mixin.py:188} INFO - [2025-04-05T04:50:11.248+0000] {dagbag.py:545} INFO - Filling up the DagBag from /opt/airflow/dags/transform_dim_seasons.py
[2025-04-05T04:50:11.739+0000] {processor.py:842} WARNING - No viable dags retrieved from /opt/airflow/dags/transform_dim_seasons.py
[2025-04-05T04:50:11.753+0000] {processor.py:183} INFO - Processing /opt/airflow/dags/transform_dim_seasons.py took 0.511 seconds
[2025-04-05T04:50:42.243+0000] {processor.py:161} INFO - Started process (PID=643) to work on /opt/airflow/dags/transform_dim_seasons.py
[2025-04-05T04:50:42.243+0000] {processor.py:830} INFO - Processing file /opt/airflow/dags/transform_dim_seasons.py for tasks to queue
[2025-04-05T04:50:42.245+0000] {logging_mixin.py:188} INFO - [2025-04-05T04:50:42.245+0000] {dagbag.py:545} INFO - Filling up the DagBag from /opt/airflow/dags/transform_dim_seasons.py
[2025-04-05T04:50:42.652+0000] {processor.py:842} WARNING - No viable dags retrieved from /opt/airflow/dags/transform_dim_seasons.py
[2025-04-05T04:50:42.661+0000] {processor.py:183} INFO - Processing /opt/airflow/dags/transform_dim_seasons.py took 0.424 seconds
[2025-04-05T04:51:12.780+0000] {processor.py:161} INFO - Started process (PID=707) to work on /opt/airflow/dags/transform_dim_seasons.py
[2025-04-05T04:51:12.781+0000] {processor.py:830} INFO - Processing file /opt/airflow/dags/transform_dim_seasons.py for tasks to queue
[2025-04-05T04:51:12.782+0000] {logging_mixin.py:188} INFO - [2025-04-05T04:51:12.782+0000] {dagbag.py:545} INFO - Filling up the DagBag from /opt/airflow/dags/transform_dim_seasons.py
[2025-04-05T04:51:13.238+0000] {processor.py:842} WARNING - No viable dags retrieved from /opt/airflow/dags/transform_dim_seasons.py
[2025-04-05T04:51:13.250+0000] {processor.py:183} INFO - Processing /opt/airflow/dags/transform_dim_seasons.py took 0.475 seconds
[2025-04-05T04:51:43.723+0000] {processor.py:161} INFO - Started process (PID=771) to work on /opt/airflow/dags/transform_dim_seasons.py
[2025-04-05T04:51:43.724+0000] {processor.py:830} INFO - Processing file /opt/airflow/dags/transform_dim_seasons.py for tasks to queue
[2025-04-05T04:51:43.725+0000] {logging_mixin.py:188} INFO - [2025-04-05T04:51:43.725+0000] {dagbag.py:545} INFO - Filling up the DagBag from /opt/airflow/dags/transform_dim_seasons.py
[2025-04-05T04:51:44.151+0000] {processor.py:842} WARNING - No viable dags retrieved from /opt/airflow/dags/transform_dim_seasons.py
[2025-04-05T04:51:44.163+0000] {processor.py:183} INFO - Processing /opt/airflow/dags/transform_dim_seasons.py took 0.444 seconds
[2025-04-05T04:52:59.209+0000] {processor.py:161} INFO - Started process (PID=193) to work on /opt/airflow/dags/transform_dim_seasons.py
[2025-04-05T04:52:59.210+0000] {processor.py:830} INFO - Processing file /opt/airflow/dags/transform_dim_seasons.py for tasks to queue
[2025-04-05T04:52:59.211+0000] {logging_mixin.py:188} INFO - [2025-04-05T04:52:59.211+0000] {dagbag.py:545} INFO - Filling up the DagBag from /opt/airflow/dags/transform_dim_seasons.py
[2025-04-05T04:52:59.662+0000] {processor.py:842} WARNING - No viable dags retrieved from /opt/airflow/dags/transform_dim_seasons.py
[2025-04-05T04:52:59.672+0000] {processor.py:183} INFO - Processing /opt/airflow/dags/transform_dim_seasons.py took 0.467 seconds
[2025-04-05T04:53:29.962+0000] {processor.py:161} INFO - Started process (PID=256) to work on /opt/airflow/dags/transform_dim_seasons.py
[2025-04-05T04:53:29.963+0000] {processor.py:830} INFO - Processing file /opt/airflow/dags/transform_dim_seasons.py for tasks to queue
[2025-04-05T04:53:29.964+0000] {logging_mixin.py:188} INFO - [2025-04-05T04:53:29.964+0000] {dagbag.py:545} INFO - Filling up the DagBag from /opt/airflow/dags/transform_dim_seasons.py
[2025-04-05T04:53:30.387+0000] {processor.py:842} WARNING - No viable dags retrieved from /opt/airflow/dags/transform_dim_seasons.py
[2025-04-05T04:53:30.397+0000] {processor.py:183} INFO - Processing /opt/airflow/dags/transform_dim_seasons.py took 0.440 seconds
[2025-04-05T04:54:02.184+0000] {processor.py:161} INFO - Started process (PID=396) to work on /opt/airflow/dags/transform_dim_seasons.py
[2025-04-05T04:54:02.185+0000] {processor.py:830} INFO - Processing file /opt/airflow/dags/transform_dim_seasons.py for tasks to queue
[2025-04-05T04:54:02.209+0000] {logging_mixin.py:188} INFO - [2025-04-05T04:54:02.209+0000] {dagbag.py:545} INFO - Filling up the DagBag from /opt/airflow/dags/transform_dim_seasons.py
[2025-04-05T04:54:03.663+0000] {processor.py:842} WARNING - No viable dags retrieved from /opt/airflow/dags/transform_dim_seasons.py
[2025-04-05T04:54:03.729+0000] {processor.py:183} INFO - Processing /opt/airflow/dags/transform_dim_seasons.py took 1.578 seconds
[2025-04-05T04:54:34.123+0000] {processor.py:161} INFO - Started process (PID=560) to work on /opt/airflow/dags/transform_dim_seasons.py
[2025-04-05T04:54:34.124+0000] {processor.py:830} INFO - Processing file /opt/airflow/dags/transform_dim_seasons.py for tasks to queue
[2025-04-05T04:54:34.125+0000] {logging_mixin.py:188} INFO - [2025-04-05T04:54:34.125+0000] {dagbag.py:545} INFO - Filling up the DagBag from /opt/airflow/dags/transform_dim_seasons.py
[2025-04-05T04:54:34.535+0000] {processor.py:842} WARNING - No viable dags retrieved from /opt/airflow/dags/transform_dim_seasons.py
[2025-04-05T04:54:34.545+0000] {processor.py:183} INFO - Processing /opt/airflow/dags/transform_dim_seasons.py took 0.426 seconds
[2025-04-05T04:55:04.865+0000] {processor.py:161} INFO - Started process (PID=622) to work on /opt/airflow/dags/transform_dim_seasons.py
[2025-04-05T04:55:04.866+0000] {processor.py:830} INFO - Processing file /opt/airflow/dags/transform_dim_seasons.py for tasks to queue
[2025-04-05T04:55:04.868+0000] {logging_mixin.py:188} INFO - [2025-04-05T04:55:04.867+0000] {dagbag.py:545} INFO - Filling up the DagBag from /opt/airflow/dags/transform_dim_seasons.py
[2025-04-05T04:55:05.280+0000] {processor.py:842} WARNING - No viable dags retrieved from /opt/airflow/dags/transform_dim_seasons.py
[2025-04-05T04:55:05.289+0000] {processor.py:183} INFO - Processing /opt/airflow/dags/transform_dim_seasons.py took 0.428 seconds
[2025-04-05T04:55:35.478+0000] {processor.py:161} INFO - Started process (PID=707) to work on /opt/airflow/dags/transform_dim_seasons.py
[2025-04-05T04:55:35.478+0000] {processor.py:830} INFO - Processing file /opt/airflow/dags/transform_dim_seasons.py for tasks to queue
[2025-04-05T04:55:35.480+0000] {logging_mixin.py:188} INFO - [2025-04-05T04:55:35.480+0000] {dagbag.py:545} INFO - Filling up the DagBag from /opt/airflow/dags/transform_dim_seasons.py
[2025-04-05T04:55:35.909+0000] {processor.py:842} WARNING - No viable dags retrieved from /opt/airflow/dags/transform_dim_seasons.py
[2025-04-05T04:55:35.924+0000] {processor.py:183} INFO - Processing /opt/airflow/dags/transform_dim_seasons.py took 0.450 seconds
[2025-04-05T04:56:06.272+0000] {processor.py:161} INFO - Started process (PID=795) to work on /opt/airflow/dags/transform_dim_seasons.py
[2025-04-05T04:56:06.273+0000] {processor.py:830} INFO - Processing file /opt/airflow/dags/transform_dim_seasons.py for tasks to queue
[2025-04-05T04:56:06.275+0000] {logging_mixin.py:188} INFO - [2025-04-05T04:56:06.275+0000] {dagbag.py:545} INFO - Filling up the DagBag from /opt/airflow/dags/transform_dim_seasons.py
[2025-04-05T04:56:06.684+0000] {processor.py:842} WARNING - No viable dags retrieved from /opt/airflow/dags/transform_dim_seasons.py
[2025-04-05T04:56:06.695+0000] {processor.py:183} INFO - Processing /opt/airflow/dags/transform_dim_seasons.py took 0.428 seconds
[2025-04-05T04:56:36.967+0000] {processor.py:161} INFO - Started process (PID=859) to work on /opt/airflow/dags/transform_dim_seasons.py
[2025-04-05T04:56:36.969+0000] {processor.py:830} INFO - Processing file /opt/airflow/dags/transform_dim_seasons.py for tasks to queue
[2025-04-05T04:56:36.971+0000] {logging_mixin.py:188} INFO - [2025-04-05T04:56:36.971+0000] {dagbag.py:545} INFO - Filling up the DagBag from /opt/airflow/dags/transform_dim_seasons.py
[2025-04-05T04:56:37.406+0000] {processor.py:842} WARNING - No viable dags retrieved from /opt/airflow/dags/transform_dim_seasons.py
[2025-04-05T04:56:37.417+0000] {processor.py:183} INFO - Processing /opt/airflow/dags/transform_dim_seasons.py took 0.459 seconds
[2025-04-05T04:57:07.541+0000] {processor.py:161} INFO - Started process (PID=922) to work on /opt/airflow/dags/transform_dim_seasons.py
[2025-04-05T04:57:07.542+0000] {processor.py:830} INFO - Processing file /opt/airflow/dags/transform_dim_seasons.py for tasks to queue
[2025-04-05T04:57:07.543+0000] {logging_mixin.py:188} INFO - [2025-04-05T04:57:07.543+0000] {dagbag.py:545} INFO - Filling up the DagBag from /opt/airflow/dags/transform_dim_seasons.py
[2025-04-05T04:57:07.950+0000] {processor.py:842} WARNING - No viable dags retrieved from /opt/airflow/dags/transform_dim_seasons.py
[2025-04-05T04:57:07.960+0000] {processor.py:183} INFO - Processing /opt/airflow/dags/transform_dim_seasons.py took 0.423 seconds
[2025-04-05T04:57:38.429+0000] {processor.py:161} INFO - Started process (PID=986) to work on /opt/airflow/dags/transform_dim_seasons.py
[2025-04-05T04:57:38.430+0000] {processor.py:830} INFO - Processing file /opt/airflow/dags/transform_dim_seasons.py for tasks to queue
[2025-04-05T04:57:38.431+0000] {logging_mixin.py:188} INFO - [2025-04-05T04:57:38.431+0000] {dagbag.py:545} INFO - Filling up the DagBag from /opt/airflow/dags/transform_dim_seasons.py
[2025-04-05T04:57:38.853+0000] {processor.py:842} WARNING - No viable dags retrieved from /opt/airflow/dags/transform_dim_seasons.py
[2025-04-05T04:57:38.863+0000] {processor.py:183} INFO - Processing /opt/airflow/dags/transform_dim_seasons.py took 0.438 seconds
[2025-04-05T04:58:09.235+0000] {processor.py:161} INFO - Started process (PID=1050) to work on /opt/airflow/dags/transform_dim_seasons.py
[2025-04-05T04:58:09.236+0000] {processor.py:830} INFO - Processing file /opt/airflow/dags/transform_dim_seasons.py for tasks to queue
[2025-04-05T04:58:09.237+0000] {logging_mixin.py:188} INFO - [2025-04-05T04:58:09.237+0000] {dagbag.py:545} INFO - Filling up the DagBag from /opt/airflow/dags/transform_dim_seasons.py
[2025-04-05T04:58:09.695+0000] {processor.py:842} WARNING - No viable dags retrieved from /opt/airflow/dags/transform_dim_seasons.py
[2025-04-05T04:58:09.706+0000] {processor.py:183} INFO - Processing /opt/airflow/dags/transform_dim_seasons.py took 0.476 seconds
