[2025-04-08T09:27:31.828+0000] {local_task_job_runner.py:120} INFO - ::group::Pre task execution logs
[2025-04-08T09:27:31.942+0000] {taskinstance.py:2076} INFO - Dependencies all met for dep_context=non-requeueable deps ti=<TaskInstance: formula1-etl-pipeline.transform.transform_dim_races scheduled__2025-03-29T00:00:00+00:00 [queued]>
[2025-04-08T09:27:31.986+0000] {taskinstance.py:2076} INFO - Dependencies all met for dep_context=requeueable deps ti=<TaskInstance: formula1-etl-pipeline.transform.transform_dim_races scheduled__2025-03-29T00:00:00+00:00 [queued]>
[2025-04-08T09:27:31.989+0000] {taskinstance.py:2306} INFO - Starting attempt 1 of 1
[2025-04-08T09:27:32.044+0000] {taskinstance.py:2330} INFO - Executing <Task(PythonOperator): transform.transform_dim_races> on 2025-03-29 00:00:00+00:00
[2025-04-08T09:27:32.073+0000] {logging_mixin.py:188} WARNING - /home/***/.local/lib/python3.12/site-packages/***/task/task_runner/standard_task_runner.py:61 DeprecationWarning: This process (pid=590) is multi-threaded, use of fork() may lead to deadlocks in the child.
[2025-04-08T09:27:32.079+0000] {standard_task_runner.py:63} INFO - Started process 635 to run task
[2025-04-08T09:27:32.080+0000] {standard_task_runner.py:90} INFO - Running: ['***', 'tasks', 'run', 'formula1-etl-pipeline', 'transform.transform_dim_races', 'scheduled__2025-03-29T00:00:00+00:00', '--job-id', '15', '--raw', '--subdir', 'DAGS_FOLDER/ETL_dag.py', '--cfg-path', '/tmp/tmpa84ayl85']
[2025-04-08T09:27:32.096+0000] {standard_task_runner.py:91} INFO - Job 15: Subtask transform.transform_dim_races
[2025-04-08T09:27:32.287+0000] {task_command.py:426} INFO - Running <TaskInstance: formula1-etl-pipeline.transform.transform_dim_races scheduled__2025-03-29T00:00:00+00:00 [running]> on host 1c2d39091a25
[2025-04-08T09:27:32.543+0000] {taskinstance.py:2648} INFO - Exporting env vars: AIRFLOW_CTX_DAG_OWNER='***' AIRFLOW_CTX_DAG_ID='formula1-etl-pipeline' AIRFLOW_CTX_TASK_ID='transform.transform_dim_races' AIRFLOW_CTX_EXECUTION_DATE='2025-03-29T00:00:00+00:00' AIRFLOW_CTX_TRY_NUMBER='1' AIRFLOW_CTX_DAG_RUN_ID='scheduled__2025-03-29T00:00:00+00:00'
[2025-04-08T09:27:32.553+0000] {taskinstance.py:430} INFO - ::endgroup::
[2025-04-08T09:27:32.819+0000] {base.py:84} INFO - Using connection ID 'postgres_default' for task execution.
[2025-04-08T09:27:32.842+0000] {logging_mixin.py:188} INFO - Đã tạo bảng thành công.
[2025-04-08T09:27:32.857+0000] {base.py:84} INFO - Using connection ID 'postgres_default' for task execution.
[2025-04-08T09:27:33.276+0000] {logging_mixin.py:188} INFO - Đã transform và lưu dữ liệu vào bảng.
[2025-04-08T09:27:33.287+0000] {python.py:237} INFO - Done. Returned value was: None
[2025-04-08T09:27:33.291+0000] {taskinstance.py:441} INFO - ::group::Post task execution logs
[2025-04-08T09:27:33.334+0000] {taskinstance.py:1206} INFO - Marking task as SUCCESS. dag_id=formula1-etl-pipeline, task_id=transform.transform_dim_races, run_id=scheduled__2025-03-29T00:00:00+00:00, execution_date=20250329T000000, start_date=20250408T092731, end_date=20250408T092733
[2025-04-08T09:27:33.394+0000] {local_task_job_runner.py:240} INFO - Task exited with return code 0
[2025-04-08T09:27:33.446+0000] {taskinstance.py:3503} INFO - 0 downstream tasks scheduled from follow-on schedule check
[2025-04-08T09:27:33.450+0000] {local_task_job_runner.py:222} INFO - ::endgroup::
