[2025-04-08T09:10:05.408+0000] {local_task_job_runner.py:120} INFO - ::group::Pre task execution logs
[2025-04-08T09:10:05.444+0000] {taskinstance.py:2076} INFO - Dependencies all met for dep_context=non-requeueable deps ti=<TaskInstance: formula1-etl-pipeline.transform.transform_dim_circuits manual__2025-04-08T09:09:59.472560+00:00 [queued]>
[2025-04-08T09:10:05.452+0000] {taskinstance.py:2076} INFO - Dependencies all met for dep_context=requeueable deps ti=<TaskInstance: formula1-etl-pipeline.transform.transform_dim_circuits manual__2025-04-08T09:09:59.472560+00:00 [queued]>
[2025-04-08T09:10:05.452+0000] {taskinstance.py:2306} INFO - Starting attempt 1 of 1
[2025-04-08T09:10:05.464+0000] {taskinstance.py:2330} INFO - Executing <Task(PythonOperator): transform.transform_dim_circuits> on 2025-04-08 09:09:59.472560+00:00
[2025-04-08T09:10:05.474+0000] {standard_task_runner.py:90} INFO - Running: ['***', 'tasks', 'run', 'formula1-etl-pipeline', 'transform.transform_dim_circuits', 'manual__2025-04-08T09:09:59.472560+00:00', '--job-id', '15', '--raw', '--subdir', 'DAGS_FOLDER/ETL_dag.py', '--cfg-path', '/tmp/tmpnhej46ye']
[2025-04-08T09:10:05.478+0000] {standard_task_runner.py:91} INFO - Job 15: Subtask transform.transform_dim_circuits
[2025-04-08T09:10:05.478+0000] {logging_mixin.py:188} WARNING - /home/***/.local/lib/python3.12/site-packages/***/task/task_runner/standard_task_runner.py:61 DeprecationWarning: This process (pid=765) is multi-threaded, use of fork() may lead to deadlocks in the child.
[2025-04-08T09:10:05.479+0000] {standard_task_runner.py:63} INFO - Started process 774 to run task
[2025-04-08T09:10:05.528+0000] {task_command.py:426} INFO - Running <TaskInstance: formula1-etl-pipeline.transform.transform_dim_circuits manual__2025-04-08T09:09:59.472560+00:00 [running]> on host bbffae879616
[2025-04-08T09:10:05.612+0000] {taskinstance.py:2648} INFO - Exporting env vars: AIRFLOW_CTX_DAG_OWNER='***' AIRFLOW_CTX_DAG_ID='formula1-etl-pipeline' AIRFLOW_CTX_TASK_ID='transform.transform_dim_circuits' AIRFLOW_CTX_EXECUTION_DATE='2025-04-08T09:09:59.472560+00:00' AIRFLOW_CTX_TRY_NUMBER='1' AIRFLOW_CTX_DAG_RUN_ID='manual__2025-04-08T09:09:59.472560+00:00'
[2025-04-08T09:10:05.613+0000] {taskinstance.py:430} INFO - ::endgroup::
[2025-04-08T09:10:05.629+0000] {logging_mixin.py:188} INFO - /opt/***/dataset
[2025-04-08T09:10:05.639+0000] {logging_mixin.py:188} INFO - đã đọc được circuits
[2025-04-08T09:10:05.653+0000] {base.py:84} INFO - Using connection ID 'postgres_default' for task execution.
[2025-04-08T09:10:05.667+0000] {logging_mixin.py:188} INFO - Đã transform và lưu dữ liệu vào bảng.
[2025-04-08T09:10:05.674+0000] {base.py:84} INFO - Using connection ID 'postgres_default' for task execution.
[2025-04-08T09:10:05.709+0000] {logging_mixin.py:188} INFO - Đã transform và lưu dữ liệu vào bảng.
[2025-04-08T09:10:05.710+0000] {python.py:237} INFO - Done. Returned value was: None
[2025-04-08T09:10:05.711+0000] {taskinstance.py:441} INFO - ::group::Post task execution logs
[2025-04-08T09:10:05.723+0000] {taskinstance.py:1206} INFO - Marking task as SUCCESS. dag_id=formula1-etl-pipeline, task_id=transform.transform_dim_circuits, run_id=manual__2025-04-08T09:09:59.472560+00:00, execution_date=20250408T090959, start_date=20250408T091005, end_date=20250408T091005
[2025-04-08T09:10:05.774+0000] {local_task_job_runner.py:240} INFO - Task exited with return code 0
[2025-04-08T09:10:05.808+0000] {taskinstance.py:3503} INFO - 0 downstream tasks scheduled from follow-on schedule check
[2025-04-08T09:10:05.810+0000] {local_task_job_runner.py:222} INFO - ::endgroup::
