[2025-04-15T07:09:12.251+0000] {local_task_job_runner.py:120} INFO - ::group::Pre task execution logs
[2025-04-15T07:09:12.298+0000] {taskinstance.py:2076} INFO - Dependencies all met for dep_context=non-requeueable deps ti=<TaskInstance: formula1-etl-pipeline.transform.transform_dim_circuits scheduled__2025-04-14T00:00:00+00:00 [queued]>
[2025-04-15T07:09:12.313+0000] {taskinstance.py:2076} INFO - Dependencies all met for dep_context=requeueable deps ti=<TaskInstance: formula1-etl-pipeline.transform.transform_dim_circuits scheduled__2025-04-14T00:00:00+00:00 [queued]>
[2025-04-15T07:09:12.313+0000] {taskinstance.py:2306} INFO - Starting attempt 1 of 1
[2025-04-15T07:09:12.330+0000] {taskinstance.py:2330} INFO - Executing <Task(PythonOperator): transform.transform_dim_circuits> on 2025-04-14 00:00:00+00:00
[2025-04-15T07:09:12.344+0000] {standard_task_runner.py:90} INFO - Running: ['***', 'tasks', 'run', 'formula1-etl-pipeline', 'transform.transform_dim_circuits', 'scheduled__2025-04-14T00:00:00+00:00', '--job-id', '30', '--raw', '--subdir', 'DAGS_FOLDER/ETL_dag.py', '--cfg-path', '/tmp/tmp32tt8f0n']
[2025-04-15T07:09:12.349+0000] {standard_task_runner.py:91} INFO - Job 30: Subtask transform.transform_dim_circuits
[2025-04-15T07:09:12.348+0000] {logging_mixin.py:188} WARNING - /home/***/.local/lib/python3.12/site-packages/***/task/task_runner/standard_task_runner.py:61 DeprecationWarning: This process (pid=516) is multi-threaded, use of fork() may lead to deadlocks in the child.
[2025-04-15T07:09:12.352+0000] {standard_task_runner.py:63} INFO - Started process 534 to run task
[2025-04-15T07:09:12.467+0000] {task_command.py:426} INFO - Running <TaskInstance: formula1-etl-pipeline.transform.transform_dim_circuits scheduled__2025-04-14T00:00:00+00:00 [running]> on host e24a12ae0bf8
[2025-04-15T07:09:12.672+0000] {taskinstance.py:2648} INFO - Exporting env vars: AIRFLOW_CTX_DAG_OWNER='***' AIRFLOW_CTX_DAG_ID='formula1-etl-pipeline' AIRFLOW_CTX_TASK_ID='transform.transform_dim_circuits' AIRFLOW_CTX_EXECUTION_DATE='2025-04-14T00:00:00+00:00' AIRFLOW_CTX_TRY_NUMBER='1' AIRFLOW_CTX_DAG_RUN_ID='scheduled__2025-04-14T00:00:00+00:00'
[2025-04-15T07:09:12.676+0000] {taskinstance.py:430} INFO - ::endgroup::
[2025-04-15T07:09:12.791+0000] {base.py:84} INFO - Using connection ID 'postgres_default' for task execution.
[2025-04-15T07:09:12.801+0000] {logging_mixin.py:188} INFO - Đã tạo bảng thành công.
[2025-04-15T07:09:12.820+0000] {base.py:84} INFO - Using connection ID 'postgres_default' for task execution.
[2025-04-15T07:09:12.863+0000] {logging_mixin.py:188} INFO - Đã transform và lưu dữ liệu vào bảng.
[2025-04-15T07:09:12.864+0000] {python.py:237} INFO - Done. Returned value was: None
[2025-04-15T07:09:12.867+0000] {taskinstance.py:441} INFO - ::group::Post task execution logs
[2025-04-15T07:09:12.881+0000] {taskinstance.py:1206} INFO - Marking task as SUCCESS. dag_id=formula1-etl-pipeline, task_id=transform.transform_dim_circuits, run_id=scheduled__2025-04-14T00:00:00+00:00, execution_date=20250414T000000, start_date=20250415T070912, end_date=20250415T070912
[2025-04-15T07:09:12.946+0000] {local_task_job_runner.py:240} INFO - Task exited with return code 0
[2025-04-15T07:09:12.981+0000] {taskinstance.py:3503} INFO - 0 downstream tasks scheduled from follow-on schedule check
[2025-04-15T07:09:12.982+0000] {local_task_job_runner.py:222} INFO - ::endgroup::
