[2025-04-08T09:39:02.675+0000] {local_task_job_runner.py:120} INFO - ::group::Pre task execution logs
[2025-04-08T09:39:02.705+0000] {taskinstance.py:2076} INFO - Dependencies all met for dep_context=non-requeueable deps ti=<TaskInstance: formula1-etl-pipeline.transform.transform_dim_seasons manual__2025-04-08T09:38:59.375674+00:00 [queued]>
[2025-04-08T09:39:02.713+0000] {taskinstance.py:2076} INFO - Dependencies all met for dep_context=requeueable deps ti=<TaskInstance: formula1-etl-pipeline.transform.transform_dim_seasons manual__2025-04-08T09:38:59.375674+00:00 [queued]>
[2025-04-08T09:39:02.714+0000] {taskinstance.py:2306} INFO - Starting attempt 1 of 1
[2025-04-08T09:39:02.727+0000] {taskinstance.py:2330} INFO - Executing <Task(PythonOperator): transform.transform_dim_seasons> on 2025-04-08 09:38:59.375674+00:00
[2025-04-08T09:39:02.737+0000] {standard_task_runner.py:90} INFO - Running: ['***', 'tasks', 'run', 'formula1-etl-pipeline', 'transform.transform_dim_seasons', 'manual__2025-04-08T09:38:59.375674+00:00', '--job-id', '83', '--raw', '--subdir', 'DAGS_FOLDER/ETL_dag.py', '--cfg-path', '/tmp/tmp109ode4p']
[2025-04-08T09:39:02.741+0000] {standard_task_runner.py:91} INFO - Job 83: Subtask transform.transform_dim_seasons
[2025-04-08T09:39:02.742+0000] {logging_mixin.py:188} WARNING - /home/***/.local/lib/python3.12/site-packages/***/task/task_runner/standard_task_runner.py:61 DeprecationWarning: This process (pid=291) is multi-threaded, use of fork() may lead to deadlocks in the child.
[2025-04-08T09:39:02.743+0000] {standard_task_runner.py:63} INFO - Started process 311 to run task
[2025-04-08T09:39:02.794+0000] {task_command.py:426} INFO - Running <TaskInstance: formula1-etl-pipeline.transform.transform_dim_seasons manual__2025-04-08T09:38:59.375674+00:00 [running]> on host 1c2d39091a25
[2025-04-08T09:39:02.877+0000] {taskinstance.py:2648} INFO - Exporting env vars: AIRFLOW_CTX_DAG_OWNER='***' AIRFLOW_CTX_DAG_ID='formula1-etl-pipeline' AIRFLOW_CTX_TASK_ID='transform.transform_dim_seasons' AIRFLOW_CTX_EXECUTION_DATE='2025-04-08T09:38:59.375674+00:00' AIRFLOW_CTX_TRY_NUMBER='1' AIRFLOW_CTX_DAG_RUN_ID='manual__2025-04-08T09:38:59.375674+00:00'
[2025-04-08T09:39:02.879+0000] {taskinstance.py:430} INFO - ::endgroup::
[2025-04-08T09:39:02.913+0000] {base.py:84} INFO - Using connection ID 'postgres_default' for task execution.
[2025-04-08T09:39:02.928+0000] {logging_mixin.py:188} INFO - Đã tạo bảng thành công.
[2025-04-08T09:39:02.936+0000] {base.py:84} INFO - Using connection ID 'postgres_default' for task execution.
[2025-04-08T09:39:02.959+0000] {logging_mixin.py:188} INFO - Đã transform và lưu dữ liệu vào bảng.
[2025-04-08T09:39:02.960+0000] {python.py:237} INFO - Done. Returned value was: None
[2025-04-08T09:39:02.961+0000] {taskinstance.py:441} INFO - ::group::Post task execution logs
[2025-04-08T09:39:02.969+0000] {taskinstance.py:1206} INFO - Marking task as SUCCESS. dag_id=formula1-etl-pipeline, task_id=transform.transform_dim_seasons, run_id=manual__2025-04-08T09:38:59.375674+00:00, execution_date=20250408T093859, start_date=20250408T093902, end_date=20250408T093902
[2025-04-08T09:39:02.998+0000] {local_task_job_runner.py:240} INFO - Task exited with return code 0
[2025-04-08T09:39:03.021+0000] {taskinstance.py:3503} INFO - 0 downstream tasks scheduled from follow-on schedule check
[2025-04-08T09:39:03.023+0000] {local_task_job_runner.py:222} INFO - ::endgroup::
