[2025-04-04T19:14:11.193+0000] {local_task_job_runner.py:120} INFO - ::group::Pre task execution logs
[2025-04-04T19:14:11.222+0000] {taskinstance.py:2076} INFO - Dependencies all met for dep_context=non-requeueable deps ti=<TaskInstance: e_commerce_dw_etl.transform.transform_dim_seasons manual__2025-04-04T19:14:08.158054+00:00 [queued]>
[2025-04-04T19:14:11.231+0000] {taskinstance.py:2076} INFO - Dependencies all met for dep_context=requeueable deps ti=<TaskInstance: e_commerce_dw_etl.transform.transform_dim_seasons manual__2025-04-04T19:14:08.158054+00:00 [queued]>
[2025-04-04T19:14:11.232+0000] {taskinstance.py:2306} INFO - Starting attempt 1 of 1
[2025-04-04T19:14:11.244+0000] {taskinstance.py:2330} INFO - Executing <Task(PythonOperator): transform.transform_dim_seasons> on 2025-04-04 19:14:08.158054+00:00
[2025-04-04T19:14:11.255+0000] {standard_task_runner.py:90} INFO - Running: ['***', 'tasks', 'run', 'e_commerce_dw_etl', 'transform.transform_dim_seasons', 'manual__2025-04-04T19:14:08.158054+00:00', '--job-id', '39', '--raw', '--subdir', 'DAGS_FOLDER/ETL_dag.py', '--cfg-path', '/tmp/tmpmomfgj1c']
[2025-04-04T19:14:11.260+0000] {standard_task_runner.py:91} INFO - Job 39: Subtask transform.transform_dim_seasons
[2025-04-04T19:14:11.259+0000] {logging_mixin.py:188} WARNING - /home/***/.local/lib/python3.12/site-packages/***/task/task_runner/standard_task_runner.py:61 DeprecationWarning: This process (pid=314) is multi-threaded, use of fork() may lead to deadlocks in the child.
[2025-04-04T19:14:11.260+0000] {standard_task_runner.py:63} INFO - Started process 321 to run task
[2025-04-04T19:14:11.303+0000] {task_command.py:426} INFO - Running <TaskInstance: e_commerce_dw_etl.transform.transform_dim_seasons manual__2025-04-04T19:14:08.158054+00:00 [running]> on host adbdab6b52b9
[2025-04-04T19:14:11.381+0000] {taskinstance.py:2648} INFO - Exporting env vars: AIRFLOW_CTX_DAG_OWNER='***' AIRFLOW_CTX_DAG_ID='e_commerce_dw_etl' AIRFLOW_CTX_TASK_ID='transform.transform_dim_seasons' AIRFLOW_CTX_EXECUTION_DATE='2025-04-04T19:14:08.158054+00:00' AIRFLOW_CTX_TRY_NUMBER='1' AIRFLOW_CTX_DAG_RUN_ID='manual__2025-04-04T19:14:08.158054+00:00'
[2025-04-04T19:14:11.383+0000] {taskinstance.py:430} INFO - ::endgroup::
[2025-04-04T19:14:11.415+0000] {base.py:84} INFO - Using connection ID 'postgres_default' for task execution.
[2025-04-04T19:14:11.427+0000] {base.py:84} INFO - Using connection ID 'postgres_default' for task execution.
[2025-04-04T19:14:11.434+0000] {logging_mixin.py:188} INFO - Lỗi khi insert dữ liệu: can't adapt type 'numpy.int64'
[2025-04-04T19:14:11.435+0000] {python.py:237} INFO - Done. Returned value was: None
[2025-04-04T19:14:11.435+0000] {taskinstance.py:441} INFO - ::group::Post task execution logs
[2025-04-04T19:14:11.445+0000] {taskinstance.py:1206} INFO - Marking task as SUCCESS. dag_id=e_commerce_dw_etl, task_id=transform.transform_dim_seasons, run_id=manual__2025-04-04T19:14:08.158054+00:00, execution_date=20250404T191408, start_date=20250404T191411, end_date=20250404T191411
[2025-04-04T19:14:11.474+0000] {local_task_job_runner.py:240} INFO - Task exited with return code 0
[2025-04-04T19:14:11.492+0000] {taskinstance.py:3503} INFO - 0 downstream tasks scheduled from follow-on schedule check
[2025-04-04T19:14:11.494+0000] {local_task_job_runner.py:222} INFO - ::endgroup::
