[2025-04-08T09:59:50.490+0000] {local_task_job_runner.py:120} INFO - ::group::Pre task execution logs
[2025-04-08T09:59:50.517+0000] {taskinstance.py:2076} INFO - Dependencies all met for dep_context=non-requeueable deps ti=<TaskInstance: formula1-etl-pipeline.load.transform_fact_race_results scheduled__2025-03-30T00:00:00+00:00 [queued]>
[2025-04-08T09:59:50.525+0000] {taskinstance.py:2076} INFO - Dependencies all met for dep_context=requeueable deps ti=<TaskInstance: formula1-etl-pipeline.load.transform_fact_race_results scheduled__2025-03-30T00:00:00+00:00 [queued]>
[2025-04-08T09:59:50.525+0000] {taskinstance.py:2306} INFO - Starting attempt 1 of 1
[2025-04-08T09:59:50.536+0000] {taskinstance.py:2330} INFO - Executing <Task(PythonOperator): load.transform_fact_race_results> on 2025-03-30 00:00:00+00:00
[2025-04-08T09:59:50.544+0000] {standard_task_runner.py:90} INFO - Running: ['***', 'tasks', 'run', 'formula1-etl-pipeline', 'load.transform_fact_race_results', 'scheduled__2025-03-30T00:00:00+00:00', '--job-id', '19', '--raw', '--subdir', 'DAGS_FOLDER/ETL_dag.py', '--cfg-path', '/tmp/tmph8q0gjk6']
[2025-04-08T09:59:50.546+0000] {standard_task_runner.py:91} INFO - Job 19: Subtask load.transform_fact_race_results
[2025-04-08T09:59:50.547+0000] {logging_mixin.py:188} WARNING - /home/***/.local/lib/python3.12/site-packages/***/task/task_runner/standard_task_runner.py:61 DeprecationWarning: This process (pid=481) is multi-threaded, use of fork() may lead to deadlocks in the child.
[2025-04-08T09:59:50.547+0000] {standard_task_runner.py:63} INFO - Started process 483 to run task
[2025-04-08T09:59:50.582+0000] {task_command.py:426} INFO - Running <TaskInstance: formula1-etl-pipeline.load.transform_fact_race_results scheduled__2025-03-30T00:00:00+00:00 [running]> on host a06a1ce74445
[2025-04-08T09:59:50.647+0000] {taskinstance.py:2648} INFO - Exporting env vars: AIRFLOW_CTX_DAG_OWNER='***' AIRFLOW_CTX_DAG_ID='formula1-etl-pipeline' AIRFLOW_CTX_TASK_ID='load.transform_fact_race_results' AIRFLOW_CTX_EXECUTION_DATE='2025-03-30T00:00:00+00:00' AIRFLOW_CTX_TRY_NUMBER='1' AIRFLOW_CTX_DAG_RUN_ID='scheduled__2025-03-30T00:00:00+00:00'
[2025-04-08T09:59:50.648+0000] {taskinstance.py:430} INFO - ::endgroup::
[2025-04-08T09:59:50.737+0000] {logging_mixin.py:188} INFO - Các cột trong DataFrame sau khi merge:
[2025-04-08T09:59:50.738+0000] {logging_mixin.py:188} INFO - Index(['resultId', 'raceId', 'driverId', 'constructorId', 'number', 'grid',
       'position', 'positionText', 'positionOrder', 'points', 'laps', 'time_x',
       'milliseconds', 'fastestLap', 'rank', 'fastestLapTime',
       'fastestLapSpeed', 'statusId', 'year', 'round', 'circuitId', 'name',
       'date', 'time_y', 'url', 'fp1_date', 'fp1_time', 'fp2_date', 'fp2_time',
       'fp3_date', 'fp3_time', 'quali_date', 'quali_time', 'sprint_date',
       'sprint_time'],
      dtype='object')
[2025-04-08T09:59:50.817+0000] {base.py:84} INFO - Using connection ID 'postgres_default' for task execution.
[2025-04-08T09:59:50.833+0000] {logging_mixin.py:188} INFO - Đã tạo bảng thành công.
[2025-04-08T09:59:52.089+0000] {base.py:84} INFO - Using connection ID 'postgres_default' for task execution.
[2025-04-08T10:00:00.928+0000] {logging_mixin.py:188} INFO - Đã transform và lưu dữ liệu vào bảng.
[2025-04-08T10:00:00.936+0000] {python.py:237} INFO - Done. Returned value was: None
[2025-04-08T10:00:00.936+0000] {taskinstance.py:441} INFO - ::group::Post task execution logs
[2025-04-08T10:00:00.945+0000] {taskinstance.py:1206} INFO - Marking task as SUCCESS. dag_id=formula1-etl-pipeline, task_id=load.transform_fact_race_results, run_id=scheduled__2025-03-30T00:00:00+00:00, execution_date=20250330T000000, start_date=20250408T095950, end_date=20250408T100000
[2025-04-08T10:00:00.966+0000] {local_task_job_runner.py:240} INFO - Task exited with return code 0
[2025-04-08T10:00:00.980+0000] {taskinstance.py:3503} INFO - 0 downstream tasks scheduled from follow-on schedule check
[2025-04-08T10:00:00.981+0000] {local_task_job_runner.py:222} INFO - ::endgroup::
[2025-04-08T10:49:05.501+0000] {local_task_job_runner.py:120} INFO - ::group::Pre task execution logs
[2025-04-08T10:49:05.530+0000] {taskinstance.py:2076} INFO - Dependencies all met for dep_context=non-requeueable deps ti=<TaskInstance: formula1-etl-pipeline.load.transform_fact_race_results scheduled__2025-03-30T00:00:00+00:00 [queued]>
[2025-04-08T10:49:05.538+0000] {taskinstance.py:2076} INFO - Dependencies all met for dep_context=requeueable deps ti=<TaskInstance: formula1-etl-pipeline.load.transform_fact_race_results scheduled__2025-03-30T00:00:00+00:00 [queued]>
[2025-04-08T10:49:05.538+0000] {taskinstance.py:2306} INFO - Starting attempt 1 of 1
[2025-04-08T10:49:05.548+0000] {taskinstance.py:2330} INFO - Executing <Task(PythonOperator): load.transform_fact_race_results> on 2025-03-30 00:00:00+00:00
[2025-04-08T10:49:05.556+0000] {standard_task_runner.py:90} INFO - Running: ['***', 'tasks', 'run', 'formula1-etl-pipeline', 'load.transform_fact_race_results', 'scheduled__2025-03-30T00:00:00+00:00', '--job-id', '19', '--raw', '--subdir', 'DAGS_FOLDER/ETL_dag.py', '--cfg-path', '/tmp/tmp_6vn0f62']
[2025-04-08T10:49:05.558+0000] {standard_task_runner.py:91} INFO - Job 19: Subtask load.transform_fact_race_results
[2025-04-08T10:49:05.559+0000] {logging_mixin.py:188} WARNING - /home/***/.local/lib/python3.12/site-packages/***/task/task_runner/standard_task_runner.py:61 DeprecationWarning: This process (pid=329) is multi-threaded, use of fork() may lead to deadlocks in the child.
[2025-04-08T10:49:05.560+0000] {standard_task_runner.py:63} INFO - Started process 331 to run task
[2025-04-08T10:49:05.594+0000] {task_command.py:426} INFO - Running <TaskInstance: formula1-etl-pipeline.load.transform_fact_race_results scheduled__2025-03-30T00:00:00+00:00 [running]> on host 4e9e6de312e9
[2025-04-08T10:49:05.660+0000] {taskinstance.py:2648} INFO - Exporting env vars: AIRFLOW_CTX_DAG_OWNER='***' AIRFLOW_CTX_DAG_ID='formula1-etl-pipeline' AIRFLOW_CTX_TASK_ID='load.transform_fact_race_results' AIRFLOW_CTX_EXECUTION_DATE='2025-03-30T00:00:00+00:00' AIRFLOW_CTX_TRY_NUMBER='1' AIRFLOW_CTX_DAG_RUN_ID='scheduled__2025-03-30T00:00:00+00:00'
[2025-04-08T10:49:05.661+0000] {taskinstance.py:430} INFO - ::endgroup::
[2025-04-08T10:49:05.749+0000] {logging_mixin.py:188} INFO - Các cột trong DataFrame sau khi merge:
[2025-04-08T10:49:05.750+0000] {logging_mixin.py:188} INFO - Index(['resultId', 'raceId', 'driverId', 'constructorId', 'number', 'grid',
       'position', 'positionText', 'positionOrder', 'points', 'laps', 'time_x',
       'milliseconds', 'fastestLap', 'rank', 'fastestLapTime',
       'fastestLapSpeed', 'statusId', 'year', 'round', 'circuitId', 'name',
       'date', 'time_y', 'url', 'fp1_date', 'fp1_time', 'fp2_date', 'fp2_time',
       'fp3_date', 'fp3_time', 'quali_date', 'quali_time', 'sprint_date',
       'sprint_time'],
      dtype='object')
[2025-04-08T10:49:05.828+0000] {base.py:84} INFO - Using connection ID 'postgres_default' for task execution.
[2025-04-08T10:49:05.845+0000] {logging_mixin.py:188} INFO - Đã tạo bảng thành công.
[2025-04-08T10:49:07.117+0000] {base.py:84} INFO - Using connection ID 'postgres_default' for task execution.
[2025-04-08T10:49:15.778+0000] {logging_mixin.py:188} INFO - Đã transform và lưu dữ liệu vào bảng.
[2025-04-08T10:49:15.785+0000] {python.py:237} INFO - Done. Returned value was: None
[2025-04-08T10:49:15.786+0000] {taskinstance.py:441} INFO - ::group::Post task execution logs
[2025-04-08T10:49:15.794+0000] {taskinstance.py:1206} INFO - Marking task as SUCCESS. dag_id=formula1-etl-pipeline, task_id=load.transform_fact_race_results, run_id=scheduled__2025-03-30T00:00:00+00:00, execution_date=20250330T000000, start_date=20250408T104905, end_date=20250408T104915
[2025-04-08T10:49:15.826+0000] {local_task_job_runner.py:240} INFO - Task exited with return code 0
[2025-04-08T10:49:15.840+0000] {taskinstance.py:3503} INFO - 0 downstream tasks scheduled from follow-on schedule check
[2025-04-08T10:49:15.841+0000] {local_task_job_runner.py:222} INFO - ::endgroup::
[2025-04-15T07:09:09.217+0000] {local_task_job_runner.py:120} INFO - ::group::Pre task execution logs
[2025-04-15T07:09:09.248+0000] {taskinstance.py:2076} INFO - Dependencies all met for dep_context=non-requeueable deps ti=<TaskInstance: formula1-etl-pipeline.load.transform_fact_race_results scheduled__2025-03-30T00:00:00+00:00 [queued]>
[2025-04-15T07:09:09.257+0000] {taskinstance.py:2076} INFO - Dependencies all met for dep_context=requeueable deps ti=<TaskInstance: formula1-etl-pipeline.load.transform_fact_race_results scheduled__2025-03-30T00:00:00+00:00 [queued]>
[2025-04-15T07:09:09.258+0000] {taskinstance.py:2306} INFO - Starting attempt 1 of 1
[2025-04-15T07:09:09.269+0000] {taskinstance.py:2330} INFO - Executing <Task(PythonOperator): load.transform_fact_race_results> on 2025-03-30 00:00:00+00:00
[2025-04-15T07:09:09.277+0000] {standard_task_runner.py:90} INFO - Running: ['***', 'tasks', 'run', 'formula1-etl-pipeline', 'load.transform_fact_race_results', 'scheduled__2025-03-30T00:00:00+00:00', '--job-id', '24', '--raw', '--subdir', 'DAGS_FOLDER/ETL_dag.py', '--cfg-path', '/tmp/tmphlcfrz5v']
[2025-04-15T07:09:09.279+0000] {standard_task_runner.py:91} INFO - Job 24: Subtask load.transform_fact_race_results
[2025-04-15T07:09:09.281+0000] {logging_mixin.py:188} WARNING - /home/***/.local/lib/python3.12/site-packages/***/task/task_runner/standard_task_runner.py:61 DeprecationWarning: This process (pid=495) is multi-threaded, use of fork() may lead to deadlocks in the child.
[2025-04-15T07:09:09.281+0000] {standard_task_runner.py:63} INFO - Started process 501 to run task
[2025-04-15T07:09:09.320+0000] {task_command.py:426} INFO - Running <TaskInstance: formula1-etl-pipeline.load.transform_fact_race_results scheduled__2025-03-30T00:00:00+00:00 [running]> on host e24a12ae0bf8
[2025-04-15T07:09:09.392+0000] {taskinstance.py:2648} INFO - Exporting env vars: AIRFLOW_CTX_DAG_OWNER='***' AIRFLOW_CTX_DAG_ID='formula1-etl-pipeline' AIRFLOW_CTX_TASK_ID='load.transform_fact_race_results' AIRFLOW_CTX_EXECUTION_DATE='2025-03-30T00:00:00+00:00' AIRFLOW_CTX_TRY_NUMBER='1' AIRFLOW_CTX_DAG_RUN_ID='scheduled__2025-03-30T00:00:00+00:00'
[2025-04-15T07:09:09.393+0000] {taskinstance.py:430} INFO - ::endgroup::
[2025-04-15T07:09:09.493+0000] {logging_mixin.py:188} INFO - Các cột trong DataFrame sau khi merge:
[2025-04-15T07:09:09.494+0000] {logging_mixin.py:188} INFO - Index(['resultId', 'raceId', 'driverId', 'constructorId', 'number', 'grid',
       'position', 'positionText', 'positionOrder', 'points', 'laps', 'time_x',
       'milliseconds', 'fastestLap', 'rank', 'fastestLapTime',
       'fastestLapSpeed', 'statusId', 'year', 'round', 'circuitId', 'name',
       'date', 'time_y', 'url', 'fp1_date', 'fp1_time', 'fp2_date', 'fp2_time',
       'fp3_date', 'fp3_time', 'quali_date', 'quali_time', 'sprint_date',
       'sprint_time'],
      dtype='object')
[2025-04-15T07:09:09.578+0000] {base.py:84} INFO - Using connection ID 'postgres_default' for task execution.
[2025-04-15T07:09:09.595+0000] {logging_mixin.py:188} INFO - Đã tạo bảng thành công.
[2025-04-15T07:09:11.022+0000] {base.py:84} INFO - Using connection ID 'postgres_default' for task execution.
[2025-04-15T07:09:20.761+0000] {logging_mixin.py:188} INFO - Đã transform và lưu dữ liệu vào bảng.
[2025-04-15T07:09:20.768+0000] {python.py:237} INFO - Done. Returned value was: None
[2025-04-15T07:09:20.769+0000] {taskinstance.py:441} INFO - ::group::Post task execution logs
[2025-04-15T07:09:20.777+0000] {taskinstance.py:1206} INFO - Marking task as SUCCESS. dag_id=formula1-etl-pipeline, task_id=load.transform_fact_race_results, run_id=scheduled__2025-03-30T00:00:00+00:00, execution_date=20250330T000000, start_date=20250415T070909, end_date=20250415T070920
[2025-04-15T07:09:20.813+0000] {local_task_job_runner.py:240} INFO - Task exited with return code 0
[2025-04-15T07:09:20.825+0000] {taskinstance.py:3503} INFO - 0 downstream tasks scheduled from follow-on schedule check
[2025-04-15T07:09:20.826+0000] {local_task_job_runner.py:222} INFO - ::endgroup::
