[2025-04-05T04:49:57.021+0000] {local_task_job_runner.py:120} INFO - ::group::Pre task execution logs
[2025-04-05T04:49:57.087+0000] {taskinstance.py:2076} INFO - Dependencies all met for dep_context=non-requeueable deps ti=<TaskInstance: e_commerce_dw_etl.transform.transform_dim_constructors scheduled__2025-03-31T00:00:00+00:00 [queued]>
[2025-04-05T04:49:57.134+0000] {taskinstance.py:2076} INFO - Dependencies all met for dep_context=requeueable deps ti=<TaskInstance: e_commerce_dw_etl.transform.transform_dim_constructors scheduled__2025-03-31T00:00:00+00:00 [queued]>
[2025-04-05T04:49:57.136+0000] {taskinstance.py:2306} INFO - Starting attempt 1 of 1
[2025-04-05T04:49:57.170+0000] {taskinstance.py:2330} INFO - Executing <Task(PythonOperator): transform.transform_dim_constructors> on 2025-03-31 00:00:00+00:00
[2025-04-05T04:49:57.192+0000] {logging_mixin.py:188} WARNING - /home/***/.local/lib/python3.12/site-packages/***/task/task_runner/standard_task_runner.py:61 DeprecationWarning: This process (pid=413) is multi-threaded, use of fork() may lead to deadlocks in the child.
[2025-04-05T04:49:57.194+0000] {standard_task_runner.py:63} INFO - Started process 442 to run task
[2025-04-05T04:49:57.192+0000] {standard_task_runner.py:90} INFO - Running: ['***', 'tasks', 'run', 'e_commerce_dw_etl', 'transform.transform_dim_constructors', 'scheduled__2025-03-31T00:00:00+00:00', '--job-id', '23', '--raw', '--subdir', 'DAGS_FOLDER/ETL_dag.py', '--cfg-path', '/tmp/tmp16ygvgcr']
[2025-04-05T04:49:57.201+0000] {standard_task_runner.py:91} INFO - Job 23: Subtask transform.transform_dim_constructors
[2025-04-05T04:49:57.344+0000] {task_command.py:426} INFO - Running <TaskInstance: e_commerce_dw_etl.transform.transform_dim_constructors scheduled__2025-03-31T00:00:00+00:00 [running]> on host 7b82c2aa8826
[2025-04-05T04:49:57.576+0000] {taskinstance.py:2648} INFO - Exporting env vars: AIRFLOW_CTX_DAG_OWNER='***' AIRFLOW_CTX_DAG_ID='e_commerce_dw_etl' AIRFLOW_CTX_TASK_ID='transform.transform_dim_constructors' AIRFLOW_CTX_EXECUTION_DATE='2025-03-31T00:00:00+00:00' AIRFLOW_CTX_TRY_NUMBER='1' AIRFLOW_CTX_DAG_RUN_ID='scheduled__2025-03-31T00:00:00+00:00'
[2025-04-05T04:49:57.580+0000] {taskinstance.py:430} INFO - ::endgroup::
[2025-04-05T04:49:57.819+0000] {base.py:84} INFO - Using connection ID 'postgres_default' for task execution.
[2025-04-05T04:49:57.885+0000] {base.py:84} INFO - Using connection ID 'postgres_default' for task execution.
[2025-04-05T04:49:57.945+0000] {logging_mixin.py:188} INFO - Lỗi khi insert dữ liệu: duplicate key value violates unique constraint "dim_constructors_pkey"
DETAIL:  Key (constructorid)=(1) already exists.
[2025-04-05T04:49:57.952+0000] {python.py:237} INFO - Done. Returned value was: None
[2025-04-05T04:49:57.953+0000] {taskinstance.py:441} INFO - ::group::Post task execution logs
[2025-04-05T04:49:57.973+0000] {taskinstance.py:1206} INFO - Marking task as SUCCESS. dag_id=e_commerce_dw_etl, task_id=transform.transform_dim_constructors, run_id=scheduled__2025-03-31T00:00:00+00:00, execution_date=20250331T000000, start_date=20250405T044957, end_date=20250405T044957
[2025-04-05T04:49:58.050+0000] {local_task_job_runner.py:240} INFO - Task exited with return code 0
[2025-04-05T04:49:58.147+0000] {taskinstance.py:3503} INFO - 0 downstream tasks scheduled from follow-on schedule check
[2025-04-05T04:49:58.180+0000] {local_task_job_runner.py:222} INFO - ::endgroup::
[2025-04-05T04:54:05.935+0000] {local_task_job_runner.py:120} INFO - ::group::Pre task execution logs
[2025-04-05T04:54:06.073+0000] {taskinstance.py:2076} INFO - Dependencies all met for dep_context=non-requeueable deps ti=<TaskInstance: e_commerce_dw_etl.transform.transform_dim_constructors scheduled__2025-03-31T00:00:00+00:00 [queued]>
[2025-04-05T04:54:06.103+0000] {taskinstance.py:2076} INFO - Dependencies all met for dep_context=requeueable deps ti=<TaskInstance: e_commerce_dw_etl.transform.transform_dim_constructors scheduled__2025-03-31T00:00:00+00:00 [queued]>
[2025-04-05T04:54:06.104+0000] {taskinstance.py:2306} INFO - Starting attempt 1 of 1
[2025-04-05T04:54:06.127+0000] {taskinstance.py:2330} INFO - Executing <Task(PythonOperator): transform.transform_dim_constructors> on 2025-03-31 00:00:00+00:00
[2025-04-05T04:54:06.148+0000] {logging_mixin.py:188} WARNING - /home/***/.local/lib/python3.12/site-packages/***/task/task_runner/standard_task_runner.py:61 DeprecationWarning: This process (pid=420) is multi-threaded, use of fork() may lead to deadlocks in the child.
[2025-04-05T04:54:06.158+0000] {standard_task_runner.py:63} INFO - Started process 477 to run task
[2025-04-05T04:54:06.152+0000] {standard_task_runner.py:90} INFO - Running: ['***', 'tasks', 'run', 'e_commerce_dw_etl', 'transform.transform_dim_constructors', 'scheduled__2025-03-31T00:00:00+00:00', '--job-id', '34', '--raw', '--subdir', 'DAGS_FOLDER/ETL_dag.py', '--cfg-path', '/tmp/tmpd4__bw7c']
[2025-04-05T04:54:06.176+0000] {standard_task_runner.py:91} INFO - Job 34: Subtask transform.transform_dim_constructors
[2025-04-05T04:54:06.389+0000] {task_command.py:426} INFO - Running <TaskInstance: e_commerce_dw_etl.transform.transform_dim_constructors scheduled__2025-03-31T00:00:00+00:00 [running]> on host 4766eee3ca7d
[2025-04-05T04:54:06.670+0000] {taskinstance.py:2648} INFO - Exporting env vars: AIRFLOW_CTX_DAG_OWNER='***' AIRFLOW_CTX_DAG_ID='e_commerce_dw_etl' AIRFLOW_CTX_TASK_ID='transform.transform_dim_constructors' AIRFLOW_CTX_EXECUTION_DATE='2025-03-31T00:00:00+00:00' AIRFLOW_CTX_TRY_NUMBER='1' AIRFLOW_CTX_DAG_RUN_ID='scheduled__2025-03-31T00:00:00+00:00'
[2025-04-05T04:54:06.677+0000] {taskinstance.py:430} INFO - ::endgroup::
[2025-04-05T04:54:06.843+0000] {taskinstance.py:441} INFO - ::group::Post task execution logs
[2025-04-05T04:54:06.875+0000] {taskinstance.py:2905} ERROR - Task failed with exception
Traceback (most recent call last):
  File "/home/airflow/.local/lib/python3.12/site-packages/airflow/models/taskinstance.py", line 465, in _execute_task
    result = _execute_callable(context=context, **execute_callable_kwargs)
             ^^^^^^^^^^^^^^^^^^^^^^^^^^^^^^^^^^^^^^^^^^^^^^^^^^^^^^^^^^^^^
  File "/home/airflow/.local/lib/python3.12/site-packages/airflow/models/taskinstance.py", line 432, in _execute_callable
    return execute_callable(context=context, **execute_callable_kwargs)
           ^^^^^^^^^^^^^^^^^^^^^^^^^^^^^^^^^^^^^^^^^^^^^^^^^^^^^^^^^^^^
  File "/home/airflow/.local/lib/python3.12/site-packages/airflow/models/baseoperator.py", line 401, in wrapper
    return func(self, *args, **kwargs)
           ^^^^^^^^^^^^^^^^^^^^^^^^^^^
  File "/home/airflow/.local/lib/python3.12/site-packages/airflow/operators/python.py", line 235, in execute
    return_value = self.execute_callable()
                   ^^^^^^^^^^^^^^^^^^^^^^^
  File "/home/airflow/.local/lib/python3.12/site-packages/airflow/operators/python.py", line 252, in execute_callable
    return self.python_callable(*self.op_args, **self.op_kwargs)
           ^^^^^^^^^^^^^^^^^^^^^^^^^^^^^^^^^^^^^^^^^^^^^^^^^^^^^
  File "/opt/airflow/dags/transform_dim_constructors.py", line 27, in transform_dim_constructors
    warehouse_operator.create_table(create_table_qr)
  File "/opt/airflow/dags/postgresql_operator.py", line 10, in create_table
    conn = pg_hook.get_conn()
           ^^^^^^^^^^^^^^^^^^
  File "/home/airflow/.local/lib/python3.12/site-packages/airflow/providers/postgres/hooks/postgres.py", line 145, in get_conn
    conn = deepcopy(self.connection or self.get_connection(conn_id))
                                       ^^^^^^^^^^^^^^^^^^^^^^^^^^^^
  File "/home/airflow/.local/lib/python3.12/site-packages/airflow/hooks/base.py", line 83, in get_connection
    conn = Connection.get_connection_from_secrets(conn_id)
           ^^^^^^^^^^^^^^^^^^^^^^^^^^^^^^^^^^^^^^^^^^^^^^^
  File "/home/airflow/.local/lib/python3.12/site-packages/airflow/models/connection.py", line 519, in get_connection_from_secrets
    raise AirflowNotFoundException(f"The conn_id `{conn_id}` isn't defined")
airflow.exceptions.AirflowNotFoundException: The conn_id `postgres_default` isn't defined
[2025-04-05T04:54:06.944+0000] {taskinstance.py:1206} INFO - Marking task as FAILED. dag_id=e_commerce_dw_etl, task_id=transform.transform_dim_constructors, run_id=scheduled__2025-03-31T00:00:00+00:00, execution_date=20250331T000000, start_date=20250405T045406, end_date=20250405T045406
[2025-04-05T04:54:07.071+0000] {standard_task_runner.py:110} ERROR - Failed to execute job 34 for task transform.transform_dim_constructors (The conn_id `postgres_default` isn't defined; 477)
[2025-04-05T04:54:07.158+0000] {local_task_job_runner.py:240} INFO - Task exited with return code 1
[2025-04-05T04:54:07.216+0000] {taskinstance.py:3503} INFO - 0 downstream tasks scheduled from follow-on schedule check
[2025-04-05T04:54:07.251+0000] {local_task_job_runner.py:222} INFO - ::endgroup::
