[2025-04-05T04:55:48.807+0000] {local_task_job_runner.py:120} INFO - ::group::Pre task execution logs
[2025-04-05T04:55:48.843+0000] {taskinstance.py:2076} INFO - Dependencies all met for dep_context=non-requeueable deps ti=<TaskInstance: e_commerce_dw_etl.transform.transform_dim_races manual__2025-04-05T04:55:45.859805+00:00 [queued]>
[2025-04-05T04:55:48.851+0000] {taskinstance.py:2076} INFO - Dependencies all met for dep_context=requeueable deps ti=<TaskInstance: e_commerce_dw_etl.transform.transform_dim_races manual__2025-04-05T04:55:45.859805+00:00 [queued]>
[2025-04-05T04:55:48.852+0000] {taskinstance.py:2306} INFO - Starting attempt 1 of 1
[2025-04-05T04:55:48.864+0000] {taskinstance.py:2330} INFO - Executing <Task(PythonOperator): transform.transform_dim_races> on 2025-04-05 04:55:45.859805+00:00
[2025-04-05T04:55:48.872+0000] {logging_mixin.py:188} WARNING - /home/***/.local/lib/python3.12/site-packages/***/task/task_runner/standard_task_runner.py:61 DeprecationWarning: This process (pid=761) is multi-threaded, use of fork() may lead to deadlocks in the child.
[2025-04-05T04:55:48.874+0000] {standard_task_runner.py:63} INFO - Started process 770 to run task
[2025-04-05T04:55:48.873+0000] {standard_task_runner.py:90} INFO - Running: ['***', 'tasks', 'run', 'e_commerce_dw_etl', 'transform.transform_dim_races', 'manual__2025-04-05T04:55:45.859805+00:00', '--job-id', '66', '--raw', '--subdir', 'DAGS_FOLDER/ETL_dag.py', '--cfg-path', '/tmp/tmpo64zjjjq']
[2025-04-05T04:55:48.875+0000] {standard_task_runner.py:91} INFO - Job 66: Subtask transform.transform_dim_races
[2025-04-05T04:55:48.926+0000] {task_command.py:426} INFO - Running <TaskInstance: e_commerce_dw_etl.transform.transform_dim_races manual__2025-04-05T04:55:45.859805+00:00 [running]> on host 4766eee3ca7d
[2025-04-05T04:55:49.011+0000] {taskinstance.py:2648} INFO - Exporting env vars: AIRFLOW_CTX_DAG_OWNER='***' AIRFLOW_CTX_DAG_ID='e_commerce_dw_etl' AIRFLOW_CTX_TASK_ID='transform.transform_dim_races' AIRFLOW_CTX_EXECUTION_DATE='2025-04-05T04:55:45.859805+00:00' AIRFLOW_CTX_TRY_NUMBER='1' AIRFLOW_CTX_DAG_RUN_ID='manual__2025-04-05T04:55:45.859805+00:00'
[2025-04-05T04:55:49.012+0000] {taskinstance.py:430} INFO - ::endgroup::
[2025-04-05T04:55:49.058+0000] {base.py:84} INFO - Using connection ID 'postgres_default' for task execution.
[2025-04-05T04:55:49.076+0000] {base.py:84} INFO - Using connection ID 'postgres_default' for task execution.
[2025-04-05T04:55:49.320+0000] {logging_mixin.py:188} INFO - Đã transform và lưu dữ liệu vào dim_races
[2025-04-05T04:55:49.321+0000] {python.py:237} INFO - Done. Returned value was: None
[2025-04-05T04:55:49.321+0000] {taskinstance.py:441} INFO - ::group::Post task execution logs
[2025-04-05T04:55:49.329+0000] {taskinstance.py:1206} INFO - Marking task as SUCCESS. dag_id=e_commerce_dw_etl, task_id=transform.transform_dim_races, run_id=manual__2025-04-05T04:55:45.859805+00:00, execution_date=20250405T045545, start_date=20250405T045548, end_date=20250405T045549
[2025-04-05T04:55:49.370+0000] {local_task_job_runner.py:240} INFO - Task exited with return code 0
[2025-04-05T04:55:49.386+0000] {taskinstance.py:3503} INFO - 0 downstream tasks scheduled from follow-on schedule check
[2025-04-05T04:55:49.387+0000] {local_task_job_runner.py:222} INFO - ::endgroup::
